Copyright 1986-2022 Xilinx, Inc. All Rights Reserved.
---------------------------------------------------------------------------------------------------------------------------------------
| Tool Version : Vivado v.2022.2 (lin64) Build 3671981 Fri Oct 14 04:59:54 MDT 2022
| Date         : Thu Jan 12 12:14:09 2023
| Host         : liara running 64-bit Arch Linux
| Command      : report_drc -file design_1_wrapper_drc_opted.rpt -pb design_1_wrapper_drc_opted.pb -rpx design_1_wrapper_drc_opted.rpx
| Design       : design_1_wrapper
| Device       : xczu7ev-ffvc1156-2-e
| Speed File   : -2
| Design State : Synthesized
---------------------------------------------------------------------------------------------------------------------------------------

Report DRC

Table of Contents
-----------------
1. REPORT SUMMARY
2. REPORT DETAILS

1. REPORT SUMMARY
-----------------
            Netlist: netlist
          Floorplan: design_1
      Design limits: <entire design considered>
           Ruledeck: default
             Max violations: <unlimited>
             Violations found: 2
+--------+------------------+----------------------------+------------+
| Rule   | Severity         | Description                | Violations |
+--------+------------------+----------------------------+------------+
| NSTD-1 | Critical Warning | Unspecified I/O Standard   | 1          |
| UCIO-1 | Critical Warning | Unconstrained Logical Port | 1          |
+--------+------------------+----------------------------+------------+

2. REPORT DETAILS
-----------------
NSTD-1#1 Critical Warning
Unspecified I/O Standard  
262 out of 262 logical ports use I/O standard (IOSTANDARD) value 'DEFAULT', instead of a user assigned specific value. This may cause I/O contention or incompatibility with the board power or connectivity affecting performance, signal integrity or in extreme cases cause damage to the device or the components to which it is connected. To correct this violation, specify all I/O standards. This design will fail to generate a bitstream unless all logical ports have a user specified I/O standard value defined. To allow bitstream creation with unspecified I/O standard values (not recommended), use this command: set_property SEVERITY {Warning} [get_drc_checks NSTD-1].  NOTE: When using the Vivado Runs infrastructure (e.g. launch_runs Tcl command), add this command to a .tcl file and add that file as a pre-hook for write_bitstream step for the implementation run. Problem ports: Q_0[63:0], S00_AXI_0_araddr[31:0], S00_AXI_0_arburst[1:0],
S00_AXI_0_arcache[3:0], S00_AXI_0_arlen[7:0], S00_AXI_0_arlock[0],
S00_AXI_0_awlock[0], S00_AXI_0_awprot[2:0], S00_AXI_0_awqos[3:0],
S00_AXI_0_awsize[2:0], S00_AXI_0_bresp[1:0], S00_AXI_0_rdata[31:0],
S00_AXI_0_rresp[1:0], S00_AXI_0_wdata[31:0], S00_AXI_0_wstrb[3:0]
 (the first 15 of 34 listed).
Related violations: <none>

UCIO-1#1 Critical Warning
Unconstrained Logical Port  
262 out of 262 logical ports have no user assigned specific location constraint (LOC). This may cause I/O contention or incompatibility with the board power or connectivity affecting performance, signal integrity or in extreme cases cause damage to the device or the components to which it is connected. To correct this violation, specify all pin locations. This design will fail to generate a bitstream unless all logical ports have a user specified site LOC constraint defined.  To allow bitstream creation with unspecified pin locations (not recommended), use this command: set_property SEVERITY {Warning} [get_drc_checks UCIO-1].  NOTE: When using the Vivado Runs infrastructure (e.g. launch_runs Tcl command), add this command to a .tcl file and add that file as a pre-hook for write_bitstream step for the implementation run.  Problem ports: Q_0[63:0], S00_AXI_0_araddr[31:0], S00_AXI_0_arburst[1:0],
S00_AXI_0_arcache[3:0], S00_AXI_0_arlen[7:0], S00_AXI_0_arlock[0],
S00_AXI_0_awlock[0], S00_AXI_0_awprot[2:0], S00_AXI_0_awqos[3:0],
S00_AXI_0_awsize[2:0], S00_AXI_0_bresp[1:0], S00_AXI_0_rdata[31:0],
S00_AXI_0_rresp[1:0], S00_AXI_0_wdata[31:0], S00_AXI_0_wstrb[3:0]
 (the first 15 of 34 listed).
Related violations: <none>


