

================================================================
== Vitis HLS Report for 'compute_Pipeline_VITIS_LOOP_232_18_VITIS_LOOP_233_19'
================================================================
* Date:           Sat Nov 19 15:44:37 2022

* Version:        2022.2 (Build 3670227 on Oct 13 2022)
* Project:        correlation-max-throughput
* Solution:       zcu104 (Vivado IP Flow Target)
* Product family: zynquplus
* Target device:  xczu7ev-ffvc1156-2-e


================================================================
== Performance Estimates
================================================================
+ Timing: 
    * Summary: 
    +--------+----------+----------+------------+
    |  Clock |  Target  | Estimated| Uncertainty|
    +--------+----------+----------+------------+
    |ap_clk  |  10.00 ns|  2.402 ns|     2.70 ns|
    +--------+----------+----------+------------+

+ Latency: 
    * Summary: 
    +---------+---------+-----------+-----------+------+------+---------+
    |  Latency (cycles) |   Latency (absolute)  |   Interval  | Pipeline|
    |   min   |   max   |    min    |    max    |  min |  max |   Type  |
    +---------+---------+-----------+-----------+------+------+---------+
    |     1010|     1010|  10.100 us|  10.100 us|  1010|  1010|       no|
    +---------+---------+-----------+-----------+------+------+---------+

    + Detail: 
        * Instance: 
        N/A

        * Loop: 
        +---------------------------------------+---------+---------+----------+-----------+-----------+------+----------+
        |                                       |  Latency (cycles) | Iteration|  Initiation Interval  | Trip |          |
        |               Loop Name               |   min   |   max   |  Latency |  achieved |   target  | Count| Pipelined|
        +---------------------------------------+---------+---------+----------+-----------+-----------+------+----------+
        |- VITIS_LOOP_232_18_VITIS_LOOP_233_19  |     1008|     1008|         2|          1|          1|  1008|       yes|
        +---------------------------------------+---------+---------+----------+-----------+-----------+------+----------+



================================================================
== Utilization Estimates
================================================================
* Summary: 
+-----------------+---------+------+--------+--------+-----+
|       Name      | BRAM_18K|  DSP |   FF   |   LUT  | URAM|
+-----------------+---------+------+--------+--------+-----+
|DSP              |        -|     -|       -|       -|    -|
|Expression       |        -|     -|       0|      81|    -|
|FIFO             |        -|     -|       -|       -|    -|
|Instance         |        -|     -|       -|       -|    -|
|Memory           |        -|     -|       -|       -|    -|
|Multiplexer      |        -|     -|       -|      72|    -|
|Register         |        -|     -|      37|       -|    -|
+-----------------+---------+------+--------+--------+-----+
|Total            |        0|     0|      37|     153|    0|
+-----------------+---------+------+--------+--------+-----+
|Available        |      624|  1728|  460800|  230400|   96|
+-----------------+---------+------+--------+--------+-----+
|Utilization (%)  |        0|     0|      ~0|      ~0|    0|
+-----------------+---------+------+--------+--------+-----+

+ Detail: 
    * Instance: 
    N/A

    * DSP: 
    N/A

    * Memory: 
    N/A

    * FIFO: 
    N/A

    * Expression: 
    +-----------------------------------+----------+----+---+----+------------+------------+
    |           Variable Name           | Operation| DSP| FF| LUT| Bitwidth P0| Bitwidth P1|
    +-----------------------------------+----------+----+---+----+------------+------------+
    |add_ln232_1_fu_178_p2              |         +|   0|  0|  13|           6|           1|
    |add_ln232_fu_150_p2                |         +|   0|  0|  17|          10|           1|
    |add_ln233_fu_216_p2                |         +|   0|  0|  14|           7|           3|
    |ap_block_pp0                       |       and|   0|  0|   2|           1|           1|
    |ap_enable_state1_pp0_iter0_stage0  |       and|   0|  0|   2|           1|           1|
    |ap_enable_state2_pp0_iter1_stage0  |       and|   0|  0|   2|           1|           1|
    |icmp_ln232_fu_144_p2               |      icmp|   0|  0|  11|          10|           6|
    |or_ln237_fu_237_p2                 |        or|   0|  0|   5|           5|           1|
    |select_ln132_1_fu_184_p3           |    select|   0|  0|   6|           1|           6|
    |select_ln132_fu_170_p3             |    select|   0|  0|   7|           1|           1|
    |ap_enable_pp0                      |       xor|   0|  0|   2|           1|           2|
    +-----------------------------------+----------+----+---+----+------------+------------+
    |Total                              |          |   0|  0|  81|          44|          24|
    +-----------------------------------+----------+----+---+----+------------+------------+

    * Multiplexer: 
    +----------------------------------------+----+-----------+-----+-----------+
    |                  Name                  | LUT| Input Size| Bits| Total Bits|
    +----------------------------------------+----+-----------+-----+-----------+
    |ap_done_int                             |   9|          2|    1|          2|
    |ap_enable_reg_pp0_iter1                 |   9|          2|    1|          2|
    |ap_sig_allocacmp_i_load                 |   9|          2|    6|         12|
    |ap_sig_allocacmp_indvar_flatten34_load  |   9|          2|   10|         20|
    |ap_sig_allocacmp_j_15_load              |   9|          2|    7|         14|
    |i_fu_64                                 |   9|          2|    6|         12|
    |indvar_flatten34_fu_68                  |   9|          2|   10|         20|
    |j_15_fu_60                              |   9|          2|    7|         14|
    +----------------------------------------+----+-----------+-----+-----------+
    |Total                                   |  72|         16|   48|         96|
    +----------------------------------------+----+-----------+-----+-----------+

    * Register: 
    +-------------------------+----+----+-----+-----------+
    |           Name          | FF | LUT| Bits| Const Bits|
    +-------------------------+----+----+-----+-----------+
    |ap_CS_fsm                |   1|   0|    1|          0|
    |ap_done_reg              |   1|   0|    1|          0|
    |ap_enable_reg_pp0_iter1  |   1|   0|    1|          0|
    |i_fu_64                  |   6|   0|    6|          0|
    |indvar_flatten34_fu_68   |  10|   0|   10|          0|
    |j_15_fu_60               |   7|   0|    7|          0|
    |lshr_ln_reg_284          |   5|   0|    5|          0|
    |select_ln132_1_reg_279   |   6|   0|    6|          0|
    +-------------------------+----+----+-----+-----------+
    |Total                    |  37|   0|   37|          0|
    +-------------------------+----+----+-----+-----------+



================================================================
== Interface
================================================================
* Summary: 
+-----------------------+-----+-----+------------+------------------------------------------------------+--------------+
|       RTL Ports       | Dir | Bits|  Protocol  |                     Source Object                    |    C Type    |
+-----------------------+-----+-----+------------+------------------------------------------------------+--------------+
|ap_clk                 |   in|    1|  ap_ctrl_hs|  compute_Pipeline_VITIS_LOOP_232_18_VITIS_LOOP_233_19|  return value|
|ap_rst                 |   in|    1|  ap_ctrl_hs|  compute_Pipeline_VITIS_LOOP_232_18_VITIS_LOOP_233_19|  return value|
|ap_start               |   in|    1|  ap_ctrl_hs|  compute_Pipeline_VITIS_LOOP_232_18_VITIS_LOOP_233_19|  return value|
|ap_done                |  out|    1|  ap_ctrl_hs|  compute_Pipeline_VITIS_LOOP_232_18_VITIS_LOOP_233_19|  return value|
|ap_idle                |  out|    1|  ap_ctrl_hs|  compute_Pipeline_VITIS_LOOP_232_18_VITIS_LOOP_233_19|  return value|
|ap_ready               |  out|    1|  ap_ctrl_hs|  compute_Pipeline_VITIS_LOOP_232_18_VITIS_LOOP_233_19|  return value|
|reg_file_3_1_address0  |  out|   11|   ap_memory|                                          reg_file_3_1|         array|
|reg_file_3_1_ce0       |  out|    1|   ap_memory|                                          reg_file_3_1|         array|
|reg_file_3_1_we0       |  out|    1|   ap_memory|                                          reg_file_3_1|         array|
|reg_file_3_1_d0        |  out|   16|   ap_memory|                                          reg_file_3_1|         array|
|reg_file_3_1_address1  |  out|   11|   ap_memory|                                          reg_file_3_1|         array|
|reg_file_3_1_ce1       |  out|    1|   ap_memory|                                          reg_file_3_1|         array|
|reg_file_3_1_we1       |  out|    1|   ap_memory|                                          reg_file_3_1|         array|
|reg_file_3_1_d1        |  out|   16|   ap_memory|                                          reg_file_3_1|         array|
|reg_file_3_0_address0  |  out|   11|   ap_memory|                                          reg_file_3_0|         array|
|reg_file_3_0_ce0       |  out|    1|   ap_memory|                                          reg_file_3_0|         array|
|reg_file_3_0_we0       |  out|    1|   ap_memory|                                          reg_file_3_0|         array|
|reg_file_3_0_d0        |  out|   16|   ap_memory|                                          reg_file_3_0|         array|
|reg_file_3_0_address1  |  out|   11|   ap_memory|                                          reg_file_3_0|         array|
|reg_file_3_0_ce1       |  out|    1|   ap_memory|                                          reg_file_3_0|         array|
|reg_file_3_0_we1       |  out|    1|   ap_memory|                                          reg_file_3_0|         array|
|reg_file_3_0_d1        |  out|   16|   ap_memory|                                          reg_file_3_0|         array|
+-----------------------+-----+-----+------------+------------------------------------------------------+--------------+

