

================================================================
== Vitis HLS Report for 'compute_Pipeline_VITIS_LOOP_210_14'
================================================================
* Date:           Sat Nov 19 15:44:36 2022

* Version:        2022.2 (Build 3670227 on Oct 13 2022)
* Project:        correlation-max-throughput
* Solution:       zcu104 (Vivado IP Flow Target)
* Product family: zynquplus
* Target device:  xczu7ev-ffvc1156-2-e


================================================================
== Performance Estimates
================================================================
+ Timing: 
    * Summary: 
    +--------+----------+----------+------------+
    |  Clock |  Target  | Estimated| Uncertainty|
    +--------+----------+----------+------------+
    |ap_clk  |  10.00 ns|  6.375 ns|     2.70 ns|
    +--------+----------+----------+------------+

+ Latency: 
    * Summary: 
    +---------+---------+----------+----------+-----+-----+---------+
    |  Latency (cycles) |  Latency (absolute) |  Interval | Pipeline|
    |   min   |   max   |    min   |    max   | min | max |   Type  |
    +---------+---------+----------+----------+-----+-----+---------+
    |       37|       37|  0.370 us|  0.370 us|   37|   37|       no|
    +---------+---------+----------+----------+-----+-----+---------+

    + Detail: 
        * Instance: 
        N/A

        * Loop: 
        +---------------------+---------+---------+----------+-----------+-----------+------+----------+
        |                     |  Latency (cycles) | Iteration|  Initiation Interval  | Trip |          |
        |      Loop Name      |   min   |   max   |  Latency |  achieved |   target  | Count| Pipelined|
        +---------------------+---------+---------+----------+-----------+-----------+------+----------+
        |- VITIS_LOOP_210_14  |       35|       35|         5|          1|          1|    32|       yes|
        +---------------------+---------+---------+----------+-----------+-----------+------+----------+



================================================================
== Utilization Estimates
================================================================
* Summary: 
+-----------------+---------+------+--------+--------+-----+
|       Name      | BRAM_18K|  DSP |   FF   |   LUT  | URAM|
+-----------------+---------+------+--------+--------+-----+
|DSP              |        -|     -|       -|       -|    -|
|Expression       |        -|     -|       0|     110|    -|
|FIFO             |        -|     -|       -|       -|    -|
|Instance         |        -|     -|       -|       -|    -|
|Memory           |        -|     -|       -|       -|    -|
|Multiplexer      |        -|     -|       -|      36|    -|
|Register         |        -|     -|     382|     128|    -|
+-----------------+---------+------+--------+--------+-----+
|Total            |        0|     0|     382|     274|    0|
+-----------------+---------+------+--------+--------+-----+
|Available        |      624|  1728|  460800|  230400|   96|
+-----------------+---------+------+--------+--------+-----+
|Utilization (%)  |        0|     0|      ~0|      ~0|    0|
+-----------------+---------+------+--------+--------+-----+

+ Detail: 
    * Instance: 
    +---------------------------------+-----------------------------+---------+----+---+----+-----+
    |             Instance            |            Module           | BRAM_18K| DSP| FF| LUT| URAM|
    +---------------------------------+-----------------------------+---------+----+---+----+-----+
    |fcmp_32ns_32ns_1_2_no_dsp_1_U80  |fcmp_32ns_32ns_1_2_no_dsp_1  |        0|   0|  0|   0|    0|
    |fcmp_32ns_32ns_1_2_no_dsp_1_U81  |fcmp_32ns_32ns_1_2_no_dsp_1  |        0|   0|  0|   0|    0|
    |hptosp_16ns_32_1_no_dsp_1_U82    |hptosp_16ns_32_1_no_dsp_1    |        0|   0|  0|   0|    0|
    |hptosp_16ns_32_1_no_dsp_1_U83    |hptosp_16ns_32_1_no_dsp_1    |        0|   0|  0|   0|    0|
    +---------------------------------+-----------------------------+---------+----+---+----+-----+
    |Total                            |                             |        0|   0|  0|   0|    0|
    +---------------------------------+-----------------------------+---------+----+---+----+-----+

    * DSP: 
    N/A

    * Memory: 
    N/A

    * FIFO: 
    N/A

    * Expression: 
    +------------------------+----------+----+---+----+------------+------------+
    |      Variable Name     | Operation| DSP| FF| LUT| Bitwidth P0| Bitwidth P1|
    +------------------------+----------+----+---+----+------------+------------+
    |add_ln210_fu_142_p2     |         +|   0|  0|  14|           7|           2|
    |and_ln214_1_fu_233_p2   |       and|   0|  0|   2|           1|           1|
    |and_ln214_fu_215_p2     |       and|   0|  0|   2|           1|           1|
    |icmp_ln214_1_fu_176_p2  |      icmp|   0|  0|  16|          23|           1|
    |icmp_ln214_2_fu_199_p2  |      icmp|   0|  0|  11|           8|           2|
    |icmp_ln214_3_fu_205_p2  |      icmp|   0|  0|  16|          23|           1|
    |icmp_ln214_fu_170_p2    |      icmp|   0|  0|  11|           8|           2|
    |or_ln214_1_fu_229_p2    |        or|   0|  0|   2|           1|           1|
    |or_ln214_fu_211_p2      |        or|   0|  0|   2|           1|           1|
    |reg_file_5_0_d0         |    select|   0|  0|  16|           1|          14|
    |reg_file_5_1_d0         |    select|   0|  0|  16|           1|          14|
    |ap_enable_pp0           |       xor|   0|  0|   2|           1|           2|
    +------------------------+----------+----+---+----+------------+------------+
    |Total                   |          |   0|  0| 110|          76|          42|
    +------------------------+----------+----+---+----+------------+------------+

    * Multiplexer: 
    +-------------------------+----+-----------+-----+-----------+
    |           Name          | LUT| Input Size| Bits| Total Bits|
    +-------------------------+----+-----------+-----+-----------+
    |ap_done_int              |   9|          2|    1|          2|
    |ap_enable_reg_pp0_iter1  |   9|          2|    1|          2|
    |ap_sig_allocacmp_j_9     |   9|          2|    7|         14|
    |j_fu_56                  |   9|          2|    7|         14|
    +-------------------------+----+-----------+-----+-----------+
    |Total                    |  36|          8|   16|         32|
    +-------------------------+----+-----------+-----+-----------+

    * Register: 
    +----------------------------------+----+----+-----+-----------+
    |               Name               | FF | LUT| Bits| Const Bits|
    +----------------------------------+----+----+-----+-----------+
    |ap_CS_fsm                         |   1|   0|    1|          0|
    |ap_done_reg                       |   1|   0|    1|          0|
    |ap_enable_reg_pp0_iter1           |   1|   0|    1|          0|
    |ap_enable_reg_pp0_iter2           |   1|   0|    1|          0|
    |ap_enable_reg_pp0_iter3           |   1|   0|    1|          0|
    |ap_enable_reg_pp0_iter4           |   1|   0|    1|          0|
    |ap_loop_exit_ready_pp0_iter1_reg  |   1|   0|    1|          0|
    |ap_loop_exit_ready_pp0_iter2_reg  |   1|   0|    1|          0|
    |ap_loop_exit_ready_pp0_iter3_reg  |   1|   0|    1|          0|
    |conv_1_reg_288                    |  32|   0|   32|          0|
    |conv_reg_282                      |  32|   0|   32|          0|
    |icmp_ln214_1_reg_299              |   1|   0|    1|          0|
    |icmp_ln214_2_reg_304              |   1|   0|    1|          0|
    |icmp_ln214_3_reg_309              |   1|   0|    1|          0|
    |icmp_ln214_reg_294                |   1|   0|    1|          0|
    |j_fu_56                           |   7|   0|    7|          0|
    |reg_file_5_0_addr_reg_258         |   5|   0|   11|          6|
    |reg_file_5_0_load_reg_270         |  16|   0|   16|          0|
    |reg_file_5_1_addr_reg_264         |   5|   0|   11|          6|
    |reg_file_5_1_load_reg_276         |  16|   0|   16|          0|
    |reg_file_5_0_addr_reg_258         |  64|  32|   11|          6|
    |reg_file_5_0_load_reg_270         |  64|  32|   16|          0|
    |reg_file_5_1_addr_reg_264         |  64|  32|   11|          6|
    |reg_file_5_1_load_reg_276         |  64|  32|   16|          0|
    +----------------------------------+----+----+-----+-----------+
    |Total                             | 382| 128|  192|         24|
    +----------------------------------+----+----+-----+-----------+



================================================================
== Interface
================================================================
* Summary: 
+-----------------------+-----+-----+------------+------------------------------------+--------------+
|       RTL Ports       | Dir | Bits|  Protocol  |            Source Object           |    C Type    |
+-----------------------+-----+-----+------------+------------------------------------+--------------+
|ap_clk                 |   in|    1|  ap_ctrl_hs|  compute_Pipeline_VITIS_LOOP_210_14|  return value|
|ap_rst                 |   in|    1|  ap_ctrl_hs|  compute_Pipeline_VITIS_LOOP_210_14|  return value|
|ap_start               |   in|    1|  ap_ctrl_hs|  compute_Pipeline_VITIS_LOOP_210_14|  return value|
|ap_done                |  out|    1|  ap_ctrl_hs|  compute_Pipeline_VITIS_LOOP_210_14|  return value|
|ap_idle                |  out|    1|  ap_ctrl_hs|  compute_Pipeline_VITIS_LOOP_210_14|  return value|
|ap_ready               |  out|    1|  ap_ctrl_hs|  compute_Pipeline_VITIS_LOOP_210_14|  return value|
|reg_file_5_1_address0  |  out|   11|   ap_memory|                        reg_file_5_1|         array|
|reg_file_5_1_ce0       |  out|    1|   ap_memory|                        reg_file_5_1|         array|
|reg_file_5_1_we0       |  out|    1|   ap_memory|                        reg_file_5_1|         array|
|reg_file_5_1_d0        |  out|   16|   ap_memory|                        reg_file_5_1|         array|
|reg_file_5_1_address1  |  out|   11|   ap_memory|                        reg_file_5_1|         array|
|reg_file_5_1_ce1       |  out|    1|   ap_memory|                        reg_file_5_1|         array|
|reg_file_5_1_q1        |   in|   16|   ap_memory|                        reg_file_5_1|         array|
|reg_file_5_0_address0  |  out|   11|   ap_memory|                        reg_file_5_0|         array|
|reg_file_5_0_ce0       |  out|    1|   ap_memory|                        reg_file_5_0|         array|
|reg_file_5_0_we0       |  out|    1|   ap_memory|                        reg_file_5_0|         array|
|reg_file_5_0_d0        |  out|   16|   ap_memory|                        reg_file_5_0|         array|
|reg_file_5_0_address1  |  out|   11|   ap_memory|                        reg_file_5_0|         array|
|reg_file_5_0_ce1       |  out|    1|   ap_memory|                        reg_file_5_0|         array|
|reg_file_5_0_q1        |   in|   16|   ap_memory|                        reg_file_5_0|         array|
+-----------------------+-----+-----+------------+------------------------------------+--------------+

