

================================================================
== Vitis HLS Report for 'compute_Pipeline_VITIS_LOOP_240_20_VITIS_LOOP_241_21'
================================================================
* Date:           Sat Nov 19 15:44:37 2022

* Version:        2022.2 (Build 3670227 on Oct 13 2022)
* Project:        correlation-max-throughput
* Solution:       zcu104 (Vivado IP Flow Target)
* Product family: zynquplus
* Target device:  xczu7ev-ffvc1156-2-e


================================================================
== Performance Estimates
================================================================
+ Timing: 
    * Summary: 
    +--------+----------+----------+------------+
    |  Clock |  Target  | Estimated| Uncertainty|
    +--------+----------+----------+------------+
    |ap_clk  |  10.00 ns|  2.901 ns|     2.70 ns|
    +--------+----------+----------+------------+

+ Latency: 
    * Summary: 
    +---------+---------+-----------+-----------+------+------+---------+
    |  Latency (cycles) |   Latency (absolute)  |   Interval  | Pipeline|
    |   min   |   max   |    min    |    max    |  min |  max |   Type  |
    +---------+---------+-----------+-----------+------+------+---------+
    |     2050|     2050|  20.500 us|  20.500 us|  2050|  2050|       no|
    +---------+---------+-----------+-----------+------+------+---------+

    + Detail: 
        * Instance: 
        N/A

        * Loop: 
        +---------------------------------------+---------+---------+----------+-----------+-----------+------+----------+
        |                                       |  Latency (cycles) | Iteration|  Initiation Interval  | Trip |          |
        |               Loop Name               |   min   |   max   |  Latency |  achieved |   target  | Count| Pipelined|
        +---------------------------------------+---------+---------+----------+-----------+-----------+------+----------+
        |- VITIS_LOOP_240_20_VITIS_LOOP_241_21  |     2048|     2048|         2|          1|          1|  2048|       yes|
        +---------------------------------------+---------+---------+----------+-----------+-----------+------+----------+



================================================================
== Utilization Estimates
================================================================
* Summary: 
+-----------------+---------+------+--------+--------+-----+
|       Name      | BRAM_18K|  DSP |   FF   |   LUT  | URAM|
+-----------------+---------+------+--------+--------+-----+
|DSP              |        -|     -|       -|       -|    -|
|Expression       |        -|     -|       0|      86|    -|
|FIFO             |        -|     -|       -|       -|    -|
|Instance         |        -|     -|       0|      18|    -|
|Memory           |        -|     -|       -|       -|    -|
|Multiplexer      |        -|     -|       -|      72|    -|
|Register         |        -|     -|      41|       -|    -|
+-----------------+---------+------+--------+--------+-----+
|Total            |        0|     0|      41|     176|    0|
+-----------------+---------+------+--------+--------+-----+
|Available        |      624|  1728|  460800|  230400|   96|
+-----------------+---------+------+--------+--------+-----+
|Utilization (%)  |        0|     0|      ~0|      ~0|    0|
+-----------------+---------+------+--------+--------+-----+

+ Detail: 
    * Instance: 
    +--------------------+---------------+---------+----+---+----+-----+
    |      Instance      |     Module    | BRAM_18K| DSP| FF| LUT| URAM|
    +--------------------+---------------+---------+----+---+----+-----+
    |mux_21_16_1_1_U105  |mux_21_16_1_1  |        0|   0|  0|   9|    0|
    |mux_21_16_1_1_U106  |mux_21_16_1_1  |        0|   0|  0|   9|    0|
    +--------------------+---------------+---------+----+---+----+-----+
    |Total               |               |        0|   0|  0|  18|    0|
    +--------------------+---------------+---------+----+---+----+-----+

    * DSP: 
    N/A

    * Memory: 
    N/A

    * FIFO: 
    N/A

    * Expression: 
    +--------------------------+----------+----+---+----+------------+------------+
    |       Variable Name      | Operation| DSP| FF| LUT| Bitwidth P0| Bitwidth P1|
    +--------------------------+----------+----+---+----+------------+------------+
    |add_ln240_1_fu_204_p2     |         +|   0|  0|  14|           7|           1|
    |add_ln240_fu_176_p2       |         +|   0|  0|  19|          12|           1|
    |add_ln241_fu_276_p2       |         +|   0|  0|  14|           7|           2|
    |icmp_ln240_fu_170_p2      |      icmp|   0|  0|  12|          12|          13|
    |or_ln245_fu_264_p2        |        or|   0|  0|  11|           6|          11|
    |select_ln240_1_fu_210_p3  |    select|   0|  0|   7|           1|           7|
    |select_ln240_fu_196_p3    |    select|   0|  0|   7|           1|           1|
    |ap_enable_pp0             |       xor|   0|  0|   2|           1|           2|
    +--------------------------+----------+----+---+----+------------+------------+
    |Total                     |          |   0|  0|  86|          47|          38|
    +--------------------------+----------+----+---+----+------------+------------+

    * Multiplexer: 
    +----------------------------------------+----+-----------+-----+-----------+
    |                  Name                  | LUT| Input Size| Bits| Total Bits|
    +----------------------------------------+----+-----------+-----+-----------+
    |ap_done_int                             |   9|          2|    1|          2|
    |ap_enable_reg_pp0_iter1                 |   9|          2|    1|          2|
    |ap_sig_allocacmp_i_load                 |   9|          2|    7|         14|
    |ap_sig_allocacmp_indvar_flatten41_load  |   9|          2|   12|         24|
    |ap_sig_allocacmp_j_16_load              |   9|          2|    7|         14|
    |i_fu_68                                 |   9|          2|    7|         14|
    |indvar_flatten41_fu_72                  |   9|          2|   12|         24|
    |j_16_fu_64                              |   9|          2|    7|         14|
    +----------------------------------------+----+-----------+-----+-----------+
    |Total                                   |  72|         16|   54|        108|
    +----------------------------------------+----+-----------+-----+-----------+

    * Register: 
    +-------------------------+----+----+-----+-----------+
    |           Name          | FF | LUT| Bits| Const Bits|
    +-------------------------+----+----+-----+-----------+
    |ap_CS_fsm                |   1|   0|    1|          0|
    |ap_done_reg              |   1|   0|    1|          0|
    |ap_enable_reg_pp0_iter1  |   1|   0|    1|          0|
    |i_fu_68                  |   7|   0|    7|          0|
    |indvar_flatten41_fu_72   |  12|   0|   12|          0|
    |j_16_fu_64               |   7|   0|    7|          0|
    |lshr_ln_reg_359          |   5|   0|    5|          0|
    |trunc_ln240_reg_353      |   1|   0|    1|          0|
    |trunc_ln245_reg_374      |   6|   0|    6|          0|
    +-------------------------+----+----+-----+-----------+
    |Total                    |  41|   0|   41|          0|
    +-------------------------+----+----+-----+-----------+



================================================================
== Interface
================================================================
* Summary: 
+-----------------------+-----+-----+------------+------------------------------------------------------+--------------+
|       RTL Ports       | Dir | Bits|  Protocol  |                     Source Object                    |    C Type    |
+-----------------------+-----+-----+------------+------------------------------------------------------+--------------+
|ap_clk                 |   in|    1|  ap_ctrl_hs|  compute_Pipeline_VITIS_LOOP_240_20_VITIS_LOOP_241_21|  return value|
|ap_rst                 |   in|    1|  ap_ctrl_hs|  compute_Pipeline_VITIS_LOOP_240_20_VITIS_LOOP_241_21|  return value|
|ap_start               |   in|    1|  ap_ctrl_hs|  compute_Pipeline_VITIS_LOOP_240_20_VITIS_LOOP_241_21|  return value|
|ap_done                |  out|    1|  ap_ctrl_hs|  compute_Pipeline_VITIS_LOOP_240_20_VITIS_LOOP_241_21|  return value|
|ap_idle                |  out|    1|  ap_ctrl_hs|  compute_Pipeline_VITIS_LOOP_240_20_VITIS_LOOP_241_21|  return value|
|ap_ready               |  out|    1|  ap_ctrl_hs|  compute_Pipeline_VITIS_LOOP_240_20_VITIS_LOOP_241_21|  return value|
|reg_file_6_1_address0  |  out|   11|   ap_memory|                                          reg_file_6_1|         array|
|reg_file_6_1_ce0       |  out|    1|   ap_memory|                                          reg_file_6_1|         array|
|reg_file_6_1_we0       |  out|    1|   ap_memory|                                          reg_file_6_1|         array|
|reg_file_6_1_d0        |  out|   16|   ap_memory|                                          reg_file_6_1|         array|
|reg_file_6_0_address0  |  out|   11|   ap_memory|                                          reg_file_6_0|         array|
|reg_file_6_0_ce0       |  out|    1|   ap_memory|                                          reg_file_6_0|         array|
|reg_file_6_0_we0       |  out|    1|   ap_memory|                                          reg_file_6_0|         array|
|reg_file_6_0_d0        |  out|   16|   ap_memory|                                          reg_file_6_0|         array|
|reg_file_2_1_address0  |  out|   11|   ap_memory|                                          reg_file_2_1|         array|
|reg_file_2_1_ce0       |  out|    1|   ap_memory|                                          reg_file_2_1|         array|
|reg_file_2_1_q0        |   in|   16|   ap_memory|                                          reg_file_2_1|         array|
|reg_file_2_1_address1  |  out|   11|   ap_memory|                                          reg_file_2_1|         array|
|reg_file_2_1_ce1       |  out|    1|   ap_memory|                                          reg_file_2_1|         array|
|reg_file_2_1_q1        |   in|   16|   ap_memory|                                          reg_file_2_1|         array|
|reg_file_2_0_address0  |  out|   11|   ap_memory|                                          reg_file_2_0|         array|
|reg_file_2_0_ce0       |  out|    1|   ap_memory|                                          reg_file_2_0|         array|
|reg_file_2_0_q0        |   in|   16|   ap_memory|                                          reg_file_2_0|         array|
|reg_file_2_0_address1  |  out|   11|   ap_memory|                                          reg_file_2_0|         array|
|reg_file_2_0_ce1       |  out|    1|   ap_memory|                                          reg_file_2_0|         array|
|reg_file_2_0_q1        |   in|   16|   ap_memory|                                          reg_file_2_0|         array|
+-----------------------+-----+-----+------------+------------------------------------------------------+--------------+

