

================================================================
== Vitis HLS Report for 'compute'
================================================================
* Date:           Sat Nov 19 21:58:01 2022

* Version:        2022.2 (Build 3670227 on Oct 13 2022)
* Project:        vscale-max-sharing
* Solution:       zcu104 (Vivado IP Flow Target)
* Product family: zynquplus
* Target device:  xczu7ev-ffvc1156-2-e


================================================================
== Performance Estimates
================================================================
+ Timing: 
    * Summary: 
    +--------+----------+----------+------------+
    |  Clock |  Target  | Estimated| Uncertainty|
    +--------+----------+----------+------------+
    |ap_clk  |  10.00 ns|  7.141 ns|     2.70 ns|
    +--------+----------+----------+------------+

+ Latency: 
    * Summary: 
    +---------+---------+----------+----------+-------+-------+---------+
    |  Latency (cycles) |  Latency (absolute) |    Interval   | Pipeline|
    |   min   |   max   |    min   |    max   |  min  |  max  |   Type  |
    +---------+---------+----------+----------+-------+-------+---------+
    |    17796|    17796|  0.178 ms|  0.178 ms|  17796|  17796|       no|
    +---------+---------+----------+----------+-------+-------+---------+

    + Detail: 
        * Instance: 
        N/A

        * Loop: 
        +--------------------+---------+---------+----------+-----------+-----------+------+----------+
        |                    |  Latency (cycles) | Iteration|  Initiation Interval  | Trip |          |
        |      Loop Name     |   min   |   max   |  Latency |  achieved |   target  | Count| Pipelined|
        +--------------------+---------+---------+----------+-----------+-----------+------+----------+
        |- VITIS_LOOP_141_3  |    16768|    16768|       262|          -|          -|    64|        no|
        +--------------------+---------+---------+----------+-----------+-----------+------+----------+

============================================================
+ Verbose Summary: Synthesis Manager
============================================================
InlineROM: 1
ExposeGlobal: 0
============================================================
+ Verbose Summary: CDFG Model
============================================================
IsTopModel: 0
ResetActiveHigh: 1
IsCombinational: 0
IsDatapathOnly: 0
HasWiredReturn: 1
HasMFsm: 0
HasVarLatency: 1
IsPipeline: 0
IsRtlPipelined: 0
IsInstanceOverlapped: 0
IsDontTouch: 0
HasImplIP: 0
IsGatedGlobalClock: 0


============================================================
+ Verbose Summary: Schedule
============================================================
* Number of FSM states : 4
* Pipeline : 0
* Dataflow Pipeline: 0

* FSM state transitions: 
1 --> 2 
2 --> 3 
3 --> 4 
4 --> 3 

* FSM state operations: 

State 1 <SV = 0> <Delay = 0.42>
ST_1 : Operation 5 [1/1] (0.00ns)   --->   "%i = alloca i32 1"   --->   Operation 5 'alloca' 'i' <Predicate = true> <Delay = 0.00>
ST_1 : Operation 6 [2/2] (0.00ns)   --->   "%call_ln0 = call void @compute_Pipeline_VITIS_LOOP_133_1_VITIS_LOOP_134_2, i16 %reg_file_5_1, i16 %reg_file_5_0"   --->   Operation 6 'call' 'call_ln0' <Predicate = true> <Delay = 0.00> <CoreType = "Generic">   --->   Core 0 '' <Latency = 0> <II = 1> <Delay = 1.00> <Generic> <Opcode : >
ST_1 : Operation 7 [1/1] (0.42ns)   --->   "%store_ln141 = store i7 0, i7 %i" [vscale-max-sharing/src/correlation.cpp:141]   --->   Operation 7 'store' 'store_ln141' <Predicate = true> <Delay = 0.42>

State 2 <SV = 1> <Delay = 0.00>
ST_2 : Operation 8 [1/1] (0.00ns)   --->   "%specmemcore_ln0 = specmemcore void @_ssdm_op_SpecMemCore, i16 %reg_file_2_0, i64 666, i64 30, i64 18446744073709551615"   --->   Operation 8 'specmemcore' 'specmemcore_ln0' <Predicate = true> <Delay = 0.00>
ST_2 : Operation 9 [1/1] (0.00ns)   --->   "%specmemcore_ln0 = specmemcore void @_ssdm_op_SpecMemCore, i16 %reg_file_2_1, i64 666, i64 30, i64 18446744073709551615"   --->   Operation 9 'specmemcore' 'specmemcore_ln0' <Predicate = true> <Delay = 0.00>
ST_2 : Operation 10 [1/1] (0.00ns)   --->   "%specmemcore_ln0 = specmemcore void @_ssdm_op_SpecMemCore, i16 %reg_file_3_0, i64 666, i64 30, i64 18446744073709551615"   --->   Operation 10 'specmemcore' 'specmemcore_ln0' <Predicate = true> <Delay = 0.00>
ST_2 : Operation 11 [1/1] (0.00ns)   --->   "%specmemcore_ln0 = specmemcore void @_ssdm_op_SpecMemCore, i16 %reg_file_3_1, i64 666, i64 30, i64 18446744073709551615"   --->   Operation 11 'specmemcore' 'specmemcore_ln0' <Predicate = true> <Delay = 0.00>
ST_2 : Operation 12 [1/1] (0.00ns)   --->   "%specmemcore_ln0 = specmemcore void @_ssdm_op_SpecMemCore, i16 %reg_file_4_0, i64 666, i64 30, i64 18446744073709551615"   --->   Operation 12 'specmemcore' 'specmemcore_ln0' <Predicate = true> <Delay = 0.00>
ST_2 : Operation 13 [1/1] (0.00ns)   --->   "%specmemcore_ln0 = specmemcore void @_ssdm_op_SpecMemCore, i16 %reg_file_4_1, i64 666, i64 30, i64 18446744073709551615"   --->   Operation 13 'specmemcore' 'specmemcore_ln0' <Predicate = true> <Delay = 0.00>
ST_2 : Operation 14 [1/1] (0.00ns)   --->   "%specmemcore_ln0 = specmemcore void @_ssdm_op_SpecMemCore, i16 %reg_file_5_0, i64 666, i64 30, i64 18446744073709551615"   --->   Operation 14 'specmemcore' 'specmemcore_ln0' <Predicate = true> <Delay = 0.00>
ST_2 : Operation 15 [1/1] (0.00ns)   --->   "%specmemcore_ln0 = specmemcore void @_ssdm_op_SpecMemCore, i16 %reg_file_5_1, i64 666, i64 30, i64 18446744073709551615"   --->   Operation 15 'specmemcore' 'specmemcore_ln0' <Predicate = true> <Delay = 0.00>
ST_2 : Operation 16 [1/2] (0.00ns)   --->   "%call_ln0 = call void @compute_Pipeline_VITIS_LOOP_133_1_VITIS_LOOP_134_2, i16 %reg_file_5_1, i16 %reg_file_5_0"   --->   Operation 16 'call' 'call_ln0' <Predicate = true> <Delay = 0.00> <CoreType = "Generic">   --->   Core 0 '' <Latency = 0> <II = 1> <Delay = 1.00> <Generic> <Opcode : >
ST_2 : Operation 17 [1/1] (0.00ns)   --->   "%br_ln141 = br void %VITIS_LOOP_142_4" [vscale-max-sharing/src/correlation.cpp:141]   --->   Operation 17 'br' 'br_ln141' <Predicate = true> <Delay = 0.00>

State 3 <SV = 2> <Delay = 2.05>
ST_3 : Operation 18 [1/1] (0.00ns)   --->   "%i_7 = load i7 %i" [vscale-max-sharing/src/correlation.cpp:141]   --->   Operation 18 'load' 'i_7' <Predicate = true> <Delay = 0.00>
ST_3 : Operation 19 [1/1] (0.00ns)   --->   "%trunc_ln141 = trunc i7 %i_7" [vscale-max-sharing/src/correlation.cpp:141]   --->   Operation 19 'trunc' 'trunc_ln141' <Predicate = true> <Delay = 0.00>
ST_3 : Operation 20 [1/1] (0.81ns)   --->   "%icmp_ln141 = icmp_eq  i7 %i_7, i7 64" [vscale-max-sharing/src/correlation.cpp:141]   --->   Operation 20 'icmp' 'icmp_ln141' <Predicate = true> <Delay = 0.81> <CoreInst = "Cmp">   --->   Core 9 'Cmp' <Latency = 0> <II = 1> <Delay = 0.81> <FuncUnit> <Opcode : 'icmp'> <InPorts = 2> <OutPorts = 1>
ST_3 : Operation 21 [1/1] (0.00ns)   --->   "%empty = speclooptripcount i32 @_ssdm_op_SpecLoopTripCount, i64 64, i64 64, i64 64"   --->   Operation 21 'speclooptripcount' 'empty' <Predicate = true> <Delay = 0.00>
ST_3 : Operation 22 [1/1] (0.77ns)   --->   "%add_ln141 = add i7 %i_7, i7 1" [vscale-max-sharing/src/correlation.cpp:141]   --->   Operation 22 'add' 'add_ln141' <Predicate = true> <Delay = 0.77> <CoreInst = "Adder">   --->   Core 1 'Adder' <Latency = 0> <II = 1> <Delay = 0.77> <FuncUnit> <Opcode : 'add' 'sub'> <InPorts = 2> <OutPorts = 1>
ST_3 : Operation 23 [1/1] (0.00ns)   --->   "%br_ln141 = br i1 %icmp_ln141, void %VITIS_LOOP_142_4.split, void %for.end40" [vscale-max-sharing/src/correlation.cpp:141]   --->   Operation 23 'br' 'br_ln141' <Predicate = true> <Delay = 0.00>
ST_3 : Operation 24 [2/2] (1.23ns)   --->   "%call_ln141 = call void @compute_Pipeline_VITIS_LOOP_142_4, i6 %trunc_ln141, i16 %reg_file_4_0, i16 %reg_file_4_1, i16 %reg_file_2_0, i16 %reg_file_2_1, i16 %reg_file_3_0, i16 %reg_file_3_1, i16 %reg_file_5_0, i16 %reg_file_5_1" [vscale-max-sharing/src/correlation.cpp:141]   --->   Operation 24 'call' 'call_ln141' <Predicate = (!icmp_ln141)> <Delay = 1.23> <CoreType = "Generic">   --->   Core 0 '' <Latency = 0> <II = 1> <Delay = 1.00> <Generic> <Opcode : >
ST_3 : Operation 25 [1/1] (0.42ns)   --->   "%store_ln141 = store i7 %add_ln141, i7 %i" [vscale-max-sharing/src/correlation.cpp:141]   --->   Operation 25 'store' 'store_ln141' <Predicate = (!icmp_ln141)> <Delay = 0.42>
ST_3 : Operation 26 [1/1] (0.00ns)   --->   "%ret_ln152 = ret" [vscale-max-sharing/src/correlation.cpp:152]   --->   Operation 26 'ret' 'ret_ln152' <Predicate = (icmp_ln141)> <Delay = 0.00>

State 4 <SV = 3> <Delay = 0.00>
ST_4 : Operation 27 [1/1] (0.00ns)   --->   "%specloopname_ln131 = specloopname void @_ssdm_op_SpecLoopName, void @empty_19" [vscale-max-sharing/src/correlation.cpp:131]   --->   Operation 27 'specloopname' 'specloopname_ln131' <Predicate = true> <Delay = 0.00>
ST_4 : Operation 28 [1/2] (0.00ns)   --->   "%call_ln141 = call void @compute_Pipeline_VITIS_LOOP_142_4, i6 %trunc_ln141, i16 %reg_file_4_0, i16 %reg_file_4_1, i16 %reg_file_2_0, i16 %reg_file_2_1, i16 %reg_file_3_0, i16 %reg_file_3_1, i16 %reg_file_5_0, i16 %reg_file_5_1" [vscale-max-sharing/src/correlation.cpp:141]   --->   Operation 28 'call' 'call_ln141' <Predicate = true> <Delay = 0.00> <CoreType = "Generic">   --->   Core 0 '' <Latency = 0> <II = 1> <Delay = 1.00> <Generic> <Opcode : >
ST_4 : Operation 29 [1/1] (0.00ns)   --->   "%br_ln141 = br void %VITIS_LOOP_142_4" [vscale-max-sharing/src/correlation.cpp:141]   --->   Operation 29 'br' 'br_ln141' <Predicate = true> <Delay = 0.00>


============================================================
+ Verbose Summary: Timing violations
============================================================
Target clock period: 10ns, clock uncertainty: 2.7ns.

 <State 1>: 0.427ns
The critical path consists of the following:
	'alloca' operation ('i') [9]  (0 ns)
	'store' operation ('store_ln141', vscale-max-sharing/src/correlation.cpp:141) of constant 0 on local variable 'i' [19]  (0.427 ns)

 <State 2>: 0ns
The critical path consists of the following:

 <State 3>: 2.05ns
The critical path consists of the following:
	'load' operation ('i', vscale-max-sharing/src/correlation.cpp:141) on local variable 'i' [22]  (0 ns)
	'call' operation ('call_ln141', vscale-max-sharing/src/correlation.cpp:141) to 'compute_Pipeline_VITIS_LOOP_142_4' [30]  (1.24 ns)
	blocking operation 0.817 ns on control path)

 <State 4>: 0ns
The critical path consists of the following:


============================================================
+ Verbose Summary: Binding
============================================================
N/A
* FSMD analyzer results:
  - Output states:
 - Input state : 
  - Chain level:
	State 1
	State 2
	State 3
	State 4


============================================================
+ Verbose Summary: Datapath Resource usage 
============================================================
N/A
