Copyright 1986-2022 Xilinx, Inc. All Rights Reserved.
--------------------------------------------------------------------------------------------------------------------------------------------------------------------------
| Tool Version : Vivado v.2022.2 (lin64) Build 3671981 Fri Oct 14 04:59:54 MDT 2022
| Date         : Sat Nov 19 16:01:55 2022
| Host         : liara running 64-bit Arch Linux
| Command      : report_methodology -file bd_0_wrapper_methodology_drc_routed.rpt -pb bd_0_wrapper_methodology_drc_routed.pb -rpx bd_0_wrapper_methodology_drc_routed.rpx
| Design       : bd_0_wrapper
| Device       : xczu7ev-ffvc1156-2-e
| Speed File   : -2
| Design State : Fully Routed
--------------------------------------------------------------------------------------------------------------------------------------------------------------------------

Report Methodology

Table of Contents
-----------------
1. REPORT SUMMARY
2. REPORT DETAILS

1. REPORT SUMMARY
-----------------
            Netlist: netlist
          Floorplan: checkpoint_bd_0_wrapper
      Design limits: <entire design considered>
             Max violations: <unlimited>
             Violations found: 315
+-----------+----------+-------------------------------+------------+
| Rule      | Severity | Description                   | Violations |
+-----------+----------+-------------------------------+------------+
| TIMING-18 | Warning  | Missing input or output delay | 315        |
+-----------+----------+-------------------------------+------------+

2. REPORT DETAILS
-----------------
TIMING-18#1 Warning
Missing input or output delay  
An input delay is missing on ap_rst_n relative to clock(s) ap_clk
Related violations: <none>

TIMING-18#2 Warning
Missing input or output delay  
An input delay is missing on counter[0] relative to clock(s) ap_clk
Related violations: <none>

TIMING-18#3 Warning
Missing input or output delay  
An input delay is missing on counter[10] relative to clock(s) ap_clk
Related violations: <none>

TIMING-18#4 Warning
Missing input or output delay  
An input delay is missing on counter[11] relative to clock(s) ap_clk
Related violations: <none>

TIMING-18#5 Warning
Missing input or output delay  
An input delay is missing on counter[12] relative to clock(s) ap_clk
Related violations: <none>

TIMING-18#6 Warning
Missing input or output delay  
An input delay is missing on counter[13] relative to clock(s) ap_clk
Related violations: <none>

TIMING-18#7 Warning
Missing input or output delay  
An input delay is missing on counter[14] relative to clock(s) ap_clk
Related violations: <none>

TIMING-18#8 Warning
Missing input or output delay  
An input delay is missing on counter[15] relative to clock(s) ap_clk
Related violations: <none>

TIMING-18#9 Warning
Missing input or output delay  
An input delay is missing on counter[16] relative to clock(s) ap_clk
Related violations: <none>

TIMING-18#10 Warning
Missing input or output delay  
An input delay is missing on counter[17] relative to clock(s) ap_clk
Related violations: <none>

TIMING-18#11 Warning
Missing input or output delay  
An input delay is missing on counter[18] relative to clock(s) ap_clk
Related violations: <none>

TIMING-18#12 Warning
Missing input or output delay  
An input delay is missing on counter[19] relative to clock(s) ap_clk
Related violations: <none>

TIMING-18#13 Warning
Missing input or output delay  
An input delay is missing on counter[1] relative to clock(s) ap_clk
Related violations: <none>

TIMING-18#14 Warning
Missing input or output delay  
An input delay is missing on counter[20] relative to clock(s) ap_clk
Related violations: <none>

TIMING-18#15 Warning
Missing input or output delay  
An input delay is missing on counter[21] relative to clock(s) ap_clk
Related violations: <none>

TIMING-18#16 Warning
Missing input or output delay  
An input delay is missing on counter[22] relative to clock(s) ap_clk
Related violations: <none>

TIMING-18#17 Warning
Missing input or output delay  
An input delay is missing on counter[23] relative to clock(s) ap_clk
Related violations: <none>

TIMING-18#18 Warning
Missing input or output delay  
An input delay is missing on counter[24] relative to clock(s) ap_clk
Related violations: <none>

TIMING-18#19 Warning
Missing input or output delay  
An input delay is missing on counter[25] relative to clock(s) ap_clk
Related violations: <none>

TIMING-18#20 Warning
Missing input or output delay  
An input delay is missing on counter[26] relative to clock(s) ap_clk
Related violations: <none>

TIMING-18#21 Warning
Missing input or output delay  
An input delay is missing on counter[27] relative to clock(s) ap_clk
Related violations: <none>

TIMING-18#22 Warning
Missing input or output delay  
An input delay is missing on counter[28] relative to clock(s) ap_clk
Related violations: <none>

TIMING-18#23 Warning
Missing input or output delay  
An input delay is missing on counter[29] relative to clock(s) ap_clk
Related violations: <none>

TIMING-18#24 Warning
Missing input or output delay  
An input delay is missing on counter[2] relative to clock(s) ap_clk
Related violations: <none>

TIMING-18#25 Warning
Missing input or output delay  
An input delay is missing on counter[30] relative to clock(s) ap_clk
Related violations: <none>

TIMING-18#26 Warning
Missing input or output delay  
An input delay is missing on counter[31] relative to clock(s) ap_clk
Related violations: <none>

TIMING-18#27 Warning
Missing input or output delay  
An input delay is missing on counter[32] relative to clock(s) ap_clk
Related violations: <none>

TIMING-18#28 Warning
Missing input or output delay  
An input delay is missing on counter[33] relative to clock(s) ap_clk
Related violations: <none>

TIMING-18#29 Warning
Missing input or output delay  
An input delay is missing on counter[34] relative to clock(s) ap_clk
Related violations: <none>

TIMING-18#30 Warning
Missing input or output delay  
An input delay is missing on counter[35] relative to clock(s) ap_clk
Related violations: <none>

TIMING-18#31 Warning
Missing input or output delay  
An input delay is missing on counter[36] relative to clock(s) ap_clk
Related violations: <none>

TIMING-18#32 Warning
Missing input or output delay  
An input delay is missing on counter[37] relative to clock(s) ap_clk
Related violations: <none>

TIMING-18#33 Warning
Missing input or output delay  
An input delay is missing on counter[38] relative to clock(s) ap_clk
Related violations: <none>

TIMING-18#34 Warning
Missing input or output delay  
An input delay is missing on counter[39] relative to clock(s) ap_clk
Related violations: <none>

TIMING-18#35 Warning
Missing input or output delay  
An input delay is missing on counter[3] relative to clock(s) ap_clk
Related violations: <none>

TIMING-18#36 Warning
Missing input or output delay  
An input delay is missing on counter[40] relative to clock(s) ap_clk
Related violations: <none>

TIMING-18#37 Warning
Missing input or output delay  
An input delay is missing on counter[41] relative to clock(s) ap_clk
Related violations: <none>

TIMING-18#38 Warning
Missing input or output delay  
An input delay is missing on counter[42] relative to clock(s) ap_clk
Related violations: <none>

TIMING-18#39 Warning
Missing input or output delay  
An input delay is missing on counter[43] relative to clock(s) ap_clk
Related violations: <none>

TIMING-18#40 Warning
Missing input or output delay  
An input delay is missing on counter[44] relative to clock(s) ap_clk
Related violations: <none>

TIMING-18#41 Warning
Missing input or output delay  
An input delay is missing on counter[45] relative to clock(s) ap_clk
Related violations: <none>

TIMING-18#42 Warning
Missing input or output delay  
An input delay is missing on counter[46] relative to clock(s) ap_clk
Related violations: <none>

TIMING-18#43 Warning
Missing input or output delay  
An input delay is missing on counter[47] relative to clock(s) ap_clk
Related violations: <none>

TIMING-18#44 Warning
Missing input or output delay  
An input delay is missing on counter[48] relative to clock(s) ap_clk
Related violations: <none>

TIMING-18#45 Warning
Missing input or output delay  
An input delay is missing on counter[49] relative to clock(s) ap_clk
Related violations: <none>

TIMING-18#46 Warning
Missing input or output delay  
An input delay is missing on counter[4] relative to clock(s) ap_clk
Related violations: <none>

TIMING-18#47 Warning
Missing input or output delay  
An input delay is missing on counter[50] relative to clock(s) ap_clk
Related violations: <none>

TIMING-18#48 Warning
Missing input or output delay  
An input delay is missing on counter[51] relative to clock(s) ap_clk
Related violations: <none>

TIMING-18#49 Warning
Missing input or output delay  
An input delay is missing on counter[52] relative to clock(s) ap_clk
Related violations: <none>

TIMING-18#50 Warning
Missing input or output delay  
An input delay is missing on counter[53] relative to clock(s) ap_clk
Related violations: <none>

TIMING-18#51 Warning
Missing input or output delay  
An input delay is missing on counter[54] relative to clock(s) ap_clk
Related violations: <none>

TIMING-18#52 Warning
Missing input or output delay  
An input delay is missing on counter[55] relative to clock(s) ap_clk
Related violations: <none>

TIMING-18#53 Warning
Missing input or output delay  
An input delay is missing on counter[56] relative to clock(s) ap_clk
Related violations: <none>

TIMING-18#54 Warning
Missing input or output delay  
An input delay is missing on counter[57] relative to clock(s) ap_clk
Related violations: <none>

TIMING-18#55 Warning
Missing input or output delay  
An input delay is missing on counter[58] relative to clock(s) ap_clk
Related violations: <none>

TIMING-18#56 Warning
Missing input or output delay  
An input delay is missing on counter[59] relative to clock(s) ap_clk
Related violations: <none>

TIMING-18#57 Warning
Missing input or output delay  
An input delay is missing on counter[5] relative to clock(s) ap_clk
Related violations: <none>

TIMING-18#58 Warning
Missing input or output delay  
An input delay is missing on counter[60] relative to clock(s) ap_clk
Related violations: <none>

TIMING-18#59 Warning
Missing input or output delay  
An input delay is missing on counter[61] relative to clock(s) ap_clk
Related violations: <none>

TIMING-18#60 Warning
Missing input or output delay  
An input delay is missing on counter[62] relative to clock(s) ap_clk
Related violations: <none>

TIMING-18#61 Warning
Missing input or output delay  
An input delay is missing on counter[63] relative to clock(s) ap_clk
Related violations: <none>

TIMING-18#62 Warning
Missing input or output delay  
An input delay is missing on counter[6] relative to clock(s) ap_clk
Related violations: <none>

TIMING-18#63 Warning
Missing input or output delay  
An input delay is missing on counter[7] relative to clock(s) ap_clk
Related violations: <none>

TIMING-18#64 Warning
Missing input or output delay  
An input delay is missing on counter[8] relative to clock(s) ap_clk
Related violations: <none>

TIMING-18#65 Warning
Missing input or output delay  
An input delay is missing on counter[9] relative to clock(s) ap_clk
Related violations: <none>

TIMING-18#66 Warning
Missing input or output delay  
An input delay is missing on data_in_q0[0] relative to clock(s) ap_clk
Related violations: <none>

TIMING-18#67 Warning
Missing input or output delay  
An input delay is missing on data_in_q0[10] relative to clock(s) ap_clk
Related violations: <none>

TIMING-18#68 Warning
Missing input or output delay  
An input delay is missing on data_in_q0[11] relative to clock(s) ap_clk
Related violations: <none>

TIMING-18#69 Warning
Missing input or output delay  
An input delay is missing on data_in_q0[12] relative to clock(s) ap_clk
Related violations: <none>

TIMING-18#70 Warning
Missing input or output delay  
An input delay is missing on data_in_q0[13] relative to clock(s) ap_clk
Related violations: <none>

TIMING-18#71 Warning
Missing input or output delay  
An input delay is missing on data_in_q0[14] relative to clock(s) ap_clk
Related violations: <none>

TIMING-18#72 Warning
Missing input or output delay  
An input delay is missing on data_in_q0[15] relative to clock(s) ap_clk
Related violations: <none>

TIMING-18#73 Warning
Missing input or output delay  
An input delay is missing on data_in_q0[16] relative to clock(s) ap_clk
Related violations: <none>

TIMING-18#74 Warning
Missing input or output delay  
An input delay is missing on data_in_q0[17] relative to clock(s) ap_clk
Related violations: <none>

TIMING-18#75 Warning
Missing input or output delay  
An input delay is missing on data_in_q0[18] relative to clock(s) ap_clk
Related violations: <none>

TIMING-18#76 Warning
Missing input or output delay  
An input delay is missing on data_in_q0[19] relative to clock(s) ap_clk
Related violations: <none>

TIMING-18#77 Warning
Missing input or output delay  
An input delay is missing on data_in_q0[1] relative to clock(s) ap_clk
Related violations: <none>

TIMING-18#78 Warning
Missing input or output delay  
An input delay is missing on data_in_q0[20] relative to clock(s) ap_clk
Related violations: <none>

TIMING-18#79 Warning
Missing input or output delay  
An input delay is missing on data_in_q0[21] relative to clock(s) ap_clk
Related violations: <none>

TIMING-18#80 Warning
Missing input or output delay  
An input delay is missing on data_in_q0[22] relative to clock(s) ap_clk
Related violations: <none>

TIMING-18#81 Warning
Missing input or output delay  
An input delay is missing on data_in_q0[23] relative to clock(s) ap_clk
Related violations: <none>

TIMING-18#82 Warning
Missing input or output delay  
An input delay is missing on data_in_q0[24] relative to clock(s) ap_clk
Related violations: <none>

TIMING-18#83 Warning
Missing input or output delay  
An input delay is missing on data_in_q0[25] relative to clock(s) ap_clk
Related violations: <none>

TIMING-18#84 Warning
Missing input or output delay  
An input delay is missing on data_in_q0[26] relative to clock(s) ap_clk
Related violations: <none>

TIMING-18#85 Warning
Missing input or output delay  
An input delay is missing on data_in_q0[27] relative to clock(s) ap_clk
Related violations: <none>

TIMING-18#86 Warning
Missing input or output delay  
An input delay is missing on data_in_q0[28] relative to clock(s) ap_clk
Related violations: <none>

TIMING-18#87 Warning
Missing input or output delay  
An input delay is missing on data_in_q0[29] relative to clock(s) ap_clk
Related violations: <none>

TIMING-18#88 Warning
Missing input or output delay  
An input delay is missing on data_in_q0[2] relative to clock(s) ap_clk
Related violations: <none>

TIMING-18#89 Warning
Missing input or output delay  
An input delay is missing on data_in_q0[30] relative to clock(s) ap_clk
Related violations: <none>

TIMING-18#90 Warning
Missing input or output delay  
An input delay is missing on data_in_q0[31] relative to clock(s) ap_clk
Related violations: <none>

TIMING-18#91 Warning
Missing input or output delay  
An input delay is missing on data_in_q0[32] relative to clock(s) ap_clk
Related violations: <none>

TIMING-18#92 Warning
Missing input or output delay  
An input delay is missing on data_in_q0[33] relative to clock(s) ap_clk
Related violations: <none>

TIMING-18#93 Warning
Missing input or output delay  
An input delay is missing on data_in_q0[34] relative to clock(s) ap_clk
Related violations: <none>

TIMING-18#94 Warning
Missing input or output delay  
An input delay is missing on data_in_q0[35] relative to clock(s) ap_clk
Related violations: <none>

TIMING-18#95 Warning
Missing input or output delay  
An input delay is missing on data_in_q0[36] relative to clock(s) ap_clk
Related violations: <none>

TIMING-18#96 Warning
Missing input or output delay  
An input delay is missing on data_in_q0[37] relative to clock(s) ap_clk
Related violations: <none>

TIMING-18#97 Warning
Missing input or output delay  
An input delay is missing on data_in_q0[38] relative to clock(s) ap_clk
Related violations: <none>

TIMING-18#98 Warning
Missing input or output delay  
An input delay is missing on data_in_q0[39] relative to clock(s) ap_clk
Related violations: <none>

TIMING-18#99 Warning
Missing input or output delay  
An input delay is missing on data_in_q0[3] relative to clock(s) ap_clk
Related violations: <none>

TIMING-18#100 Warning
Missing input or output delay  
An input delay is missing on data_in_q0[40] relative to clock(s) ap_clk
Related violations: <none>

TIMING-18#101 Warning
Missing input or output delay  
An input delay is missing on data_in_q0[41] relative to clock(s) ap_clk
Related violations: <none>

TIMING-18#102 Warning
Missing input or output delay  
An input delay is missing on data_in_q0[42] relative to clock(s) ap_clk
Related violations: <none>

TIMING-18#103 Warning
Missing input or output delay  
An input delay is missing on data_in_q0[43] relative to clock(s) ap_clk
Related violations: <none>

TIMING-18#104 Warning
Missing input or output delay  
An input delay is missing on data_in_q0[44] relative to clock(s) ap_clk
Related violations: <none>

TIMING-18#105 Warning
Missing input or output delay  
An input delay is missing on data_in_q0[45] relative to clock(s) ap_clk
Related violations: <none>

TIMING-18#106 Warning
Missing input or output delay  
An input delay is missing on data_in_q0[46] relative to clock(s) ap_clk
Related violations: <none>

TIMING-18#107 Warning
Missing input or output delay  
An input delay is missing on data_in_q0[47] relative to clock(s) ap_clk
Related violations: <none>

TIMING-18#108 Warning
Missing input or output delay  
An input delay is missing on data_in_q0[48] relative to clock(s) ap_clk
Related violations: <none>

TIMING-18#109 Warning
Missing input or output delay  
An input delay is missing on data_in_q0[49] relative to clock(s) ap_clk
Related violations: <none>

TIMING-18#110 Warning
Missing input or output delay  
An input delay is missing on data_in_q0[4] relative to clock(s) ap_clk
Related violations: <none>

TIMING-18#111 Warning
Missing input or output delay  
An input delay is missing on data_in_q0[50] relative to clock(s) ap_clk
Related violations: <none>

TIMING-18#112 Warning
Missing input or output delay  
An input delay is missing on data_in_q0[51] relative to clock(s) ap_clk
Related violations: <none>

TIMING-18#113 Warning
Missing input or output delay  
An input delay is missing on data_in_q0[52] relative to clock(s) ap_clk
Related violations: <none>

TIMING-18#114 Warning
Missing input or output delay  
An input delay is missing on data_in_q0[53] relative to clock(s) ap_clk
Related violations: <none>

TIMING-18#115 Warning
Missing input or output delay  
An input delay is missing on data_in_q0[54] relative to clock(s) ap_clk
Related violations: <none>

TIMING-18#116 Warning
Missing input or output delay  
An input delay is missing on data_in_q0[55] relative to clock(s) ap_clk
Related violations: <none>

TIMING-18#117 Warning
Missing input or output delay  
An input delay is missing on data_in_q0[56] relative to clock(s) ap_clk
Related violations: <none>

TIMING-18#118 Warning
Missing input or output delay  
An input delay is missing on data_in_q0[57] relative to clock(s) ap_clk
Related violations: <none>

TIMING-18#119 Warning
Missing input or output delay  
An input delay is missing on data_in_q0[58] relative to clock(s) ap_clk
Related violations: <none>

TIMING-18#120 Warning
Missing input or output delay  
An input delay is missing on data_in_q0[59] relative to clock(s) ap_clk
Related violations: <none>

TIMING-18#121 Warning
Missing input or output delay  
An input delay is missing on data_in_q0[5] relative to clock(s) ap_clk
Related violations: <none>

TIMING-18#122 Warning
Missing input or output delay  
An input delay is missing on data_in_q0[60] relative to clock(s) ap_clk
Related violations: <none>

TIMING-18#123 Warning
Missing input or output delay  
An input delay is missing on data_in_q0[61] relative to clock(s) ap_clk
Related violations: <none>

TIMING-18#124 Warning
Missing input or output delay  
An input delay is missing on data_in_q0[62] relative to clock(s) ap_clk
Related violations: <none>

TIMING-18#125 Warning
Missing input or output delay  
An input delay is missing on data_in_q0[63] relative to clock(s) ap_clk
Related violations: <none>

TIMING-18#126 Warning
Missing input or output delay  
An input delay is missing on data_in_q0[6] relative to clock(s) ap_clk
Related violations: <none>

TIMING-18#127 Warning
Missing input or output delay  
An input delay is missing on data_in_q0[7] relative to clock(s) ap_clk
Related violations: <none>

TIMING-18#128 Warning
Missing input or output delay  
An input delay is missing on data_in_q0[8] relative to clock(s) ap_clk
Related violations: <none>

TIMING-18#129 Warning
Missing input or output delay  
An input delay is missing on data_in_q0[9] relative to clock(s) ap_clk
Related violations: <none>

TIMING-18#130 Warning
Missing input or output delay  
An input delay is missing on s_axi_control_araddr[0] relative to clock(s) ap_clk
Related violations: <none>

TIMING-18#131 Warning
Missing input or output delay  
An input delay is missing on s_axi_control_araddr[1] relative to clock(s) ap_clk
Related violations: <none>

TIMING-18#132 Warning
Missing input or output delay  
An input delay is missing on s_axi_control_araddr[2] relative to clock(s) ap_clk
Related violations: <none>

TIMING-18#133 Warning
Missing input or output delay  
An input delay is missing on s_axi_control_araddr[3] relative to clock(s) ap_clk
Related violations: <none>

TIMING-18#134 Warning
Missing input or output delay  
An input delay is missing on s_axi_control_araddr[4] relative to clock(s) ap_clk
Related violations: <none>

TIMING-18#135 Warning
Missing input or output delay  
An input delay is missing on s_axi_control_araddr[5] relative to clock(s) ap_clk
Related violations: <none>

TIMING-18#136 Warning
Missing input or output delay  
An input delay is missing on s_axi_control_arvalid relative to clock(s) ap_clk
Related violations: <none>

TIMING-18#137 Warning
Missing input or output delay  
An input delay is missing on s_axi_control_awaddr[0] relative to clock(s) ap_clk
Related violations: <none>

TIMING-18#138 Warning
Missing input or output delay  
An input delay is missing on s_axi_control_awaddr[1] relative to clock(s) ap_clk
Related violations: <none>

TIMING-18#139 Warning
Missing input or output delay  
An input delay is missing on s_axi_control_awaddr[2] relative to clock(s) ap_clk
Related violations: <none>

TIMING-18#140 Warning
Missing input or output delay  
An input delay is missing on s_axi_control_awaddr[3] relative to clock(s) ap_clk
Related violations: <none>

TIMING-18#141 Warning
Missing input or output delay  
An input delay is missing on s_axi_control_awaddr[4] relative to clock(s) ap_clk
Related violations: <none>

TIMING-18#142 Warning
Missing input or output delay  
An input delay is missing on s_axi_control_awaddr[5] relative to clock(s) ap_clk
Related violations: <none>

TIMING-18#143 Warning
Missing input or output delay  
An input delay is missing on s_axi_control_awvalid relative to clock(s) ap_clk
Related violations: <none>

TIMING-18#144 Warning
Missing input or output delay  
An input delay is missing on s_axi_control_bready relative to clock(s) ap_clk
Related violations: <none>

TIMING-18#145 Warning
Missing input or output delay  
An input delay is missing on s_axi_control_rready relative to clock(s) ap_clk
Related violations: <none>

TIMING-18#146 Warning
Missing input or output delay  
An input delay is missing on s_axi_control_wdata[0] relative to clock(s) ap_clk
Related violations: <none>

TIMING-18#147 Warning
Missing input or output delay  
An input delay is missing on s_axi_control_wdata[10] relative to clock(s) ap_clk
Related violations: <none>

TIMING-18#148 Warning
Missing input or output delay  
An input delay is missing on s_axi_control_wdata[11] relative to clock(s) ap_clk
Related violations: <none>

TIMING-18#149 Warning
Missing input or output delay  
An input delay is missing on s_axi_control_wdata[12] relative to clock(s) ap_clk
Related violations: <none>

TIMING-18#150 Warning
Missing input or output delay  
An input delay is missing on s_axi_control_wdata[13] relative to clock(s) ap_clk
Related violations: <none>

TIMING-18#151 Warning
Missing input or output delay  
An input delay is missing on s_axi_control_wdata[14] relative to clock(s) ap_clk
Related violations: <none>

TIMING-18#152 Warning
Missing input or output delay  
An input delay is missing on s_axi_control_wdata[15] relative to clock(s) ap_clk
Related violations: <none>

TIMING-18#153 Warning
Missing input or output delay  
An input delay is missing on s_axi_control_wdata[16] relative to clock(s) ap_clk
Related violations: <none>

TIMING-18#154 Warning
Missing input or output delay  
An input delay is missing on s_axi_control_wdata[17] relative to clock(s) ap_clk
Related violations: <none>

TIMING-18#155 Warning
Missing input or output delay  
An input delay is missing on s_axi_control_wdata[18] relative to clock(s) ap_clk
Related violations: <none>

TIMING-18#156 Warning
Missing input or output delay  
An input delay is missing on s_axi_control_wdata[19] relative to clock(s) ap_clk
Related violations: <none>

TIMING-18#157 Warning
Missing input or output delay  
An input delay is missing on s_axi_control_wdata[1] relative to clock(s) ap_clk
Related violations: <none>

TIMING-18#158 Warning
Missing input or output delay  
An input delay is missing on s_axi_control_wdata[20] relative to clock(s) ap_clk
Related violations: <none>

TIMING-18#159 Warning
Missing input or output delay  
An input delay is missing on s_axi_control_wdata[21] relative to clock(s) ap_clk
Related violations: <none>

TIMING-18#160 Warning
Missing input or output delay  
An input delay is missing on s_axi_control_wdata[22] relative to clock(s) ap_clk
Related violations: <none>

TIMING-18#161 Warning
Missing input or output delay  
An input delay is missing on s_axi_control_wdata[23] relative to clock(s) ap_clk
Related violations: <none>

TIMING-18#162 Warning
Missing input or output delay  
An input delay is missing on s_axi_control_wdata[24] relative to clock(s) ap_clk
Related violations: <none>

TIMING-18#163 Warning
Missing input or output delay  
An input delay is missing on s_axi_control_wdata[25] relative to clock(s) ap_clk
Related violations: <none>

TIMING-18#164 Warning
Missing input or output delay  
An input delay is missing on s_axi_control_wdata[26] relative to clock(s) ap_clk
Related violations: <none>

TIMING-18#165 Warning
Missing input or output delay  
An input delay is missing on s_axi_control_wdata[27] relative to clock(s) ap_clk
Related violations: <none>

TIMING-18#166 Warning
Missing input or output delay  
An input delay is missing on s_axi_control_wdata[28] relative to clock(s) ap_clk
Related violations: <none>

TIMING-18#167 Warning
Missing input or output delay  
An input delay is missing on s_axi_control_wdata[29] relative to clock(s) ap_clk
Related violations: <none>

TIMING-18#168 Warning
Missing input or output delay  
An input delay is missing on s_axi_control_wdata[2] relative to clock(s) ap_clk
Related violations: <none>

TIMING-18#169 Warning
Missing input or output delay  
An input delay is missing on s_axi_control_wdata[30] relative to clock(s) ap_clk
Related violations: <none>

TIMING-18#170 Warning
Missing input or output delay  
An input delay is missing on s_axi_control_wdata[31] relative to clock(s) ap_clk
Related violations: <none>

TIMING-18#171 Warning
Missing input or output delay  
An input delay is missing on s_axi_control_wdata[3] relative to clock(s) ap_clk
Related violations: <none>

TIMING-18#172 Warning
Missing input or output delay  
An input delay is missing on s_axi_control_wdata[4] relative to clock(s) ap_clk
Related violations: <none>

TIMING-18#173 Warning
Missing input or output delay  
An input delay is missing on s_axi_control_wdata[5] relative to clock(s) ap_clk
Related violations: <none>

TIMING-18#174 Warning
Missing input or output delay  
An input delay is missing on s_axi_control_wdata[6] relative to clock(s) ap_clk
Related violations: <none>

TIMING-18#175 Warning
Missing input or output delay  
An input delay is missing on s_axi_control_wdata[7] relative to clock(s) ap_clk
Related violations: <none>

TIMING-18#176 Warning
Missing input or output delay  
An input delay is missing on s_axi_control_wdata[8] relative to clock(s) ap_clk
Related violations: <none>

TIMING-18#177 Warning
Missing input or output delay  
An input delay is missing on s_axi_control_wdata[9] relative to clock(s) ap_clk
Related violations: <none>

TIMING-18#178 Warning
Missing input or output delay  
An input delay is missing on s_axi_control_wstrb[0] relative to clock(s) ap_clk
Related violations: <none>

TIMING-18#179 Warning
Missing input or output delay  
An input delay is missing on s_axi_control_wstrb[1] relative to clock(s) ap_clk
Related violations: <none>

TIMING-18#180 Warning
Missing input or output delay  
An input delay is missing on s_axi_control_wstrb[2] relative to clock(s) ap_clk
Related violations: <none>

TIMING-18#181 Warning
Missing input or output delay  
An input delay is missing on s_axi_control_wstrb[3] relative to clock(s) ap_clk
Related violations: <none>

TIMING-18#182 Warning
Missing input or output delay  
An input delay is missing on s_axi_control_wvalid relative to clock(s) ap_clk
Related violations: <none>

TIMING-18#183 Warning
Missing input or output delay  
An output delay is missing on data_in_address0[0] relative to clock(s) ap_clk
Related violations: <none>

TIMING-18#184 Warning
Missing input or output delay  
An output delay is missing on data_in_address0[10] relative to clock(s) ap_clk
Related violations: <none>

TIMING-18#185 Warning
Missing input or output delay  
An output delay is missing on data_in_address0[11] relative to clock(s) ap_clk
Related violations: <none>

TIMING-18#186 Warning
Missing input or output delay  
An output delay is missing on data_in_address0[12] relative to clock(s) ap_clk
Related violations: <none>

TIMING-18#187 Warning
Missing input or output delay  
An output delay is missing on data_in_address0[13] relative to clock(s) ap_clk
Related violations: <none>

TIMING-18#188 Warning
Missing input or output delay  
An output delay is missing on data_in_address0[1] relative to clock(s) ap_clk
Related violations: <none>

TIMING-18#189 Warning
Missing input or output delay  
An output delay is missing on data_in_address0[2] relative to clock(s) ap_clk
Related violations: <none>

TIMING-18#190 Warning
Missing input or output delay  
An output delay is missing on data_in_address0[3] relative to clock(s) ap_clk
Related violations: <none>

TIMING-18#191 Warning
Missing input or output delay  
An output delay is missing on data_in_address0[4] relative to clock(s) ap_clk
Related violations: <none>

TIMING-18#192 Warning
Missing input or output delay  
An output delay is missing on data_in_address0[5] relative to clock(s) ap_clk
Related violations: <none>

TIMING-18#193 Warning
Missing input or output delay  
An output delay is missing on data_in_address0[6] relative to clock(s) ap_clk
Related violations: <none>

TIMING-18#194 Warning
Missing input or output delay  
An output delay is missing on data_in_address0[7] relative to clock(s) ap_clk
Related violations: <none>

TIMING-18#195 Warning
Missing input or output delay  
An output delay is missing on data_in_address0[8] relative to clock(s) ap_clk
Related violations: <none>

TIMING-18#196 Warning
Missing input or output delay  
An output delay is missing on data_in_address0[9] relative to clock(s) ap_clk
Related violations: <none>

TIMING-18#197 Warning
Missing input or output delay  
An output delay is missing on data_in_ce0 relative to clock(s) ap_clk
Related violations: <none>

TIMING-18#198 Warning
Missing input or output delay  
An output delay is missing on data_out_address0[0] relative to clock(s) ap_clk
Related violations: <none>

TIMING-18#199 Warning
Missing input or output delay  
An output delay is missing on data_out_address0[10] relative to clock(s) ap_clk
Related violations: <none>

TIMING-18#200 Warning
Missing input or output delay  
An output delay is missing on data_out_address0[11] relative to clock(s) ap_clk
Related violations: <none>

TIMING-18#201 Warning
Missing input or output delay  
An output delay is missing on data_out_address0[12] relative to clock(s) ap_clk
Related violations: <none>

TIMING-18#202 Warning
Missing input or output delay  
An output delay is missing on data_out_address0[13] relative to clock(s) ap_clk
Related violations: <none>

TIMING-18#203 Warning
Missing input or output delay  
An output delay is missing on data_out_address0[1] relative to clock(s) ap_clk
Related violations: <none>

TIMING-18#204 Warning
Missing input or output delay  
An output delay is missing on data_out_address0[2] relative to clock(s) ap_clk
Related violations: <none>

TIMING-18#205 Warning
Missing input or output delay  
An output delay is missing on data_out_address0[3] relative to clock(s) ap_clk
Related violations: <none>

TIMING-18#206 Warning
Missing input or output delay  
An output delay is missing on data_out_address0[4] relative to clock(s) ap_clk
Related violations: <none>

TIMING-18#207 Warning
Missing input or output delay  
An output delay is missing on data_out_address0[5] relative to clock(s) ap_clk
Related violations: <none>

TIMING-18#208 Warning
Missing input or output delay  
An output delay is missing on data_out_address0[6] relative to clock(s) ap_clk
Related violations: <none>

TIMING-18#209 Warning
Missing input or output delay  
An output delay is missing on data_out_address0[7] relative to clock(s) ap_clk
Related violations: <none>

TIMING-18#210 Warning
Missing input or output delay  
An output delay is missing on data_out_address0[8] relative to clock(s) ap_clk
Related violations: <none>

TIMING-18#211 Warning
Missing input or output delay  
An output delay is missing on data_out_address0[9] relative to clock(s) ap_clk
Related violations: <none>

TIMING-18#212 Warning
Missing input or output delay  
An output delay is missing on data_out_ce0 relative to clock(s) ap_clk
Related violations: <none>

TIMING-18#213 Warning
Missing input or output delay  
An output delay is missing on data_out_d0[0] relative to clock(s) ap_clk
Related violations: <none>

TIMING-18#214 Warning
Missing input or output delay  
An output delay is missing on data_out_d0[10] relative to clock(s) ap_clk
Related violations: <none>

TIMING-18#215 Warning
Missing input or output delay  
An output delay is missing on data_out_d0[11] relative to clock(s) ap_clk
Related violations: <none>

TIMING-18#216 Warning
Missing input or output delay  
An output delay is missing on data_out_d0[12] relative to clock(s) ap_clk
Related violations: <none>

TIMING-18#217 Warning
Missing input or output delay  
An output delay is missing on data_out_d0[13] relative to clock(s) ap_clk
Related violations: <none>

TIMING-18#218 Warning
Missing input or output delay  
An output delay is missing on data_out_d0[14] relative to clock(s) ap_clk
Related violations: <none>

TIMING-18#219 Warning
Missing input or output delay  
An output delay is missing on data_out_d0[15] relative to clock(s) ap_clk
Related violations: <none>

TIMING-18#220 Warning
Missing input or output delay  
An output delay is missing on data_out_d0[16] relative to clock(s) ap_clk
Related violations: <none>

TIMING-18#221 Warning
Missing input or output delay  
An output delay is missing on data_out_d0[17] relative to clock(s) ap_clk
Related violations: <none>

TIMING-18#222 Warning
Missing input or output delay  
An output delay is missing on data_out_d0[18] relative to clock(s) ap_clk
Related violations: <none>

TIMING-18#223 Warning
Missing input or output delay  
An output delay is missing on data_out_d0[19] relative to clock(s) ap_clk
Related violations: <none>

TIMING-18#224 Warning
Missing input or output delay  
An output delay is missing on data_out_d0[1] relative to clock(s) ap_clk
Related violations: <none>

TIMING-18#225 Warning
Missing input or output delay  
An output delay is missing on data_out_d0[20] relative to clock(s) ap_clk
Related violations: <none>

TIMING-18#226 Warning
Missing input or output delay  
An output delay is missing on data_out_d0[21] relative to clock(s) ap_clk
Related violations: <none>

TIMING-18#227 Warning
Missing input or output delay  
An output delay is missing on data_out_d0[22] relative to clock(s) ap_clk
Related violations: <none>

TIMING-18#228 Warning
Missing input or output delay  
An output delay is missing on data_out_d0[23] relative to clock(s) ap_clk
Related violations: <none>

TIMING-18#229 Warning
Missing input or output delay  
An output delay is missing on data_out_d0[24] relative to clock(s) ap_clk
Related violations: <none>

TIMING-18#230 Warning
Missing input or output delay  
An output delay is missing on data_out_d0[25] relative to clock(s) ap_clk
Related violations: <none>

TIMING-18#231 Warning
Missing input or output delay  
An output delay is missing on data_out_d0[26] relative to clock(s) ap_clk
Related violations: <none>

TIMING-18#232 Warning
Missing input or output delay  
An output delay is missing on data_out_d0[27] relative to clock(s) ap_clk
Related violations: <none>

TIMING-18#233 Warning
Missing input or output delay  
An output delay is missing on data_out_d0[28] relative to clock(s) ap_clk
Related violations: <none>

TIMING-18#234 Warning
Missing input or output delay  
An output delay is missing on data_out_d0[29] relative to clock(s) ap_clk
Related violations: <none>

TIMING-18#235 Warning
Missing input or output delay  
An output delay is missing on data_out_d0[2] relative to clock(s) ap_clk
Related violations: <none>

TIMING-18#236 Warning
Missing input or output delay  
An output delay is missing on data_out_d0[30] relative to clock(s) ap_clk
Related violations: <none>

TIMING-18#237 Warning
Missing input or output delay  
An output delay is missing on data_out_d0[31] relative to clock(s) ap_clk
Related violations: <none>

TIMING-18#238 Warning
Missing input or output delay  
An output delay is missing on data_out_d0[32] relative to clock(s) ap_clk
Related violations: <none>

TIMING-18#239 Warning
Missing input or output delay  
An output delay is missing on data_out_d0[33] relative to clock(s) ap_clk
Related violations: <none>

TIMING-18#240 Warning
Missing input or output delay  
An output delay is missing on data_out_d0[34] relative to clock(s) ap_clk
Related violations: <none>

TIMING-18#241 Warning
Missing input or output delay  
An output delay is missing on data_out_d0[35] relative to clock(s) ap_clk
Related violations: <none>

TIMING-18#242 Warning
Missing input or output delay  
An output delay is missing on data_out_d0[36] relative to clock(s) ap_clk
Related violations: <none>

TIMING-18#243 Warning
Missing input or output delay  
An output delay is missing on data_out_d0[37] relative to clock(s) ap_clk
Related violations: <none>

TIMING-18#244 Warning
Missing input or output delay  
An output delay is missing on data_out_d0[38] relative to clock(s) ap_clk
Related violations: <none>

TIMING-18#245 Warning
Missing input or output delay  
An output delay is missing on data_out_d0[39] relative to clock(s) ap_clk
Related violations: <none>

TIMING-18#246 Warning
Missing input or output delay  
An output delay is missing on data_out_d0[3] relative to clock(s) ap_clk
Related violations: <none>

TIMING-18#247 Warning
Missing input or output delay  
An output delay is missing on data_out_d0[40] relative to clock(s) ap_clk
Related violations: <none>

TIMING-18#248 Warning
Missing input or output delay  
An output delay is missing on data_out_d0[41] relative to clock(s) ap_clk
Related violations: <none>

TIMING-18#249 Warning
Missing input or output delay  
An output delay is missing on data_out_d0[42] relative to clock(s) ap_clk
Related violations: <none>

TIMING-18#250 Warning
Missing input or output delay  
An output delay is missing on data_out_d0[43] relative to clock(s) ap_clk
Related violations: <none>

TIMING-18#251 Warning
Missing input or output delay  
An output delay is missing on data_out_d0[44] relative to clock(s) ap_clk
Related violations: <none>

TIMING-18#252 Warning
Missing input or output delay  
An output delay is missing on data_out_d0[45] relative to clock(s) ap_clk
Related violations: <none>

TIMING-18#253 Warning
Missing input or output delay  
An output delay is missing on data_out_d0[46] relative to clock(s) ap_clk
Related violations: <none>

TIMING-18#254 Warning
Missing input or output delay  
An output delay is missing on data_out_d0[47] relative to clock(s) ap_clk
Related violations: <none>

TIMING-18#255 Warning
Missing input or output delay  
An output delay is missing on data_out_d0[48] relative to clock(s) ap_clk
Related violations: <none>

TIMING-18#256 Warning
Missing input or output delay  
An output delay is missing on data_out_d0[49] relative to clock(s) ap_clk
Related violations: <none>

TIMING-18#257 Warning
Missing input or output delay  
An output delay is missing on data_out_d0[4] relative to clock(s) ap_clk
Related violations: <none>

TIMING-18#258 Warning
Missing input or output delay  
An output delay is missing on data_out_d0[50] relative to clock(s) ap_clk
Related violations: <none>

TIMING-18#259 Warning
Missing input or output delay  
An output delay is missing on data_out_d0[51] relative to clock(s) ap_clk
Related violations: <none>

TIMING-18#260 Warning
Missing input or output delay  
An output delay is missing on data_out_d0[52] relative to clock(s) ap_clk
Related violations: <none>

TIMING-18#261 Warning
Missing input or output delay  
An output delay is missing on data_out_d0[53] relative to clock(s) ap_clk
Related violations: <none>

TIMING-18#262 Warning
Missing input or output delay  
An output delay is missing on data_out_d0[54] relative to clock(s) ap_clk
Related violations: <none>

TIMING-18#263 Warning
Missing input or output delay  
An output delay is missing on data_out_d0[55] relative to clock(s) ap_clk
Related violations: <none>

TIMING-18#264 Warning
Missing input or output delay  
An output delay is missing on data_out_d0[56] relative to clock(s) ap_clk
Related violations: <none>

TIMING-18#265 Warning
Missing input or output delay  
An output delay is missing on data_out_d0[57] relative to clock(s) ap_clk
Related violations: <none>

TIMING-18#266 Warning
Missing input or output delay  
An output delay is missing on data_out_d0[58] relative to clock(s) ap_clk
Related violations: <none>

TIMING-18#267 Warning
Missing input or output delay  
An output delay is missing on data_out_d0[59] relative to clock(s) ap_clk
Related violations: <none>

TIMING-18#268 Warning
Missing input or output delay  
An output delay is missing on data_out_d0[5] relative to clock(s) ap_clk
Related violations: <none>

TIMING-18#269 Warning
Missing input or output delay  
An output delay is missing on data_out_d0[60] relative to clock(s) ap_clk
Related violations: <none>

TIMING-18#270 Warning
Missing input or output delay  
An output delay is missing on data_out_d0[61] relative to clock(s) ap_clk
Related violations: <none>

TIMING-18#271 Warning
Missing input or output delay  
An output delay is missing on data_out_d0[62] relative to clock(s) ap_clk
Related violations: <none>

TIMING-18#272 Warning
Missing input or output delay  
An output delay is missing on data_out_d0[63] relative to clock(s) ap_clk
Related violations: <none>

TIMING-18#273 Warning
Missing input or output delay  
An output delay is missing on data_out_d0[6] relative to clock(s) ap_clk
Related violations: <none>

TIMING-18#274 Warning
Missing input or output delay  
An output delay is missing on data_out_d0[7] relative to clock(s) ap_clk
Related violations: <none>

TIMING-18#275 Warning
Missing input or output delay  
An output delay is missing on data_out_d0[8] relative to clock(s) ap_clk
Related violations: <none>

TIMING-18#276 Warning
Missing input or output delay  
An output delay is missing on data_out_d0[9] relative to clock(s) ap_clk
Related violations: <none>

TIMING-18#277 Warning
Missing input or output delay  
An output delay is missing on data_out_we0 relative to clock(s) ap_clk
Related violations: <none>

TIMING-18#278 Warning
Missing input or output delay  
An output delay is missing on interrupt relative to clock(s) ap_clk
Related violations: <none>

TIMING-18#279 Warning
Missing input or output delay  
An output delay is missing on s_axi_control_arready relative to clock(s) ap_clk
Related violations: <none>

TIMING-18#280 Warning
Missing input or output delay  
An output delay is missing on s_axi_control_awready relative to clock(s) ap_clk
Related violations: <none>

TIMING-18#281 Warning
Missing input or output delay  
An output delay is missing on s_axi_control_bvalid relative to clock(s) ap_clk
Related violations: <none>

TIMING-18#282 Warning
Missing input or output delay  
An output delay is missing on s_axi_control_rdata[0] relative to clock(s) ap_clk
Related violations: <none>

TIMING-18#283 Warning
Missing input or output delay  
An output delay is missing on s_axi_control_rdata[10] relative to clock(s) ap_clk
Related violations: <none>

TIMING-18#284 Warning
Missing input or output delay  
An output delay is missing on s_axi_control_rdata[11] relative to clock(s) ap_clk
Related violations: <none>

TIMING-18#285 Warning
Missing input or output delay  
An output delay is missing on s_axi_control_rdata[12] relative to clock(s) ap_clk
Related violations: <none>

TIMING-18#286 Warning
Missing input or output delay  
An output delay is missing on s_axi_control_rdata[13] relative to clock(s) ap_clk
Related violations: <none>

TIMING-18#287 Warning
Missing input or output delay  
An output delay is missing on s_axi_control_rdata[14] relative to clock(s) ap_clk
Related violations: <none>

TIMING-18#288 Warning
Missing input or output delay  
An output delay is missing on s_axi_control_rdata[15] relative to clock(s) ap_clk
Related violations: <none>

TIMING-18#289 Warning
Missing input or output delay  
An output delay is missing on s_axi_control_rdata[16] relative to clock(s) ap_clk
Related violations: <none>

TIMING-18#290 Warning
Missing input or output delay  
An output delay is missing on s_axi_control_rdata[17] relative to clock(s) ap_clk
Related violations: <none>

TIMING-18#291 Warning
Missing input or output delay  
An output delay is missing on s_axi_control_rdata[18] relative to clock(s) ap_clk
Related violations: <none>

TIMING-18#292 Warning
Missing input or output delay  
An output delay is missing on s_axi_control_rdata[19] relative to clock(s) ap_clk
Related violations: <none>

TIMING-18#293 Warning
Missing input or output delay  
An output delay is missing on s_axi_control_rdata[1] relative to clock(s) ap_clk
Related violations: <none>

TIMING-18#294 Warning
Missing input or output delay  
An output delay is missing on s_axi_control_rdata[20] relative to clock(s) ap_clk
Related violations: <none>

TIMING-18#295 Warning
Missing input or output delay  
An output delay is missing on s_axi_control_rdata[21] relative to clock(s) ap_clk
Related violations: <none>

TIMING-18#296 Warning
Missing input or output delay  
An output delay is missing on s_axi_control_rdata[22] relative to clock(s) ap_clk
Related violations: <none>

TIMING-18#297 Warning
Missing input or output delay  
An output delay is missing on s_axi_control_rdata[23] relative to clock(s) ap_clk
Related violations: <none>

TIMING-18#298 Warning
Missing input or output delay  
An output delay is missing on s_axi_control_rdata[24] relative to clock(s) ap_clk
Related violations: <none>

TIMING-18#299 Warning
Missing input or output delay  
An output delay is missing on s_axi_control_rdata[25] relative to clock(s) ap_clk
Related violations: <none>

TIMING-18#300 Warning
Missing input or output delay  
An output delay is missing on s_axi_control_rdata[26] relative to clock(s) ap_clk
Related violations: <none>

TIMING-18#301 Warning
Missing input or output delay  
An output delay is missing on s_axi_control_rdata[27] relative to clock(s) ap_clk
Related violations: <none>

TIMING-18#302 Warning
Missing input or output delay  
An output delay is missing on s_axi_control_rdata[28] relative to clock(s) ap_clk
Related violations: <none>

TIMING-18#303 Warning
Missing input or output delay  
An output delay is missing on s_axi_control_rdata[29] relative to clock(s) ap_clk
Related violations: <none>

TIMING-18#304 Warning
Missing input or output delay  
An output delay is missing on s_axi_control_rdata[2] relative to clock(s) ap_clk
Related violations: <none>

TIMING-18#305 Warning
Missing input or output delay  
An output delay is missing on s_axi_control_rdata[30] relative to clock(s) ap_clk
Related violations: <none>

TIMING-18#306 Warning
Missing input or output delay  
An output delay is missing on s_axi_control_rdata[31] relative to clock(s) ap_clk
Related violations: <none>

TIMING-18#307 Warning
Missing input or output delay  
An output delay is missing on s_axi_control_rdata[3] relative to clock(s) ap_clk
Related violations: <none>

TIMING-18#308 Warning
Missing input or output delay  
An output delay is missing on s_axi_control_rdata[4] relative to clock(s) ap_clk
Related violations: <none>

TIMING-18#309 Warning
Missing input or output delay  
An output delay is missing on s_axi_control_rdata[5] relative to clock(s) ap_clk
Related violations: <none>

TIMING-18#310 Warning
Missing input or output delay  
An output delay is missing on s_axi_control_rdata[6] relative to clock(s) ap_clk
Related violations: <none>

TIMING-18#311 Warning
Missing input or output delay  
An output delay is missing on s_axi_control_rdata[7] relative to clock(s) ap_clk
Related violations: <none>

TIMING-18#312 Warning
Missing input or output delay  
An output delay is missing on s_axi_control_rdata[8] relative to clock(s) ap_clk
Related violations: <none>

TIMING-18#313 Warning
Missing input or output delay  
An output delay is missing on s_axi_control_rdata[9] relative to clock(s) ap_clk
Related violations: <none>

TIMING-18#314 Warning
Missing input or output delay  
An output delay is missing on s_axi_control_rvalid relative to clock(s) ap_clk
Related violations: <none>

TIMING-18#315 Warning
Missing input or output delay  
An output delay is missing on s_axi_control_wready relative to clock(s) ap_clk
Related violations: <none>


