================================================================
== Vivado Place & Route Results
================================================================
+ General Information:
    * Date:            Thu Jan 12 11:26:12 CET 2023
    * Version:         2022.2 (Build 3670227 on Oct 13 2022)
    * Project:         trmm-max-throughput
    * Solution:        zcu104 (Vivado IP Flow Target)
    * Product family:  zynquplus
    * Target device:   xczu7ev-ffvc1156-2-e


================================================================
== Run Constraints & Options
================================================================
+ Design Constraints & Options:
    * Place & Route target clock:  10 ns
    * C-Synthesis target clock:    10 ns
    * C-Synthesis uncertainty:     27%

+ RTL Synthesis Options:
    * config_export -vivado_synth_strategy:     default
    * config_export -vivado_synth_design_args:  -directive sdx_optimization_effort_high

+ Place & Route Options:
    * config_export -vivado_impl_strategy:  default
    * config_export -vivado_phys_opt:       all

+ Reporting Options:
    * config_export -vivado_report_level:      2
    * config_export -vivado_max_timing_paths:  10


================================================================
== Place & Route Resource Summary
================================================================
LUT:              1970
FF:               2987
DSP:              6
BRAM:             36
URAM:             0
SRL:              155


================================================================
== Place & Route Timing Summary
================================================================
* Timing was met
+----------------+-------------+
| Timing         | Period (ns) |
+----------------+-------------+
| Target         | 10.000      |
| Post-Synthesis | 6.872       |
| Post-Route     | 7.792       |
+----------------+-------------+


================================================================
== Place & Route Resources
================================================================
+----------------------------------------------------------------------+------+------+-----+------+------+-----+--------+---------+---------+-------------+---------------------------------------------+
| Name                                                                 | LUT  | FF   | DSP | BRAM | URAM | SRL | Pragma | Impl    | Latency | Variable    | Source                                      |
+----------------------------------------------------------------------+------+------+-----+------+------+-----+--------+---------+---------+-------------+---------------------------------------------+
| inst                                                                 | 1970 | 2987 | 6   | 36   |      |     |        |         |         |             |                                             |
|   (inst)                                                             | 1    | 262  |     |      |      |     |        |         |         |             |                                             |
|   control_s_axi_U                                                    | 198  | 312  |     |      |      |     |        |         |         |             |                                             |
|   data_m_axi_U                                                       | 1104 | 1752 |     | 4    |      |     |        |         |         |             |                                             |
|   grp_compute_fu_208                                                 | 313  | 299  | 6   |      |      |     |        |         |         |             |                                             |
|     (grp_compute_fu_208)                                             | 15   | 57   |     |      |      |     |        |         |         |             |                                             |
|     grp_compute_Pipeline_VITIS_LOOP_132_2_fu_76                      | 14   | 8    |     |      |      |     |        |         |         |             |                                             |
|       (grp_compute_Pipeline_VITIS_LOOP_132_2_fu_76)                  |      | 6    |     |      |      |     |        |         |         |             |                                             |
|       flow_control_loop_pipe_sequential_init_U                       | 14   | 2    |     |      |      |     |        |         |         |             |                                             |
|     grp_compute_Pipeline_VITIS_LOOP_138_3_VITIS_LOOP_141_4_fu_85     | 284  | 234  | 6   |      |      |     |        |         |         |             |                                             |
|       (grp_compute_Pipeline_VITIS_LOOP_138_3_VITIS_LOOP_141_4_fu_85) | 78   | 104  |     |      |      |     |        |         |         |             |                                             |
|       flow_control_loop_pipe_sequential_init_U                       | 10   | 2    |     |      |      |     |        |         |         |             |                                             |
|       hadd_16ns_16ns_16_2_full_dsp_1_U40                             | 114  | 32   | 2   |      |      |     |        |         |         |             |                                             |
|         bind_op hadd                                                 |      |      |     |      |      |     |        | fulldsp | 1       | add         | trmm-max-throughput/src/correlation.cpp:145 |
|       hmul_16ns_16ns_16_2_max_dsp_1_U41                              | 33   | 48   | 2   |      |      |     |        |         |         |             |                                             |
|         bind_op hmul                                                 |      |      |     |      |      |     |        | maxdsp  | 1       | tmp_1_mid2  | trmm-max-throughput/src/correlation.cpp:138 |
|       hmul_16ns_16ns_16_2_max_dsp_1_U42                              | 34   | 48   | 2   |      |      |     |        |         |         |             |                                             |
|         bind_op hmul                                                 |      |      |     |      |      |     |        | maxdsp  | 1       | mul         | trmm-max-throughput/src/correlation.cpp:145 |
|       mux_21_16_1_1_U45                                              | 8    |      |     |      |      |     |        |         |         |             |                                             |
|       mux_21_16_1_1_U46                                              | 8    |      |     |      |      |     |        |         |         |             |                                             |
|   grp_recv_data_burst_fu_185                                         | 109  | 178  |     |      |      |     |        |         |         |             |                                             |
|     (grp_recv_data_burst_fu_185)                                     | 33   | 10   |     |      |      |     |        |         |         |             |                                             |
|     grp_recv_data_burst_Pipeline_VITIS_LOOP_40_1_fu_87               | 76   | 168  |     |      |      |     |        |         |         |             |                                             |
|       (grp_recv_data_burst_Pipeline_VITIS_LOOP_40_1_fu_87)           | 44   | 166  |     |      |      |     |        |         |         |             |                                             |
|       flow_control_loop_pipe_sequential_init_U                       | 32   | 2    |     |      |      |     |        |         |         |             |                                             |
|   grp_send_data_burst_fu_219                                         | 245  | 184  |     |      |      |     |        |         |         |             |                                             |
|     (grp_send_data_burst_fu_219)                                     | 6    | 9    |     |      |      |     |        |         |         |             |                                             |
|     grp_send_data_burst_Pipeline_VITIS_LOOP_85_1_fu_90               | 239  | 175  |     |      |      |     |        |         |         |             |                                             |
|       (grp_send_data_burst_Pipeline_VITIS_LOOP_85_1_fu_90)           | 233  | 173  |     |      |      |     |        |         |         |             |                                             |
|       flow_control_loop_pipe_sequential_init_U                       | 7    | 2    |     |      |      |     |        |         |         |             |                                             |
|   reg_file_10_U                                                      |      |      |     | 2    |      |     |        |         |         |             |                                             |
|     bind_storage ram_t2p                                             |      |      |     |      |      |     | yes    | bram    | 1       | reg_file_10 | trmm-max-throughput/src/correlation.cpp:163 |
|   reg_file_11_U                                                      |      |      |     | 2    |      |     |        |         |         |             |                                             |
|     bind_storage ram_t2p                                             |      |      |     |      |      |     | yes    | bram    | 1       | reg_file_11 | trmm-max-throughput/src/correlation.cpp:163 |
|   reg_file_12_U                                                      |      |      |     | 2    |      |     |        |         |         |             |                                             |
|     bind_storage ram_t2p                                             |      |      |     |      |      |     | yes    | bram    | 1       | reg_file_12 | trmm-max-throughput/src/correlation.cpp:163 |
|   reg_file_13_U                                                      |      |      |     | 2    |      |     |        |         |         |             |                                             |
|     bind_storage ram_t2p                                             |      |      |     |      |      |     | yes    | bram    | 1       | reg_file_13 | trmm-max-throughput/src/correlation.cpp:163 |
|   reg_file_14_U                                                      |      |      |     | 2    |      |     |        |         |         |             |                                             |
|     bind_storage ram_t2p                                             |      |      |     |      |      |     | yes    | bram    | 1       | reg_file_14 | trmm-max-throughput/src/correlation.cpp:163 |
|   reg_file_15_U                                                      |      |      |     | 2    |      |     |        |         |         |             |                                             |
|     bind_storage ram_t2p                                             |      |      |     |      |      |     | yes    | bram    | 1       | reg_file_15 | trmm-max-throughput/src/correlation.cpp:163 |
|   reg_file_1_U                                                       |      |      |     | 2    |      |     |        |         |         |             |                                             |
|     bind_storage ram_t2p                                             |      |      |     |      |      |     | yes    | bram    | 1       | reg_file_1  | trmm-max-throughput/src/correlation.cpp:163 |
|   reg_file_2_U                                                       |      |      |     | 2    |      |     |        |         |         |             |                                             |
|     bind_storage ram_t2p                                             |      |      |     |      |      |     | yes    | bram    | 1       | reg_file_2  | trmm-max-throughput/src/correlation.cpp:163 |
|   reg_file_3_U                                                       |      |      |     | 2    |      |     |        |         |         |             |                                             |
|     bind_storage ram_t2p                                             |      |      |     |      |      |     | yes    | bram    | 1       | reg_file_3  | trmm-max-throughput/src/correlation.cpp:163 |
|   reg_file_4_U                                                       |      |      |     | 2    |      |     |        |         |         |             |                                             |
|     bind_storage ram_t2p                                             |      |      |     |      |      |     | yes    | bram    | 1       | reg_file_4  | trmm-max-throughput/src/correlation.cpp:163 |
|   reg_file_5_U                                                       |      |      |     | 2    |      |     |        |         |         |             |                                             |
|     bind_storage ram_t2p                                             |      |      |     |      |      |     | yes    | bram    | 1       | reg_file_5  | trmm-max-throughput/src/correlation.cpp:163 |
|   reg_file_6_U                                                       |      |      |     | 2    |      |     |        |         |         |             |                                             |
|     bind_storage ram_t2p                                             |      |      |     |      |      |     | yes    | bram    | 1       | reg_file_6  | trmm-max-throughput/src/correlation.cpp:163 |
|   reg_file_7_U                                                       |      |      |     | 2    |      |     |        |         |         |             |                                             |
|     bind_storage ram_t2p                                             |      |      |     |      |      |     | yes    | bram    | 1       | reg_file_7  | trmm-max-throughput/src/correlation.cpp:163 |
|   reg_file_8_U                                                       |      |      |     | 2    |      |     |        |         |         |             |                                             |
|     bind_storage ram_t2p                                             |      |      |     |      |      |     | yes    | bram    | 1       | reg_file_8  | trmm-max-throughput/src/correlation.cpp:163 |
|   reg_file_9_U                                                       |      |      |     | 2    |      |     |        |         |         |             |                                             |
|     bind_storage ram_t2p                                             |      |      |     |      |      |     | yes    | bram    | 1       | reg_file_9  | trmm-max-throughput/src/correlation.cpp:163 |
|   reg_file_U                                                         | 1    |      |     | 2    |      |     |        |         |         |             |                                             |
|     bind_storage ram_t2p                                             |      |      |     |      |      |     | yes    | bram    | 1       | reg_file    | trmm-max-throughput/src/correlation.cpp:163 |
+----------------------------------------------------------------------+------+------+-----+------+------+-----+--------+---------+---------+-------------+---------------------------------------------+


================================================================
== Place & Route Fail Fast
================================================================
+-----------------------------------------------------------+-----------+--------+--------+
| Criteria                                                  | Guideline | Actual | Status |
+-----------------------------------------------------------+-----------+--------+--------+
| LUT                                                       | 70%       | 0.86%  | OK     |
| FD                                                        | 50%       | 0.65%  | OK     |
| LUTRAM+SRL                                                | 25%       | 0.15%  | OK     |
| CARRY8                                                    | 25%       | 0.42%  | OK     |
| MUXF7                                                     | 15%       | 0.06%  | OK     |
| DSP                                                       | 80%       | 0.35%  | OK     |
| RAMB/FIFO                                                 | 80%       | 5.77%  | OK     |
| URAM                                                      | 80%       | 0.00%  | OK     |
| DSP+RAMB+URAM (Avg)                                       | 70%       | 3.06%  | OK     |
| BUFGCE* + BUFGCTRL                                        | 24        | 0      | OK     |
| DONT_TOUCH (cells/nets)                                   | 0         | 0      | OK     |
| MARK_DEBUG (nets)                                         | 0         | 0      | OK     |
| Control Sets                                              | 4320      | 100    | OK     |
| Average Fanout for modules > 100k cells                   | 4         | 0      | OK     |
| Non-FD high fanout nets > 10k loads                       | 0         | 0      | OK     |
+-----------------------------------------------------------+-----------+--------+--------+
| TIMING-6 (No common primary clock between related clocks) | 0         | 0      | OK     |
| TIMING-7 (No common node between related clocks)          | 0         | 0      | OK     |
| TIMING-8 (No common period between related clocks)        | 0         | 0      | OK     |
| TIMING-14 (LUT on the clock tree)                         | 0         | 0      | OK     |
| TIMING-35 (No common node in paths with the same clock)   | 0         | 0      | OK     |
+-----------------------------------------------------------+-----------+--------+--------+
| Number of paths above max LUT budgeting (0.300ns)         | 0         | 0      | OK     |
| Number of paths above max Net budgeting (0.208ns)         | 0         | 0      | OK     |
+-----------------------------------------------------------+-----------+--------+--------+


================================================================
== Place & Route Timing Paths
================================================================
* Timing was met
+-------+-------+----------------------------------------------------------------------------------------------------------------------------------------+-----------------------------------------+--------------+------------+----------------+----------------+--------------+
| Path  | SLACK | STARTPOINT PIN                                                                                                                         | ENDPOINT PIN                            | LOGIC LEVELS | MAX FANOUT | DATAPATH DELAY | DATAPATH LOGIC | DATAPATH NET |
|       |       |                                                                                                                                        |                                         |              |            |                |          DELAY |        DELAY |
+-------+-------+----------------------------------------------------------------------------------------------------------------------------------------+-----------------------------------------+--------------+------------+----------------+----------------+--------------+
| Path1 | 2.208 | grp_compute_fu_208/grp_compute_Pipeline_VITIS_LOOP_138_3_VITIS_LOOP_141_4_fu_85/hadd_16ns_16ns_16_2_full_dsp_1_U40/din0_buf1_reg[13]/C | reg_file_8_U/ram_reg_bram_0/DINBDIN[14] |           21 |         14 |          7.498 |          4.321 |        3.177 |
| Path2 | 2.215 | grp_compute_fu_208/grp_compute_Pipeline_VITIS_LOOP_138_3_VITIS_LOOP_141_4_fu_85/hadd_16ns_16ns_16_2_full_dsp_1_U40/din0_buf1_reg[13]/C | reg_file_9_U/ram_reg_bram_0/DINBDIN[14] |           21 |         14 |          7.491 |          4.337 |        3.154 |
| Path3 | 2.255 | grp_compute_fu_208/grp_compute_Pipeline_VITIS_LOOP_138_3_VITIS_LOOP_141_4_fu_85/hadd_16ns_16ns_16_2_full_dsp_1_U40/din0_buf1_reg[13]/C | reg_file_8_U/ram_reg_bram_0/DINBDIN[13] |           21 |         14 |          7.463 |          4.260 |        3.203 |
| Path4 | 2.356 | grp_compute_fu_208/grp_compute_Pipeline_VITIS_LOOP_138_3_VITIS_LOOP_141_4_fu_85/hadd_16ns_16ns_16_2_full_dsp_1_U40/din0_buf1_reg[13]/C | reg_file_9_U/ram_reg_bram_0/DINBDIN[13] |           21 |         14 |          7.362 |          4.271 |        3.091 |
| Path5 | 2.403 | grp_compute_fu_208/grp_compute_Pipeline_VITIS_LOOP_138_3_VITIS_LOOP_141_4_fu_85/hadd_16ns_16ns_16_2_full_dsp_1_U40/din0_buf1_reg[13]/C | reg_file_9_U/ram_reg_bram_0/DINBDIN[12] |           21 |         14 |          7.318 |          4.192 |        3.126 |
+-------+-------+----------------------------------------------------------------------------------------------------------------------------------------+-----------------------------------------+--------------+------------+----------------+----------------+--------------+

    +------------------------------------------------------------------------------------------------------------------------------------------------------------------------------------------+------------------------+
    | Path1 Cells                                                                                                                                                                              | Primitive Type         |
    +------------------------------------------------------------------------------------------------------------------------------------------------------------------------------------------+------------------------+
    | grp_compute_fu_208/grp_compute_Pipeline_VITIS_LOOP_138_3_VITIS_LOOP_141_4_fu_85/hadd_16ns_16ns_16_2_full_dsp_1_U40/din0_buf1_reg[13]                                                     | REGISTER.SDR.FDRE      |
    | i_synth/ADDSUB_OP.ADDSUB/DSP.OP/DSP48E1_BODY_HP.EXP/NUMB_CMP/NOT_FAST.CMP/C_CHAIN/CHAIN_GEN[6].C_MUX.CARRY_MUX_i_1                                                                       | CLB.LUT.LUT4           |
    | i_synth/ADDSUB_OP.ADDSUB/DSP.OP/DSP48E1_BODY_HP.EXP/NUMB_CMP/NOT_FAST.CMP/C_CHAIN/CHAIN_GEN[0].C_MUX.CARRY_MUX_CARRY4_CARRY8                                                             | CLB.CARRY.CARRY8       |
    | i_synth/ADDSUB_OP.ADDSUB/DSP.OP/DSP48E1_BODY_HP.ALIGN_ADD/DSP2/i_no_versal_es1_workaround.DSP/DSP_PREADD_DATA_INST                                                                       | ARITHMETIC.DSP.DSP48E2 |
    | i_synth/ADDSUB_OP.ADDSUB/DSP.OP/DSP48E1_BODY_HP.ALIGN_ADD/DSP2/i_no_versal_es1_workaround.DSP/DSP_PREADD_INST                                                                            | ARITHMETIC.DSP.DSP48E2 |
    | i_synth/ADDSUB_OP.ADDSUB/DSP.OP/DSP48E1_BODY_HP.ALIGN_ADD/DSP2/i_no_versal_es1_workaround.DSP/DSP_MULTIPLIER_INST                                                                        | ARITHMETIC.DSP.DSP48E2 |
    | i_synth/ADDSUB_OP.ADDSUB/DSP.OP/DSP48E1_BODY_HP.ALIGN_ADD/DSP2/i_no_versal_es1_workaround.DSP/DSP_M_DATA_INST                                                                            | ARITHMETIC.DSP.DSP48E2 |
    | i_synth/ADDSUB_OP.ADDSUB/DSP.OP/DSP48E1_BODY_HP.ALIGN_ADD/DSP2/i_no_versal_es1_workaround.DSP/DSP_ALU_INST                                                                               | ARITHMETIC.DSP.DSP48E2 |
    | i_synth/ADDSUB_OP.ADDSUB/DSP.OP/DSP48E1_BODY_HP.ALIGN_ADD/DSP2/i_no_versal_es1_workaround.DSP/DSP_OUTPUT_INST                                                                            | ARITHMETIC.DSP.DSP48E2 |
    | i_synth/ADDSUB_OP.ADDSUB/DSP.OP/DSP48E1_BODY_HP.NORM_RND/FULL_USAGE_DSP.LOD/DIST_ENC[0].i_det_lut1                                                                                       | CLB.LUT.LUT4           |
    | i_synth/ADDSUB_OP.ADDSUB/DSP.OP/DSP48E1_BODY_HP.NORM_RND/FULL_USAGE_DSP.LOD/DET_GEN[0].CARRY_MUX_CARRY4_CARRY8                                                                           | CLB.CARRY.CARRY8       |
    | i_synth/ADDSUB_OP.ADDSUB/DSP.OP/DSP48E1_BODY_HP.NORM_RND/FULL_USAGE_DSP.LOD/gen_lut_pairs[2].lutpairmode1.lutXo6_i_1                                                                     | CLB.LUT.LUT3           |
    | i_synth/ADDSUB_OP.ADDSUB/DSP.OP/DSP48E1_BODY_HP.NORM_RND/FULL_USAGE_DSP.LOD/LSBaddmode1.lut0o6_i_1                                                                                       | CLB.LUT.LUT6           |
    | i_synth/ADDSUB_OP.ADDSUB/DSP.OP/DSP48E1_BODY_HP.EXP/NOT_LOW_LATENCY_NORM_DIST.STRUCT_ADD/LSBaddmode1.lut0o6/LUT5                                                                         | CLB.LUT.LUT5           |
    | i_synth/ADDSUB_OP.ADDSUB/DSP.OP/DSP48E1_BODY_HP.EXP/NOT_LOW_LATENCY_NORM_DIST.STRUCT_ADD/gen_lut_pairs[1].lutpairmode1.lutXo6/LUT6                                                       | CLB.LUT.LUT6           |
    | i_synth/ADDSUB_OP.ADDSUB/DSP.OP/DSP48E1_BODY_HP.EXP/NOT_LOW_LATENCY_NORM_DIST.STRUCT_ADD/gen_carry4s[0].gen_carry4.y0.mcy00_CARRY4_CARRY8                                                | CLB.CARRY.CARRY8       |
    | i_synth/ADDSUB_OP.ADDSUB/DSP.OP/DSP48E1_BODY_HP.NORM_RND/FULL_USAGE_DSP.SHIFT_RND/i_no_versal_es1_workaround.DSP/DSP_C_DATA_INST                                                         | ARITHMETIC.DSP.DSP48E2 |
    | i_synth/ADDSUB_OP.ADDSUB/DSP.OP/DSP48E1_BODY_HP.NORM_RND/FULL_USAGE_DSP.SHIFT_RND/i_no_versal_es1_workaround.DSP/DSP_ALU_INST                                                            | ARITHMETIC.DSP.DSP48E2 |
    | i_synth/ADDSUB_OP.ADDSUB/DSP.OP/DSP48E1_BODY_HP.NORM_RND/FULL_USAGE_DSP.SHIFT_RND/i_no_versal_es1_workaround.DSP/DSP_OUTPUT_INST                                                         | ARITHMETIC.DSP.DSP48E2 |
    | i_synth/ADDSUB_OP.ADDSUB/DSP.OP/DSP48E1_BODY_HP.NORM_RND/FULL_USAGE_DSP.LOD/m_axis_result_tdata[14]_INST_0                                                                               | CLB.LUT.LUT6           |
    | grp_compute_fu_208/grp_compute_Pipeline_VITIS_LOOP_138_3_VITIS_LOOP_141_4_fu_85/hadd_16ns_16ns_16_2_full_dsp_1_U40/corr_accel_hadd_16ns_16ns_16_2_full_dsp_1_ip_u/ram_reg_bram_0_i_26__0 | CLB.LUT.LUT4           |
    | reg_file_8_U/ram_reg_bram_0                                                                                                                                                              | BLOCKRAM.BRAM.RAMB36E2 |
    +------------------------------------------------------------------------------------------------------------------------------------------------------------------------------------------+------------------------+

    +-----------------------------------------------------------------------------------------------------------------------------------------------------------------------------------------+------------------------+
    | Path2 Cells                                                                                                                                                                             | Primitive Type         |
    +-----------------------------------------------------------------------------------------------------------------------------------------------------------------------------------------+------------------------+
    | grp_compute_fu_208/grp_compute_Pipeline_VITIS_LOOP_138_3_VITIS_LOOP_141_4_fu_85/hadd_16ns_16ns_16_2_full_dsp_1_U40/din0_buf1_reg[13]                                                    | REGISTER.SDR.FDRE      |
    | i_synth/ADDSUB_OP.ADDSUB/DSP.OP/DSP48E1_BODY_HP.EXP/NUMB_CMP/NOT_FAST.CMP/C_CHAIN/CHAIN_GEN[6].C_MUX.CARRY_MUX_i_1                                                                      | CLB.LUT.LUT4           |
    | i_synth/ADDSUB_OP.ADDSUB/DSP.OP/DSP48E1_BODY_HP.EXP/NUMB_CMP/NOT_FAST.CMP/C_CHAIN/CHAIN_GEN[0].C_MUX.CARRY_MUX_CARRY4_CARRY8                                                            | CLB.CARRY.CARRY8       |
    | i_synth/ADDSUB_OP.ADDSUB/DSP.OP/DSP48E1_BODY_HP.ALIGN_ADD/DSP2/i_no_versal_es1_workaround.DSP/DSP_PREADD_DATA_INST                                                                      | ARITHMETIC.DSP.DSP48E2 |
    | i_synth/ADDSUB_OP.ADDSUB/DSP.OP/DSP48E1_BODY_HP.ALIGN_ADD/DSP2/i_no_versal_es1_workaround.DSP/DSP_PREADD_INST                                                                           | ARITHMETIC.DSP.DSP48E2 |
    | i_synth/ADDSUB_OP.ADDSUB/DSP.OP/DSP48E1_BODY_HP.ALIGN_ADD/DSP2/i_no_versal_es1_workaround.DSP/DSP_MULTIPLIER_INST                                                                       | ARITHMETIC.DSP.DSP48E2 |
    | i_synth/ADDSUB_OP.ADDSUB/DSP.OP/DSP48E1_BODY_HP.ALIGN_ADD/DSP2/i_no_versal_es1_workaround.DSP/DSP_M_DATA_INST                                                                           | ARITHMETIC.DSP.DSP48E2 |
    | i_synth/ADDSUB_OP.ADDSUB/DSP.OP/DSP48E1_BODY_HP.ALIGN_ADD/DSP2/i_no_versal_es1_workaround.DSP/DSP_ALU_INST                                                                              | ARITHMETIC.DSP.DSP48E2 |
    | i_synth/ADDSUB_OP.ADDSUB/DSP.OP/DSP48E1_BODY_HP.ALIGN_ADD/DSP2/i_no_versal_es1_workaround.DSP/DSP_OUTPUT_INST                                                                           | ARITHMETIC.DSP.DSP48E2 |
    | i_synth/ADDSUB_OP.ADDSUB/DSP.OP/DSP48E1_BODY_HP.NORM_RND/FULL_USAGE_DSP.LOD/DIST_ENC[0].i_det_lut1                                                                                      | CLB.LUT.LUT4           |
    | i_synth/ADDSUB_OP.ADDSUB/DSP.OP/DSP48E1_BODY_HP.NORM_RND/FULL_USAGE_DSP.LOD/DET_GEN[0].CARRY_MUX_CARRY4_CARRY8                                                                          | CLB.CARRY.CARRY8       |
    | i_synth/ADDSUB_OP.ADDSUB/DSP.OP/DSP48E1_BODY_HP.NORM_RND/FULL_USAGE_DSP.LOD/gen_lut_pairs[2].lutpairmode1.lutXo6_i_1                                                                    | CLB.LUT.LUT3           |
    | i_synth/ADDSUB_OP.ADDSUB/DSP.OP/DSP48E1_BODY_HP.NORM_RND/FULL_USAGE_DSP.LOD/LSBaddmode1.lut0o6_i_1                                                                                      | CLB.LUT.LUT6           |
    | i_synth/ADDSUB_OP.ADDSUB/DSP.OP/DSP48E1_BODY_HP.EXP/NOT_LOW_LATENCY_NORM_DIST.STRUCT_ADD/LSBaddmode1.lut0o6/LUT5                                                                        | CLB.LUT.LUT5           |
    | i_synth/ADDSUB_OP.ADDSUB/DSP.OP/DSP48E1_BODY_HP.EXP/NOT_LOW_LATENCY_NORM_DIST.STRUCT_ADD/gen_lut_pairs[1].lutpairmode1.lutXo6/LUT6                                                      | CLB.LUT.LUT6           |
    | i_synth/ADDSUB_OP.ADDSUB/DSP.OP/DSP48E1_BODY_HP.EXP/NOT_LOW_LATENCY_NORM_DIST.STRUCT_ADD/gen_carry4s[0].gen_carry4.y0.mcy00_CARRY4_CARRY8                                               | CLB.CARRY.CARRY8       |
    | i_synth/ADDSUB_OP.ADDSUB/DSP.OP/DSP48E1_BODY_HP.NORM_RND/FULL_USAGE_DSP.SHIFT_RND/i_no_versal_es1_workaround.DSP/DSP_C_DATA_INST                                                        | ARITHMETIC.DSP.DSP48E2 |
    | i_synth/ADDSUB_OP.ADDSUB/DSP.OP/DSP48E1_BODY_HP.NORM_RND/FULL_USAGE_DSP.SHIFT_RND/i_no_versal_es1_workaround.DSP/DSP_ALU_INST                                                           | ARITHMETIC.DSP.DSP48E2 |
    | i_synth/ADDSUB_OP.ADDSUB/DSP.OP/DSP48E1_BODY_HP.NORM_RND/FULL_USAGE_DSP.SHIFT_RND/i_no_versal_es1_workaround.DSP/DSP_OUTPUT_INST                                                        | ARITHMETIC.DSP.DSP48E2 |
    | i_synth/ADDSUB_OP.ADDSUB/DSP.OP/DSP48E1_BODY_HP.NORM_RND/FULL_USAGE_DSP.LOD/m_axis_result_tdata[14]_INST_0                                                                              | CLB.LUT.LUT6           |
    | grp_compute_fu_208/grp_compute_Pipeline_VITIS_LOOP_138_3_VITIS_LOOP_141_4_fu_85/hadd_16ns_16ns_16_2_full_dsp_1_U40/corr_accel_hadd_16ns_16ns_16_2_full_dsp_1_ip_u/ram_reg_bram_0_i_2__6 | CLB.LUT.LUT4           |
    | reg_file_9_U/ram_reg_bram_0                                                                                                                                                             | BLOCKRAM.BRAM.RAMB36E2 |
    +-----------------------------------------------------------------------------------------------------------------------------------------------------------------------------------------+------------------------+

    +---------------------------------------------------------------------------------------------------------------------------------------------------------------------------------------+------------------------+
    | Path3 Cells                                                                                                                                                                           | Primitive Type         |
    +---------------------------------------------------------------------------------------------------------------------------------------------------------------------------------------+------------------------+
    | grp_compute_fu_208/grp_compute_Pipeline_VITIS_LOOP_138_3_VITIS_LOOP_141_4_fu_85/hadd_16ns_16ns_16_2_full_dsp_1_U40/din0_buf1_reg[13]                                                  | REGISTER.SDR.FDRE      |
    | i_synth/ADDSUB_OP.ADDSUB/DSP.OP/DSP48E1_BODY_HP.EXP/NUMB_CMP/NOT_FAST.CMP/C_CHAIN/CHAIN_GEN[6].C_MUX.CARRY_MUX_i_1                                                                    | CLB.LUT.LUT4           |
    | i_synth/ADDSUB_OP.ADDSUB/DSP.OP/DSP48E1_BODY_HP.EXP/NUMB_CMP/NOT_FAST.CMP/C_CHAIN/CHAIN_GEN[0].C_MUX.CARRY_MUX_CARRY4_CARRY8                                                          | CLB.CARRY.CARRY8       |
    | i_synth/ADDSUB_OP.ADDSUB/DSP.OP/DSP48E1_BODY_HP.ALIGN_ADD/DSP2/i_no_versal_es1_workaround.DSP/DSP_PREADD_DATA_INST                                                                    | ARITHMETIC.DSP.DSP48E2 |
    | i_synth/ADDSUB_OP.ADDSUB/DSP.OP/DSP48E1_BODY_HP.ALIGN_ADD/DSP2/i_no_versal_es1_workaround.DSP/DSP_PREADD_INST                                                                         | ARITHMETIC.DSP.DSP48E2 |
    | i_synth/ADDSUB_OP.ADDSUB/DSP.OP/DSP48E1_BODY_HP.ALIGN_ADD/DSP2/i_no_versal_es1_workaround.DSP/DSP_MULTIPLIER_INST                                                                     | ARITHMETIC.DSP.DSP48E2 |
    | i_synth/ADDSUB_OP.ADDSUB/DSP.OP/DSP48E1_BODY_HP.ALIGN_ADD/DSP2/i_no_versal_es1_workaround.DSP/DSP_M_DATA_INST                                                                         | ARITHMETIC.DSP.DSP48E2 |
    | i_synth/ADDSUB_OP.ADDSUB/DSP.OP/DSP48E1_BODY_HP.ALIGN_ADD/DSP2/i_no_versal_es1_workaround.DSP/DSP_ALU_INST                                                                            | ARITHMETIC.DSP.DSP48E2 |
    | i_synth/ADDSUB_OP.ADDSUB/DSP.OP/DSP48E1_BODY_HP.ALIGN_ADD/DSP2/i_no_versal_es1_workaround.DSP/DSP_OUTPUT_INST                                                                         | ARITHMETIC.DSP.DSP48E2 |
    | i_synth/ADDSUB_OP.ADDSUB/DSP.OP/DSP48E1_BODY_HP.NORM_RND/FULL_USAGE_DSP.LOD/DIST_ENC[0].i_det_lut1                                                                                    | CLB.LUT.LUT4           |
    | i_synth/ADDSUB_OP.ADDSUB/DSP.OP/DSP48E1_BODY_HP.NORM_RND/FULL_USAGE_DSP.LOD/DET_GEN[0].CARRY_MUX_CARRY4_CARRY8                                                                        | CLB.CARRY.CARRY8       |
    | i_synth/ADDSUB_OP.ADDSUB/DSP.OP/DSP48E1_BODY_HP.NORM_RND/FULL_USAGE_DSP.LOD/gen_lut_pairs[2].lutpairmode1.lutXo6_i_1                                                                  | CLB.LUT.LUT3           |
    | i_synth/ADDSUB_OP.ADDSUB/DSP.OP/DSP48E1_BODY_HP.NORM_RND/FULL_USAGE_DSP.LOD/LSBaddmode1.lut0o6_i_1                                                                                    | CLB.LUT.LUT6           |
    | i_synth/ADDSUB_OP.ADDSUB/DSP.OP/DSP48E1_BODY_HP.EXP/NOT_LOW_LATENCY_NORM_DIST.STRUCT_ADD/LSBaddmode1.lut0o6/LUT5                                                                      | CLB.LUT.LUT5           |
    | i_synth/ADDSUB_OP.ADDSUB/DSP.OP/DSP48E1_BODY_HP.EXP/NOT_LOW_LATENCY_NORM_DIST.STRUCT_ADD/gen_lut_pairs[1].lutpairmode1.lutXo6/LUT6                                                    | CLB.LUT.LUT6           |
    | i_synth/ADDSUB_OP.ADDSUB/DSP.OP/DSP48E1_BODY_HP.EXP/NOT_LOW_LATENCY_NORM_DIST.STRUCT_ADD/gen_carry4s[0].gen_carry4.y0.mcy00_CARRY4_CARRY8                                             | CLB.CARRY.CARRY8       |
    | i_synth/ADDSUB_OP.ADDSUB/DSP.OP/DSP48E1_BODY_HP.NORM_RND/FULL_USAGE_DSP.SHIFT_RND/i_no_versal_es1_workaround.DSP/DSP_C_DATA_INST                                                      | ARITHMETIC.DSP.DSP48E2 |
    | i_synth/ADDSUB_OP.ADDSUB/DSP.OP/DSP48E1_BODY_HP.NORM_RND/FULL_USAGE_DSP.SHIFT_RND/i_no_versal_es1_workaround.DSP/DSP_ALU_INST                                                         | ARITHMETIC.DSP.DSP48E2 |
    | i_synth/ADDSUB_OP.ADDSUB/DSP.OP/DSP48E1_BODY_HP.NORM_RND/FULL_USAGE_DSP.SHIFT_RND/i_no_versal_es1_workaround.DSP/DSP_OUTPUT_INST                                                      | ARITHMETIC.DSP.DSP48E2 |
    | i_synth/ADDSUB_OP.ADDSUB/DSP.OP/DSP48E1_BODY_HP.NORM_RND/FULL_USAGE_DSP.LOD/m_axis_result_tdata[13]_INST_0                                                                            | CLB.LUT.LUT6           |
    | grp_compute_fu_208/grp_compute_Pipeline_VITIS_LOOP_138_3_VITIS_LOOP_141_4_fu_85/hadd_16ns_16ns_16_2_full_dsp_1_U40/corr_accel_hadd_16ns_16ns_16_2_full_dsp_1_ip_u/ram_reg_bram_0_i_27 | CLB.LUT.LUT4           |
    | reg_file_8_U/ram_reg_bram_0                                                                                                                                                           | BLOCKRAM.BRAM.RAMB36E2 |
    +---------------------------------------------------------------------------------------------------------------------------------------------------------------------------------------+------------------------+

    +--------------------------------------------------------------------------------------------------------------------------------------------------------------------------------------+------------------------+
    | Path4 Cells                                                                                                                                                                          | Primitive Type         |
    +--------------------------------------------------------------------------------------------------------------------------------------------------------------------------------------+------------------------+
    | grp_compute_fu_208/grp_compute_Pipeline_VITIS_LOOP_138_3_VITIS_LOOP_141_4_fu_85/hadd_16ns_16ns_16_2_full_dsp_1_U40/din0_buf1_reg[13]                                                 | REGISTER.SDR.FDRE      |
    | i_synth/ADDSUB_OP.ADDSUB/DSP.OP/DSP48E1_BODY_HP.EXP/NUMB_CMP/NOT_FAST.CMP/C_CHAIN/CHAIN_GEN[6].C_MUX.CARRY_MUX_i_1                                                                   | CLB.LUT.LUT4           |
    | i_synth/ADDSUB_OP.ADDSUB/DSP.OP/DSP48E1_BODY_HP.EXP/NUMB_CMP/NOT_FAST.CMP/C_CHAIN/CHAIN_GEN[0].C_MUX.CARRY_MUX_CARRY4_CARRY8                                                         | CLB.CARRY.CARRY8       |
    | i_synth/ADDSUB_OP.ADDSUB/DSP.OP/DSP48E1_BODY_HP.ALIGN_ADD/DSP2/i_no_versal_es1_workaround.DSP/DSP_PREADD_DATA_INST                                                                   | ARITHMETIC.DSP.DSP48E2 |
    | i_synth/ADDSUB_OP.ADDSUB/DSP.OP/DSP48E1_BODY_HP.ALIGN_ADD/DSP2/i_no_versal_es1_workaround.DSP/DSP_PREADD_INST                                                                        | ARITHMETIC.DSP.DSP48E2 |
    | i_synth/ADDSUB_OP.ADDSUB/DSP.OP/DSP48E1_BODY_HP.ALIGN_ADD/DSP2/i_no_versal_es1_workaround.DSP/DSP_MULTIPLIER_INST                                                                    | ARITHMETIC.DSP.DSP48E2 |
    | i_synth/ADDSUB_OP.ADDSUB/DSP.OP/DSP48E1_BODY_HP.ALIGN_ADD/DSP2/i_no_versal_es1_workaround.DSP/DSP_M_DATA_INST                                                                        | ARITHMETIC.DSP.DSP48E2 |
    | i_synth/ADDSUB_OP.ADDSUB/DSP.OP/DSP48E1_BODY_HP.ALIGN_ADD/DSP2/i_no_versal_es1_workaround.DSP/DSP_ALU_INST                                                                           | ARITHMETIC.DSP.DSP48E2 |
    | i_synth/ADDSUB_OP.ADDSUB/DSP.OP/DSP48E1_BODY_HP.ALIGN_ADD/DSP2/i_no_versal_es1_workaround.DSP/DSP_OUTPUT_INST                                                                        | ARITHMETIC.DSP.DSP48E2 |
    | i_synth/ADDSUB_OP.ADDSUB/DSP.OP/DSP48E1_BODY_HP.NORM_RND/FULL_USAGE_DSP.LOD/DIST_ENC[0].i_det_lut1                                                                                   | CLB.LUT.LUT4           |
    | i_synth/ADDSUB_OP.ADDSUB/DSP.OP/DSP48E1_BODY_HP.NORM_RND/FULL_USAGE_DSP.LOD/DET_GEN[0].CARRY_MUX_CARRY4_CARRY8                                                                       | CLB.CARRY.CARRY8       |
    | i_synth/ADDSUB_OP.ADDSUB/DSP.OP/DSP48E1_BODY_HP.NORM_RND/FULL_USAGE_DSP.LOD/gen_lut_pairs[2].lutpairmode1.lutXo6_i_1                                                                 | CLB.LUT.LUT3           |
    | i_synth/ADDSUB_OP.ADDSUB/DSP.OP/DSP48E1_BODY_HP.NORM_RND/FULL_USAGE_DSP.LOD/LSBaddmode1.lut0o6_i_1                                                                                   | CLB.LUT.LUT6           |
    | i_synth/ADDSUB_OP.ADDSUB/DSP.OP/DSP48E1_BODY_HP.EXP/NOT_LOW_LATENCY_NORM_DIST.STRUCT_ADD/LSBaddmode1.lut0o6/LUT5                                                                     | CLB.LUT.LUT5           |
    | i_synth/ADDSUB_OP.ADDSUB/DSP.OP/DSP48E1_BODY_HP.EXP/NOT_LOW_LATENCY_NORM_DIST.STRUCT_ADD/gen_lut_pairs[1].lutpairmode1.lutXo6/LUT6                                                   | CLB.LUT.LUT6           |
    | i_synth/ADDSUB_OP.ADDSUB/DSP.OP/DSP48E1_BODY_HP.EXP/NOT_LOW_LATENCY_NORM_DIST.STRUCT_ADD/gen_carry4s[0].gen_carry4.y0.mcy00_CARRY4_CARRY8                                            | CLB.CARRY.CARRY8       |
    | i_synth/ADDSUB_OP.ADDSUB/DSP.OP/DSP48E1_BODY_HP.NORM_RND/FULL_USAGE_DSP.SHIFT_RND/i_no_versal_es1_workaround.DSP/DSP_C_DATA_INST                                                     | ARITHMETIC.DSP.DSP48E2 |
    | i_synth/ADDSUB_OP.ADDSUB/DSP.OP/DSP48E1_BODY_HP.NORM_RND/FULL_USAGE_DSP.SHIFT_RND/i_no_versal_es1_workaround.DSP/DSP_ALU_INST                                                        | ARITHMETIC.DSP.DSP48E2 |
    | i_synth/ADDSUB_OP.ADDSUB/DSP.OP/DSP48E1_BODY_HP.NORM_RND/FULL_USAGE_DSP.SHIFT_RND/i_no_versal_es1_workaround.DSP/DSP_OUTPUT_INST                                                     | ARITHMETIC.DSP.DSP48E2 |
    | i_synth/ADDSUB_OP.ADDSUB/DSP.OP/DSP48E1_BODY_HP.NORM_RND/FULL_USAGE_DSP.LOD/m_axis_result_tdata[13]_INST_0                                                                           | CLB.LUT.LUT6           |
    | grp_compute_fu_208/grp_compute_Pipeline_VITIS_LOOP_138_3_VITIS_LOOP_141_4_fu_85/hadd_16ns_16ns_16_2_full_dsp_1_U40/corr_accel_hadd_16ns_16ns_16_2_full_dsp_1_ip_u/ram_reg_bram_0_i_3 | CLB.LUT.LUT4           |
    | reg_file_9_U/ram_reg_bram_0                                                                                                                                                          | BLOCKRAM.BRAM.RAMB36E2 |
    +--------------------------------------------------------------------------------------------------------------------------------------------------------------------------------------+------------------------+

    +--------------------------------------------------------------------------------------------------------------------------------------------------------------------------------------+------------------------+
    | Path5 Cells                                                                                                                                                                          | Primitive Type         |
    +--------------------------------------------------------------------------------------------------------------------------------------------------------------------------------------+------------------------+
    | grp_compute_fu_208/grp_compute_Pipeline_VITIS_LOOP_138_3_VITIS_LOOP_141_4_fu_85/hadd_16ns_16ns_16_2_full_dsp_1_U40/din0_buf1_reg[13]                                                 | REGISTER.SDR.FDRE      |
    | i_synth/ADDSUB_OP.ADDSUB/DSP.OP/DSP48E1_BODY_HP.EXP/NUMB_CMP/NOT_FAST.CMP/C_CHAIN/CHAIN_GEN[6].C_MUX.CARRY_MUX_i_1                                                                   | CLB.LUT.LUT4           |
    | i_synth/ADDSUB_OP.ADDSUB/DSP.OP/DSP48E1_BODY_HP.EXP/NUMB_CMP/NOT_FAST.CMP/C_CHAIN/CHAIN_GEN[0].C_MUX.CARRY_MUX_CARRY4_CARRY8                                                         | CLB.CARRY.CARRY8       |
    | i_synth/ADDSUB_OP.ADDSUB/DSP.OP/DSP48E1_BODY_HP.ALIGN_ADD/DSP2/i_no_versal_es1_workaround.DSP/DSP_PREADD_DATA_INST                                                                   | ARITHMETIC.DSP.DSP48E2 |
    | i_synth/ADDSUB_OP.ADDSUB/DSP.OP/DSP48E1_BODY_HP.ALIGN_ADD/DSP2/i_no_versal_es1_workaround.DSP/DSP_PREADD_INST                                                                        | ARITHMETIC.DSP.DSP48E2 |
    | i_synth/ADDSUB_OP.ADDSUB/DSP.OP/DSP48E1_BODY_HP.ALIGN_ADD/DSP2/i_no_versal_es1_workaround.DSP/DSP_MULTIPLIER_INST                                                                    | ARITHMETIC.DSP.DSP48E2 |
    | i_synth/ADDSUB_OP.ADDSUB/DSP.OP/DSP48E1_BODY_HP.ALIGN_ADD/DSP2/i_no_versal_es1_workaround.DSP/DSP_M_DATA_INST                                                                        | ARITHMETIC.DSP.DSP48E2 |
    | i_synth/ADDSUB_OP.ADDSUB/DSP.OP/DSP48E1_BODY_HP.ALIGN_ADD/DSP2/i_no_versal_es1_workaround.DSP/DSP_ALU_INST                                                                           | ARITHMETIC.DSP.DSP48E2 |
    | i_synth/ADDSUB_OP.ADDSUB/DSP.OP/DSP48E1_BODY_HP.ALIGN_ADD/DSP2/i_no_versal_es1_workaround.DSP/DSP_OUTPUT_INST                                                                        | ARITHMETIC.DSP.DSP48E2 |
    | i_synth/ADDSUB_OP.ADDSUB/DSP.OP/DSP48E1_BODY_HP.NORM_RND/FULL_USAGE_DSP.LOD/DIST_ENC[0].i_det_lut1                                                                                   | CLB.LUT.LUT4           |
    | i_synth/ADDSUB_OP.ADDSUB/DSP.OP/DSP48E1_BODY_HP.NORM_RND/FULL_USAGE_DSP.LOD/DET_GEN[0].CARRY_MUX_CARRY4_CARRY8                                                                       | CLB.CARRY.CARRY8       |
    | i_synth/ADDSUB_OP.ADDSUB/DSP.OP/DSP48E1_BODY_HP.NORM_RND/FULL_USAGE_DSP.LOD/gen_lut_pairs[2].lutpairmode1.lutXo6_i_1                                                                 | CLB.LUT.LUT3           |
    | i_synth/ADDSUB_OP.ADDSUB/DSP.OP/DSP48E1_BODY_HP.NORM_RND/FULL_USAGE_DSP.LOD/LSBaddmode1.lut0o6_i_1                                                                                   | CLB.LUT.LUT6           |
    | i_synth/ADDSUB_OP.ADDSUB/DSP.OP/DSP48E1_BODY_HP.EXP/NOT_LOW_LATENCY_NORM_DIST.STRUCT_ADD/LSBaddmode1.lut0o6/LUT5                                                                     | CLB.LUT.LUT5           |
    | i_synth/ADDSUB_OP.ADDSUB/DSP.OP/DSP48E1_BODY_HP.EXP/NOT_LOW_LATENCY_NORM_DIST.STRUCT_ADD/gen_lut_pairs[1].lutpairmode1.lutXo6/LUT6                                                   | CLB.LUT.LUT6           |
    | i_synth/ADDSUB_OP.ADDSUB/DSP.OP/DSP48E1_BODY_HP.EXP/NOT_LOW_LATENCY_NORM_DIST.STRUCT_ADD/gen_carry4s[0].gen_carry4.y0.mcy00_CARRY4_CARRY8                                            | CLB.CARRY.CARRY8       |
    | i_synth/ADDSUB_OP.ADDSUB/DSP.OP/DSP48E1_BODY_HP.NORM_RND/FULL_USAGE_DSP.SHIFT_RND/i_no_versal_es1_workaround.DSP/DSP_C_DATA_INST                                                     | ARITHMETIC.DSP.DSP48E2 |
    | i_synth/ADDSUB_OP.ADDSUB/DSP.OP/DSP48E1_BODY_HP.NORM_RND/FULL_USAGE_DSP.SHIFT_RND/i_no_versal_es1_workaround.DSP/DSP_ALU_INST                                                        | ARITHMETIC.DSP.DSP48E2 |
    | i_synth/ADDSUB_OP.ADDSUB/DSP.OP/DSP48E1_BODY_HP.NORM_RND/FULL_USAGE_DSP.SHIFT_RND/i_no_versal_es1_workaround.DSP/DSP_OUTPUT_INST                                                     | ARITHMETIC.DSP.DSP48E2 |
    | i_synth/ADDSUB_OP.ADDSUB/DSP.OP/DSP48E1_BODY_HP.NORM_RND/FULL_USAGE_DSP.LOD/m_axis_result_tdata[12]_INST_0                                                                           | CLB.LUT.LUT6           |
    | grp_compute_fu_208/grp_compute_Pipeline_VITIS_LOOP_138_3_VITIS_LOOP_141_4_fu_85/hadd_16ns_16ns_16_2_full_dsp_1_U40/corr_accel_hadd_16ns_16ns_16_2_full_dsp_1_ip_u/ram_reg_bram_0_i_4 | CLB.LUT.LUT4           |
    | reg_file_9_U/ram_reg_bram_0                                                                                                                                                          | BLOCKRAM.BRAM.RAMB36E2 |
    +--------------------------------------------------------------------------------------------------------------------------------------------------------------------------------------+------------------------+


================================================================
== Place & Route Vivado Reports
================================================================
+--------------------------+--------------------------------------------------------------------+
| Report Type              | Report Location                                                    |
+--------------------------+--------------------------------------------------------------------+
| design_analysis          | impl/verilog/report/corr_accel_design_analysis_routed.rpt          |
| failfast                 | impl/verilog/report/corr_accel_failfast_routed.rpt                 |
| status                   | impl/verilog/report/corr_accel_status_routed.rpt                   |
| timing                   | impl/verilog/report/corr_accel_timing_routed.rpt                   |
| timing_paths             | impl/verilog/report/corr_accel_timing_paths_routed.rpt             |
| utilization              | impl/verilog/report/corr_accel_utilization_routed.rpt              |
| utilization_hierarchical | impl/verilog/report/corr_accel_utilization_hierarchical_routed.rpt |
+--------------------------+--------------------------------------------------------------------+


