

================================================================
== Vitis HLS Report for 'compute'
================================================================
* Date:           Sat Nov 19 15:44:28 2022

* Version:        2022.2 (Build 3670227 on Oct 13 2022)
* Project:        correlation-max-throughput
* Solution:       zcu104 (Vivado IP Flow Target)
* Product family: zynquplus
* Target device:  xczu7ev-ffvc1156-2-e


================================================================
== Performance Estimates
================================================================
+ Timing: 
    * Summary: 
    +--------+----------+----------+------------+
    |  Clock |  Target  | Estimated| Uncertainty|
    +--------+----------+----------+------------+
    |ap_clk  |  10.00 ns|  7.141 ns|     2.70 ns|
    +--------+----------+----------+------------+

+ Latency: 
    * Summary: 
    +---------+---------+----------+----------+--------+--------+---------+
    |  Latency (cycles) |  Latency (absolute) |     Interval    | Pipeline|
    |   min   |   max   |    min   |    max   |   min  |   max  |   Type  |
    +---------+---------+----------+----------+--------+--------+---------+
    |   144614|   144614|  1.446 ms|  1.446 ms|  144614|  144614|       no|
    +---------+---------+----------+----------+--------+--------+---------+

    + Detail: 
        * Instance: 
        +-----------------------------------------------------------------------------------+------------------------------------------------------------------------+---------+---------+-----------+-----------+--------+--------+---------+
        |                                                                                   |                                                                        |  Latency (cycles) |   Latency (absolute)  |     Interval    | Pipeline|
        |                                      Instance                                     |                                 Module                                 |   min   |   max   |    min    |    max    |   min  |   max  |   Type  |
        +-----------------------------------------------------------------------------------+------------------------------------------------------------------------+---------+---------+-----------+-----------+--------+--------+---------+
        |grp_compute_Pipeline_VITIS_LOOP_134_1_fu_94                                        |compute_Pipeline_VITIS_LOOP_134_1                                       |       18|       18|   0.180 us|   0.180 us|      18|      18|       no|
        |grp_compute_Pipeline_VITIS_LOOP_156_5_fu_102                                       |compute_Pipeline_VITIS_LOOP_156_5                                       |       34|       34|   0.340 us|   0.340 us|      34|      34|       no|
        |grp_compute_Pipeline_VITIS_LOOP_232_18_VITIS_LOOP_233_19_fu_110                    |compute_Pipeline_VITIS_LOOP_232_18_VITIS_LOOP_233_19                    |     1010|     1010|  10.100 us|  10.100 us|    1010|    1010|       no|
        |grp_compute_Pipeline_VITIS_LOOP_140_2_VITIS_LOOP_141_3_fu_118                      |compute_Pipeline_VITIS_LOOP_140_2_VITIS_LOOP_141_3                      |     2051|     2051|  20.510 us|  20.510 us|    2051|    2051|       no|
        |grp_compute_Pipeline_VITIS_LOOP_150_4_fu_130                                       |compute_Pipeline_VITIS_LOOP_150_4                                       |       38|       38|   0.380 us|   0.380 us|      38|      38|       no|
        |grp_compute_Pipeline_VITIS_LOOP_162_6_VITIS_LOOP_163_7_fu_140                      |compute_Pipeline_VITIS_LOOP_162_6_VITIS_LOOP_163_7                      |     2052|     2052|  20.520 us|  20.520 us|    2052|    2052|       no|
        |grp_compute_Pipeline_VITIS_LOOP_172_8_VITIS_LOOP_173_9_fu_152                      |compute_Pipeline_VITIS_LOOP_172_8_VITIS_LOOP_173_9                      |     2052|     2052|  20.520 us|  20.520 us|    2052|    2052|       no|
        |grp_compute_Pipeline_VITIS_LOOP_181_10_VITIS_LOOP_182_11_fu_164                    |compute_Pipeline_VITIS_LOOP_181_10_VITIS_LOOP_182_11                    |     2051|     2051|  20.510 us|  20.510 us|    2051|    2051|       no|
        |grp_compute_Pipeline_VITIS_LOOP_190_12_fu_176                                      |compute_Pipeline_VITIS_LOOP_190_12                                      |       38|       38|   0.380 us|   0.380 us|      38|      38|       no|
        |grp_compute_Pipeline_VITIS_LOOP_199_13_fu_185                                      |compute_Pipeline_VITIS_LOOP_199_13                                      |       39|       39|   0.390 us|   0.390 us|      39|      39|       no|
        |grp_compute_Pipeline_VITIS_LOOP_210_14_fu_193                                      |compute_Pipeline_VITIS_LOOP_210_14                                      |       37|       37|   0.370 us|   0.370 us|      37|      37|       no|
        |grp_compute_Pipeline_VITIS_LOOP_216_15_fu_201                                      |compute_Pipeline_VITIS_LOOP_216_15                                      |       19|       19|   0.190 us|   0.190 us|      19|      19|       no|
        |grp_compute_Pipeline_VITIS_LOOP_222_16_VITIS_LOOP_223_17_fu_215                    |compute_Pipeline_VITIS_LOOP_222_16_VITIS_LOOP_223_17                    |     2054|     2054|  20.540 us|  20.540 us|    2054|    2054|       no|
        |grp_compute_Pipeline_VITIS_LOOP_240_20_VITIS_LOOP_241_21_fu_227                    |compute_Pipeline_VITIS_LOOP_240_20_VITIS_LOOP_241_21                    |     2050|     2050|  20.500 us|  20.500 us|    2050|    2050|       no|
        |grp_compute_Pipeline_VITIS_LOOP_247_22_VITIS_LOOP_248_23_VITIS_LOOP_249_24_fu_239  |compute_Pipeline_VITIS_LOOP_247_22_VITIS_LOOP_248_23_VITIS_LOOP_249_24  |   131078|   131078|   1.311 ms|   1.311 ms|  131078|  131078|       no|
        |grp_compute_Pipeline_VITIS_LOOP_263_25_fu_255                                      |compute_Pipeline_VITIS_LOOP_263_25                                      |       18|       18|   0.180 us|   0.180 us|      18|      18|       no|
        +-----------------------------------------------------------------------------------+------------------------------------------------------------------------+---------+---------+-----------+-----------+--------+--------+---------+

        * Loop: 
        N/A

============================================================
+ Verbose Summary: Synthesis Manager
============================================================
InlineROM: 1
ExposeGlobal: 0
============================================================
+ Verbose Summary: CDFG Model
============================================================
IsTopModel: 0
ResetActiveHigh: 1
IsCombinational: 0
IsDatapathOnly: 0
HasWiredReturn: 1
HasMFsm: 0
HasVarLatency: 1
IsPipeline: 0
IsRtlPipelined: 0
IsInstanceOverlapped: 0
IsDontTouch: 0
HasImplIP: 0
IsGatedGlobalClock: 0


============================================================
+ Verbose Summary: Schedule
============================================================
* Number of FSM states : 28
* Pipeline : 0
* Dataflow Pipeline: 0

* FSM state transitions: 
1 --> 2 
2 --> 3 
3 --> 4 
4 --> 5 
5 --> 6 
6 --> 7 
7 --> 8 
8 --> 9 
9 --> 10 
10 --> 11 
11 --> 12 
12 --> 13 
13 --> 14 
14 --> 15 
15 --> 16 
16 --> 17 
17 --> 18 
18 --> 19 
19 --> 20 
20 --> 21 
21 --> 22 
22 --> 23 
23 --> 24 
24 --> 25 
25 --> 26 
26 --> 27 
27 --> 28 
28 --> 

* FSM state operations: 

State 1 <SV = 0> <Delay = 0.00>
ST_1 : Operation 29 [2/2] (0.00ns)   --->   "%call_ln0 = call void @compute_Pipeline_VITIS_LOOP_134_1, i16 %reg_file_4_1, i16 %reg_file_4_0"   --->   Operation 29 'call' 'call_ln0' <Predicate = true> <Delay = 0.00> <CoreType = "Generic">   --->   Core 0 '' <Latency = 0> <II = 1> <Delay = 1.00> <Generic> <Opcode : >
ST_1 : Operation 30 [2/2] (0.00ns)   --->   "%call_ln0 = call void @compute_Pipeline_VITIS_LOOP_156_5, i16 %reg_file_5_1, i16 %reg_file_5_0"   --->   Operation 30 'call' 'call_ln0' <Predicate = true> <Delay = 0.00> <CoreType = "Generic">   --->   Core 0 '' <Latency = 0> <II = 1> <Delay = 1.00> <Generic> <Opcode : >
ST_1 : Operation 31 [2/2] (0.00ns)   --->   "%call_ln0 = call void @compute_Pipeline_VITIS_LOOP_232_18_VITIS_LOOP_233_19, i16 %reg_file_3_1, i16 %reg_file_3_0"   --->   Operation 31 'call' 'call_ln0' <Predicate = true> <Delay = 0.00> <CoreType = "Generic">   --->   Core 0 '' <Latency = 0> <II = 1> <Delay = 1.00> <Generic> <Opcode : >

State 2 <SV = 1> <Delay = 0.00>
ST_2 : Operation 32 [1/2] (0.00ns)   --->   "%call_ln0 = call void @compute_Pipeline_VITIS_LOOP_134_1, i16 %reg_file_4_1, i16 %reg_file_4_0"   --->   Operation 32 'call' 'call_ln0' <Predicate = true> <Delay = 0.00> <CoreType = "Generic">   --->   Core 0 '' <Latency = 0> <II = 1> <Delay = 1.00> <Generic> <Opcode : >
ST_2 : Operation 33 [1/2] (0.00ns)   --->   "%call_ln0 = call void @compute_Pipeline_VITIS_LOOP_156_5, i16 %reg_file_5_1, i16 %reg_file_5_0"   --->   Operation 33 'call' 'call_ln0' <Predicate = true> <Delay = 0.00> <CoreType = "Generic">   --->   Core 0 '' <Latency = 0> <II = 1> <Delay = 1.00> <Generic> <Opcode : >
ST_2 : Operation 34 [1/2] (0.00ns)   --->   "%call_ln0 = call void @compute_Pipeline_VITIS_LOOP_232_18_VITIS_LOOP_233_19, i16 %reg_file_3_1, i16 %reg_file_3_0"   --->   Operation 34 'call' 'call_ln0' <Predicate = true> <Delay = 0.00> <CoreType = "Generic">   --->   Core 0 '' <Latency = 0> <II = 1> <Delay = 1.00> <Generic> <Opcode : >

State 3 <SV = 2> <Delay = 0.00>
ST_3 : Operation 35 [2/2] (0.00ns)   --->   "%call_ln0 = call void @compute_Pipeline_VITIS_LOOP_140_2_VITIS_LOOP_141_3, i16 %reg_file_4_1, i16 %reg_file_4_0, i16 %reg_file_2_1, i16 %reg_file_2_0"   --->   Operation 35 'call' 'call_ln0' <Predicate = true> <Delay = 0.00> <CoreType = "Generic">   --->   Core 0 '' <Latency = 0> <II = 1> <Delay = 1.00> <Generic> <Opcode : >

State 4 <SV = 3> <Delay = 1.23>
ST_4 : Operation 36 [1/2] (0.00ns)   --->   "%call_ln0 = call void @compute_Pipeline_VITIS_LOOP_140_2_VITIS_LOOP_141_3, i16 %reg_file_4_1, i16 %reg_file_4_0, i16 %reg_file_2_1, i16 %reg_file_2_0"   --->   Operation 36 'call' 'call_ln0' <Predicate = true> <Delay = 0.00> <CoreType = "Generic">   --->   Core 0 '' <Latency = 0> <II = 1> <Delay = 1.00> <Generic> <Opcode : >
ST_4 : Operation 37 [1/1] (0.00ns)   --->   "%reg_file_0_0_addr = getelementptr i16 %reg_file_0_0, i64 0, i64 0"   --->   Operation 37 'getelementptr' 'reg_file_0_0_addr' <Predicate = true> <Delay = 0.00>
ST_4 : Operation 38 [2/2] (1.23ns)   --->   "%reg_file_0_0_load = load i11 %reg_file_0_0_addr"   --->   Operation 38 'load' 'reg_file_0_0_load' <Predicate = true> <Delay = 1.23> <CoreInst = "RAM_T2P_BRAM">   --->   Core 99 'RAM_T2P_BRAM' <Latency = 1> <II = 1> <Delay = 1.23> <Storage> <Opcode : 'load' 'store'> <Ports = 2> <Width = 16> <Depth = 2048> <RAM>

State 5 <SV = 4> <Delay = 1.23>
ST_5 : Operation 39 [1/2] (1.23ns)   --->   "%reg_file_0_0_load = load i11 %reg_file_0_0_addr"   --->   Operation 39 'load' 'reg_file_0_0_load' <Predicate = true> <Delay = 1.23> <CoreInst = "RAM_T2P_BRAM">   --->   Core 99 'RAM_T2P_BRAM' <Latency = 1> <II = 1> <Delay = 1.23> <Storage> <Opcode : 'load' 'store'> <Ports = 2> <Width = 16> <Depth = 2048> <RAM>
ST_5 : Operation 40 [2/2] (0.00ns)   --->   "%call_ln0 = call void @compute_Pipeline_VITIS_LOOP_150_4, i16 %reg_file_4_1, i16 %reg_file_4_0, i16 %reg_file_0_0_load"   --->   Operation 40 'call' 'call_ln0' <Predicate = true> <Delay = 0.00> <CoreType = "Generic">   --->   Core 0 '' <Latency = 0> <II = 1> <Delay = 1.00> <Generic> <Opcode : >

State 6 <SV = 5> <Delay = 0.00>
ST_6 : Operation 41 [1/2] (0.00ns)   --->   "%call_ln0 = call void @compute_Pipeline_VITIS_LOOP_150_4, i16 %reg_file_4_1, i16 %reg_file_4_0, i16 %reg_file_0_0_load"   --->   Operation 41 'call' 'call_ln0' <Predicate = true> <Delay = 0.00> <CoreType = "Generic">   --->   Core 0 '' <Latency = 0> <II = 1> <Delay = 1.00> <Generic> <Opcode : >

State 7 <SV = 6> <Delay = 0.00>
ST_7 : Operation 42 [2/2] (0.00ns)   --->   "%call_ln0 = call void @compute_Pipeline_VITIS_LOOP_162_6_VITIS_LOOP_163_7, i16 %reg_file_4_1, i16 %reg_file_4_0, i16 %reg_file_2_1, i16 %reg_file_2_0"   --->   Operation 42 'call' 'call_ln0' <Predicate = true> <Delay = 0.00> <CoreType = "Generic">   --->   Core 0 '' <Latency = 0> <II = 1> <Delay = 1.00> <Generic> <Opcode : >

State 8 <SV = 7> <Delay = 0.00>
ST_8 : Operation 43 [1/2] (0.00ns)   --->   "%call_ln0 = call void @compute_Pipeline_VITIS_LOOP_162_6_VITIS_LOOP_163_7, i16 %reg_file_4_1, i16 %reg_file_4_0, i16 %reg_file_2_1, i16 %reg_file_2_0"   --->   Operation 43 'call' 'call_ln0' <Predicate = true> <Delay = 0.00> <CoreType = "Generic">   --->   Core 0 '' <Latency = 0> <II = 1> <Delay = 1.00> <Generic> <Opcode : >

State 9 <SV = 8> <Delay = 0.00>
ST_9 : Operation 44 [2/2] (0.00ns)   --->   "%call_ln0 = call void @compute_Pipeline_VITIS_LOOP_172_8_VITIS_LOOP_173_9, i16 %reg_file_6_1, i16 %reg_file_6_0, i16 %reg_file_2_1, i16 %reg_file_2_0"   --->   Operation 44 'call' 'call_ln0' <Predicate = true> <Delay = 0.00> <CoreType = "Generic">   --->   Core 0 '' <Latency = 0> <II = 1> <Delay = 1.00> <Generic> <Opcode : >

State 10 <SV = 9> <Delay = 0.00>
ST_10 : Operation 45 [1/2] (0.00ns)   --->   "%call_ln0 = call void @compute_Pipeline_VITIS_LOOP_172_8_VITIS_LOOP_173_9, i16 %reg_file_6_1, i16 %reg_file_6_0, i16 %reg_file_2_1, i16 %reg_file_2_0"   --->   Operation 45 'call' 'call_ln0' <Predicate = true> <Delay = 0.00> <CoreType = "Generic">   --->   Core 0 '' <Latency = 0> <II = 1> <Delay = 1.00> <Generic> <Opcode : >

State 11 <SV = 10> <Delay = 0.00>
ST_11 : Operation 46 [2/2] (0.00ns)   --->   "%call_ln0 = call void @compute_Pipeline_VITIS_LOOP_181_10_VITIS_LOOP_182_11, i16 %reg_file_6_1, i16 %reg_file_6_0, i16 %reg_file_5_1, i16 %reg_file_5_0"   --->   Operation 46 'call' 'call_ln0' <Predicate = true> <Delay = 0.00> <CoreType = "Generic">   --->   Core 0 '' <Latency = 0> <II = 1> <Delay = 1.00> <Generic> <Opcode : >

State 12 <SV = 11> <Delay = 0.00>
ST_12 : Operation 47 [1/2] (0.00ns)   --->   "%call_ln0 = call void @compute_Pipeline_VITIS_LOOP_181_10_VITIS_LOOP_182_11, i16 %reg_file_6_1, i16 %reg_file_6_0, i16 %reg_file_5_1, i16 %reg_file_5_0"   --->   Operation 47 'call' 'call_ln0' <Predicate = true> <Delay = 0.00> <CoreType = "Generic">   --->   Core 0 '' <Latency = 0> <II = 1> <Delay = 1.00> <Generic> <Opcode : >

State 13 <SV = 12> <Delay = 0.00>
ST_13 : Operation 48 [2/2] (0.00ns)   --->   "%call_ln0 = call void @compute_Pipeline_VITIS_LOOP_190_12, i16 %reg_file_5_1, i16 %reg_file_5_0, i16 %reg_file_0_0_load"   --->   Operation 48 'call' 'call_ln0' <Predicate = true> <Delay = 0.00> <CoreType = "Generic">   --->   Core 0 '' <Latency = 0> <II = 1> <Delay = 1.00> <Generic> <Opcode : >

State 14 <SV = 13> <Delay = 0.00>
ST_14 : Operation 49 [1/2] (0.00ns)   --->   "%call_ln0 = call void @compute_Pipeline_VITIS_LOOP_190_12, i16 %reg_file_5_1, i16 %reg_file_5_0, i16 %reg_file_0_0_load"   --->   Operation 49 'call' 'call_ln0' <Predicate = true> <Delay = 0.00> <CoreType = "Generic">   --->   Core 0 '' <Latency = 0> <II = 1> <Delay = 1.00> <Generic> <Opcode : >

State 15 <SV = 14> <Delay = 0.00>
ST_15 : Operation 50 [2/2] (0.00ns)   --->   "%call_ln0 = call void @compute_Pipeline_VITIS_LOOP_199_13, i16 %reg_file_5_1, i16 %reg_file_5_0"   --->   Operation 50 'call' 'call_ln0' <Predicate = true> <Delay = 0.00> <CoreType = "Generic">   --->   Core 0 '' <Latency = 0> <II = 1> <Delay = 1.00> <Generic> <Opcode : >

State 16 <SV = 15> <Delay = 0.00>
ST_16 : Operation 51 [1/2] (0.00ns)   --->   "%call_ln0 = call void @compute_Pipeline_VITIS_LOOP_199_13, i16 %reg_file_5_1, i16 %reg_file_5_0"   --->   Operation 51 'call' 'call_ln0' <Predicate = true> <Delay = 0.00> <CoreType = "Generic">   --->   Core 0 '' <Latency = 0> <II = 1> <Delay = 1.00> <Generic> <Opcode : >

State 17 <SV = 16> <Delay = 0.00>
ST_17 : Operation 52 [2/2] (0.00ns)   --->   "%call_ln0 = call void @compute_Pipeline_VITIS_LOOP_210_14, i16 %reg_file_5_1, i16 %reg_file_5_0"   --->   Operation 52 'call' 'call_ln0' <Predicate = true> <Delay = 0.00> <CoreType = "Generic">   --->   Core 0 '' <Latency = 0> <II = 1> <Delay = 1.00> <Generic> <Opcode : >

State 18 <SV = 17> <Delay = 1.23>
ST_18 : Operation 53 [1/2] (0.00ns)   --->   "%call_ln0 = call void @compute_Pipeline_VITIS_LOOP_210_14, i16 %reg_file_5_1, i16 %reg_file_5_0"   --->   Operation 53 'call' 'call_ln0' <Predicate = true> <Delay = 0.00> <CoreType = "Generic">   --->   Core 0 '' <Latency = 0> <II = 1> <Delay = 1.00> <Generic> <Opcode : >
ST_18 : Operation 54 [1/1] (0.00ns)   --->   "%reg_file_1_0_addr = getelementptr i16 %reg_file_1_0, i64 0, i64 0"   --->   Operation 54 'getelementptr' 'reg_file_1_0_addr' <Predicate = true> <Delay = 0.00>
ST_18 : Operation 55 [2/2] (1.23ns)   --->   "%reg_file_1_0_load = load i11 %reg_file_1_0_addr"   --->   Operation 55 'load' 'reg_file_1_0_load' <Predicate = true> <Delay = 1.23> <CoreInst = "RAM_T2P_BRAM">   --->   Core 99 'RAM_T2P_BRAM' <Latency = 1> <II = 1> <Delay = 1.23> <Storage> <Opcode : 'load' 'store'> <Ports = 2> <Width = 16> <Depth = 2048> <RAM>

State 19 <SV = 18> <Delay = 1.23>
ST_19 : Operation 56 [1/2] (1.23ns)   --->   "%reg_file_1_0_load = load i11 %reg_file_1_0_addr"   --->   Operation 56 'load' 'reg_file_1_0_load' <Predicate = true> <Delay = 1.23> <CoreInst = "RAM_T2P_BRAM">   --->   Core 99 'RAM_T2P_BRAM' <Latency = 1> <II = 1> <Delay = 1.23> <Storage> <Opcode : 'load' 'store'> <Ports = 2> <Width = 16> <Depth = 2048> <RAM>
ST_19 : Operation 57 [2/2] (0.00ns)   --->   "%call_ln0 = call void @compute_Pipeline_VITIS_LOOP_216_15, i16 %reg_file_6_1, i16 %reg_file_6_0, i16 %reg_file_5_1, i16 %reg_file_5_0, i16 %reg_file_1_0_load"   --->   Operation 57 'call' 'call_ln0' <Predicate = true> <Delay = 0.00> <CoreType = "Generic">   --->   Core 0 '' <Latency = 0> <II = 1> <Delay = 1.00> <Generic> <Opcode : >

State 20 <SV = 19> <Delay = 0.00>
ST_20 : Operation 58 [1/2] (0.00ns)   --->   "%call_ln0 = call void @compute_Pipeline_VITIS_LOOP_216_15, i16 %reg_file_6_1, i16 %reg_file_6_0, i16 %reg_file_5_1, i16 %reg_file_5_0, i16 %reg_file_1_0_load"   --->   Operation 58 'call' 'call_ln0' <Predicate = true> <Delay = 0.00> <CoreType = "Generic">   --->   Core 0 '' <Latency = 0> <II = 1> <Delay = 1.00> <Generic> <Opcode : >

State 21 <SV = 20> <Delay = 0.00>
ST_21 : Operation 59 [2/2] (0.00ns)   --->   "%call_ln0 = call void @compute_Pipeline_VITIS_LOOP_222_16_VITIS_LOOP_223_17, i16 %reg_file_6_1, i16 %reg_file_6_0, i16 %reg_file_2_1, i16 %reg_file_2_0"   --->   Operation 59 'call' 'call_ln0' <Predicate = true> <Delay = 0.00> <CoreType = "Generic">   --->   Core 0 '' <Latency = 0> <II = 1> <Delay = 1.00> <Generic> <Opcode : >

State 22 <SV = 21> <Delay = 0.00>
ST_22 : Operation 60 [1/2] (0.00ns)   --->   "%call_ln0 = call void @compute_Pipeline_VITIS_LOOP_222_16_VITIS_LOOP_223_17, i16 %reg_file_6_1, i16 %reg_file_6_0, i16 %reg_file_2_1, i16 %reg_file_2_0"   --->   Operation 60 'call' 'call_ln0' <Predicate = true> <Delay = 0.00> <CoreType = "Generic">   --->   Core 0 '' <Latency = 0> <II = 1> <Delay = 1.00> <Generic> <Opcode : >

State 23 <SV = 22> <Delay = 0.00>
ST_23 : Operation 61 [2/2] (0.00ns)   --->   "%call_ln0 = call void @compute_Pipeline_VITIS_LOOP_240_20_VITIS_LOOP_241_21, i16 %reg_file_6_1, i16 %reg_file_6_0, i16 %reg_file_2_1, i16 %reg_file_2_0"   --->   Operation 61 'call' 'call_ln0' <Predicate = true> <Delay = 0.00> <CoreType = "Generic">   --->   Core 0 '' <Latency = 0> <II = 1> <Delay = 1.00> <Generic> <Opcode : >

State 24 <SV = 23> <Delay = 0.00>
ST_24 : Operation 62 [1/2] (0.00ns)   --->   "%call_ln0 = call void @compute_Pipeline_VITIS_LOOP_240_20_VITIS_LOOP_241_21, i16 %reg_file_6_1, i16 %reg_file_6_0, i16 %reg_file_2_1, i16 %reg_file_2_0"   --->   Operation 62 'call' 'call_ln0' <Predicate = true> <Delay = 0.00> <CoreType = "Generic">   --->   Core 0 '' <Latency = 0> <II = 1> <Delay = 1.00> <Generic> <Opcode : >

State 25 <SV = 24> <Delay = 0.00>
ST_25 : Operation 63 [2/2] (0.00ns)   --->   "%call_ln0 = call void @compute_Pipeline_VITIS_LOOP_247_22_VITIS_LOOP_248_23_VITIS_LOOP_249_24, i16 %reg_file_6_0, i16 %reg_file_6_1, i16 %reg_file_3_1, i16 %reg_file_3_0, i16 %reg_file_2_1, i16 %reg_file_2_0"   --->   Operation 63 'call' 'call_ln0' <Predicate = true> <Delay = 0.00> <CoreType = "Generic">   --->   Core 0 '' <Latency = 0> <II = 1> <Delay = 1.00> <Generic> <Opcode : >

State 26 <SV = 25> <Delay = 0.00>
ST_26 : Operation 64 [1/2] (0.00ns)   --->   "%call_ln0 = call void @compute_Pipeline_VITIS_LOOP_247_22_VITIS_LOOP_248_23_VITIS_LOOP_249_24, i16 %reg_file_6_0, i16 %reg_file_6_1, i16 %reg_file_3_1, i16 %reg_file_3_0, i16 %reg_file_2_1, i16 %reg_file_2_0"   --->   Operation 64 'call' 'call_ln0' <Predicate = true> <Delay = 0.00> <CoreType = "Generic">   --->   Core 0 '' <Latency = 0> <II = 1> <Delay = 1.00> <Generic> <Opcode : >

State 27 <SV = 26> <Delay = 0.00>
ST_27 : Operation 65 [2/2] (0.00ns)   --->   "%call_ln0 = call void @compute_Pipeline_VITIS_LOOP_263_25, i16 %reg_file_3_1, i16 %reg_file_3_0"   --->   Operation 65 'call' 'call_ln0' <Predicate = true> <Delay = 0.00> <CoreType = "Generic">   --->   Core 0 '' <Latency = 0> <II = 1> <Delay = 1.00> <Generic> <Opcode : >

State 28 <SV = 27> <Delay = 0.00>
ST_28 : Operation 66 [1/1] (0.00ns)   --->   "%specmemcore_ln0 = specmemcore void @_ssdm_op_SpecMemCore, i16 %reg_file_0_0, i64 666, i64 30, i64 18446744073709551615"   --->   Operation 66 'specmemcore' 'specmemcore_ln0' <Predicate = true> <Delay = 0.00>
ST_28 : Operation 67 [1/1] (0.00ns)   --->   "%specmemcore_ln0 = specmemcore void @_ssdm_op_SpecMemCore, i16 %reg_file_1_0, i64 666, i64 30, i64 18446744073709551615"   --->   Operation 67 'specmemcore' 'specmemcore_ln0' <Predicate = true> <Delay = 0.00>
ST_28 : Operation 68 [1/1] (0.00ns)   --->   "%specmemcore_ln0 = specmemcore void @_ssdm_op_SpecMemCore, i16 %reg_file_2_0, i64 666, i64 30, i64 18446744073709551615"   --->   Operation 68 'specmemcore' 'specmemcore_ln0' <Predicate = true> <Delay = 0.00>
ST_28 : Operation 69 [1/1] (0.00ns)   --->   "%specmemcore_ln0 = specmemcore void @_ssdm_op_SpecMemCore, i16 %reg_file_2_1, i64 666, i64 30, i64 18446744073709551615"   --->   Operation 69 'specmemcore' 'specmemcore_ln0' <Predicate = true> <Delay = 0.00>
ST_28 : Operation 70 [1/1] (0.00ns)   --->   "%specmemcore_ln0 = specmemcore void @_ssdm_op_SpecMemCore, i16 %reg_file_3_0, i64 666, i64 30, i64 18446744073709551615"   --->   Operation 70 'specmemcore' 'specmemcore_ln0' <Predicate = true> <Delay = 0.00>
ST_28 : Operation 71 [1/1] (0.00ns)   --->   "%specmemcore_ln0 = specmemcore void @_ssdm_op_SpecMemCore, i16 %reg_file_3_1, i64 666, i64 30, i64 18446744073709551615"   --->   Operation 71 'specmemcore' 'specmemcore_ln0' <Predicate = true> <Delay = 0.00>
ST_28 : Operation 72 [1/1] (0.00ns)   --->   "%specmemcore_ln0 = specmemcore void @_ssdm_op_SpecMemCore, i16 %reg_file_4_0, i64 666, i64 30, i64 18446744073709551615"   --->   Operation 72 'specmemcore' 'specmemcore_ln0' <Predicate = true> <Delay = 0.00>
ST_28 : Operation 73 [1/1] (0.00ns)   --->   "%specmemcore_ln0 = specmemcore void @_ssdm_op_SpecMemCore, i16 %reg_file_4_1, i64 666, i64 30, i64 18446744073709551615"   --->   Operation 73 'specmemcore' 'specmemcore_ln0' <Predicate = true> <Delay = 0.00>
ST_28 : Operation 74 [1/1] (0.00ns)   --->   "%specmemcore_ln0 = specmemcore void @_ssdm_op_SpecMemCore, i16 %reg_file_5_0, i64 666, i64 30, i64 18446744073709551615"   --->   Operation 74 'specmemcore' 'specmemcore_ln0' <Predicate = true> <Delay = 0.00>
ST_28 : Operation 75 [1/1] (0.00ns)   --->   "%specmemcore_ln0 = specmemcore void @_ssdm_op_SpecMemCore, i16 %reg_file_5_1, i64 666, i64 30, i64 18446744073709551615"   --->   Operation 75 'specmemcore' 'specmemcore_ln0' <Predicate = true> <Delay = 0.00>
ST_28 : Operation 76 [1/1] (0.00ns)   --->   "%specmemcore_ln0 = specmemcore void @_ssdm_op_SpecMemCore, i16 %reg_file_6_0, i64 666, i64 30, i64 18446744073709551615"   --->   Operation 76 'specmemcore' 'specmemcore_ln0' <Predicate = true> <Delay = 0.00>
ST_28 : Operation 77 [1/1] (0.00ns)   --->   "%specmemcore_ln0 = specmemcore void @_ssdm_op_SpecMemCore, i16 %reg_file_6_1, i64 666, i64 30, i64 18446744073709551615"   --->   Operation 77 'specmemcore' 'specmemcore_ln0' <Predicate = true> <Delay = 0.00>
ST_28 : Operation 78 [1/2] (0.00ns)   --->   "%call_ln0 = call void @compute_Pipeline_VITIS_LOOP_263_25, i16 %reg_file_3_1, i16 %reg_file_3_0"   --->   Operation 78 'call' 'call_ln0' <Predicate = true> <Delay = 0.00> <CoreType = "Generic">   --->   Core 0 '' <Latency = 0> <II = 1> <Delay = 1.00> <Generic> <Opcode : >
ST_28 : Operation 79 [1/1] (0.00ns)   --->   "%ret_ln268 = ret" [correlation-max-throughput/src/correlation.cpp:268]   --->   Operation 79 'ret' 'ret_ln268' <Predicate = true> <Delay = 0.00>


============================================================
+ Verbose Summary: Binding
============================================================
STG Binding: 
---------------- STG Properties BEGIN ----------------
- Is combinational: 0
- Is one-state seq: 0
- Is datapath-only: 0
- Is pipelined: 0
- Is top level: 0
Port [ Return ] is wired: 1; IO mode=ap_ctrl_hs:ce=0
Port [ reg_file_0_0]:  wired=1; compound=1; hidden=0; nouse=0; global=0; static=0; extern=0; dir=0; type=1; pingpong=0; private_global=0; MemPort=[13]; IO mode=ap_memory:ce=0
Port [ reg_file_1_0]:  wired=1; compound=1; hidden=0; nouse=0; global=0; static=0; extern=0; dir=0; type=1; pingpong=0; private_global=0; MemPort=[13]; IO mode=ap_memory:ce=0
Port [ reg_file_2_0]:  wired=1; compound=1; hidden=0; nouse=0; global=0; static=0; extern=0; dir=2; type=1; pingpong=0; private_global=0; MemPort=[21]; IO mode=ap_memory:ce=0
Port [ reg_file_2_1]:  wired=1; compound=1; hidden=0; nouse=0; global=0; static=0; extern=0; dir=2; type=1; pingpong=0; private_global=0; MemPort=[21]; IO mode=ap_memory:ce=0
Port [ reg_file_3_0]:  wired=1; compound=1; hidden=0; nouse=0; global=0; static=0; extern=0; dir=2; type=1; pingpong=0; private_global=0; MemPort=[02]; IO mode=ap_memory:ce=0
Port [ reg_file_3_1]:  wired=1; compound=1; hidden=0; nouse=0; global=0; static=0; extern=0; dir=2; type=1; pingpong=0; private_global=0; MemPort=[02]; IO mode=ap_memory:ce=0
Port [ reg_file_4_0]:  wired=1; compound=1; hidden=0; nouse=0; global=0; static=0; extern=0; dir=2; type=1; pingpong=0; private_global=0; MemPort=[22]; IO mode=ap_memory:ce=0
Port [ reg_file_4_1]:  wired=1; compound=1; hidden=0; nouse=0; global=0; static=0; extern=0; dir=2; type=1; pingpong=0; private_global=0; MemPort=[22]; IO mode=ap_memory:ce=0
Port [ reg_file_5_0]:  wired=1; compound=1; hidden=0; nouse=0; global=0; static=0; extern=0; dir=2; type=1; pingpong=0; private_global=0; MemPort=[21]; IO mode=ap_memory:ce=0
Port [ reg_file_5_1]:  wired=1; compound=1; hidden=0; nouse=0; global=0; static=0; extern=0; dir=2; type=1; pingpong=0; private_global=0; MemPort=[21]; IO mode=ap_memory:ce=0
Port [ reg_file_6_0]:  wired=1; compound=1; hidden=0; nouse=0; global=0; static=0; extern=0; dir=2; type=1; pingpong=0; private_global=0; MemPort=[20]; IO mode=ap_memory:ce=0
Port [ reg_file_6_1]:  wired=1; compound=1; hidden=0; nouse=0; global=0; static=0; extern=0; dir=2; type=1; pingpong=0; private_global=0; MemPort=[20]; IO mode=ap_memory:ce=0
---------------- STG Properties END ------------------

---------------- Datapath Model BEGIN ----------------

<LifeTime>
<method=bitvector/>
call_ln0          (call         ) [ 00000000000000000000000000000]
call_ln0          (call         ) [ 00000000000000000000000000000]
call_ln0          (call         ) [ 00000000000000000000000000000]
call_ln0          (call         ) [ 00000000000000000000000000000]
reg_file_0_0_addr (getelementptr) [ 00000100000000000000000000000]
reg_file_0_0_load (load         ) [ 00000011111111100000000000000]
call_ln0          (call         ) [ 00000000000000000000000000000]
call_ln0          (call         ) [ 00000000000000000000000000000]
call_ln0          (call         ) [ 00000000000000000000000000000]
call_ln0          (call         ) [ 00000000000000000000000000000]
call_ln0          (call         ) [ 00000000000000000000000000000]
call_ln0          (call         ) [ 00000000000000000000000000000]
call_ln0          (call         ) [ 00000000000000000000000000000]
reg_file_1_0_addr (getelementptr) [ 00000000000000000001000000000]
reg_file_1_0_load (load         ) [ 00000000000000000000100000000]
call_ln0          (call         ) [ 00000000000000000000000000000]
call_ln0          (call         ) [ 00000000000000000000000000000]
call_ln0          (call         ) [ 00000000000000000000000000000]
call_ln0          (call         ) [ 00000000000000000000000000000]
specmemcore_ln0   (specmemcore  ) [ 00000000000000000000000000000]
specmemcore_ln0   (specmemcore  ) [ 00000000000000000000000000000]
specmemcore_ln0   (specmemcore  ) [ 00000000000000000000000000000]
specmemcore_ln0   (specmemcore  ) [ 00000000000000000000000000000]
specmemcore_ln0   (specmemcore  ) [ 00000000000000000000000000000]
specmemcore_ln0   (specmemcore  ) [ 00000000000000000000000000000]
specmemcore_ln0   (specmemcore  ) [ 00000000000000000000000000000]
specmemcore_ln0   (specmemcore  ) [ 00000000000000000000000000000]
specmemcore_ln0   (specmemcore  ) [ 00000000000000000000000000000]
specmemcore_ln0   (specmemcore  ) [ 00000000000000000000000000000]
specmemcore_ln0   (specmemcore  ) [ 00000000000000000000000000000]
specmemcore_ln0   (specmemcore  ) [ 00000000000000000000000000000]
call_ln0          (call         ) [ 00000000000000000000000000000]
ret_ln268         (ret          ) [ 00000000000000000000000000000]
</LifeTime>

<model>

<comp_list>
<comp id="0" class="1000" name="reg_file_0_0">
<pin_list>
<pin id="1" dir="1" index="0" bw="1" slack="0"/>
</pin_list>
<bind>
<StgValue><ssdm name="reg_file_0_0"/><MemPortTyVec>1 3 </MemPortTyVec>
</StgValue>
</bind>
</comp>

<comp id="2" class="1000" name="reg_file_1_0">
<pin_list>
<pin id="3" dir="1" index="0" bw="1" slack="0"/>
</pin_list>
<bind>
<StgValue><ssdm name="reg_file_1_0"/><MemPortTyVec>1 3 </MemPortTyVec>
</StgValue>
</bind>
</comp>

<comp id="4" class="1000" name="reg_file_2_0">
<pin_list>
<pin id="5" dir="1" index="0" bw="1" slack="0"/>
</pin_list>
<bind>
<StgValue><ssdm name="reg_file_2_0"/><MemPortTyVec>2 1 </MemPortTyVec>
</StgValue>
</bind>
</comp>

<comp id="6" class="1000" name="reg_file_2_1">
<pin_list>
<pin id="7" dir="1" index="0" bw="1" slack="0"/>
</pin_list>
<bind>
<StgValue><ssdm name="reg_file_2_1"/><MemPortTyVec>2 1 </MemPortTyVec>
</StgValue>
</bind>
</comp>

<comp id="8" class="1000" name="reg_file_3_0">
<pin_list>
<pin id="9" dir="1" index="0" bw="1" slack="0"/>
</pin_list>
<bind>
<StgValue><ssdm name="reg_file_3_0"/><MemPortTyVec>0 2 </MemPortTyVec>
</StgValue>
</bind>
</comp>

<comp id="10" class="1000" name="reg_file_3_1">
<pin_list>
<pin id="11" dir="1" index="0" bw="1" slack="0"/>
</pin_list>
<bind>
<StgValue><ssdm name="reg_file_3_1"/><MemPortTyVec>0 2 </MemPortTyVec>
</StgValue>
</bind>
</comp>

<comp id="12" class="1000" name="reg_file_4_0">
<pin_list>
<pin id="13" dir="1" index="0" bw="1" slack="0"/>
</pin_list>
<bind>
<StgValue><ssdm name="reg_file_4_0"/><MemPortTyVec>2 2 </MemPortTyVec>
</StgValue>
</bind>
</comp>

<comp id="14" class="1000" name="reg_file_4_1">
<pin_list>
<pin id="15" dir="1" index="0" bw="1" slack="0"/>
</pin_list>
<bind>
<StgValue><ssdm name="reg_file_4_1"/><MemPortTyVec>2 2 </MemPortTyVec>
</StgValue>
</bind>
</comp>

<comp id="16" class="1000" name="reg_file_5_0">
<pin_list>
<pin id="17" dir="1" index="0" bw="1" slack="0"/>
</pin_list>
<bind>
<StgValue><ssdm name="reg_file_5_0"/><MemPortTyVec>2 1 </MemPortTyVec>
</StgValue>
</bind>
</comp>

<comp id="18" class="1000" name="reg_file_5_1">
<pin_list>
<pin id="19" dir="1" index="0" bw="1" slack="0"/>
</pin_list>
<bind>
<StgValue><ssdm name="reg_file_5_1"/><MemPortTyVec>2 1 </MemPortTyVec>
</StgValue>
</bind>
</comp>

<comp id="20" class="1000" name="reg_file_6_0">
<pin_list>
<pin id="21" dir="1" index="0" bw="1" slack="0"/>
</pin_list>
<bind>
<StgValue><ssdm name="reg_file_6_0"/><MemPortTyVec>2 0 </MemPortTyVec>
</StgValue>
</bind>
</comp>

<comp id="22" class="1000" name="reg_file_6_1">
<pin_list>
<pin id="23" dir="1" index="0" bw="1" slack="0"/>
</pin_list>
<bind>
<StgValue><ssdm name="reg_file_6_1"/><MemPortTyVec>2 0 </MemPortTyVec>
</StgValue>
</bind>
</comp>

<comp id="24" class="1001" name="const_24">
<pin_list>
<pin id="25" dir="1" index="0" bw="1" slack="0"/>
</pin_list>
<bind>
<StgValue><ssdm name="compute_Pipeline_VITIS_LOOP_134_1"/></StgValue>
</bind>
</comp>

<comp id="26" class="1001" name="const_26">
<pin_list>
<pin id="27" dir="1" index="0" bw="1" slack="0"/>
</pin_list>
<bind>
<StgValue><ssdm name="compute_Pipeline_VITIS_LOOP_156_5"/></StgValue>
</bind>
</comp>

<comp id="28" class="1001" name="const_28">
<pin_list>
<pin id="29" dir="1" index="0" bw="1" slack="0"/>
</pin_list>
<bind>
<StgValue><ssdm name="compute_Pipeline_VITIS_LOOP_232_18_VITIS_LOOP_233_19"/></StgValue>
</bind>
</comp>

<comp id="30" class="1001" name="const_30">
<pin_list>
<pin id="31" dir="1" index="0" bw="1" slack="0"/>
</pin_list>
<bind>
<StgValue><ssdm name="compute_Pipeline_VITIS_LOOP_140_2_VITIS_LOOP_141_3"/></StgValue>
</bind>
</comp>

<comp id="32" class="1001" name="const_32">
<pin_list>
<pin id="33" dir="1" index="0" bw="1" slack="0"/>
</pin_list>
<bind>
<StgValue><ssdm name=""/></StgValue>
</bind>
</comp>

<comp id="34" class="1001" name="const_34">
<pin_list>
<pin id="35" dir="1" index="0" bw="1" slack="0"/>
</pin_list>
<bind>
<StgValue><ssdm name="compute_Pipeline_VITIS_LOOP_150_4"/></StgValue>
</bind>
</comp>

<comp id="36" class="1001" name="const_36">
<pin_list>
<pin id="37" dir="1" index="0" bw="1" slack="0"/>
</pin_list>
<bind>
<StgValue><ssdm name="compute_Pipeline_VITIS_LOOP_162_6_VITIS_LOOP_163_7"/></StgValue>
</bind>
</comp>

<comp id="38" class="1001" name="const_38">
<pin_list>
<pin id="39" dir="1" index="0" bw="1" slack="0"/>
</pin_list>
<bind>
<StgValue><ssdm name="compute_Pipeline_VITIS_LOOP_172_8_VITIS_LOOP_173_9"/></StgValue>
</bind>
</comp>

<comp id="40" class="1001" name="const_40">
<pin_list>
<pin id="41" dir="1" index="0" bw="1" slack="0"/>
</pin_list>
<bind>
<StgValue><ssdm name="compute_Pipeline_VITIS_LOOP_181_10_VITIS_LOOP_182_11"/></StgValue>
</bind>
</comp>

<comp id="42" class="1001" name="const_42">
<pin_list>
<pin id="43" dir="1" index="0" bw="1" slack="0"/>
</pin_list>
<bind>
<StgValue><ssdm name="compute_Pipeline_VITIS_LOOP_190_12"/></StgValue>
</bind>
</comp>

<comp id="44" class="1001" name="const_44">
<pin_list>
<pin id="45" dir="1" index="0" bw="1" slack="0"/>
</pin_list>
<bind>
<StgValue><ssdm name="compute_Pipeline_VITIS_LOOP_199_13"/></StgValue>
</bind>
</comp>

<comp id="46" class="1001" name="const_46">
<pin_list>
<pin id="47" dir="1" index="0" bw="1" slack="0"/>
</pin_list>
<bind>
<StgValue><ssdm name="compute_Pipeline_VITIS_LOOP_210_14"/></StgValue>
</bind>
</comp>

<comp id="48" class="1001" name="const_48">
<pin_list>
<pin id="49" dir="1" index="0" bw="1" slack="0"/>
</pin_list>
<bind>
<StgValue><ssdm name="compute_Pipeline_VITIS_LOOP_216_15"/></StgValue>
</bind>
</comp>

<comp id="50" class="1001" name="const_50">
<pin_list>
<pin id="51" dir="1" index="0" bw="1" slack="0"/>
</pin_list>
<bind>
<StgValue><ssdm name="compute_Pipeline_VITIS_LOOP_222_16_VITIS_LOOP_223_17"/></StgValue>
</bind>
</comp>

<comp id="52" class="1001" name="const_52">
<pin_list>
<pin id="53" dir="1" index="0" bw="1" slack="0"/>
</pin_list>
<bind>
<StgValue><ssdm name="compute_Pipeline_VITIS_LOOP_240_20_VITIS_LOOP_241_21"/></StgValue>
</bind>
</comp>

<comp id="54" class="1001" name="const_54">
<pin_list>
<pin id="55" dir="1" index="0" bw="1" slack="0"/>
</pin_list>
<bind>
<StgValue><ssdm name="compute_Pipeline_VITIS_LOOP_247_22_VITIS_LOOP_248_23_VITIS_LOOP_249_24"/></StgValue>
</bind>
</comp>

<comp id="56" class="1001" name="const_56">
<pin_list>
<pin id="57" dir="1" index="0" bw="1" slack="0"/>
</pin_list>
<bind>
<StgValue><ssdm name="compute_Pipeline_VITIS_LOOP_263_25"/></StgValue>
</bind>
</comp>

<comp id="58" class="1001" name="const_58">
<pin_list>
<pin id="59" dir="1" index="0" bw="1" slack="2147483647"/>
</pin_list>
<bind>
<StgValue><ssdm name="_ssdm_op_SpecMemCore"/></StgValue>
</bind>
</comp>

<comp id="60" class="1001" name="const_60">
<pin_list>
<pin id="61" dir="1" index="0" bw="1" slack="2147483647"/>
</pin_list>
<bind>
<StgValue><ssdm name=""/></StgValue>
</bind>
</comp>

<comp id="62" class="1001" name="const_62">
<pin_list>
<pin id="63" dir="1" index="0" bw="1" slack="2147483647"/>
</pin_list>
<bind>
<StgValue><ssdm name=""/></StgValue>
</bind>
</comp>

<comp id="64" class="1001" name="const_64">
<pin_list>
<pin id="65" dir="1" index="0" bw="1" slack="2147483647"/>
</pin_list>
<bind>
<StgValue><ssdm name=""/></StgValue>
</bind>
</comp>

<comp id="66" class="1004" name="reg_file_0_0_addr_gep_fu_66">
<pin_list>
<pin id="67" dir="0" index="0" bw="16" slack="0"/>
<pin id="68" dir="0" index="1" bw="1" slack="0"/>
<pin id="69" dir="0" index="2" bw="1" slack="0"/>
<pin id="70" dir="1" index="3" bw="11" slack="0"/>
</pin_list>
<bind>
<opcode="getelementptr(29) " fcode="getelementptr"/>
<opset="reg_file_0_0_addr/4 "/>
</bind>
</comp>

<comp id="74" class="1004" name="grp_access_fu_74">
<pin_list>
<pin id="75" dir="0" index="0" bw="11" slack="0"/>
<pin id="76" dir="0" index="1" bw="16" slack="2147483647"/>
<pin id="77" dir="0" index="2" bw="0" slack="2147483647"/>
<pin id="78" dir="1" index="3" bw="16" slack="0"/>
</pin_list>
<bind>
<opcode="load(27) " fcode="load"/>
<opset="reg_file_0_0_load/4 "/>
</bind>
</comp>

<comp id="80" class="1004" name="reg_file_1_0_addr_gep_fu_80">
<pin_list>
<pin id="81" dir="0" index="0" bw="16" slack="0"/>
<pin id="82" dir="0" index="1" bw="1" slack="0"/>
<pin id="83" dir="0" index="2" bw="1" slack="0"/>
<pin id="84" dir="1" index="3" bw="11" slack="0"/>
</pin_list>
<bind>
<opcode="getelementptr(29) " fcode="getelementptr"/>
<opset="reg_file_1_0_addr/18 "/>
</bind>
</comp>

<comp id="88" class="1004" name="grp_access_fu_88">
<pin_list>
<pin id="89" dir="0" index="0" bw="11" slack="0"/>
<pin id="90" dir="0" index="1" bw="16" slack="2147483647"/>
<pin id="91" dir="0" index="2" bw="0" slack="2147483647"/>
<pin id="92" dir="1" index="3" bw="16" slack="0"/>
</pin_list>
<bind>
<opcode="load(27) " fcode="load"/>
<opset="reg_file_1_0_load/18 "/>
</bind>
</comp>

<comp id="94" class="1004" name="grp_compute_Pipeline_VITIS_LOOP_134_1_fu_94">
<pin_list>
<pin id="95" dir="0" index="0" bw="0" slack="0"/>
<pin id="96" dir="0" index="1" bw="16" slack="0"/>
<pin id="97" dir="0" index="2" bw="16" slack="0"/>
<pin id="98" dir="1" index="3" bw="0" slack="2147483647"/>
</pin_list>
<bind>
<opcode="call(48) " fcode="call"/>
<opset="call_ln0/1 "/>
</bind>
</comp>

<comp id="102" class="1004" name="grp_compute_Pipeline_VITIS_LOOP_156_5_fu_102">
<pin_list>
<pin id="103" dir="0" index="0" bw="0" slack="0"/>
<pin id="104" dir="0" index="1" bw="16" slack="0"/>
<pin id="105" dir="0" index="2" bw="16" slack="0"/>
<pin id="106" dir="1" index="3" bw="0" slack="2147483647"/>
</pin_list>
<bind>
<opcode="call(48) " fcode="call"/>
<opset="call_ln0/1 "/>
</bind>
</comp>

<comp id="110" class="1004" name="grp_compute_Pipeline_VITIS_LOOP_232_18_VITIS_LOOP_233_19_fu_110">
<pin_list>
<pin id="111" dir="0" index="0" bw="0" slack="0"/>
<pin id="112" dir="0" index="1" bw="16" slack="0"/>
<pin id="113" dir="0" index="2" bw="16" slack="0"/>
<pin id="114" dir="1" index="3" bw="0" slack="2147483647"/>
</pin_list>
<bind>
<opcode="call(48) " fcode="call"/>
<opset="call_ln0/1 "/>
</bind>
</comp>

<comp id="118" class="1004" name="grp_compute_Pipeline_VITIS_LOOP_140_2_VITIS_LOOP_141_3_fu_118">
<pin_list>
<pin id="119" dir="0" index="0" bw="0" slack="0"/>
<pin id="120" dir="0" index="1" bw="16" slack="0"/>
<pin id="121" dir="0" index="2" bw="16" slack="0"/>
<pin id="122" dir="0" index="3" bw="16" slack="0"/>
<pin id="123" dir="0" index="4" bw="16" slack="0"/>
<pin id="124" dir="1" index="5" bw="0" slack="2147483647"/>
</pin_list>
<bind>
<opcode="call(48) " fcode="call"/>
<opset="call_ln0/3 "/>
</bind>
</comp>

<comp id="130" class="1004" name="grp_compute_Pipeline_VITIS_LOOP_150_4_fu_130">
<pin_list>
<pin id="131" dir="0" index="0" bw="0" slack="0"/>
<pin id="132" dir="0" index="1" bw="16" slack="0"/>
<pin id="133" dir="0" index="2" bw="16" slack="0"/>
<pin id="134" dir="0" index="3" bw="16" slack="0"/>
<pin id="135" dir="1" index="4" bw="0" slack="2147483647"/>
</pin_list>
<bind>
<opcode="call(48) " fcode="call"/>
<opset="call_ln0/5 "/>
</bind>
</comp>

<comp id="140" class="1004" name="grp_compute_Pipeline_VITIS_LOOP_162_6_VITIS_LOOP_163_7_fu_140">
<pin_list>
<pin id="141" dir="0" index="0" bw="0" slack="0"/>
<pin id="142" dir="0" index="1" bw="16" slack="0"/>
<pin id="143" dir="0" index="2" bw="16" slack="0"/>
<pin id="144" dir="0" index="3" bw="16" slack="0"/>
<pin id="145" dir="0" index="4" bw="16" slack="0"/>
<pin id="146" dir="1" index="5" bw="0" slack="2147483647"/>
</pin_list>
<bind>
<opcode="call(48) " fcode="call"/>
<opset="call_ln0/7 "/>
</bind>
</comp>

<comp id="152" class="1004" name="grp_compute_Pipeline_VITIS_LOOP_172_8_VITIS_LOOP_173_9_fu_152">
<pin_list>
<pin id="153" dir="0" index="0" bw="0" slack="0"/>
<pin id="154" dir="0" index="1" bw="16" slack="0"/>
<pin id="155" dir="0" index="2" bw="16" slack="0"/>
<pin id="156" dir="0" index="3" bw="16" slack="0"/>
<pin id="157" dir="0" index="4" bw="16" slack="0"/>
<pin id="158" dir="1" index="5" bw="0" slack="2147483647"/>
</pin_list>
<bind>
<opcode="call(48) " fcode="call"/>
<opset="call_ln0/9 "/>
</bind>
</comp>

<comp id="164" class="1004" name="grp_compute_Pipeline_VITIS_LOOP_181_10_VITIS_LOOP_182_11_fu_164">
<pin_list>
<pin id="165" dir="0" index="0" bw="0" slack="0"/>
<pin id="166" dir="0" index="1" bw="16" slack="0"/>
<pin id="167" dir="0" index="2" bw="16" slack="0"/>
<pin id="168" dir="0" index="3" bw="16" slack="0"/>
<pin id="169" dir="0" index="4" bw="16" slack="0"/>
<pin id="170" dir="1" index="5" bw="0" slack="2147483647"/>
</pin_list>
<bind>
<opcode="call(48) " fcode="call"/>
<opset="call_ln0/11 "/>
</bind>
</comp>

<comp id="176" class="1004" name="grp_compute_Pipeline_VITIS_LOOP_190_12_fu_176">
<pin_list>
<pin id="177" dir="0" index="0" bw="0" slack="0"/>
<pin id="178" dir="0" index="1" bw="16" slack="0"/>
<pin id="179" dir="0" index="2" bw="16" slack="0"/>
<pin id="180" dir="0" index="3" bw="16" slack="8"/>
<pin id="181" dir="1" index="4" bw="0" slack="2147483647"/>
</pin_list>
<bind>
<opcode="call(48) " fcode="call"/>
<opset="call_ln0/13 "/>
</bind>
</comp>

<comp id="185" class="1004" name="grp_compute_Pipeline_VITIS_LOOP_199_13_fu_185">
<pin_list>
<pin id="186" dir="0" index="0" bw="0" slack="0"/>
<pin id="187" dir="0" index="1" bw="16" slack="0"/>
<pin id="188" dir="0" index="2" bw="16" slack="0"/>
<pin id="189" dir="1" index="3" bw="0" slack="2147483647"/>
</pin_list>
<bind>
<opcode="call(48) " fcode="call"/>
<opset="call_ln0/15 "/>
</bind>
</comp>

<comp id="193" class="1004" name="grp_compute_Pipeline_VITIS_LOOP_210_14_fu_193">
<pin_list>
<pin id="194" dir="0" index="0" bw="0" slack="0"/>
<pin id="195" dir="0" index="1" bw="16" slack="0"/>
<pin id="196" dir="0" index="2" bw="16" slack="0"/>
<pin id="197" dir="1" index="3" bw="0" slack="2147483647"/>
</pin_list>
<bind>
<opcode="call(48) " fcode="call"/>
<opset="call_ln0/17 "/>
</bind>
</comp>

<comp id="201" class="1004" name="grp_compute_Pipeline_VITIS_LOOP_216_15_fu_201">
<pin_list>
<pin id="202" dir="0" index="0" bw="0" slack="0"/>
<pin id="203" dir="0" index="1" bw="16" slack="0"/>
<pin id="204" dir="0" index="2" bw="16" slack="0"/>
<pin id="205" dir="0" index="3" bw="16" slack="0"/>
<pin id="206" dir="0" index="4" bw="16" slack="0"/>
<pin id="207" dir="0" index="5" bw="16" slack="0"/>
<pin id="208" dir="1" index="6" bw="0" slack="2147483647"/>
</pin_list>
<bind>
<opcode="call(48) " fcode="call"/>
<opset="call_ln0/19 "/>
</bind>
</comp>

<comp id="215" class="1004" name="grp_compute_Pipeline_VITIS_LOOP_222_16_VITIS_LOOP_223_17_fu_215">
<pin_list>
<pin id="216" dir="0" index="0" bw="0" slack="0"/>
<pin id="217" dir="0" index="1" bw="16" slack="0"/>
<pin id="218" dir="0" index="2" bw="16" slack="0"/>
<pin id="219" dir="0" index="3" bw="16" slack="0"/>
<pin id="220" dir="0" index="4" bw="16" slack="0"/>
<pin id="221" dir="1" index="5" bw="0" slack="2147483647"/>
</pin_list>
<bind>
<opcode="call(48) " fcode="call"/>
<opset="call_ln0/21 "/>
</bind>
</comp>

<comp id="227" class="1004" name="grp_compute_Pipeline_VITIS_LOOP_240_20_VITIS_LOOP_241_21_fu_227">
<pin_list>
<pin id="228" dir="0" index="0" bw="0" slack="0"/>
<pin id="229" dir="0" index="1" bw="16" slack="0"/>
<pin id="230" dir="0" index="2" bw="16" slack="0"/>
<pin id="231" dir="0" index="3" bw="16" slack="0"/>
<pin id="232" dir="0" index="4" bw="16" slack="0"/>
<pin id="233" dir="1" index="5" bw="0" slack="2147483647"/>
</pin_list>
<bind>
<opcode="call(48) " fcode="call"/>
<opset="call_ln0/23 "/>
</bind>
</comp>

<comp id="239" class="1004" name="grp_compute_Pipeline_VITIS_LOOP_247_22_VITIS_LOOP_248_23_VITIS_LOOP_249_24_fu_239">
<pin_list>
<pin id="240" dir="0" index="0" bw="0" slack="0"/>
<pin id="241" dir="0" index="1" bw="16" slack="0"/>
<pin id="242" dir="0" index="2" bw="16" slack="0"/>
<pin id="243" dir="0" index="3" bw="16" slack="0"/>
<pin id="244" dir="0" index="4" bw="16" slack="0"/>
<pin id="245" dir="0" index="5" bw="16" slack="0"/>
<pin id="246" dir="0" index="6" bw="16" slack="0"/>
<pin id="247" dir="1" index="7" bw="0" slack="2147483647"/>
</pin_list>
<bind>
<opcode="call(48) " fcode="call"/>
<opset="call_ln0/25 "/>
</bind>
</comp>

<comp id="255" class="1004" name="grp_compute_Pipeline_VITIS_LOOP_263_25_fu_255">
<pin_list>
<pin id="256" dir="0" index="0" bw="0" slack="0"/>
<pin id="257" dir="0" index="1" bw="16" slack="0"/>
<pin id="258" dir="0" index="2" bw="16" slack="0"/>
<pin id="259" dir="1" index="3" bw="0" slack="2147483647"/>
</pin_list>
<bind>
<opcode="call(48) " fcode="call"/>
<opset="call_ln0/27 "/>
</bind>
</comp>

<comp id="263" class="1005" name="reg_file_0_0_addr_reg_263">
<pin_list>
<pin id="264" dir="0" index="0" bw="11" slack="1"/>
<pin id="265" dir="1" index="1" bw="11" slack="1"/>
</pin_list>
<bind>
<opset="reg_file_0_0_addr "/>
</bind>
</comp>

<comp id="268" class="1005" name="reg_file_0_0_load_reg_268">
<pin_list>
<pin id="269" dir="0" index="0" bw="16" slack="1"/>
<pin id="270" dir="1" index="1" bw="16" slack="1"/>
</pin_list>
<bind>
<opset="reg_file_0_0_load "/>
</bind>
</comp>

<comp id="274" class="1005" name="reg_file_1_0_addr_reg_274">
<pin_list>
<pin id="275" dir="0" index="0" bw="11" slack="1"/>
<pin id="276" dir="1" index="1" bw="11" slack="1"/>
</pin_list>
<bind>
<opset="reg_file_1_0_addr "/>
</bind>
</comp>

<comp id="279" class="1005" name="reg_file_1_0_load_reg_279">
<pin_list>
<pin id="280" dir="0" index="0" bw="16" slack="1"/>
<pin id="281" dir="1" index="1" bw="16" slack="1"/>
</pin_list>
<bind>
<opset="reg_file_1_0_load "/>
</bind>
</comp>

</comp_list>

<net_list>
<net id="71"><net_src comp="0" pin="0"/><net_sink comp="66" pin=0"/></net>

<net id="72"><net_src comp="32" pin="0"/><net_sink comp="66" pin=1"/></net>

<net id="73"><net_src comp="32" pin="0"/><net_sink comp="66" pin=2"/></net>

<net id="79"><net_src comp="66" pin="3"/><net_sink comp="74" pin=0"/></net>

<net id="85"><net_src comp="2" pin="0"/><net_sink comp="80" pin=0"/></net>

<net id="86"><net_src comp="32" pin="0"/><net_sink comp="80" pin=1"/></net>

<net id="87"><net_src comp="32" pin="0"/><net_sink comp="80" pin=2"/></net>

<net id="93"><net_src comp="80" pin="3"/><net_sink comp="88" pin=0"/></net>

<net id="99"><net_src comp="24" pin="0"/><net_sink comp="94" pin=0"/></net>

<net id="100"><net_src comp="14" pin="0"/><net_sink comp="94" pin=1"/></net>

<net id="101"><net_src comp="12" pin="0"/><net_sink comp="94" pin=2"/></net>

<net id="107"><net_src comp="26" pin="0"/><net_sink comp="102" pin=0"/></net>

<net id="108"><net_src comp="18" pin="0"/><net_sink comp="102" pin=1"/></net>

<net id="109"><net_src comp="16" pin="0"/><net_sink comp="102" pin=2"/></net>

<net id="115"><net_src comp="28" pin="0"/><net_sink comp="110" pin=0"/></net>

<net id="116"><net_src comp="10" pin="0"/><net_sink comp="110" pin=1"/></net>

<net id="117"><net_src comp="8" pin="0"/><net_sink comp="110" pin=2"/></net>

<net id="125"><net_src comp="30" pin="0"/><net_sink comp="118" pin=0"/></net>

<net id="126"><net_src comp="14" pin="0"/><net_sink comp="118" pin=1"/></net>

<net id="127"><net_src comp="12" pin="0"/><net_sink comp="118" pin=2"/></net>

<net id="128"><net_src comp="6" pin="0"/><net_sink comp="118" pin=3"/></net>

<net id="129"><net_src comp="4" pin="0"/><net_sink comp="118" pin=4"/></net>

<net id="136"><net_src comp="34" pin="0"/><net_sink comp="130" pin=0"/></net>

<net id="137"><net_src comp="14" pin="0"/><net_sink comp="130" pin=1"/></net>

<net id="138"><net_src comp="12" pin="0"/><net_sink comp="130" pin=2"/></net>

<net id="139"><net_src comp="74" pin="3"/><net_sink comp="130" pin=3"/></net>

<net id="147"><net_src comp="36" pin="0"/><net_sink comp="140" pin=0"/></net>

<net id="148"><net_src comp="14" pin="0"/><net_sink comp="140" pin=1"/></net>

<net id="149"><net_src comp="12" pin="0"/><net_sink comp="140" pin=2"/></net>

<net id="150"><net_src comp="6" pin="0"/><net_sink comp="140" pin=3"/></net>

<net id="151"><net_src comp="4" pin="0"/><net_sink comp="140" pin=4"/></net>

<net id="159"><net_src comp="38" pin="0"/><net_sink comp="152" pin=0"/></net>

<net id="160"><net_src comp="22" pin="0"/><net_sink comp="152" pin=1"/></net>

<net id="161"><net_src comp="20" pin="0"/><net_sink comp="152" pin=2"/></net>

<net id="162"><net_src comp="6" pin="0"/><net_sink comp="152" pin=3"/></net>

<net id="163"><net_src comp="4" pin="0"/><net_sink comp="152" pin=4"/></net>

<net id="171"><net_src comp="40" pin="0"/><net_sink comp="164" pin=0"/></net>

<net id="172"><net_src comp="22" pin="0"/><net_sink comp="164" pin=1"/></net>

<net id="173"><net_src comp="20" pin="0"/><net_sink comp="164" pin=2"/></net>

<net id="174"><net_src comp="18" pin="0"/><net_sink comp="164" pin=3"/></net>

<net id="175"><net_src comp="16" pin="0"/><net_sink comp="164" pin=4"/></net>

<net id="182"><net_src comp="42" pin="0"/><net_sink comp="176" pin=0"/></net>

<net id="183"><net_src comp="18" pin="0"/><net_sink comp="176" pin=1"/></net>

<net id="184"><net_src comp="16" pin="0"/><net_sink comp="176" pin=2"/></net>

<net id="190"><net_src comp="44" pin="0"/><net_sink comp="185" pin=0"/></net>

<net id="191"><net_src comp="18" pin="0"/><net_sink comp="185" pin=1"/></net>

<net id="192"><net_src comp="16" pin="0"/><net_sink comp="185" pin=2"/></net>

<net id="198"><net_src comp="46" pin="0"/><net_sink comp="193" pin=0"/></net>

<net id="199"><net_src comp="18" pin="0"/><net_sink comp="193" pin=1"/></net>

<net id="200"><net_src comp="16" pin="0"/><net_sink comp="193" pin=2"/></net>

<net id="209"><net_src comp="48" pin="0"/><net_sink comp="201" pin=0"/></net>

<net id="210"><net_src comp="22" pin="0"/><net_sink comp="201" pin=1"/></net>

<net id="211"><net_src comp="20" pin="0"/><net_sink comp="201" pin=2"/></net>

<net id="212"><net_src comp="18" pin="0"/><net_sink comp="201" pin=3"/></net>

<net id="213"><net_src comp="16" pin="0"/><net_sink comp="201" pin=4"/></net>

<net id="214"><net_src comp="88" pin="3"/><net_sink comp="201" pin=5"/></net>

<net id="222"><net_src comp="50" pin="0"/><net_sink comp="215" pin=0"/></net>

<net id="223"><net_src comp="22" pin="0"/><net_sink comp="215" pin=1"/></net>

<net id="224"><net_src comp="20" pin="0"/><net_sink comp="215" pin=2"/></net>

<net id="225"><net_src comp="6" pin="0"/><net_sink comp="215" pin=3"/></net>

<net id="226"><net_src comp="4" pin="0"/><net_sink comp="215" pin=4"/></net>

<net id="234"><net_src comp="52" pin="0"/><net_sink comp="227" pin=0"/></net>

<net id="235"><net_src comp="22" pin="0"/><net_sink comp="227" pin=1"/></net>

<net id="236"><net_src comp="20" pin="0"/><net_sink comp="227" pin=2"/></net>

<net id="237"><net_src comp="6" pin="0"/><net_sink comp="227" pin=3"/></net>

<net id="238"><net_src comp="4" pin="0"/><net_sink comp="227" pin=4"/></net>

<net id="248"><net_src comp="54" pin="0"/><net_sink comp="239" pin=0"/></net>

<net id="249"><net_src comp="20" pin="0"/><net_sink comp="239" pin=1"/></net>

<net id="250"><net_src comp="22" pin="0"/><net_sink comp="239" pin=2"/></net>

<net id="251"><net_src comp="10" pin="0"/><net_sink comp="239" pin=3"/></net>

<net id="252"><net_src comp="8" pin="0"/><net_sink comp="239" pin=4"/></net>

<net id="253"><net_src comp="6" pin="0"/><net_sink comp="239" pin=5"/></net>

<net id="254"><net_src comp="4" pin="0"/><net_sink comp="239" pin=6"/></net>

<net id="260"><net_src comp="56" pin="0"/><net_sink comp="255" pin=0"/></net>

<net id="261"><net_src comp="10" pin="0"/><net_sink comp="255" pin=1"/></net>

<net id="262"><net_src comp="8" pin="0"/><net_sink comp="255" pin=2"/></net>

<net id="266"><net_src comp="66" pin="3"/><net_sink comp="263" pin=0"/></net>

<net id="267"><net_src comp="263" pin="1"/><net_sink comp="74" pin=0"/></net>

<net id="271"><net_src comp="74" pin="3"/><net_sink comp="268" pin=0"/></net>

<net id="272"><net_src comp="268" pin="1"/><net_sink comp="130" pin=3"/></net>

<net id="273"><net_src comp="268" pin="1"/><net_sink comp="176" pin=3"/></net>

<net id="277"><net_src comp="80" pin="3"/><net_sink comp="274" pin=0"/></net>

<net id="278"><net_src comp="274" pin="1"/><net_sink comp="88" pin=0"/></net>

<net id="282"><net_src comp="88" pin="3"/><net_sink comp="279" pin=0"/></net>

<net id="283"><net_src comp="279" pin="1"/><net_sink comp="201" pin=5"/></net>

</net_list>

</model> 
---------------- Datapath Model END ------------------

* FSMD analyzer results:
  - Output states:
	Port: reg_file_2_0 | {7 8 21 22 }
	Port: reg_file_2_1 | {7 8 21 22 }
	Port: reg_file_3_0 | {1 2 25 26 27 28 }
	Port: reg_file_3_1 | {1 2 25 26 27 28 }
	Port: reg_file_4_0 | {1 2 3 4 5 6 }
	Port: reg_file_4_1 | {1 2 3 4 5 6 }
	Port: reg_file_5_0 | {1 2 11 12 13 14 15 16 17 18 }
	Port: reg_file_5_1 | {1 2 11 12 13 14 15 16 17 18 }
	Port: reg_file_6_0 | {9 10 19 20 23 24 }
	Port: reg_file_6_1 | {9 10 19 20 23 24 }
 - Input state : 
	Port: compute : reg_file_0_0 | {4 5 }
	Port: compute : reg_file_1_0 | {18 19 }
	Port: compute : reg_file_2_0 | {3 4 7 8 9 10 21 22 23 24 25 26 }
	Port: compute : reg_file_2_1 | {3 4 7 8 9 10 21 22 23 24 25 26 }
	Port: compute : reg_file_3_0 | {25 26 }
	Port: compute : reg_file_3_1 | {25 26 }
	Port: compute : reg_file_4_0 | {3 4 5 6 7 8 }
	Port: compute : reg_file_4_1 | {3 4 5 6 7 8 }
	Port: compute : reg_file_5_0 | {11 12 13 14 15 16 17 18 19 20 }
	Port: compute : reg_file_5_1 | {11 12 13 14 15 16 17 18 19 20 }
	Port: compute : reg_file_6_0 | {11 12 21 22 25 26 }
	Port: compute : reg_file_6_1 | {11 12 21 22 25 26 }
  - Chain level:
	State 1
	State 2
	State 3
	State 4
		reg_file_0_0_load : 1
	State 5
		call_ln0 : 1
	State 6
	State 7
	State 8
	State 9
	State 10
	State 11
	State 12
	State 13
	State 14
	State 15
	State 16
	State 17
	State 18
		reg_file_1_0_load : 1
	State 19
		call_ln0 : 1
	State 20
	State 21
	State 22
	State 23
	State 24
	State 25
	State 26
	State 27
	State 28


============================================================
+ Verbose Summary: Datapath Resource usage 
============================================================

* Functional unit list:
|----------|-----------------------------------------------------------------------------------|---------|---------|---------|---------|
| Operation|                                  Functional Unit                                  |   DSP   |  Delay  |    FF   |   LUT   |
|----------|-----------------------------------------------------------------------------------|---------|---------|---------|---------|
|          |                    grp_compute_Pipeline_VITIS_LOOP_134_1_fu_94                    |    0    |    0    |    7    |    14   |
|          |                    grp_compute_Pipeline_VITIS_LOOP_156_5_fu_102                   |    0    |    0    |    7    |    14   |
|          |          grp_compute_Pipeline_VITIS_LOOP_232_18_VITIS_LOOP_233_19_fu_110          |    0    |    0    |    34   |    68   |
|          |           grp_compute_Pipeline_VITIS_LOOP_140_2_VITIS_LOOP_141_3_fu_118           |    4    |  3.416  |   323   |   371   |
|          |                    grp_compute_Pipeline_VITIS_LOOP_150_4_fu_130                   |    0    |  1.708  |    78   |    50   |
|          |           grp_compute_Pipeline_VITIS_LOOP_162_6_VITIS_LOOP_163_7_fu_140           |    4    |  3.416  |   361   |   403   |
|          |           grp_compute_Pipeline_VITIS_LOOP_172_8_VITIS_LOOP_173_9_fu_152           |    4    |  3.416  |   287   |   250   |
|   call   |          grp_compute_Pipeline_VITIS_LOOP_181_10_VITIS_LOOP_182_11_fu_164          |    4    |  3.416  |   323   |   371   |
|          |                   grp_compute_Pipeline_VITIS_LOOP_190_12_fu_176                   |    0    |  1.708  |    78   |    50   |
|          |                   grp_compute_Pipeline_VITIS_LOOP_199_13_fu_185                   |    0    |  0.854  |    94   |    32   |
|          |                   grp_compute_Pipeline_VITIS_LOOP_210_14_fu_193                   |    0    |  0.854  |   130   |   126   |
|          |                   grp_compute_Pipeline_VITIS_LOOP_216_15_fu_201                   |    8    |  3.416  |   516   |   222   |
|          |          grp_compute_Pipeline_VITIS_LOOP_222_16_VITIS_LOOP_223_17_fu_215          |    0    |  3.416  |   135   |   145   |
|          |          grp_compute_Pipeline_VITIS_LOOP_240_20_VITIS_LOOP_241_21_fu_227          |    0    |  1.708  |    82   |   127   |
|          | grp_compute_Pipeline_VITIS_LOOP_247_22_VITIS_LOOP_248_23_VITIS_LOOP_249_24_fu_239 |    8    |  4.564  |   612   |   692   |
|          |                   grp_compute_Pipeline_VITIS_LOOP_263_25_fu_255                   |    0    |    0    |    24   |    23   |
|----------|-----------------------------------------------------------------------------------|---------|---------|---------|---------|
|   Total  |                                                                                   |    32   |  31.892 |   3091  |   2958  |
|----------|-----------------------------------------------------------------------------------|---------|---------|---------|---------|

Memories:
N/A

* Register list:
+-------------------------+--------+
|                         |   FF   |
+-------------------------+--------+
|reg_file_0_0_addr_reg_263|   11   |
|reg_file_0_0_load_reg_268|   16   |
|reg_file_1_0_addr_reg_274|   11   |
|reg_file_1_0_load_reg_279|   16   |
+-------------------------+--------+
|          Total          |   54   |
+-------------------------+--------+

* Multiplexer (MUX) list: 
|-----------------------------------------------|------|------|------|--------||---------||---------|
|                      Comp                     |  Pin | Size |  BW  | S x BW ||  Delay  ||   LUT   |
|-----------------------------------------------|------|------|------|--------||---------||---------|
|                grp_access_fu_74               |  p0  |   2  |  11  |   22   ||    9    |
|                grp_access_fu_88               |  p0  |   2  |  11  |   22   ||    9    |
|  grp_compute_Pipeline_VITIS_LOOP_150_4_fu_130 |  p3  |   2  |  16  |   32   ||    9    |
| grp_compute_Pipeline_VITIS_LOOP_216_15_fu_201 |  p5  |   2  |  16  |   32   ||    9    |
|-----------------------------------------------|------|------|------|--------||---------||---------|
|                     Total                     |      |      |      |   108  ||  1.708  ||    36   |
|-----------------------------------------------|------|------|------|--------||---------||---------|



* Summary:
+-----------+--------+--------+--------+--------+
|           |   DSP  |  Delay |   FF   |   LUT  |
+-----------+--------+--------+--------+--------+
|  Function |   32   |   31   |  3091  |  2958  |
|   Memory  |    -   |    -   |    -   |    -   |
|Multiplexer|    -   |    1   |    -   |   36   |
|  Register |    -   |    -   |   54   |    -   |
+-----------+--------+--------+--------+--------+
|   Total   |   32   |   33   |  3145  |  2994  |
+-----------+--------+--------+--------+--------+
