

Implementation tool: Xilinx Vivado v.2022.2
Project:             scalv-max-throughput
Solution:            zcu104
Device target:       xczu7ev-ffvc1156-2-e
Report date:         Thu Jan 12 12:32:45 CET 2023

#=== Post-Implementation Resource usage ===
SLICE:            0
LUT:           1719
FF:            2777
DSP:              4
BRAM:            36
URAM:             0
LATCH:            0
SRL:            146
CLB:            472

#=== Final timing ===
CP required:                     10.000
CP achieved post-synthesis:      4.748
CP achieved post-implementation: 5.702
Timing met
