================================================================
== Vivado Place & Route Results
================================================================
+ General Information:
    * Date:            Thu Jan 12 12:32:46 CET 2023
    * Version:         2022.2 (Build 3670227 on Oct 13 2022)
    * Project:         scalv-max-throughput
    * Solution:        zcu104 (Vivado IP Flow Target)
    * Product family:  zynquplus
    * Target device:   xczu7ev-ffvc1156-2-e


================================================================
== Run Constraints & Options
================================================================
+ Design Constraints & Options:
    * Place & Route target clock:  10 ns
    * C-Synthesis target clock:    10 ns
    * C-Synthesis uncertainty:     27%

+ RTL Synthesis Options:
    * config_export -vivado_synth_strategy:     default
    * config_export -vivado_synth_design_args:  -directive sdx_optimization_effort_high

+ Place & Route Options:
    * config_export -vivado_impl_strategy:  default
    * config_export -vivado_phys_opt:       all

+ Reporting Options:
    * config_export -vivado_report_level:      2
    * config_export -vivado_max_timing_paths:  10


================================================================
== Place & Route Resource Summary
================================================================
LUT:              1719
FF:               2777
DSP:              4
BRAM:             36
URAM:             0
SRL:              146


================================================================
== Place & Route Timing Summary
================================================================
* Timing was met
+----------------+-------------+
| Timing         | Period (ns) |
+----------------+-------------+
| Target         | 10.000      |
| Post-Synthesis | 4.748       |
| Post-Route     | 5.702       |
+----------------+-------------+


================================================================
== Place & Route Resources
================================================================
+------------------------------------------------------------+------+------+-----+------+------+-----+--------+--------+---------+-------------+----------------------------------------------+
| Name                                                       | LUT  | FF   | DSP | BRAM | URAM | SRL | Pragma | Impl   | Latency | Variable    | Source                                       |
+------------------------------------------------------------+------+------+-----+------+------+-----+--------+--------+---------+-------------+----------------------------------------------+
| inst                                                       | 1719 | 2777 | 4   | 36   |      |     |        |        |         |             |                                              |
|   (inst)                                                   | 1    | 262  |     |      |      |     |        |        |         |             |                                              |
|   control_s_axi_U                                          | 198  | 312  |     |      |      |     |        |        |         |             |                                              |
|   data_m_axi_U                                             | 1105 | 1752 |     | 4    |      |     |        |        |         |             |                                              |
|   grp_compute_fu_208                                       | 102  | 89   | 4   |      |      |     |        |        |         |             |                                              |
|     (grp_compute_fu_208)                                   | 1    | 20   |     |      |      |     |        |        |         |             |                                              |
|     grp_compute_Pipeline_VITIS_LOOP_132_1_fu_32            | 101  | 69   | 4   |      |      |     |        |        |         |             |                                              |
|       (grp_compute_Pipeline_VITIS_LOOP_132_1_fu_32)        | 2    | 19   |     |      |      |     |        |        |         |             |                                              |
|       flow_control_loop_pipe_sequential_init_U             | 18   | 2    |     |      |      |     |        |        |         |             |                                              |
|       hmul_16ns_16ns_16_2_max_dsp_1_U37                    | 42   | 32   | 2   |      |      |     |        |        |         |             |                                              |
|         bind_op hmul                                       |      |      |     |      |      |     |        | maxdsp | 1       | val1        | scalv-max-throughput/src/correlation.cpp:135 |
|       hmul_16ns_16ns_16_2_max_dsp_1_U38                    | 40   | 16   | 2   |      |      |     |        |        |         |             |                                              |
|         bind_op hmul                                       |      |      |     |      |      |     |        | maxdsp | 1       | val1_1      | scalv-max-throughput/src/correlation.cpp:135 |
|   grp_recv_data_burst_fu_185                               | 109  | 178  |     |      |      |     |        |        |         |             |                                              |
|     (grp_recv_data_burst_fu_185)                           | 33   | 10   |     |      |      |     |        |        |         |             |                                              |
|     grp_recv_data_burst_Pipeline_VITIS_LOOP_40_1_fu_87     | 76   | 168  |     |      |      |     |        |        |         |             |                                              |
|       (grp_recv_data_burst_Pipeline_VITIS_LOOP_40_1_fu_87) | 44   | 166  |     |      |      |     |        |        |         |             |                                              |
|       flow_control_loop_pipe_sequential_init_U             | 32   | 2    |     |      |      |     |        |        |         |             |                                              |
|   grp_send_data_burst_fu_215                               | 206  | 184  |     |      |      |     |        |        |         |             |                                              |
|     (grp_send_data_burst_fu_215)                           | 6    | 9    |     |      |      |     |        |        |         |             |                                              |
|     grp_send_data_burst_Pipeline_VITIS_LOOP_85_1_fu_90     | 200  | 175  |     |      |      |     |        |        |         |             |                                              |
|       (grp_send_data_burst_Pipeline_VITIS_LOOP_85_1_fu_90) | 195  | 173  |     |      |      |     |        |        |         |             |                                              |
|       flow_control_loop_pipe_sequential_init_U             | 7    | 2    |     |      |      |     |        |        |         |             |                                              |
|   reg_file_10_U                                            |      |      |     | 2    |      |     |        |        |         |             |                                              |
|     bind_storage ram_t2p                                   |      |      |     |      |      |     | yes    | bram   | 1       | reg_file_10 | scalv-max-throughput/src/correlation.cpp:152 |
|   reg_file_11_U                                            |      |      |     | 2    |      |     |        |        |         |             |                                              |
|     bind_storage ram_t2p                                   |      |      |     |      |      |     | yes    | bram   | 1       | reg_file_11 | scalv-max-throughput/src/correlation.cpp:152 |
|   reg_file_12_U                                            |      |      |     | 2    |      |     |        |        |         |             |                                              |
|     bind_storage ram_t2p                                   |      |      |     |      |      |     | yes    | bram   | 1       | reg_file_12 | scalv-max-throughput/src/correlation.cpp:152 |
|   reg_file_13_U                                            |      |      |     | 2    |      |     |        |        |         |             |                                              |
|     bind_storage ram_t2p                                   |      |      |     |      |      |     | yes    | bram   | 1       | reg_file_13 | scalv-max-throughput/src/correlation.cpp:152 |
|   reg_file_14_U                                            |      |      |     | 2    |      |     |        |        |         |             |                                              |
|     bind_storage ram_t2p                                   |      |      |     |      |      |     | yes    | bram   | 1       | reg_file_14 | scalv-max-throughput/src/correlation.cpp:152 |
|   reg_file_15_U                                            |      |      |     | 2    |      |     |        |        |         |             |                                              |
|     bind_storage ram_t2p                                   |      |      |     |      |      |     | yes    | bram   | 1       | reg_file_15 | scalv-max-throughput/src/correlation.cpp:152 |
|   reg_file_1_U                                             |      |      |     | 2    |      |     |        |        |         |             |                                              |
|     bind_storage ram_t2p                                   |      |      |     |      |      |     | yes    | bram   | 1       | reg_file_1  | scalv-max-throughput/src/correlation.cpp:152 |
|   reg_file_2_U                                             |      |      |     | 2    |      |     |        |        |         |             |                                              |
|     bind_storage ram_t2p                                   |      |      |     |      |      |     | yes    | bram   | 1       | reg_file_2  | scalv-max-throughput/src/correlation.cpp:152 |
|   reg_file_3_U                                             |      |      |     | 2    |      |     |        |        |         |             |                                              |
|     bind_storage ram_t2p                                   |      |      |     |      |      |     | yes    | bram   | 1       | reg_file_3  | scalv-max-throughput/src/correlation.cpp:152 |
|   reg_file_4_U                                             |      |      |     | 2    |      |     |        |        |         |             |                                              |
|     bind_storage ram_t2p                                   |      |      |     |      |      |     | yes    | bram   | 1       | reg_file_4  | scalv-max-throughput/src/correlation.cpp:152 |
|   reg_file_5_U                                             |      |      |     | 2    |      |     |        |        |         |             |                                              |
|     bind_storage ram_t2p                                   |      |      |     |      |      |     | yes    | bram   | 1       | reg_file_5  | scalv-max-throughput/src/correlation.cpp:152 |
|   reg_file_6_U                                             |      |      |     | 2    |      |     |        |        |         |             |                                              |
|     bind_storage ram_t2p                                   |      |      |     |      |      |     | yes    | bram   | 1       | reg_file_6  | scalv-max-throughput/src/correlation.cpp:152 |
|   reg_file_7_U                                             |      |      |     | 2    |      |     |        |        |         |             |                                              |
|     bind_storage ram_t2p                                   |      |      |     |      |      |     | yes    | bram   | 1       | reg_file_7  | scalv-max-throughput/src/correlation.cpp:152 |
|   reg_file_8_U                                             |      |      |     | 2    |      |     |        |        |         |             |                                              |
|     bind_storage ram_t2p                                   |      |      |     |      |      |     | yes    | bram   | 1       | reg_file_8  | scalv-max-throughput/src/correlation.cpp:152 |
|   reg_file_9_U                                             |      |      |     | 2    |      |     |        |        |         |             |                                              |
|     bind_storage ram_t2p                                   |      |      |     |      |      |     | yes    | bram   | 1       | reg_file_9  | scalv-max-throughput/src/correlation.cpp:152 |
|   reg_file_U                                               | 1    |      |     | 2    |      |     |        |        |         |             |                                              |
|     bind_storage ram_t2p                                   |      |      |     |      |      |     | yes    | bram   | 1       | reg_file    | scalv-max-throughput/src/correlation.cpp:152 |
+------------------------------------------------------------+------+------+-----+------+------+-----+--------+--------+---------+-------------+----------------------------------------------+


================================================================
== Place & Route Fail Fast
================================================================
+-----------------------------------------------------------+-----------+--------+--------+
| Criteria                                                  | Guideline | Actual | Status |
+-----------------------------------------------------------+-----------+--------+--------+
| LUT                                                       | 70%       | 0.75%  | OK     |
| FD                                                        | 50%       | 0.60%  | OK     |
| LUTRAM+SRL                                                | 25%       | 0.14%  | OK     |
| CARRY8                                                    | 25%       | 0.38%  | OK     |
| MUXF7                                                     | 15%       | 0.06%  | OK     |
| DSP                                                       | 80%       | 0.23%  | OK     |
| RAMB/FIFO                                                 | 80%       | 5.77%  | OK     |
| URAM                                                      | 80%       | 0.00%  | OK     |
| DSP+RAMB+URAM (Avg)                                       | 70%       | 3.00%  | OK     |
| BUFGCE* + BUFGCTRL                                        | 24        | 0      | OK     |
| DONT_TOUCH (cells/nets)                                   | 0         | 0      | OK     |
| MARK_DEBUG (nets)                                         | 0         | 0      | OK     |
| Control Sets                                              | 4320      | 93     | OK     |
| Average Fanout for modules > 100k cells                   | 4         | 0      | OK     |
| Non-FD high fanout nets > 10k loads                       | 0         | 0      | OK     |
+-----------------------------------------------------------+-----------+--------+--------+
| TIMING-6 (No common primary clock between related clocks) | 0         | 0      | OK     |
| TIMING-7 (No common node between related clocks)          | 0         | 0      | OK     |
| TIMING-8 (No common period between related clocks)        | 0         | 0      | OK     |
| TIMING-14 (LUT on the clock tree)                         | 0         | 0      | OK     |
| TIMING-35 (No common node in paths with the same clock)   | 0         | 0      | OK     |
+-----------------------------------------------------------+-----------+--------+--------+
| Number of paths above max LUT budgeting (0.300ns)         | 0         | 0      | OK     |
| Number of paths above max Net budgeting (0.208ns)         | 0         | 0      | OK     |
+-----------------------------------------------------------+-----------+--------+--------+


================================================================
== Place & Route Timing Paths
================================================================
* Timing was met
+-------+-------+---------------------------------------------------------------------------------------------------------------------+-----------------------------------------+--------------+------------+----------------+----------------+--------------+
| Path  | SLACK | STARTPOINT PIN                                                                                                      | ENDPOINT PIN                            | LOGIC LEVELS | MAX FANOUT | DATAPATH DELAY | DATAPATH LOGIC | DATAPATH NET |
|       |       |                                                                                                                     |                                         |              |            |                |          DELAY |        DELAY |
+-------+-------+---------------------------------------------------------------------------------------------------------------------+-----------------------------------------+--------------+------------+----------------+----------------+--------------+
| Path1 | 4.298 | grp_compute_fu_208/grp_compute_Pipeline_VITIS_LOOP_132_1_fu_32/hmul_16ns_16ns_16_2_max_dsp_1_U38/din1_buf1_reg[4]/C | reg_file_5_U/ram_reg_bram_0/DINBDIN[12] |           14 |          2 |          5.421 |          3.311 |        2.110 |
| Path2 | 4.306 | grp_compute_fu_208/grp_compute_Pipeline_VITIS_LOOP_132_1_fu_32/hmul_16ns_16ns_16_2_max_dsp_1_U38/din1_buf1_reg[4]/C | reg_file_5_U/ram_reg_bram_0/DINBDIN[14] |           14 |          2 |          5.399 |          3.374 |        2.025 |
| Path3 | 4.337 | grp_compute_fu_208/grp_compute_Pipeline_VITIS_LOOP_132_1_fu_32/hmul_16ns_16ns_16_2_max_dsp_1_U38/din1_buf1_reg[4]/C | reg_file_5_U/ram_reg_bram_0/DINBDIN[10] |           14 |          2 |          5.401 |          3.244 |        2.157 |
| Path4 | 4.426 | grp_compute_fu_208/grp_compute_Pipeline_VITIS_LOOP_132_1_fu_32/hmul_16ns_16ns_16_2_max_dsp_1_U38/din1_buf1_reg[4]/C | reg_file_5_U/ram_reg_bram_0/DINBDIN[13] |           14 |          2 |          5.291 |          3.316 |        1.975 |
| Path5 | 4.428 | grp_compute_fu_208/grp_compute_Pipeline_VITIS_LOOP_132_1_fu_32/hmul_16ns_16ns_16_2_max_dsp_1_U37/din1_buf1_reg[1]/C | reg_file_4_U/ram_reg_bram_0/DINBDIN[14] |           14 |          2 |          5.277 |          3.350 |        1.927 |
+-------+-------+---------------------------------------------------------------------------------------------------------------------+-----------------------------------------+--------------+------------+----------------+----------------+--------------+

    +-----------------------------------------------------------------------------------------------------------------------------------------------------------------------+------------------------+
    | Path1 Cells                                                                                                                                                           | Primitive Type         |
    +-----------------------------------------------------------------------------------------------------------------------------------------------------------------------+------------------------+
    | grp_compute_fu_208/grp_compute_Pipeline_VITIS_LOOP_132_1_fu_32/hmul_16ns_16ns_16_2_max_dsp_1_U38/din1_buf1_reg[4]                                                     | REGISTER.SDR.FDRE      |
    | i_synth/MULT.OP/i_non_prim.MULT/MULT_GEN_VARIANT.FIX_MULT/MULT/gDSP.gDSP_only.iDSP/use_prim.appDSP48[0].bppDSP48[0].use_dsp.use_dsp48e2.iDSP48E2/DSP_A_B_DATA_INST    | ARITHMETIC.DSP.DSP48E2 |
    | i_synth/MULT.OP/i_non_prim.MULT/MULT_GEN_VARIANT.FIX_MULT/MULT/gDSP.gDSP_only.iDSP/use_prim.appDSP48[0].bppDSP48[0].use_dsp.use_dsp48e2.iDSP48E2/DSP_PREADD_DATA_INST | ARITHMETIC.DSP.DSP48E2 |
    | i_synth/MULT.OP/i_non_prim.MULT/MULT_GEN_VARIANT.FIX_MULT/MULT/gDSP.gDSP_only.iDSP/use_prim.appDSP48[0].bppDSP48[0].use_dsp.use_dsp48e2.iDSP48E2/DSP_MULTIPLIER_INST  | ARITHMETIC.DSP.DSP48E2 |
    | i_synth/MULT.OP/i_non_prim.MULT/MULT_GEN_VARIANT.FIX_MULT/MULT/gDSP.gDSP_only.iDSP/use_prim.appDSP48[0].bppDSP48[0].use_dsp.use_dsp48e2.iDSP48E2/DSP_M_DATA_INST      | ARITHMETIC.DSP.DSP48E2 |
    | i_synth/MULT.OP/i_non_prim.MULT/MULT_GEN_VARIANT.FIX_MULT/MULT/gDSP.gDSP_only.iDSP/use_prim.appDSP48[0].bppDSP48[0].use_dsp.use_dsp48e2.iDSP48E2/DSP_ALU_INST         | ARITHMETIC.DSP.DSP48E2 |
    | i_synth/MULT.OP/i_non_prim.MULT/MULT_GEN_VARIANT.FIX_MULT/MULT/gDSP.gDSP_only.iDSP/use_prim.appDSP48[0].bppDSP48[0].use_dsp.use_dsp48e2.iDSP48E2/DSP_OUTPUT_INST      | ARITHMETIC.DSP.DSP48E2 |
    | i_synth/MULT.OP/i_non_prim.MULT/MULT_GEN_VARIANT.FIX_MULT/CHAIN_GEN[0].C_MUX.CARRY_MUX_i_1__0                                                                         | CLB.LUT.LUT3           |
    | i_synth/MULT.OP/i_non_prim.R_AND_R/LOGIC.R_AND_R/RND_BIT_GEN/NORM_1_OR_0.STRUCT_REQ.GENERAL.RND1/CHAIN_GEN[0].C_MUX.CARRY_MUX_CARRY4_CARRY8                           | CLB.CARRY.CARRY8       |
    | i_synth/MULT.OP/i_non_prim.R_AND_R/LOGIC.R_AND_R/DSP48_E1.DSP48E1_ADD.DSP48E1_ADD/i_no_versal_es1_workaround.DSP/DSP_A_B_DATA_INST                                    | ARITHMETIC.DSP.DSP48E2 |
    | i_synth/MULT.OP/i_non_prim.R_AND_R/LOGIC.R_AND_R/DSP48_E1.DSP48E1_ADD.DSP48E1_ADD/i_no_versal_es1_workaround.DSP/DSP_ALU_INST                                         | ARITHMETIC.DSP.DSP48E2 |
    | i_synth/MULT.OP/i_non_prim.R_AND_R/LOGIC.R_AND_R/DSP48_E1.DSP48E1_ADD.DSP48E1_ADD/i_no_versal_es1_workaround.DSP/DSP_OUTPUT_INST                                      | ARITHMETIC.DSP.DSP48E2 |
    | i_synth/MULT.OP/i_non_prim.R_AND_R/LOGIC.R_AND_R/EXP_ADD.ADD/CHAIN_GEN[0].C_MUX.CARRY_MUX_CARRY4_CARRY8                                                               | CLB.CARRY.CARRY8       |
    | i_synth/MULT.OP/i_non_prim.EXP/EXP_ADD.C_CHAIN/m_axis_result_tdata[12]_INST_0                                                                                         | CLB.LUT.LUT3           |
    | grp_compute_fu_208/grp_compute_Pipeline_VITIS_LOOP_132_1_fu_32/hmul_16ns_16ns_16_2_max_dsp_1_U38/corr_accel_hmul_16ns_16ns_16_2_max_dsp_1_ip_u/ram_reg_bram_0_i_4__1  | CLB.LUT.LUT3           |
    | reg_file_5_U/ram_reg_bram_0                                                                                                                                           | BLOCKRAM.BRAM.RAMB36E2 |
    +-----------------------------------------------------------------------------------------------------------------------------------------------------------------------+------------------------+

    +-----------------------------------------------------------------------------------------------------------------------------------------------------------------------+------------------------+
    | Path2 Cells                                                                                                                                                           | Primitive Type         |
    +-----------------------------------------------------------------------------------------------------------------------------------------------------------------------+------------------------+
    | grp_compute_fu_208/grp_compute_Pipeline_VITIS_LOOP_132_1_fu_32/hmul_16ns_16ns_16_2_max_dsp_1_U38/din1_buf1_reg[4]                                                     | REGISTER.SDR.FDRE      |
    | i_synth/MULT.OP/i_non_prim.MULT/MULT_GEN_VARIANT.FIX_MULT/MULT/gDSP.gDSP_only.iDSP/use_prim.appDSP48[0].bppDSP48[0].use_dsp.use_dsp48e2.iDSP48E2/DSP_A_B_DATA_INST    | ARITHMETIC.DSP.DSP48E2 |
    | i_synth/MULT.OP/i_non_prim.MULT/MULT_GEN_VARIANT.FIX_MULT/MULT/gDSP.gDSP_only.iDSP/use_prim.appDSP48[0].bppDSP48[0].use_dsp.use_dsp48e2.iDSP48E2/DSP_PREADD_DATA_INST | ARITHMETIC.DSP.DSP48E2 |
    | i_synth/MULT.OP/i_non_prim.MULT/MULT_GEN_VARIANT.FIX_MULT/MULT/gDSP.gDSP_only.iDSP/use_prim.appDSP48[0].bppDSP48[0].use_dsp.use_dsp48e2.iDSP48E2/DSP_MULTIPLIER_INST  | ARITHMETIC.DSP.DSP48E2 |
    | i_synth/MULT.OP/i_non_prim.MULT/MULT_GEN_VARIANT.FIX_MULT/MULT/gDSP.gDSP_only.iDSP/use_prim.appDSP48[0].bppDSP48[0].use_dsp.use_dsp48e2.iDSP48E2/DSP_M_DATA_INST      | ARITHMETIC.DSP.DSP48E2 |
    | i_synth/MULT.OP/i_non_prim.MULT/MULT_GEN_VARIANT.FIX_MULT/MULT/gDSP.gDSP_only.iDSP/use_prim.appDSP48[0].bppDSP48[0].use_dsp.use_dsp48e2.iDSP48E2/DSP_ALU_INST         | ARITHMETIC.DSP.DSP48E2 |
    | i_synth/MULT.OP/i_non_prim.MULT/MULT_GEN_VARIANT.FIX_MULT/MULT/gDSP.gDSP_only.iDSP/use_prim.appDSP48[0].bppDSP48[0].use_dsp.use_dsp48e2.iDSP48E2/DSP_OUTPUT_INST      | ARITHMETIC.DSP.DSP48E2 |
    | i_synth/MULT.OP/i_non_prim.MULT/MULT_GEN_VARIANT.FIX_MULT/CHAIN_GEN[0].C_MUX.CARRY_MUX_i_1__0                                                                         | CLB.LUT.LUT3           |
    | i_synth/MULT.OP/i_non_prim.R_AND_R/LOGIC.R_AND_R/RND_BIT_GEN/NORM_1_OR_0.STRUCT_REQ.GENERAL.RND1/CHAIN_GEN[0].C_MUX.CARRY_MUX_CARRY4_CARRY8                           | CLB.CARRY.CARRY8       |
    | i_synth/MULT.OP/i_non_prim.R_AND_R/LOGIC.R_AND_R/DSP48_E1.DSP48E1_ADD.DSP48E1_ADD/i_no_versal_es1_workaround.DSP/DSP_A_B_DATA_INST                                    | ARITHMETIC.DSP.DSP48E2 |
    | i_synth/MULT.OP/i_non_prim.R_AND_R/LOGIC.R_AND_R/DSP48_E1.DSP48E1_ADD.DSP48E1_ADD/i_no_versal_es1_workaround.DSP/DSP_ALU_INST                                         | ARITHMETIC.DSP.DSP48E2 |
    | i_synth/MULT.OP/i_non_prim.R_AND_R/LOGIC.R_AND_R/DSP48_E1.DSP48E1_ADD.DSP48E1_ADD/i_no_versal_es1_workaround.DSP/DSP_OUTPUT_INST                                      | ARITHMETIC.DSP.DSP48E2 |
    | i_synth/MULT.OP/i_non_prim.R_AND_R/LOGIC.R_AND_R/EXP_ADD.ADD/CHAIN_GEN[0].C_MUX.CARRY_MUX_CARRY4_CARRY8                                                               | CLB.CARRY.CARRY8       |
    | i_synth/MULT.OP/i_non_prim.EXP/EXP_ADD.C_CHAIN/m_axis_result_tdata[14]_INST_0                                                                                         | CLB.LUT.LUT3           |
    | grp_compute_fu_208/grp_compute_Pipeline_VITIS_LOOP_132_1_fu_32/hmul_16ns_16ns_16_2_max_dsp_1_U38/corr_accel_hmul_16ns_16ns_16_2_max_dsp_1_ip_u/ram_reg_bram_0_i_2__7  | CLB.LUT.LUT3           |
    | reg_file_5_U/ram_reg_bram_0                                                                                                                                           | BLOCKRAM.BRAM.RAMB36E2 |
    +-----------------------------------------------------------------------------------------------------------------------------------------------------------------------+------------------------+

    +-----------------------------------------------------------------------------------------------------------------------------------------------------------------------+------------------------+
    | Path3 Cells                                                                                                                                                           | Primitive Type         |
    +-----------------------------------------------------------------------------------------------------------------------------------------------------------------------+------------------------+
    | grp_compute_fu_208/grp_compute_Pipeline_VITIS_LOOP_132_1_fu_32/hmul_16ns_16ns_16_2_max_dsp_1_U38/din1_buf1_reg[4]                                                     | REGISTER.SDR.FDRE      |
    | i_synth/MULT.OP/i_non_prim.MULT/MULT_GEN_VARIANT.FIX_MULT/MULT/gDSP.gDSP_only.iDSP/use_prim.appDSP48[0].bppDSP48[0].use_dsp.use_dsp48e2.iDSP48E2/DSP_A_B_DATA_INST    | ARITHMETIC.DSP.DSP48E2 |
    | i_synth/MULT.OP/i_non_prim.MULT/MULT_GEN_VARIANT.FIX_MULT/MULT/gDSP.gDSP_only.iDSP/use_prim.appDSP48[0].bppDSP48[0].use_dsp.use_dsp48e2.iDSP48E2/DSP_PREADD_DATA_INST | ARITHMETIC.DSP.DSP48E2 |
    | i_synth/MULT.OP/i_non_prim.MULT/MULT_GEN_VARIANT.FIX_MULT/MULT/gDSP.gDSP_only.iDSP/use_prim.appDSP48[0].bppDSP48[0].use_dsp.use_dsp48e2.iDSP48E2/DSP_MULTIPLIER_INST  | ARITHMETIC.DSP.DSP48E2 |
    | i_synth/MULT.OP/i_non_prim.MULT/MULT_GEN_VARIANT.FIX_MULT/MULT/gDSP.gDSP_only.iDSP/use_prim.appDSP48[0].bppDSP48[0].use_dsp.use_dsp48e2.iDSP48E2/DSP_M_DATA_INST      | ARITHMETIC.DSP.DSP48E2 |
    | i_synth/MULT.OP/i_non_prim.MULT/MULT_GEN_VARIANT.FIX_MULT/MULT/gDSP.gDSP_only.iDSP/use_prim.appDSP48[0].bppDSP48[0].use_dsp.use_dsp48e2.iDSP48E2/DSP_ALU_INST         | ARITHMETIC.DSP.DSP48E2 |
    | i_synth/MULT.OP/i_non_prim.MULT/MULT_GEN_VARIANT.FIX_MULT/MULT/gDSP.gDSP_only.iDSP/use_prim.appDSP48[0].bppDSP48[0].use_dsp.use_dsp48e2.iDSP48E2/DSP_OUTPUT_INST      | ARITHMETIC.DSP.DSP48E2 |
    | i_synth/MULT.OP/i_non_prim.MULT/MULT_GEN_VARIANT.FIX_MULT/CHAIN_GEN[0].C_MUX.CARRY_MUX_i_1__0                                                                         | CLB.LUT.LUT3           |
    | i_synth/MULT.OP/i_non_prim.R_AND_R/LOGIC.R_AND_R/RND_BIT_GEN/NORM_1_OR_0.STRUCT_REQ.GENERAL.RND1/CHAIN_GEN[0].C_MUX.CARRY_MUX_CARRY4_CARRY8                           | CLB.CARRY.CARRY8       |
    | i_synth/MULT.OP/i_non_prim.R_AND_R/LOGIC.R_AND_R/DSP48_E1.DSP48E1_ADD.DSP48E1_ADD/i_no_versal_es1_workaround.DSP/DSP_A_B_DATA_INST                                    | ARITHMETIC.DSP.DSP48E2 |
    | i_synth/MULT.OP/i_non_prim.R_AND_R/LOGIC.R_AND_R/DSP48_E1.DSP48E1_ADD.DSP48E1_ADD/i_no_versal_es1_workaround.DSP/DSP_ALU_INST                                         | ARITHMETIC.DSP.DSP48E2 |
    | i_synth/MULT.OP/i_non_prim.R_AND_R/LOGIC.R_AND_R/DSP48_E1.DSP48E1_ADD.DSP48E1_ADD/i_no_versal_es1_workaround.DSP/DSP_OUTPUT_INST                                      | ARITHMETIC.DSP.DSP48E2 |
    | i_synth/MULT.OP/i_non_prim.R_AND_R/LOGIC.R_AND_R/EXP_ADD.ADD/CHAIN_GEN[0].C_MUX.CARRY_MUX_CARRY4_CARRY8                                                               | CLB.CARRY.CARRY8       |
    | i_synth/MULT.OP/i_non_prim.EXP/EXP_ADD.C_CHAIN/m_axis_result_tdata[10]_INST_0                                                                                         | CLB.LUT.LUT3           |
    | grp_compute_fu_208/grp_compute_Pipeline_VITIS_LOOP_132_1_fu_32/hmul_16ns_16ns_16_2_max_dsp_1_U38/corr_accel_hmul_16ns_16ns_16_2_max_dsp_1_ip_u/ram_reg_bram_0_i_6__1  | CLB.LUT.LUT3           |
    | reg_file_5_U/ram_reg_bram_0                                                                                                                                           | BLOCKRAM.BRAM.RAMB36E2 |
    +-----------------------------------------------------------------------------------------------------------------------------------------------------------------------+------------------------+

    +-----------------------------------------------------------------------------------------------------------------------------------------------------------------------+------------------------+
    | Path4 Cells                                                                                                                                                           | Primitive Type         |
    +-----------------------------------------------------------------------------------------------------------------------------------------------------------------------+------------------------+
    | grp_compute_fu_208/grp_compute_Pipeline_VITIS_LOOP_132_1_fu_32/hmul_16ns_16ns_16_2_max_dsp_1_U38/din1_buf1_reg[4]                                                     | REGISTER.SDR.FDRE      |
    | i_synth/MULT.OP/i_non_prim.MULT/MULT_GEN_VARIANT.FIX_MULT/MULT/gDSP.gDSP_only.iDSP/use_prim.appDSP48[0].bppDSP48[0].use_dsp.use_dsp48e2.iDSP48E2/DSP_A_B_DATA_INST    | ARITHMETIC.DSP.DSP48E2 |
    | i_synth/MULT.OP/i_non_prim.MULT/MULT_GEN_VARIANT.FIX_MULT/MULT/gDSP.gDSP_only.iDSP/use_prim.appDSP48[0].bppDSP48[0].use_dsp.use_dsp48e2.iDSP48E2/DSP_PREADD_DATA_INST | ARITHMETIC.DSP.DSP48E2 |
    | i_synth/MULT.OP/i_non_prim.MULT/MULT_GEN_VARIANT.FIX_MULT/MULT/gDSP.gDSP_only.iDSP/use_prim.appDSP48[0].bppDSP48[0].use_dsp.use_dsp48e2.iDSP48E2/DSP_MULTIPLIER_INST  | ARITHMETIC.DSP.DSP48E2 |
    | i_synth/MULT.OP/i_non_prim.MULT/MULT_GEN_VARIANT.FIX_MULT/MULT/gDSP.gDSP_only.iDSP/use_prim.appDSP48[0].bppDSP48[0].use_dsp.use_dsp48e2.iDSP48E2/DSP_M_DATA_INST      | ARITHMETIC.DSP.DSP48E2 |
    | i_synth/MULT.OP/i_non_prim.MULT/MULT_GEN_VARIANT.FIX_MULT/MULT/gDSP.gDSP_only.iDSP/use_prim.appDSP48[0].bppDSP48[0].use_dsp.use_dsp48e2.iDSP48E2/DSP_ALU_INST         | ARITHMETIC.DSP.DSP48E2 |
    | i_synth/MULT.OP/i_non_prim.MULT/MULT_GEN_VARIANT.FIX_MULT/MULT/gDSP.gDSP_only.iDSP/use_prim.appDSP48[0].bppDSP48[0].use_dsp.use_dsp48e2.iDSP48E2/DSP_OUTPUT_INST      | ARITHMETIC.DSP.DSP48E2 |
    | i_synth/MULT.OP/i_non_prim.MULT/MULT_GEN_VARIANT.FIX_MULT/CHAIN_GEN[0].C_MUX.CARRY_MUX_i_1__0                                                                         | CLB.LUT.LUT3           |
    | i_synth/MULT.OP/i_non_prim.R_AND_R/LOGIC.R_AND_R/RND_BIT_GEN/NORM_1_OR_0.STRUCT_REQ.GENERAL.RND1/CHAIN_GEN[0].C_MUX.CARRY_MUX_CARRY4_CARRY8                           | CLB.CARRY.CARRY8       |
    | i_synth/MULT.OP/i_non_prim.R_AND_R/LOGIC.R_AND_R/DSP48_E1.DSP48E1_ADD.DSP48E1_ADD/i_no_versal_es1_workaround.DSP/DSP_A_B_DATA_INST                                    | ARITHMETIC.DSP.DSP48E2 |
    | i_synth/MULT.OP/i_non_prim.R_AND_R/LOGIC.R_AND_R/DSP48_E1.DSP48E1_ADD.DSP48E1_ADD/i_no_versal_es1_workaround.DSP/DSP_ALU_INST                                         | ARITHMETIC.DSP.DSP48E2 |
    | i_synth/MULT.OP/i_non_prim.R_AND_R/LOGIC.R_AND_R/DSP48_E1.DSP48E1_ADD.DSP48E1_ADD/i_no_versal_es1_workaround.DSP/DSP_OUTPUT_INST                                      | ARITHMETIC.DSP.DSP48E2 |
    | i_synth/MULT.OP/i_non_prim.R_AND_R/LOGIC.R_AND_R/EXP_ADD.ADD/CHAIN_GEN[0].C_MUX.CARRY_MUX_CARRY4_CARRY8                                                               | CLB.CARRY.CARRY8       |
    | i_synth/MULT.OP/i_non_prim.EXP/EXP_ADD.C_CHAIN/m_axis_result_tdata[13]_INST_0                                                                                         | CLB.LUT.LUT3           |
    | grp_compute_fu_208/grp_compute_Pipeline_VITIS_LOOP_132_1_fu_32/hmul_16ns_16ns_16_2_max_dsp_1_U38/corr_accel_hmul_16ns_16ns_16_2_max_dsp_1_ip_u/ram_reg_bram_0_i_3__1  | CLB.LUT.LUT3           |
    | reg_file_5_U/ram_reg_bram_0                                                                                                                                           | BLOCKRAM.BRAM.RAMB36E2 |
    +-----------------------------------------------------------------------------------------------------------------------------------------------------------------------+------------------------+

    +-----------------------------------------------------------------------------------------------------------------------------------------------------------------------+------------------------+
    | Path5 Cells                                                                                                                                                           | Primitive Type         |
    +-----------------------------------------------------------------------------------------------------------------------------------------------------------------------+------------------------+
    | grp_compute_fu_208/grp_compute_Pipeline_VITIS_LOOP_132_1_fu_32/hmul_16ns_16ns_16_2_max_dsp_1_U37/din1_buf1_reg[1]                                                     | REGISTER.SDR.FDRE      |
    | i_synth/MULT.OP/i_non_prim.MULT/MULT_GEN_VARIANT.FIX_MULT/MULT/gDSP.gDSP_only.iDSP/use_prim.appDSP48[0].bppDSP48[0].use_dsp.use_dsp48e2.iDSP48E2/DSP_A_B_DATA_INST    | ARITHMETIC.DSP.DSP48E2 |
    | i_synth/MULT.OP/i_non_prim.MULT/MULT_GEN_VARIANT.FIX_MULT/MULT/gDSP.gDSP_only.iDSP/use_prim.appDSP48[0].bppDSP48[0].use_dsp.use_dsp48e2.iDSP48E2/DSP_PREADD_DATA_INST | ARITHMETIC.DSP.DSP48E2 |
    | i_synth/MULT.OP/i_non_prim.MULT/MULT_GEN_VARIANT.FIX_MULT/MULT/gDSP.gDSP_only.iDSP/use_prim.appDSP48[0].bppDSP48[0].use_dsp.use_dsp48e2.iDSP48E2/DSP_MULTIPLIER_INST  | ARITHMETIC.DSP.DSP48E2 |
    | i_synth/MULT.OP/i_non_prim.MULT/MULT_GEN_VARIANT.FIX_MULT/MULT/gDSP.gDSP_only.iDSP/use_prim.appDSP48[0].bppDSP48[0].use_dsp.use_dsp48e2.iDSP48E2/DSP_M_DATA_INST      | ARITHMETIC.DSP.DSP48E2 |
    | i_synth/MULT.OP/i_non_prim.MULT/MULT_GEN_VARIANT.FIX_MULT/MULT/gDSP.gDSP_only.iDSP/use_prim.appDSP48[0].bppDSP48[0].use_dsp.use_dsp48e2.iDSP48E2/DSP_ALU_INST         | ARITHMETIC.DSP.DSP48E2 |
    | i_synth/MULT.OP/i_non_prim.MULT/MULT_GEN_VARIANT.FIX_MULT/MULT/gDSP.gDSP_only.iDSP/use_prim.appDSP48[0].bppDSP48[0].use_dsp.use_dsp48e2.iDSP48E2/DSP_OUTPUT_INST      | ARITHMETIC.DSP.DSP48E2 |
    | i_synth/MULT.OP/i_non_prim.MULT/MULT_GEN_VARIANT.FIX_MULT/CHAIN_GEN[0].C_MUX.CARRY_MUX_i_1__0                                                                         | CLB.LUT.LUT3           |
    | i_synth/MULT.OP/i_non_prim.R_AND_R/LOGIC.R_AND_R/RND_BIT_GEN/NORM_1_OR_0.STRUCT_REQ.GENERAL.RND1/CHAIN_GEN[0].C_MUX.CARRY_MUX_CARRY4_CARRY8                           | CLB.CARRY.CARRY8       |
    | i_synth/MULT.OP/i_non_prim.R_AND_R/LOGIC.R_AND_R/DSP48_E1.DSP48E1_ADD.DSP48E1_ADD/i_no_versal_es1_workaround.DSP/DSP_A_B_DATA_INST                                    | ARITHMETIC.DSP.DSP48E2 |
    | i_synth/MULT.OP/i_non_prim.R_AND_R/LOGIC.R_AND_R/DSP48_E1.DSP48E1_ADD.DSP48E1_ADD/i_no_versal_es1_workaround.DSP/DSP_ALU_INST                                         | ARITHMETIC.DSP.DSP48E2 |
    | i_synth/MULT.OP/i_non_prim.R_AND_R/LOGIC.R_AND_R/DSP48_E1.DSP48E1_ADD.DSP48E1_ADD/i_no_versal_es1_workaround.DSP/DSP_OUTPUT_INST                                      | ARITHMETIC.DSP.DSP48E2 |
    | i_synth/MULT.OP/i_non_prim.R_AND_R/LOGIC.R_AND_R/EXP_ADD.ADD/CHAIN_GEN[0].C_MUX.CARRY_MUX_CARRY4_CARRY8                                                               | CLB.CARRY.CARRY8       |
    | i_synth/MULT.OP/i_non_prim.EXP/EXP_ADD.C_CHAIN/m_axis_result_tdata[14]_INST_0                                                                                         | CLB.LUT.LUT5           |
    | grp_compute_fu_208/grp_compute_Pipeline_VITIS_LOOP_132_1_fu_32/hmul_16ns_16ns_16_2_max_dsp_1_U37/corr_accel_hmul_16ns_16ns_16_2_max_dsp_1_ip_u/ram_reg_bram_0_i_14__0 | CLB.LUT.LUT3           |
    | reg_file_4_U/ram_reg_bram_0                                                                                                                                           | BLOCKRAM.BRAM.RAMB36E2 |
    +-----------------------------------------------------------------------------------------------------------------------------------------------------------------------+------------------------+


================================================================
== Place & Route Vivado Reports
================================================================
+--------------------------+--------------------------------------------------------------------+
| Report Type              | Report Location                                                    |
+--------------------------+--------------------------------------------------------------------+
| design_analysis          | impl/verilog/report/corr_accel_design_analysis_routed.rpt          |
| failfast                 | impl/verilog/report/corr_accel_failfast_routed.rpt                 |
| status                   | impl/verilog/report/corr_accel_status_routed.rpt                   |
| timing                   | impl/verilog/report/corr_accel_timing_routed.rpt                   |
| timing_paths             | impl/verilog/report/corr_accel_timing_paths_routed.rpt             |
| utilization              | impl/verilog/report/corr_accel_utilization_routed.rpt              |
| utilization_hierarchical | impl/verilog/report/corr_accel_utilization_hierarchical_routed.rpt |
+--------------------------+--------------------------------------------------------------------+


