

================================================================
== Vitis HLS Report for 'compute_Pipeline_VITIS_LOOP_136_2_VITIS_LOOP_138_3'
================================================================
* Date:           Sun Nov 20 17:08:42 2022

* Version:        2022.2 (Build 3670227 on Oct 13 2022)
* Project:        gemv-max-throughput
* Solution:       zcu104 (Vivado IP Flow Target)
* Product family: zynquplus
* Target device:  xczu7ev-ffvc1156-2-e


================================================================
== Performance Estimates
================================================================
+ Timing: 
    * Summary: 
    +--------+----------+----------+------------+
    |  Clock |  Target  | Estimated| Uncertainty|
    +--------+----------+----------+------------+
    |ap_clk  |  10.00 ns|  7.141 ns|     2.70 ns|
    +--------+----------+----------+------------+

+ Latency: 
    * Summary: 
    +---------+---------+-----------+-----------+------+------+---------+
    |  Latency (cycles) |   Latency (absolute)  |   Interval  | Pipeline|
    |   min   |   max   |    min    |    max    |  min |  max |   Type  |
    +---------+---------+-----------+-----------+------+------+---------+
    |     2055|     2055|  20.550 us|  20.550 us|  2055|  2055|       no|
    +---------+---------+-----------+-----------+------+------+---------+

    + Detail: 
        * Instance: 
        N/A

        * Loop: 
        +-------------------------------------+---------+---------+----------+-----------+-----------+------+----------+
        |                                     |  Latency (cycles) | Iteration|  Initiation Interval  | Trip |          |
        |              Loop Name              |   min   |   max   |  Latency |  achieved |   target  | Count| Pipelined|
        +-------------------------------------+---------+---------+----------+-----------+-----------+------+----------+
        |- VITIS_LOOP_136_2_VITIS_LOOP_138_3  |     2053|     2053|         7|          1|          1|  2048|       yes|
        +-------------------------------------+---------+---------+----------+-----------+-----------+------+----------+

============================================================
+ Verbose Summary: Synthesis Manager
============================================================
InlineROM: 1
ExposeGlobal: 0
============================================================
+ Verbose Summary: CDFG Model
============================================================
IsTopModel: 0
ResetActiveHigh: 1
IsCombinational: 0
IsDatapathOnly: 0
HasWiredReturn: 1
HasMFsm: 2
HasVarLatency: 1
IsPipeline: 0
IsRtlPipelined: 0
IsInstanceOverlapped: 0
IsDontTouch: 0
HasImplIP: 0
IsGatedGlobalClock: 0

+ Individual pipeline summary: 
  * Pipeline-0: initiation interval (II) = 1, depth = 7


============================================================
+ Verbose Summary: Schedule
============================================================
* Number of FSM states : 7
* Pipeline : 1
  Pipeline-0 : II = 1, D = 7, States = { 1 2 3 4 5 6 7 }
* Dataflow Pipeline: 0

* FSM state transitions: 
1 --> 2 
2 --> 3 
3 --> 4 
4 --> 5 
5 --> 6 
6 --> 7 
7 --> 

* FSM state operations: 

State 1 <SV = 0> <Delay = 2.01>
ST_1 : Operation 10 [1/1] (0.00ns)   --->   "%i = alloca i32 1"   --->   Operation 10 'alloca' 'i' <Predicate = true> <Delay = 0.00>
ST_1 : Operation 11 [1/1] (0.00ns)   --->   "%j_4 = alloca i32 1"   --->   Operation 11 'alloca' 'j_4' <Predicate = true> <Delay = 0.00>
ST_1 : Operation 12 [1/1] (0.00ns)   --->   "%indvar_flatten = alloca i32 1"   --->   Operation 12 'alloca' 'indvar_flatten' <Predicate = true> <Delay = 0.00>
ST_1 : Operation 13 [1/1] (0.00ns)   --->   "%specmemcore_ln0 = specmemcore void @_ssdm_op_SpecMemCore, i16 %reg_file_7_1, i64 666, i64 30, i64 18446744073709551615"   --->   Operation 13 'specmemcore' 'specmemcore_ln0' <Predicate = true> <Delay = 0.00>
ST_1 : Operation 14 [1/1] (0.00ns)   --->   "%specmemcore_ln0 = specmemcore void @_ssdm_op_SpecMemCore, i16 %reg_file_7_0, i64 666, i64 30, i64 18446744073709551615"   --->   Operation 14 'specmemcore' 'specmemcore_ln0' <Predicate = true> <Delay = 0.00>
ST_1 : Operation 15 [1/1] (0.00ns)   --->   "%specmemcore_ln0 = specmemcore void @_ssdm_op_SpecMemCore, i16 %reg_file_6_1, i64 666, i64 30, i64 18446744073709551615"   --->   Operation 15 'specmemcore' 'specmemcore_ln0' <Predicate = true> <Delay = 0.00>
ST_1 : Operation 16 [1/1] (0.00ns)   --->   "%specmemcore_ln0 = specmemcore void @_ssdm_op_SpecMemCore, i16 %reg_file_6_0, i64 666, i64 30, i64 18446744073709551615"   --->   Operation 16 'specmemcore' 'specmemcore_ln0' <Predicate = true> <Delay = 0.00>
ST_1 : Operation 17 [1/1] (0.00ns)   --->   "%specmemcore_ln0 = specmemcore void @_ssdm_op_SpecMemCore, i16 %reg_file_2_1, i64 666, i64 30, i64 18446744073709551615"   --->   Operation 17 'specmemcore' 'specmemcore_ln0' <Predicate = true> <Delay = 0.00>
ST_1 : Operation 18 [1/1] (0.00ns)   --->   "%specmemcore_ln0 = specmemcore void @_ssdm_op_SpecMemCore, i16 %reg_file_2_0, i64 666, i64 30, i64 18446744073709551615"   --->   Operation 18 'specmemcore' 'specmemcore_ln0' <Predicate = true> <Delay = 0.00>
ST_1 : Operation 19 [1/1] (0.00ns)   --->   "%reg_file_0_0_load_read = read i16 @_ssdm_op_Read.ap_auto.half, i16 %reg_file_0_0_load"   --->   Operation 19 'read' 'reg_file_0_0_load_read' <Predicate = true> <Delay = 0.00>
ST_1 : Operation 20 [1/1] (0.42ns)   --->   "%store_ln0 = store i12 0, i12 %indvar_flatten"   --->   Operation 20 'store' 'store_ln0' <Predicate = true> <Delay = 0.42>
ST_1 : Operation 21 [1/1] (0.42ns)   --->   "%store_ln0 = store i7 0, i7 %j_4"   --->   Operation 21 'store' 'store_ln0' <Predicate = true> <Delay = 0.42>
ST_1 : Operation 22 [1/1] (0.42ns)   --->   "%store_ln0 = store i7 0, i7 %i"   --->   Operation 22 'store' 'store_ln0' <Predicate = true> <Delay = 0.42>
ST_1 : Operation 23 [1/1] (0.00ns)   --->   "%br_ln0 = br void %for.inc26"   --->   Operation 23 'br' 'br_ln0' <Predicate = true> <Delay = 0.00>
ST_1 : Operation 24 [1/1] (0.00ns)   --->   "%j = load i7 %j_4" [gemv-max-throughput/src/correlation.cpp:136]   --->   Operation 24 'load' 'j' <Predicate = true> <Delay = 0.00>
ST_1 : Operation 25 [1/1] (0.00ns)   --->   "%indvar_flatten_load = load i12 %indvar_flatten" [gemv-max-throughput/src/correlation.cpp:136]   --->   Operation 25 'load' 'indvar_flatten_load' <Predicate = true> <Delay = 0.00>
ST_1 : Operation 26 [1/1] (0.00ns)   --->   "%lshr_ln5 = partselect i5 @_ssdm_op_PartSelect.i5.i7.i32.i32, i7 %j, i32 1, i32 5" [gemv-max-throughput/src/correlation.cpp:137]   --->   Operation 26 'partselect' 'lshr_ln5' <Predicate = true> <Delay = 0.00>
ST_1 : Operation 27 [1/1] (0.00ns)   --->   "%zext_ln137 = zext i5 %lshr_ln5" [gemv-max-throughput/src/correlation.cpp:137]   --->   Operation 27 'zext' 'zext_ln137' <Predicate = true> <Delay = 0.00>
ST_1 : Operation 28 [1/1] (0.00ns)   --->   "%trunc_ln137 = trunc i7 %j" [gemv-max-throughput/src/correlation.cpp:137]   --->   Operation 28 'trunc' 'trunc_ln137' <Predicate = true> <Delay = 0.00>
ST_1 : Operation 29 [1/1] (0.00ns)   --->   "%reg_file_6_0_addr = getelementptr i16 %reg_file_6_0, i64 0, i64 %zext_ln137" [gemv-max-throughput/src/correlation.cpp:137]   --->   Operation 29 'getelementptr' 'reg_file_6_0_addr' <Predicate = true> <Delay = 0.00>
ST_1 : Operation 30 [2/2] (1.23ns)   --->   "%reg_file_6_0_load = load i11 %reg_file_6_0_addr" [gemv-max-throughput/src/correlation.cpp:137]   --->   Operation 30 'load' 'reg_file_6_0_load' <Predicate = true> <Delay = 1.23> <CoreInst = "RAM_T2P_BRAM">   --->   Core 99 'RAM_T2P_BRAM' <Latency = 1> <II = 1> <Delay = 1.23> <Storage> <Opcode : 'load' 'store'> <Ports = 2> <Width = 16> <Depth = 2048> <RAM>
ST_1 : Operation 31 [1/1] (0.00ns)   --->   "%reg_file_6_1_addr = getelementptr i16 %reg_file_6_1, i64 0, i64 %zext_ln137" [gemv-max-throughput/src/correlation.cpp:137]   --->   Operation 31 'getelementptr' 'reg_file_6_1_addr' <Predicate = true> <Delay = 0.00>
ST_1 : Operation 32 [2/2] (1.23ns)   --->   "%reg_file_6_1_load = load i11 %reg_file_6_1_addr" [gemv-max-throughput/src/correlation.cpp:137]   --->   Operation 32 'load' 'reg_file_6_1_load' <Predicate = true> <Delay = 1.23> <CoreInst = "RAM_T2P_BRAM">   --->   Core 99 'RAM_T2P_BRAM' <Latency = 1> <II = 1> <Delay = 1.23> <Storage> <Opcode : 'load' 'store'> <Ports = 2> <Width = 16> <Depth = 2048> <RAM>
ST_1 : Operation 33 [1/1] (0.97ns)   --->   "%icmp_ln136 = icmp_eq  i12 %indvar_flatten_load, i12 2048" [gemv-max-throughput/src/correlation.cpp:136]   --->   Operation 33 'icmp' 'icmp_ln136' <Predicate = true> <Delay = 0.97> <CoreInst = "Cmp">   --->   Core 9 'Cmp' <Latency = 0> <II = 1> <Delay = 0.97> <FuncUnit> <Opcode : 'icmp'> <InPorts = 2> <OutPorts = 1>
ST_1 : Operation 34 [1/1] (0.80ns)   --->   "%add_ln136 = add i12 %indvar_flatten_load, i12 1" [gemv-max-throughput/src/correlation.cpp:136]   --->   Operation 34 'add' 'add_ln136' <Predicate = true> <Delay = 0.80> <CoreInst = "Adder">   --->   Core 1 'Adder' <Latency = 0> <II = 1> <Delay = 0.80> <FuncUnit> <Opcode : 'add' 'sub'> <InPorts = 2> <OutPorts = 1>
ST_1 : Operation 35 [1/1] (0.00ns)   --->   "%br_ln136 = br i1 %icmp_ln136, void %for.inc29, void %for.end31.exitStub" [gemv-max-throughput/src/correlation.cpp:136]   --->   Operation 35 'br' 'br_ln136' <Predicate = true> <Delay = 0.00>
ST_1 : Operation 36 [1/1] (0.00ns)   --->   "%i_load = load i7 %i" [gemv-max-throughput/src/correlation.cpp:136]   --->   Operation 36 'load' 'i_load' <Predicate = (!icmp_ln136)> <Delay = 0.00>
ST_1 : Operation 37 [1/1] (0.00ns)   --->   "%tmp = bitselect i1 @_ssdm_op_BitSelect.i1.i7.i32, i7 %i_load, i32 6" [gemv-max-throughput/src/correlation.cpp:138]   --->   Operation 37 'bitselect' 'tmp' <Predicate = (!icmp_ln136)> <Delay = 0.00>
ST_1 : Operation 38 [1/1] (0.36ns)   --->   "%select_ln136 = select i1 %tmp, i7 0, i7 %i_load" [gemv-max-throughput/src/correlation.cpp:136]   --->   Operation 38 'select' 'select_ln136' <Predicate = (!icmp_ln136)> <Delay = 0.36> <CoreInst = "Sel">   --->   Core 73 'Sel' <Latency = 0> <II = 1> <Delay = 0.36> <FuncUnit> <Opcode : 'select'> <InPorts = 3> <OutPorts = 1>
ST_1 : Operation 39 [1/1] (0.77ns)   --->   "%add_ln136_1 = add i7 %j, i7 1" [gemv-max-throughput/src/correlation.cpp:136]   --->   Operation 39 'add' 'add_ln136_1' <Predicate = (!icmp_ln136)> <Delay = 0.77> <CoreInst = "Adder">   --->   Core 1 'Adder' <Latency = 0> <II = 1> <Delay = 0.77> <FuncUnit> <Opcode : 'add' 'sub'> <InPorts = 2> <OutPorts = 1>
ST_1 : Operation 40 [1/1] (0.00ns)   --->   "%lshr_ln137_mid1 = partselect i5 @_ssdm_op_PartSelect.i5.i7.i32.i32, i7 %add_ln136_1, i32 1, i32 5" [gemv-max-throughput/src/correlation.cpp:137]   --->   Operation 40 'partselect' 'lshr_ln137_mid1' <Predicate = (!icmp_ln136)> <Delay = 0.00>
ST_1 : Operation 41 [1/1] (0.41ns)   --->   "%select_ln136_1 = select i1 %tmp, i5 %lshr_ln137_mid1, i5 %lshr_ln5" [gemv-max-throughput/src/correlation.cpp:136]   --->   Operation 41 'select' 'select_ln136_1' <Predicate = (!icmp_ln136)> <Delay = 0.41> <CoreInst = "Sel">   --->   Core 73 'Sel' <Latency = 0> <II = 1> <Delay = 0.41> <FuncUnit> <Opcode : 'select'> <InPorts = 3> <OutPorts = 1>
ST_1 : Operation 42 [1/1] (0.00ns)   --->   "%zext_ln137_1 = zext i5 %lshr_ln137_mid1" [gemv-max-throughput/src/correlation.cpp:137]   --->   Operation 42 'zext' 'zext_ln137_1' <Predicate = (!icmp_ln136)> <Delay = 0.00>
ST_1 : Operation 43 [1/1] (0.00ns)   --->   "%trunc_ln137_1 = trunc i7 %add_ln136_1" [gemv-max-throughput/src/correlation.cpp:137]   --->   Operation 43 'trunc' 'trunc_ln137_1' <Predicate = (!icmp_ln136)> <Delay = 0.00>
ST_1 : Operation 44 [1/1] (0.00ns)   --->   "%reg_file_6_0_addr_7 = getelementptr i16 %reg_file_6_0, i64 0, i64 %zext_ln137_1" [gemv-max-throughput/src/correlation.cpp:137]   --->   Operation 44 'getelementptr' 'reg_file_6_0_addr_7' <Predicate = (!icmp_ln136)> <Delay = 0.00>
ST_1 : Operation 45 [2/2] (1.23ns)   --->   "%reg_file_6_0_load_4 = load i11 %reg_file_6_0_addr_7" [gemv-max-throughput/src/correlation.cpp:137]   --->   Operation 45 'load' 'reg_file_6_0_load_4' <Predicate = (!icmp_ln136)> <Delay = 1.23> <CoreInst = "RAM_T2P_BRAM">   --->   Core 99 'RAM_T2P_BRAM' <Latency = 1> <II = 1> <Delay = 1.23> <Storage> <Opcode : 'load' 'store'> <Ports = 2> <Width = 16> <Depth = 2048> <RAM>
ST_1 : Operation 46 [1/1] (0.00ns)   --->   "%reg_file_6_1_addr_7 = getelementptr i16 %reg_file_6_1, i64 0, i64 %zext_ln137_1" [gemv-max-throughput/src/correlation.cpp:137]   --->   Operation 46 'getelementptr' 'reg_file_6_1_addr_7' <Predicate = (!icmp_ln136)> <Delay = 0.00>
ST_1 : Operation 47 [2/2] (1.23ns)   --->   "%reg_file_6_1_load_4 = load i11 %reg_file_6_1_addr_7" [gemv-max-throughput/src/correlation.cpp:137]   --->   Operation 47 'load' 'reg_file_6_1_load_4' <Predicate = (!icmp_ln136)> <Delay = 1.23> <CoreInst = "RAM_T2P_BRAM">   --->   Core 99 'RAM_T2P_BRAM' <Latency = 1> <II = 1> <Delay = 1.23> <Storage> <Opcode : 'load' 'store'> <Ports = 2> <Width = 16> <Depth = 2048> <RAM>
ST_1 : Operation 48 [1/1] (0.36ns)   --->   "%select_ln136_4 = select i1 %tmp, i7 %add_ln136_1, i7 %j" [gemv-max-throughput/src/correlation.cpp:136]   --->   Operation 48 'select' 'select_ln136_4' <Predicate = (!icmp_ln136)> <Delay = 0.36> <CoreInst = "Sel">   --->   Core 73 'Sel' <Latency = 0> <II = 1> <Delay = 0.36> <FuncUnit> <Opcode : 'select'> <InPorts = 3> <OutPorts = 1>
ST_1 : Operation 49 [1/1] (0.00ns)   --->   "%lshr_ln6 = partselect i5 @_ssdm_op_PartSelect.i5.i7.i32.i32, i7 %select_ln136, i32 1, i32 5" [gemv-max-throughput/src/correlation.cpp:142]   --->   Operation 49 'partselect' 'lshr_ln6' <Predicate = (!icmp_ln136)> <Delay = 0.00>
ST_1 : Operation 50 [1/1] (0.77ns)   --->   "%add_ln138 = add i7 %select_ln136, i7 2" [gemv-max-throughput/src/correlation.cpp:138]   --->   Operation 50 'add' 'add_ln138' <Predicate = (!icmp_ln136)> <Delay = 0.77> <CoreInst = "Adder">   --->   Core 1 'Adder' <Latency = 0> <II = 1> <Delay = 0.77> <FuncUnit> <Opcode : 'add' 'sub'> <InPorts = 2> <OutPorts = 1>
ST_1 : Operation 51 [1/1] (0.42ns)   --->   "%store_ln138 = store i12 %add_ln136, i12 %indvar_flatten" [gemv-max-throughput/src/correlation.cpp:138]   --->   Operation 51 'store' 'store_ln138' <Predicate = (!icmp_ln136)> <Delay = 0.42>
ST_1 : Operation 52 [1/1] (0.42ns)   --->   "%store_ln138 = store i7 %select_ln136_4, i7 %j_4" [gemv-max-throughput/src/correlation.cpp:138]   --->   Operation 52 'store' 'store_ln138' <Predicate = (!icmp_ln136)> <Delay = 0.42>
ST_1 : Operation 53 [1/1] (0.42ns)   --->   "%store_ln138 = store i7 %add_ln138, i7 %i" [gemv-max-throughput/src/correlation.cpp:138]   --->   Operation 53 'store' 'store_ln138' <Predicate = (!icmp_ln136)> <Delay = 0.42>

State 2 <SV = 1> <Delay = 6.74>
ST_2 : Operation 54 [1/2] (1.23ns)   --->   "%reg_file_6_0_load = load i11 %reg_file_6_0_addr" [gemv-max-throughput/src/correlation.cpp:137]   --->   Operation 54 'load' 'reg_file_6_0_load' <Predicate = true> <Delay = 1.23> <CoreInst = "RAM_T2P_BRAM">   --->   Core 99 'RAM_T2P_BRAM' <Latency = 1> <II = 1> <Delay = 1.23> <Storage> <Opcode : 'load' 'store'> <Ports = 2> <Width = 16> <Depth = 2048> <RAM>
ST_2 : Operation 55 [1/2] (1.23ns)   --->   "%reg_file_6_1_load = load i11 %reg_file_6_1_addr" [gemv-max-throughput/src/correlation.cpp:137]   --->   Operation 55 'load' 'reg_file_6_1_load' <Predicate = true> <Delay = 1.23> <CoreInst = "RAM_T2P_BRAM">   --->   Core 99 'RAM_T2P_BRAM' <Latency = 1> <II = 1> <Delay = 1.23> <Storage> <Opcode : 'load' 'store'> <Ports = 2> <Width = 16> <Depth = 2048> <RAM>
ST_2 : Operation 56 [1/1] (0.42ns)   --->   "%tmp_s = mux i16 @_ssdm_op_Mux.ap_auto.2f16.i1, i16 %reg_file_6_0_load, i16 %reg_file_6_1_load, i1 %trunc_ln137" [gemv-max-throughput/src/correlation.cpp:137]   --->   Operation 56 'mux' 'tmp_s' <Predicate = (!tmp)> <Delay = 0.42> <CoreInst = "Multiplexer">   --->   Core 76 'Multiplexer' <Latency = 0> <II = 1> <Delay = 0.42> <FuncUnit> <Opcode : 'mux'> <InPorts = 2> <OutPorts = 1>
ST_2 : Operation 57 [1/1] (0.17ns)   --->   "%select_ln136_2 = select i1 %tmp, i1 %trunc_ln137_1, i1 %trunc_ln137" [gemv-max-throughput/src/correlation.cpp:136]   --->   Operation 57 'select' 'select_ln136_2' <Predicate = (!icmp_ln136)> <Delay = 0.17> <CoreInst = "Sel">   --->   Core 73 'Sel' <Latency = 0> <II = 1> <Delay = 0.17> <FuncUnit> <Opcode : 'select'> <InPorts = 3> <OutPorts = 1>
ST_2 : Operation 58 [1/2] (1.23ns)   --->   "%reg_file_6_0_load_4 = load i11 %reg_file_6_0_addr_7" [gemv-max-throughput/src/correlation.cpp:137]   --->   Operation 58 'load' 'reg_file_6_0_load_4' <Predicate = (!icmp_ln136)> <Delay = 1.23> <CoreInst = "RAM_T2P_BRAM">   --->   Core 99 'RAM_T2P_BRAM' <Latency = 1> <II = 1> <Delay = 1.23> <Storage> <Opcode : 'load' 'store'> <Ports = 2> <Width = 16> <Depth = 2048> <RAM>
ST_2 : Operation 59 [1/2] (1.23ns)   --->   "%reg_file_6_1_load_4 = load i11 %reg_file_6_1_addr_7" [gemv-max-throughput/src/correlation.cpp:137]   --->   Operation 59 'load' 'reg_file_6_1_load_4' <Predicate = (!icmp_ln136)> <Delay = 1.23> <CoreInst = "RAM_T2P_BRAM">   --->   Core 99 'RAM_T2P_BRAM' <Latency = 1> <II = 1> <Delay = 1.23> <Storage> <Opcode : 'load' 'store'> <Ports = 2> <Width = 16> <Depth = 2048> <RAM>
ST_2 : Operation 60 [1/1] (0.42ns)   --->   "%tmp_mid1 = mux i16 @_ssdm_op_Mux.ap_auto.2f16.i1, i16 %reg_file_6_0_load_4, i16 %reg_file_6_1_load_4, i1 %trunc_ln137_1" [gemv-max-throughput/src/correlation.cpp:137]   --->   Operation 60 'mux' 'tmp_mid1' <Predicate = (!icmp_ln136 & tmp)> <Delay = 0.42> <CoreInst = "Multiplexer">   --->   Core 76 'Multiplexer' <Latency = 0> <II = 1> <Delay = 0.42> <FuncUnit> <Opcode : 'mux'> <InPorts = 2> <OutPorts = 1>
ST_2 : Operation 61 [1/1] (0.35ns)   --->   "%select_ln136_3 = select i1 %tmp, i16 %tmp_mid1, i16 %tmp_s" [gemv-max-throughput/src/correlation.cpp:136]   --->   Operation 61 'select' 'select_ln136_3' <Predicate = (!icmp_ln136)> <Delay = 0.35> <CoreInst = "Sel">   --->   Core 73 'Sel' <Latency = 0> <II = 1> <Delay = 0.35> <FuncUnit> <Opcode : 'select'> <InPorts = 3> <OutPorts = 1>
ST_2 : Operation 62 [2/2] (4.72ns)   --->   "%tmp_1_mid2 = hmul i16 %reg_file_0_0_load_read, i16 %select_ln136_3" [gemv-max-throughput/src/correlation.cpp:136]   --->   Operation 62 'hmul' 'tmp_1_mid2' <Predicate = (!icmp_ln136)> <Delay = 4.72> <CoreInst = "HMul_maxdsp">   --->   Core 60 'HMul_maxdsp' <Latency = 1> <II = 1> <Delay = 4.72> <FuncUnit> <Opcode : 'hmul'> <InPorts = 2> <OutPorts = 1>

State 3 <SV = 2> <Delay = 4.72>
ST_3 : Operation 63 [1/1] (0.00ns)   --->   "%zext_ln136 = zext i5 %select_ln136_1" [gemv-max-throughput/src/correlation.cpp:136]   --->   Operation 63 'zext' 'zext_ln136' <Predicate = true> <Delay = 0.00>
ST_3 : Operation 64 [1/2] (4.72ns)   --->   "%tmp_1_mid2 = hmul i16 %reg_file_0_0_load_read, i16 %select_ln136_3" [gemv-max-throughput/src/correlation.cpp:136]   --->   Operation 64 'hmul' 'tmp_1_mid2' <Predicate = true> <Delay = 4.72> <CoreInst = "HMul_maxdsp">   --->   Core 60 'HMul_maxdsp' <Latency = 1> <II = 1> <Delay = 4.72> <FuncUnit> <Opcode : 'hmul'> <InPorts = 2> <OutPorts = 1>
ST_3 : Operation 65 [1/1] (0.00ns)   --->   "%add_ln = bitconcatenate i11 @_ssdm_op_BitConcatenate.i11.i5.i6, i5 %lshr_ln6, i6 %zext_ln136" [gemv-max-throughput/src/correlation.cpp:142]   --->   Operation 65 'bitconcatenate' 'add_ln' <Predicate = true> <Delay = 0.00>
ST_3 : Operation 66 [1/1] (0.00ns)   --->   "%zext_ln142_1 = zext i11 %add_ln" [gemv-max-throughput/src/correlation.cpp:142]   --->   Operation 66 'zext' 'zext_ln142_1' <Predicate = true> <Delay = 0.00>
ST_3 : Operation 67 [1/1] (0.00ns)   --->   "%reg_file_2_0_addr = getelementptr i16 %reg_file_2_0, i64 0, i64 %zext_ln142_1" [gemv-max-throughput/src/correlation.cpp:142]   --->   Operation 67 'getelementptr' 'reg_file_2_0_addr' <Predicate = true> <Delay = 0.00>
ST_3 : Operation 68 [1/1] (0.00ns)   --->   "%reg_file_2_1_addr = getelementptr i16 %reg_file_2_1, i64 0, i64 %zext_ln142_1" [gemv-max-throughput/src/correlation.cpp:142]   --->   Operation 68 'getelementptr' 'reg_file_2_1_addr' <Predicate = true> <Delay = 0.00>
ST_3 : Operation 69 [2/2] (1.23ns)   --->   "%reg_file_2_0_load = load i11 %reg_file_2_0_addr" [gemv-max-throughput/src/correlation.cpp:142]   --->   Operation 69 'load' 'reg_file_2_0_load' <Predicate = true> <Delay = 1.23> <CoreInst = "RAM_T2P_BRAM">   --->   Core 99 'RAM_T2P_BRAM' <Latency = 1> <II = 1> <Delay = 1.23> <Storage> <Opcode : 'load' 'store'> <Ports = 2> <Width = 16> <Depth = 2048> <RAM>
ST_3 : Operation 70 [2/2] (1.23ns)   --->   "%reg_file_2_1_load = load i11 %reg_file_2_1_addr" [gemv-max-throughput/src/correlation.cpp:142]   --->   Operation 70 'load' 'reg_file_2_1_load' <Predicate = true> <Delay = 1.23> <CoreInst = "RAM_T2P_BRAM">   --->   Core 99 'RAM_T2P_BRAM' <Latency = 1> <II = 1> <Delay = 1.23> <Storage> <Opcode : 'load' 'store'> <Ports = 2> <Width = 16> <Depth = 2048> <RAM>
ST_3 : Operation 71 [1/1] (0.00ns)   --->   "%or_ln142 = or i11 %add_ln, i11 32" [gemv-max-throughput/src/correlation.cpp:142]   --->   Operation 71 'or' 'or_ln142' <Predicate = true> <Delay = 0.00>
ST_3 : Operation 72 [1/1] (0.00ns)   --->   "%zext_ln142_2 = zext i11 %or_ln142" [gemv-max-throughput/src/correlation.cpp:142]   --->   Operation 72 'zext' 'zext_ln142_2' <Predicate = true> <Delay = 0.00>
ST_3 : Operation 73 [1/1] (0.00ns)   --->   "%reg_file_2_0_addr_7 = getelementptr i16 %reg_file_2_0, i64 0, i64 %zext_ln142_2" [gemv-max-throughput/src/correlation.cpp:142]   --->   Operation 73 'getelementptr' 'reg_file_2_0_addr_7' <Predicate = true> <Delay = 0.00>
ST_3 : Operation 74 [1/1] (0.00ns)   --->   "%reg_file_2_1_addr_7 = getelementptr i16 %reg_file_2_1, i64 0, i64 %zext_ln142_2" [gemv-max-throughput/src/correlation.cpp:142]   --->   Operation 74 'getelementptr' 'reg_file_2_1_addr_7' <Predicate = true> <Delay = 0.00>
ST_3 : Operation 75 [2/2] (1.23ns)   --->   "%reg_file_2_0_load_4 = load i11 %reg_file_2_0_addr_7" [gemv-max-throughput/src/correlation.cpp:142]   --->   Operation 75 'load' 'reg_file_2_0_load_4' <Predicate = true> <Delay = 1.23> <CoreInst = "RAM_T2P_BRAM">   --->   Core 99 'RAM_T2P_BRAM' <Latency = 1> <II = 1> <Delay = 1.23> <Storage> <Opcode : 'load' 'store'> <Ports = 2> <Width = 16> <Depth = 2048> <RAM>
ST_3 : Operation 76 [2/2] (1.23ns)   --->   "%reg_file_2_1_load_4 = load i11 %reg_file_2_1_addr_7" [gemv-max-throughput/src/correlation.cpp:142]   --->   Operation 76 'load' 'reg_file_2_1_load_4' <Predicate = true> <Delay = 1.23> <CoreInst = "RAM_T2P_BRAM">   --->   Core 99 'RAM_T2P_BRAM' <Latency = 1> <II = 1> <Delay = 1.23> <Storage> <Opcode : 'load' 'store'> <Ports = 2> <Width = 16> <Depth = 2048> <RAM>

State 4 <SV = 3> <Delay = 6.38>
ST_4 : Operation 77 [1/2] (1.23ns)   --->   "%reg_file_2_0_load = load i11 %reg_file_2_0_addr" [gemv-max-throughput/src/correlation.cpp:142]   --->   Operation 77 'load' 'reg_file_2_0_load' <Predicate = true> <Delay = 1.23> <CoreInst = "RAM_T2P_BRAM">   --->   Core 99 'RAM_T2P_BRAM' <Latency = 1> <II = 1> <Delay = 1.23> <Storage> <Opcode : 'load' 'store'> <Ports = 2> <Width = 16> <Depth = 2048> <RAM>
ST_4 : Operation 78 [1/2] (1.23ns)   --->   "%reg_file_2_1_load = load i11 %reg_file_2_1_addr" [gemv-max-throughput/src/correlation.cpp:142]   --->   Operation 78 'load' 'reg_file_2_1_load' <Predicate = true> <Delay = 1.23> <CoreInst = "RAM_T2P_BRAM">   --->   Core 99 'RAM_T2P_BRAM' <Latency = 1> <II = 1> <Delay = 1.23> <Storage> <Opcode : 'load' 'store'> <Ports = 2> <Width = 16> <Depth = 2048> <RAM>
ST_4 : Operation 79 [1/1] (0.42ns)   --->   "%tmp_35 = mux i16 @_ssdm_op_Mux.ap_auto.2f16.i1, i16 %reg_file_2_0_load, i16 %reg_file_2_1_load, i1 %select_ln136_2" [gemv-max-throughput/src/correlation.cpp:142]   --->   Operation 79 'mux' 'tmp_35' <Predicate = true> <Delay = 0.42> <CoreInst = "Multiplexer">   --->   Core 76 'Multiplexer' <Latency = 0> <II = 1> <Delay = 0.42> <FuncUnit> <Opcode : 'mux'> <InPorts = 2> <OutPorts = 1>
ST_4 : Operation 80 [2/2] (4.72ns)   --->   "%mul2 = hmul i16 %tmp_35, i16 %tmp_1_mid2" [gemv-max-throughput/src/correlation.cpp:142]   --->   Operation 80 'hmul' 'mul2' <Predicate = true> <Delay = 4.72> <CoreInst = "HMul_maxdsp">   --->   Core 60 'HMul_maxdsp' <Latency = 1> <II = 1> <Delay = 4.72> <FuncUnit> <Opcode : 'hmul'> <InPorts = 2> <OutPorts = 1>
ST_4 : Operation 81 [1/2] (1.23ns)   --->   "%reg_file_2_0_load_4 = load i11 %reg_file_2_0_addr_7" [gemv-max-throughput/src/correlation.cpp:142]   --->   Operation 81 'load' 'reg_file_2_0_load_4' <Predicate = true> <Delay = 1.23> <CoreInst = "RAM_T2P_BRAM">   --->   Core 99 'RAM_T2P_BRAM' <Latency = 1> <II = 1> <Delay = 1.23> <Storage> <Opcode : 'load' 'store'> <Ports = 2> <Width = 16> <Depth = 2048> <RAM>
ST_4 : Operation 82 [1/2] (1.23ns)   --->   "%reg_file_2_1_load_4 = load i11 %reg_file_2_1_addr_7" [gemv-max-throughput/src/correlation.cpp:142]   --->   Operation 82 'load' 'reg_file_2_1_load_4' <Predicate = true> <Delay = 1.23> <CoreInst = "RAM_T2P_BRAM">   --->   Core 99 'RAM_T2P_BRAM' <Latency = 1> <II = 1> <Delay = 1.23> <Storage> <Opcode : 'load' 'store'> <Ports = 2> <Width = 16> <Depth = 2048> <RAM>
ST_4 : Operation 83 [1/1] (0.42ns)   --->   "%tmp_36 = mux i16 @_ssdm_op_Mux.ap_auto.2f16.i1, i16 %reg_file_2_0_load_4, i16 %reg_file_2_1_load_4, i1 %select_ln136_2" [gemv-max-throughput/src/correlation.cpp:142]   --->   Operation 83 'mux' 'tmp_36' <Predicate = true> <Delay = 0.42> <CoreInst = "Multiplexer">   --->   Core 76 'Multiplexer' <Latency = 0> <II = 1> <Delay = 0.42> <FuncUnit> <Opcode : 'mux'> <InPorts = 2> <OutPorts = 1>
ST_4 : Operation 84 [2/2] (4.72ns)   --->   "%mul22_1 = hmul i16 %tmp_36, i16 %tmp_1_mid2" [gemv-max-throughput/src/correlation.cpp:142]   --->   Operation 84 'hmul' 'mul22_1' <Predicate = true> <Delay = 4.72> <CoreInst = "HMul_maxdsp">   --->   Core 60 'HMul_maxdsp' <Latency = 1> <II = 1> <Delay = 4.72> <FuncUnit> <Opcode : 'hmul'> <InPorts = 2> <OutPorts = 1>

State 5 <SV = 4> <Delay = 4.72>
ST_5 : Operation 85 [1/1] (0.00ns)   --->   "%zext_ln142 = zext i5 %lshr_ln6" [gemv-max-throughput/src/correlation.cpp:142]   --->   Operation 85 'zext' 'zext_ln142' <Predicate = true> <Delay = 0.00>
ST_5 : Operation 86 [1/2] (4.72ns)   --->   "%mul2 = hmul i16 %tmp_35, i16 %tmp_1_mid2" [gemv-max-throughput/src/correlation.cpp:142]   --->   Operation 86 'hmul' 'mul2' <Predicate = true> <Delay = 4.72> <CoreInst = "HMul_maxdsp">   --->   Core 60 'HMul_maxdsp' <Latency = 1> <II = 1> <Delay = 4.72> <FuncUnit> <Opcode : 'hmul'> <InPorts = 2> <OutPorts = 1>
ST_5 : Operation 87 [1/1] (0.00ns)   --->   "%reg_file_7_0_addr = getelementptr i16 %reg_file_7_0, i64 0, i64 %zext_ln142" [gemv-max-throughput/src/correlation.cpp:142]   --->   Operation 87 'getelementptr' 'reg_file_7_0_addr' <Predicate = true> <Delay = 0.00>
ST_5 : Operation 88 [2/2] (1.23ns)   --->   "%reg_file_7_0_load = load i11 %reg_file_7_0_addr" [gemv-max-throughput/src/correlation.cpp:142]   --->   Operation 88 'load' 'reg_file_7_0_load' <Predicate = true> <Delay = 1.23> <CoreInst = "RAM_T2P_BRAM">   --->   Core 99 'RAM_T2P_BRAM' <Latency = 1> <II = 1> <Delay = 1.23> <Storage> <Opcode : 'load' 'store'> <Ports = 2> <Width = 16> <Depth = 2048> <RAM>
ST_5 : Operation 89 [1/2] (4.72ns)   --->   "%mul22_1 = hmul i16 %tmp_36, i16 %tmp_1_mid2" [gemv-max-throughput/src/correlation.cpp:142]   --->   Operation 89 'hmul' 'mul22_1' <Predicate = true> <Delay = 4.72> <CoreInst = "HMul_maxdsp">   --->   Core 60 'HMul_maxdsp' <Latency = 1> <II = 1> <Delay = 4.72> <FuncUnit> <Opcode : 'hmul'> <InPorts = 2> <OutPorts = 1>
ST_5 : Operation 90 [1/1] (0.00ns)   --->   "%reg_file_7_1_addr = getelementptr i16 %reg_file_7_1, i64 0, i64 %zext_ln142" [gemv-max-throughput/src/correlation.cpp:142]   --->   Operation 90 'getelementptr' 'reg_file_7_1_addr' <Predicate = true> <Delay = 0.00>
ST_5 : Operation 91 [2/2] (1.23ns)   --->   "%reg_file_7_1_load = load i11 %reg_file_7_1_addr" [gemv-max-throughput/src/correlation.cpp:142]   --->   Operation 91 'load' 'reg_file_7_1_load' <Predicate = true> <Delay = 1.23> <CoreInst = "RAM_T2P_BRAM">   --->   Core 99 'RAM_T2P_BRAM' <Latency = 1> <II = 1> <Delay = 1.23> <Storage> <Opcode : 'load' 'store'> <Ports = 2> <Width = 16> <Depth = 2048> <RAM>

State 6 <SV = 5> <Delay = 7.14>
ST_6 : Operation 92 [1/2] (1.23ns)   --->   "%reg_file_7_0_load = load i11 %reg_file_7_0_addr" [gemv-max-throughput/src/correlation.cpp:142]   --->   Operation 92 'load' 'reg_file_7_0_load' <Predicate = true> <Delay = 1.23> <CoreInst = "RAM_T2P_BRAM">   --->   Core 99 'RAM_T2P_BRAM' <Latency = 1> <II = 1> <Delay = 1.23> <Storage> <Opcode : 'load' 'store'> <Ports = 2> <Width = 16> <Depth = 2048> <RAM>
ST_6 : Operation 93 [2/2] (5.90ns)   --->   "%add = hadd i16 %reg_file_7_0_load, i16 %mul2" [gemv-max-throughput/src/correlation.cpp:142]   --->   Operation 93 'hadd' 'add' <Predicate = true> <Delay = 5.90> <CoreInst = "HAddSub_fulldsp">   --->   Core 55 'HAddSub_fulldsp' <Latency = 1> <II = 1> <Delay = 5.90> <FuncUnit> <Opcode : 'hadd' 'hsub'> <InPorts = 2> <OutPorts = 1>
ST_6 : Operation 94 [1/2] (1.23ns)   --->   "%reg_file_7_1_load = load i11 %reg_file_7_1_addr" [gemv-max-throughput/src/correlation.cpp:142]   --->   Operation 94 'load' 'reg_file_7_1_load' <Predicate = true> <Delay = 1.23> <CoreInst = "RAM_T2P_BRAM">   --->   Core 99 'RAM_T2P_BRAM' <Latency = 1> <II = 1> <Delay = 1.23> <Storage> <Opcode : 'load' 'store'> <Ports = 2> <Width = 16> <Depth = 2048> <RAM>
ST_6 : Operation 95 [2/2] (5.90ns)   --->   "%add_1 = hadd i16 %reg_file_7_1_load, i16 %mul22_1" [gemv-max-throughput/src/correlation.cpp:142]   --->   Operation 95 'hadd' 'add_1' <Predicate = true> <Delay = 5.90> <CoreInst = "HAddSub_fulldsp">   --->   Core 55 'HAddSub_fulldsp' <Latency = 1> <II = 1> <Delay = 5.90> <FuncUnit> <Opcode : 'hadd' 'hsub'> <InPorts = 2> <OutPorts = 1>
ST_6 : Operation 105 [1/1] (0.00ns)   --->   "%ret_ln0 = ret"   --->   Operation 105 'ret' 'ret_ln0' <Predicate = (icmp_ln136)> <Delay = 0.00>

State 7 <SV = 6> <Delay = 7.14>
ST_7 : Operation 96 [1/1] (0.00ns)   --->   "%specloopname_ln0 = specloopname void @_ssdm_op_SpecLoopName, void @VITIS_LOOP_136_2_VITIS_LOOP_138_3_str"   --->   Operation 96 'specloopname' 'specloopname_ln0' <Predicate = true> <Delay = 0.00>
ST_7 : Operation 97 [1/1] (0.00ns)   --->   "%empty = speclooptripcount i32 @_ssdm_op_SpecLoopTripCount, i64 2048, i64 2048, i64 2048"   --->   Operation 97 'speclooptripcount' 'empty' <Predicate = true> <Delay = 0.00>
ST_7 : Operation 98 [1/1] (0.00ns)   --->   "%specpipeline_ln139 = specpipeline void @_ssdm_op_SpecPipeline, i32 1, i32 0, i32 0, i32 0, void @empty_4" [gemv-max-throughput/src/correlation.cpp:139]   --->   Operation 98 'specpipeline' 'specpipeline_ln139' <Predicate = true> <Delay = 0.00>
ST_7 : Operation 99 [1/1] (0.00ns)   --->   "%specloopname_ln130 = specloopname void @_ssdm_op_SpecLoopName, void @empty_12" [gemv-max-throughput/src/correlation.cpp:130]   --->   Operation 99 'specloopname' 'specloopname_ln130' <Predicate = true> <Delay = 0.00>
ST_7 : Operation 100 [1/2] (5.90ns)   --->   "%add = hadd i16 %reg_file_7_0_load, i16 %mul2" [gemv-max-throughput/src/correlation.cpp:142]   --->   Operation 100 'hadd' 'add' <Predicate = true> <Delay = 5.90> <CoreInst = "HAddSub_fulldsp">   --->   Core 55 'HAddSub_fulldsp' <Latency = 1> <II = 1> <Delay = 5.90> <FuncUnit> <Opcode : 'hadd' 'hsub'> <InPorts = 2> <OutPorts = 1>
ST_7 : Operation 101 [1/1] (1.23ns)   --->   "%store_ln142 = store i16 %add, i11 %reg_file_7_0_addr" [gemv-max-throughput/src/correlation.cpp:142]   --->   Operation 101 'store' 'store_ln142' <Predicate = true> <Delay = 1.23> <CoreInst = "RAM_T2P_BRAM">   --->   Core 99 'RAM_T2P_BRAM' <Latency = 1> <II = 1> <Delay = 1.23> <Storage> <Opcode : 'load' 'store'> <Ports = 2> <Width = 16> <Depth = 2048> <RAM>
ST_7 : Operation 102 [1/2] (5.90ns)   --->   "%add_1 = hadd i16 %reg_file_7_1_load, i16 %mul22_1" [gemv-max-throughput/src/correlation.cpp:142]   --->   Operation 102 'hadd' 'add_1' <Predicate = true> <Delay = 5.90> <CoreInst = "HAddSub_fulldsp">   --->   Core 55 'HAddSub_fulldsp' <Latency = 1> <II = 1> <Delay = 5.90> <FuncUnit> <Opcode : 'hadd' 'hsub'> <InPorts = 2> <OutPorts = 1>
ST_7 : Operation 103 [1/1] (1.23ns)   --->   "%store_ln142 = store i16 %add_1, i11 %reg_file_7_1_addr" [gemv-max-throughput/src/correlation.cpp:142]   --->   Operation 103 'store' 'store_ln142' <Predicate = true> <Delay = 1.23> <CoreInst = "RAM_T2P_BRAM">   --->   Core 99 'RAM_T2P_BRAM' <Latency = 1> <II = 1> <Delay = 1.23> <Storage> <Opcode : 'load' 'store'> <Ports = 2> <Width = 16> <Depth = 2048> <RAM>
ST_7 : Operation 104 [1/1] (0.00ns)   --->   "%br_ln138 = br void %for.inc26" [gemv-max-throughput/src/correlation.cpp:138]   --->   Operation 104 'br' 'br_ln138' <Predicate = true> <Delay = 0.00>


============================================================
+ Verbose Summary: Timing violations
============================================================
Target clock period: 10ns, clock uncertainty: 2.7ns.

 <State 1>: 2.01ns
The critical path consists of the following:
	'alloca' operation ('j') [9]  (0 ns)
	'load' operation ('j', gemv-max-throughput/src/correlation.cpp:136) on local variable 'j' [23]  (0 ns)
	'add' operation ('add_ln136_1', gemv-max-throughput/src/correlation.cpp:136) [42]  (0.773 ns)
	'getelementptr' operation ('reg_file_6_0_addr_7', gemv-max-throughput/src/correlation.cpp:137) [49]  (0 ns)
	'load' operation ('reg_file_6_0_load_4', gemv-max-throughput/src/correlation.cpp:137) on array 'reg_file_6_0' [50]  (1.24 ns)

 <State 2>: 6.74ns
The critical path consists of the following:
	'load' operation ('reg_file_6_0_load', gemv-max-throughput/src/correlation.cpp:137) on array 'reg_file_6_0' [29]  (1.24 ns)
	'mux' operation ('tmp_s', gemv-max-throughput/src/correlation.cpp:137) [32]  (0.427 ns)
	'select' operation ('select_ln136_3', gemv-max-throughput/src/correlation.cpp:136) [54]  (0.357 ns)
	'hmul' operation ('tmp_1_mid2', gemv-max-throughput/src/correlation.cpp:136) [55]  (4.72 ns)

 <State 3>: 4.72ns
The critical path consists of the following:
	'hmul' operation ('tmp_1_mid2', gemv-max-throughput/src/correlation.cpp:136) [55]  (4.72 ns)

 <State 4>: 6.39ns
The critical path consists of the following:
	'load' operation ('reg_file_2_0_load', gemv-max-throughput/src/correlation.cpp:142) on array 'reg_file_2_0' [65]  (1.24 ns)
	'mux' operation ('tmp_35', gemv-max-throughput/src/correlation.cpp:142) [67]  (0.427 ns)
	'hmul' operation ('mul2', gemv-max-throughput/src/correlation.cpp:142) [68]  (4.72 ns)

 <State 5>: 4.72ns
The critical path consists of the following:
	'hmul' operation ('mul2', gemv-max-throughput/src/correlation.cpp:142) [68]  (4.72 ns)

 <State 6>: 7.14ns
The critical path consists of the following:
	'load' operation ('reg_file_7_0_load', gemv-max-throughput/src/correlation.cpp:142) on array 'reg_file_7_0' [70]  (1.24 ns)
	'hadd' operation ('add', gemv-max-throughput/src/correlation.cpp:142) [71]  (5.9 ns)

 <State 7>: 7.14ns
The critical path consists of the following:
	'hadd' operation ('add', gemv-max-throughput/src/correlation.cpp:142) [71]  (5.9 ns)
	'store' operation ('store_ln142', gemv-max-throughput/src/correlation.cpp:142) of variable 'add', gemv-max-throughput/src/correlation.cpp:142 on array 'reg_file_7_0' [72]  (1.24 ns)


============================================================
+ Verbose Summary: Binding
============================================================
N/A
* FSMD analyzer results:
  - Output states:
 - Input state : 
  - Chain level:
	State 1
	State 2
	State 3
	State 4
	State 5
	State 6
	State 7


============================================================
+ Verbose Summary: Datapath Resource usage 
============================================================
N/A
