Copyright 1986-2022 Xilinx, Inc. All Rights Reserved.
-----------------------------------------------------------------------------------------------------------------------------
| Tool Version : Vivado v.2022.2 (lin64) Build 3671981 Fri Oct 14 04:59:54 MDT 2022
| Date         : Fri Jan 13 11:59:44 2023
| Host         : liara running 64-bit Arch Linux
| Command      : report_utilization -file design_1_wrapper_utilization_placed.rpt -pb design_1_wrapper_utilization_placed.pb
| Design       : design_1_wrapper
| Device       : xczu7ev-ffvc1156-2-e
| Speed File   : -2
| Design State : Fully Placed
-----------------------------------------------------------------------------------------------------------------------------

Utilization Design Information

Table of Contents
-----------------
1. CLB Logic
1.1 Summary of Registers by Type
2. CLB Logic Distribution
3. BLOCKRAM
4. ARITHMETIC
5. I/O
6. CLOCK
7. ADVANCED
8. CONFIGURATION
9. Primitives
10. Black Boxes
11. Instantiated Netlists

1. CLB Logic
------------

+----------------------------+-------+-------+------------+-----------+-------+
|          Site Type         |  Used | Fixed | Prohibited | Available | Util% |
+----------------------------+-------+-------+------------+-----------+-------+
| CLB LUTs                   | 23677 |     0 |          0 |    230400 | 10.28 |
|   LUT as Logic             | 22889 |     0 |          0 |    230400 |  9.93 |
|   LUT as Memory            |   788 |     0 |          0 |    101760 |  0.77 |
|     LUT as Distributed RAM |   410 |     0 |            |           |       |
|     LUT as Shift Register  |   378 |     0 |            |           |       |
| CLB Registers              | 12292 |     0 |          0 |    460800 |  2.67 |
|   Register as Flip Flop    | 12292 |     0 |          0 |    460800 |  2.67 |
|   Register as Latch        |     0 |     0 |          0 |    460800 |  0.00 |
| CARRY8                     |   329 |     0 |          0 |     28800 |  1.14 |
| F7 Muxes                   |  2281 |     0 |          0 |    115200 |  1.98 |
| F8 Muxes                   |   894 |     0 |          0 |     57600 |  1.55 |
| F9 Muxes                   |     0 |     0 |          0 |     28800 |  0.00 |
+----------------------------+-------+-------+------------+-----------+-------+
* Warning! LUT value is adjusted to account for LUT combining.


1.1 Summary of Registers by Type
--------------------------------

+-------+--------------+-------------+--------------+
| Total | Clock Enable | Synchronous | Asynchronous |
+-------+--------------+-------------+--------------+
| 0     |            _ |           - |            - |
| 0     |            _ |           - |          Set |
| 0     |            _ |           - |        Reset |
| 0     |            _ |         Set |            - |
| 0     |            _ |       Reset |            - |
| 0     |          Yes |           - |            - |
| 66    |          Yes |           - |          Set |
| 165   |          Yes |           - |        Reset |
| 185   |          Yes |         Set |            - |
| 11876 |          Yes |       Reset |            - |
+-------+--------------+-------------+--------------+


2. CLB Logic Distribution
-------------------------

+--------------------------------------------+-------+-------+------------+-----------+-------+
|                  Site Type                 |  Used | Fixed | Prohibited | Available | Util% |
+--------------------------------------------+-------+-------+------------+-----------+-------+
| CLB                                        |  4867 |     0 |          0 |     28800 | 16.90 |
|   CLBL                                     |  2624 |     0 |            |           |       |
|   CLBM                                     |  2243 |     0 |            |           |       |
| LUT as Logic                               | 22889 |     0 |          0 |    230400 |  9.93 |
|   using O5 output only                     |   167 |       |            |           |       |
|   using O6 output only                     | 19868 |       |            |           |       |
|   using O5 and O6                          |  2854 |       |            |           |       |
| LUT as Memory                              |   788 |     0 |          0 |    101760 |  0.77 |
|   LUT as Distributed RAM                   |   410 |     0 |            |           |       |
|     using O5 output only                   |     0 |       |            |           |       |
|     using O6 output only                   |     8 |       |            |           |       |
|     using O5 and O6                        |   402 |       |            |           |       |
|   LUT as Shift Register                    |   378 |     0 |            |           |       |
|     using O5 output only                   |     0 |       |            |           |       |
|     using O6 output only                   |   143 |       |            |           |       |
|     using O5 and O6                        |   235 |       |            |           |       |
| CLB Registers                              | 12292 |     0 |          0 |    460800 |  2.67 |
|   Register driven from within the CLB      |  6531 |       |            |           |       |
|   Register driven from outside the CLB     |  5761 |       |            |           |       |
|     LUT in front of the register is unused |  3907 |       |            |           |       |
|     LUT in front of the register is used   |  1854 |       |            |           |       |
| Unique Control Sets                        |   421 |       |          0 |     57600 |  0.73 |
+--------------------------------------------+-------+-------+------------+-----------+-------+
* * Note: Available Control Sets calculated as Slices * 2, Review the Control Sets Report for more information regarding control sets.


3. BLOCKRAM
-----------

+-------------------+------+-------+------------+-----------+-------+
|     Site Type     | Used | Fixed | Prohibited | Available | Util% |
+-------------------+------+-------+------------+-----------+-------+
| Block RAM Tile    | 58.5 |     0 |          0 |       312 | 18.75 |
|   RAMB36/FIFO*    |   57 |     0 |          0 |       312 | 18.27 |
|     RAMB36E2 only |   57 |       |            |           |       |
|   RAMB18          |    3 |     0 |          0 |       624 |  0.48 |
|     RAMB18E2 only |    3 |       |            |           |       |
| URAM              |    0 |     0 |          0 |        96 |  0.00 |
+-------------------+------+-------+------------+-----------+-------+
* Note: Each Block RAM Tile only has one FIFO logic available and therefore can accommodate only one FIFO36E2 or one FIFO18E2. However, if a FIFO18E2 occupies a Block RAM Tile, that tile can still accommodate a RAMB18E2


4. ARITHMETIC
-------------

+----------------+------+-------+------------+-----------+-------+
|    Site Type   | Used | Fixed | Prohibited | Available | Util% |
+----------------+------+-------+------------+-----------+-------+
| DSPs           |    3 |     0 |          0 |      1728 |  0.17 |
|   DSP48E2 only |    3 |       |            |           |       |
+----------------+------+-------+------------+-----------+-------+


5. I/O
------

+------------------+------+-------+------------+-----------+-------+
|     Site Type    | Used | Fixed | Prohibited | Available | Util% |
+------------------+------+-------+------------+-----------+-------+
| Bonded IOB       |    0 |     0 |          0 |       360 |  0.00 |
| HPIOB_M          |    0 |     0 |          0 |       144 |  0.00 |
| HPIOB_S          |    0 |     0 |          0 |       144 |  0.00 |
| HDIOB_M          |    0 |     0 |          0 |        24 |  0.00 |
| HDIOB_S          |    0 |     0 |          0 |        24 |  0.00 |
| HPIOB_SNGL       |    0 |     0 |          0 |        24 |  0.00 |
| HPIOBDIFFINBUF   |    0 |     0 |          0 |       192 |  0.00 |
| HPIOBDIFFOUTBUF  |    0 |     0 |          0 |       192 |  0.00 |
| HDIOBDIFFINBUF   |    0 |     0 |          0 |        48 |  0.00 |
| BITSLICE_CONTROL |    0 |     0 |          0 |        64 |  0.00 |
| BITSLICE_RX_TX   |    0 |     0 |          0 |      2496 |  0.00 |
| BITSLICE_TX      |    0 |     0 |          0 |        64 |  0.00 |
| RIU_OR           |    0 |     0 |          0 |        32 |  0.00 |
+------------------+------+-------+------------+-----------+-------+


6. CLOCK
--------

+----------------------+------+-------+------------+-----------+-------+
|       Site Type      | Used | Fixed | Prohibited | Available | Util% |
+----------------------+------+-------+------------+-----------+-------+
| GLOBAL CLOCK BUFFERs |    3 |     0 |          0 |       544 |  0.55 |
|   BUFGCE             |    2 |     0 |          0 |       208 |  0.96 |
|   BUFGCE_DIV         |    0 |     0 |          0 |        32 |  0.00 |
|   BUFG_GT            |    0 |     0 |          0 |       144 |  0.00 |
|   BUFG_PS            |    1 |     0 |          0 |        96 |  1.04 |
|   BUFGCTRL*          |    0 |     0 |          0 |        64 |  0.00 |
| PLL                  |    0 |     0 |          0 |        16 |  0.00 |
| MMCM                 |    0 |     0 |          0 |         8 |  0.00 |
+----------------------+------+-------+------------+-----------+-------+
* Note: Each used BUFGCTRL counts as two GLOBAL CLOCK BUFFERs. This table does not include global clocking resources, only buffer cell usage. See the Clock Utilization Report (report_clock_utilization) for detailed accounting of global clocking resource availability.


7. ADVANCED
-----------

+-----------------+------+-------+------------+-----------+--------+
|    Site Type    | Used | Fixed | Prohibited | Available |  Util% |
+-----------------+------+-------+------------+-----------+--------+
| GTHE4_CHANNEL   |    0 |     0 |          0 |        20 |   0.00 |
| GTHE4_COMMON    |    0 |     0 |          0 |         5 |   0.00 |
| OBUFDS_GTE4     |    0 |     0 |          0 |        10 |   0.00 |
| OBUFDS_GTE4_ADV |    0 |     0 |          0 |        10 |   0.00 |
| PCIE40E4        |    0 |     0 |          0 |         2 |   0.00 |
| PS8             |    1 |     0 |          0 |         1 | 100.00 |
| SYSMONE4        |    0 |     0 |          0 |         1 |   0.00 |
| VCU             |    0 |     0 |          0 |         1 |   0.00 |
+-----------------+------+-------+------------+-----------+--------+


8. CONFIGURATION
----------------

+-------------+------+-------+------------+-----------+-------+
|  Site Type  | Used | Fixed | Prohibited | Available | Util% |
+-------------+------+-------+------------+-----------+-------+
| BSCANE2     |    0 |     0 |          0 |         4 |  0.00 |
| DNA_PORTE2  |    0 |     0 |          0 |         1 |  0.00 |
| EFUSE_USR   |    0 |     0 |          0 |         1 |  0.00 |
| FRAME_ECCE4 |    0 |     0 |          0 |         1 |  0.00 |
| ICAPE3      |    0 |     0 |          0 |         2 |  0.00 |
| MASTER_JTAG |    0 |     0 |          0 |         1 |  0.00 |
| STARTUPE3   |    0 |     0 |          0 |         1 |  0.00 |
+-------------+------+-------+------------+-----------+-------+


9. Primitives
-------------

+----------+-------+---------------------+
| Ref Name |  Used | Functional Category |
+----------+-------+---------------------+
| FDRE     | 11876 |            Register |
| LUT6     | 11721 |                 CLB |
| LUT5     |  7355 |                 CLB |
| LUT3     |  3689 |                 CLB |
| MUXF7    |  2281 |                 CLB |
| LUT4     |  1584 |                 CLB |
| LUT2     |  1153 |                 CLB |
| MUXF8    |   894 |                 CLB |
| RAMD32   |   712 |                 CLB |
| SRL16E   |   543 |                 CLB |
| CARRY8   |   329 |                 CLB |
| LUT1     |   241 |                 CLB |
| FDSE     |   185 |            Register |
| FDCE     |   165 |            Register |
| RAMS32   |   100 |                 CLB |
| SRLC32E  |    70 |                 CLB |
| FDPE     |    66 |            Register |
| RAMB36E2 |    57 |            BLOCKRAM |
| RAMB18E2 |     3 |            BLOCKRAM |
| DSP48E2  |     3 |          Arithmetic |
| BUFGCE   |     2 |               Clock |
| PS8      |     1 |            Advanced |
| BUFG_PS  |     1 |               Clock |
+----------+-------+---------------------+


10. Black Boxes
---------------

+----------+------+
| Ref Name | Used |
+----------+------+


11. Instantiated Netlists
-------------------------

+-------------------------------+------+
|            Ref Name           | Used |
+-------------------------------+------+
| design_1_zynq_ultra_ps_e_0_0  |    1 |
| design_1_xbar_0               |    1 |
| design_1_rst_ps8_0_100M_0     |    1 |
| design_1_generic_accel_0_1    |    1 |
| design_1_floating_point_1_1   |    1 |
| design_1_floating_point_1_0   |    1 |
| design_1_floating_point_0_1   |    1 |
| design_1_c_counter_binary_0_0 |    1 |
| design_1_axi_smc_0            |    1 |
| design_1_auto_pc_1            |    1 |
| design_1_auto_pc_0            |    1 |
| design_1_auto_ds_1            |    1 |
| design_1_auto_ds_0            |    1 |
+-------------------------------+------+


