

================================================================
== Vitis HLS Report for 'compute_Pipeline_VITIS_LOOP_265_20_VITIS_LOOP_266_21'
================================================================
* Date:           Fri Nov 18 15:03:37 2022

* Version:        2022.2 (Build 3670227 on Oct 13 2022)
* Project:        correlation-max-sharing
* Solution:       zcu104 (Vivado IP Flow Target)
* Product family: zynquplus
* Target device:  xczu7ev-ffvc1156-2-e


================================================================
== Performance Estimates
================================================================
+ Timing: 
    * Summary: 
    +--------+----------+----------+------------+
    |  Clock |  Target  | Estimated| Uncertainty|
    +--------+----------+----------+------------+
    |ap_clk  |  10.00 ns|  2.901 ns|     2.70 ns|
    +--------+----------+----------+------------+

+ Latency: 
    * Summary: 
    +---------+---------+-----------+-----------+------+------+---------+
    |  Latency (cycles) |   Latency (absolute)  |   Interval  | Pipeline|
    |   min   |   max   |    min    |    max    |  min |  max |   Type  |
    +---------+---------+-----------+-----------+------+------+---------+
    |     4098|     4098|  40.980 us|  40.980 us|  4098|  4098|       no|
    +---------+---------+-----------+-----------+------+------+---------+

    + Detail: 
        * Instance: 
        N/A

        * Loop: 
        +---------------------------------------+---------+---------+----------+-----------+-----------+------+----------+
        |                                       |  Latency (cycles) | Iteration|  Initiation Interval  | Trip |          |
        |               Loop Name               |   min   |   max   |  Latency |  achieved |   target  | Count| Pipelined|
        +---------------------------------------+---------+---------+----------+-----------+-----------+------+----------+
        |- VITIS_LOOP_265_20_VITIS_LOOP_266_21  |     4096|     4096|         2|          1|          1|  4096|       yes|
        +---------------------------------------+---------+---------+----------+-----------+-----------+------+----------+



================================================================
== Utilization Estimates
================================================================
* Summary: 
+-----------------+---------+------+--------+--------+-----+
|       Name      | BRAM_18K|  DSP |   FF   |   LUT  | URAM|
+-----------------+---------+------+--------+--------+-----+
|DSP              |        -|     -|       -|       -|    -|
|Expression       |        -|     -|       0|      87|    -|
|FIFO             |        -|     -|       -|       -|    -|
|Instance         |        -|     -|       0|       9|    -|
|Memory           |        -|     -|       -|       -|    -|
|Multiplexer      |        -|     -|       -|      72|    -|
|Register         |        -|     -|      43|       -|    -|
+-----------------+---------+------+--------+--------+-----+
|Total            |        0|     0|      43|     168|    0|
+-----------------+---------+------+--------+--------+-----+
|Available        |      624|  1728|  460800|  230400|   96|
+-----------------+---------+------+--------+--------+-----+
|Utilization (%)  |        0|     0|      ~0|      ~0|    0|
+-----------------+---------+------+--------+--------+-----+

+ Detail: 
    * Instance: 
    +--------------------+---------------+---------+----+---+----+-----+
    |      Instance      |     Module    | BRAM_18K| DSP| FF| LUT| URAM|
    +--------------------+---------------+---------+----+---+----+-----+
    |mux_21_16_1_1_U104  |mux_21_16_1_1  |        0|   0|  0|   9|    0|
    +--------------------+---------------+---------+----+---+----+-----+
    |Total               |               |        0|   0|  0|   9|    0|
    +--------------------+---------------+---------+----+---+----+-----+

    * DSP: 
    N/A

    * Memory: 
    N/A

    * FIFO: 
    N/A

    * Expression: 
    +--------------------------+----------+----+---+----+------------+------------+
    |       Variable Name      | Operation| DSP| FF| LUT| Bitwidth P0| Bitwidth P1|
    +--------------------------+----------+----+---+----+------------+------------+
    |add_ln265_1_fu_190_p2     |         +|   0|  0|  14|           7|           1|
    |add_ln265_fu_164_p2       |         +|   0|  0|  20|          13|           1|
    |add_ln266_fu_254_p2       |         +|   0|  0|  14|           7|           1|
    |icmp_ln265_fu_158_p2      |      icmp|   0|  0|  12|          13|          14|
    |icmp_ln266_fu_176_p2      |      icmp|   0|  0|  11|           7|           8|
    |select_ln265_1_fu_196_p3  |    select|   0|  0|   7|           1|           7|
    |select_ln265_fu_182_p3    |    select|   0|  0|   7|           1|           1|
    |ap_enable_pp0             |       xor|   0|  0|   2|           1|           2|
    +--------------------------+----------+----+---+----+------------+------------+
    |Total                     |          |   0|  0|  87|          50|          35|
    +--------------------------+----------+----+---+----+------------+------------+

    * Multiplexer: 
    +----------------------------------------+----+-----------+-----+-----------+
    |                  Name                  | LUT| Input Size| Bits| Total Bits|
    +----------------------------------------+----+-----------+-----+-----------+
    |ap_done_int                             |   9|          2|    1|          2|
    |ap_enable_reg_pp0_iter1                 |   9|          2|    1|          2|
    |ap_sig_allocacmp_i_load                 |   9|          2|    7|         14|
    |ap_sig_allocacmp_indvar_flatten41_load  |   9|          2|   13|         26|
    |ap_sig_allocacmp_j_load                 |   9|          2|    7|         14|
    |i_fu_80                                 |   9|          2|    7|         14|
    |indvar_flatten41_fu_84                  |   9|          2|   13|         26|
    |j_fu_76                                 |   9|          2|    7|         14|
    +----------------------------------------+----+-----------+-----+-----------+
    |Total                                   |  72|         16|   56|        112|
    +----------------------------------------+----+-----------+-----+-----------+

    * Register: 
    +-------------------------+----+----+-----+-----------+
    |           Name          | FF | LUT| Bits| Const Bits|
    +-------------------------+----+----+-----+-----------+
    |ap_CS_fsm                |   1|   0|    1|          0|
    |ap_done_reg              |   1|   0|    1|          0|
    |ap_enable_reg_pp0_iter1  |   1|   0|    1|          0|
    |i_fu_80                  |   7|   0|    7|          0|
    |indvar_flatten41_fu_84   |  13|   0|   13|          0|
    |j_fu_76                  |   7|   0|    7|          0|
    |lshr_ln_reg_337          |   5|   0|    5|          0|
    |trunc_ln265_reg_322      |   1|   0|    1|          0|
    |trunc_ln272_1_reg_342    |   6|   0|    6|          0|
    |trunc_ln272_2_reg_347    |   1|   0|    1|          0|
    +-------------------------+----+----+-----+-----------+
    |Total                    |  43|   0|   43|          0|
    +-------------------------+----+----+-----+-----------+



================================================================
== Interface
================================================================
* Summary: 
+-----------------------+-----+-----+------------+------------------------------------------------------+--------------+
|       RTL Ports       | Dir | Bits|  Protocol  |                     Source Object                    |    C Type    |
+-----------------------+-----+-----+------------+------------------------------------------------------+--------------+
|ap_clk                 |   in|    1|  ap_ctrl_hs|  compute_Pipeline_VITIS_LOOP_265_20_VITIS_LOOP_266_21|  return value|
|ap_rst                 |   in|    1|  ap_ctrl_hs|  compute_Pipeline_VITIS_LOOP_265_20_VITIS_LOOP_266_21|  return value|
|ap_start               |   in|    1|  ap_ctrl_hs|  compute_Pipeline_VITIS_LOOP_265_20_VITIS_LOOP_266_21|  return value|
|ap_done                |  out|    1|  ap_ctrl_hs|  compute_Pipeline_VITIS_LOOP_265_20_VITIS_LOOP_266_21|  return value|
|ap_idle                |  out|    1|  ap_ctrl_hs|  compute_Pipeline_VITIS_LOOP_265_20_VITIS_LOOP_266_21|  return value|
|ap_ready               |  out|    1|  ap_ctrl_hs|  compute_Pipeline_VITIS_LOOP_265_20_VITIS_LOOP_266_21|  return value|
|reg_file_6_1_address0  |  out|   11|   ap_memory|                                          reg_file_6_1|         array|
|reg_file_6_1_ce0       |  out|    1|   ap_memory|                                          reg_file_6_1|         array|
|reg_file_6_1_we0       |  out|    1|   ap_memory|                                          reg_file_6_1|         array|
|reg_file_6_1_d0        |  out|   16|   ap_memory|                                          reg_file_6_1|         array|
|reg_file_6_0_address0  |  out|   11|   ap_memory|                                          reg_file_6_0|         array|
|reg_file_6_0_ce0       |  out|    1|   ap_memory|                                          reg_file_6_0|         array|
|reg_file_6_0_we0       |  out|    1|   ap_memory|                                          reg_file_6_0|         array|
|reg_file_6_0_d0        |  out|   16|   ap_memory|                                          reg_file_6_0|         array|
|reg_file_2_1_address0  |  out|   11|   ap_memory|                                          reg_file_2_1|         array|
|reg_file_2_1_ce0       |  out|    1|   ap_memory|                                          reg_file_2_1|         array|
|reg_file_2_1_q0        |   in|   16|   ap_memory|                                          reg_file_2_1|         array|
|reg_file_2_0_address0  |  out|   11|   ap_memory|                                          reg_file_2_0|         array|
|reg_file_2_0_ce0       |  out|    1|   ap_memory|                                          reg_file_2_0|         array|
|reg_file_2_0_q0        |   in|   16|   ap_memory|                                          reg_file_2_0|         array|
+-----------------------+-----+-----+------------+------------------------------------------------------+--------------+

