

================================================================
== Vitis HLS Report for 'recv_data_burst'
================================================================
* Date:           Fri Nov 18 15:03:33 2022

* Version:        2022.2 (Build 3670227 on Oct 13 2022)
* Project:        correlation-max-sharing
* Solution:       zcu104 (Vivado IP Flow Target)
* Product family: zynquplus
* Target device:  xczu7ev-ffvc1156-2-e


================================================================
== Performance Estimates
================================================================
+ Timing: 
    * Summary: 
    +--------+----------+----------+------------+
    |  Clock |  Target  | Estimated| Uncertainty|
    +--------+----------+----------+------------+
    |ap_clk  |  10.00 ns|  2.883 ns|     2.70 ns|
    +--------+----------+----------+------------+

+ Latency: 
    * Summary: 
    +---------+---------+----------+----------+-------+-------+---------+
    |  Latency (cycles) |  Latency (absolute) |    Interval   | Pipeline|
    |   min   |   max   |    min   |    max   |  min  |  max  |   Type  |
    +---------+---------+----------+----------+-------+-------+---------+
    |    16386|    16386|  0.164 ms|  0.164 ms|  16386|  16386|       no|
    +---------+---------+----------+----------+-------+-------+---------+

    + Detail: 
        * Instance: 
        N/A

        * Loop: 
        +-------------------+---------+---------+----------+-----------+-----------+-------+----------+
        |                   |  Latency (cycles) | Iteration|  Initiation Interval  |  Trip |          |
        |     Loop Name     |   min   |   max   |  Latency |  achieved |   target  | Count | Pipelined|
        +-------------------+---------+---------+----------+-----------+-----------+-------+----------+
        |- VITIS_LOOP_39_1  |    16384|    16384|         2|          1|          1|  16384|       yes|
        +-------------------+---------+---------+----------+-----------+-----------+-------+----------+



================================================================
== Utilization Estimates
================================================================
* Summary: 
+-----------------+---------+------+--------+--------+-----+
|       Name      | BRAM_18K|  DSP |   FF   |   LUT  | URAM|
+-----------------+---------+------+--------+--------+-----+
|DSP              |        -|     -|       -|       -|    -|
|Expression       |        -|     -|       0|     530|    -|
|FIFO             |        -|     -|       -|       -|    -|
|Instance         |        -|     -|       -|       -|    -|
|Memory           |        -|     -|       -|       -|    -|
|Multiplexer      |        -|     -|       -|    1855|    -|
|Register         |        -|     -|     138|       -|    -|
+-----------------+---------+------+--------+--------+-----+
|Total            |        0|     0|     138|    2385|    0|
+-----------------+---------+------+--------+--------+-----+
|Available        |      624|  1728|  460800|  230400|   96|
+-----------------+---------+------+--------+--------+-----+
|Utilization (%)  |        0|     0|      ~0|       1|    0|
+-----------------+---------+------+--------+--------+-----+

+ Detail: 
    * Instance: 
    N/A

    * DSP: 
    N/A

    * Memory: 
    N/A

    * FIFO: 
    N/A

    * Expression: 
    +-----------------------------------+----------+----+---+----+------------+------------+
    |           Variable Name           | Operation| DSP| FF| LUT| Bitwidth P0| Bitwidth P1|
    +-----------------------------------+----------+----+---+----+------------+------------+
    |add_ln39_fu_1542_p2                |         +|   0|  0|  22|          15|           1|
    |add_ln47_fu_1809_p2                |         +|   0|  0|  19|          12|           1|
    |add_ln48_fu_1907_p2                |         +|   0|  0|  19|          12|           2|
    |add_ln49_fu_2005_p2                |         +|   0|  0|  19|          12|           2|
    |add_ln67_fu_1599_p2                |         +|   0|  0|  39|          32|           1|
    |addr_fu_1672_p2                    |         +|   0|  0|  19|          12|          12|
    |i_fu_1587_p2                       |         +|   0|  0|  39|          32|           1|
    |j_fu_1575_p2                       |         +|   0|  0|  39|          32|           3|
    |ap_block_pp0                       |       and|   0|  0|   2|           1|           1|
    |ap_condition_473                   |       and|   0|  0|   2|           1|           1|
    |ap_condition_487                   |       and|   0|  0|   2|           1|           1|
    |ap_condition_498                   |       and|   0|  0|   2|           1|           1|
    |ap_condition_509                   |       and|   0|  0|   2|           1|           1|
    |ap_condition_520                   |       and|   0|  0|   2|           1|           1|
    |ap_condition_531                   |       and|   0|  0|   2|           1|           1|
    |ap_condition_542                   |       and|   0|  0|   2|           1|           1|
    |ap_condition_553                   |       and|   0|  0|   2|           1|           1|
    |ap_condition_564                   |       and|   0|  0|   2|           1|           1|
    |ap_condition_575                   |       and|   0|  0|   2|           1|           1|
    |ap_condition_586                   |       and|   0|  0|   2|           1|           1|
    |ap_condition_597                   |       and|   0|  0|   2|           1|           1|
    |ap_condition_608                   |       and|   0|  0|   2|           1|           1|
    |ap_condition_619                   |       and|   0|  0|   2|           1|           1|
    |ap_condition_630                   |       and|   0|  0|   2|           1|           1|
    |ap_condition_641                   |       and|   0|  0|   2|           1|           1|
    |ap_enable_state3_pp0_iter2_stage0  |       and|   0|  0|   2|           1|           1|
    |ap_predicate_op183_store_state3    |       and|   0|  0|   2|           1|           1|
    |ap_predicate_op185_store_state3    |       and|   0|  0|   2|           1|           1|
    |ap_predicate_op201_store_state3    |       and|   0|  0|   2|           1|           1|
    |ap_predicate_op203_store_state3    |       and|   0|  0|   2|           1|           1|
    |ap_predicate_op219_store_state3    |       and|   0|  0|   2|           1|           1|
    |ap_predicate_op221_store_state3    |       and|   0|  0|   2|           1|           1|
    |ap_predicate_op237_store_state3    |       and|   0|  0|   2|           1|           1|
    |ap_predicate_op239_store_state3    |       and|   0|  0|   2|           1|           1|
    |ap_predicate_op255_store_state3    |       and|   0|  0|   2|           1|           1|
    |ap_predicate_op257_store_state3    |       and|   0|  0|   2|           1|           1|
    |ap_predicate_op273_store_state3    |       and|   0|  0|   2|           1|           1|
    |ap_predicate_op275_store_state3    |       and|   0|  0|   2|           1|           1|
    |ap_predicate_op291_store_state3    |       and|   0|  0|   2|           1|           1|
    |ap_predicate_op293_store_state3    |       and|   0|  0|   2|           1|           1|
    |ap_predicate_op309_store_state3    |       and|   0|  0|   2|           1|           1|
    |ap_predicate_op311_store_state3    |       and|   0|  0|   2|           1|           1|
    |ap_predicate_op327_store_state3    |       and|   0|  0|   2|           1|           1|
    |ap_predicate_op329_store_state3    |       and|   0|  0|   2|           1|           1|
    |ap_predicate_op345_store_state3    |       and|   0|  0|   2|           1|           1|
    |ap_predicate_op347_store_state3    |       and|   0|  0|   2|           1|           1|
    |ap_predicate_op363_store_state3    |       and|   0|  0|   2|           1|           1|
    |ap_predicate_op365_store_state3    |       and|   0|  0|   2|           1|           1|
    |ap_predicate_op381_store_state3    |       and|   0|  0|   2|           1|           1|
    |ap_predicate_op383_store_state3    |       and|   0|  0|   2|           1|           1|
    |ap_predicate_op399_store_state3    |       and|   0|  0|   2|           1|           1|
    |ap_predicate_op401_store_state3    |       and|   0|  0|   2|           1|           1|
    |ap_predicate_op417_store_state3    |       and|   0|  0|   2|           1|           1|
    |ap_predicate_op419_store_state3    |       and|   0|  0|   2|           1|           1|
    |ap_predicate_op435_store_state3    |       and|   0|  0|   2|           1|           1|
    |ap_predicate_op437_store_state3    |       and|   0|  0|   2|           1|           1|
    |ap_predicate_op453_store_state3    |       and|   0|  0|   2|           1|           1|
    |ap_predicate_op455_store_state3    |       and|   0|  0|   2|           1|           1|
    |icmp_ln39_fu_1536_p2               |      icmp|   0|  0|  13|          15|          16|
    |icmp_ln62_fu_1581_p2               |      icmp|   0|  0|  20|          32|           7|
    |icmp_ln65_fu_1593_p2               |      icmp|   0|  0|  20|          32|           7|
    |i_5_fu_1605_p3                     |    select|   0|  0|  32|           1|           1|
    |i_6_fu_1621_p3                     |    select|   0|  0|  32|           1|          32|
    |j_6_fu_1637_p3                     |    select|   0|  0|  32|           1|           1|
    |reg_id_6_fu_1613_p3                |    select|   0|  0|  32|           1|          32|
    |reg_id_7_fu_1629_p3                |    select|   0|  0|  32|           1|          32|
    |ap_enable_pp0                      |       xor|   0|  0|   2|           1|           2|
    +-----------------------------------+----------+----+---+----+------------+------------+
    |Total                              |          |   0|  0| 530|         294|         203|
    +-----------------------------------+----------+----+---+----+------------+------------+

    * Multiplexer: 
    +-------------------------+----+-----------+-----+-----------+
    |           Name          | LUT| Input Size| Bits| Total Bits|
    +-------------------------+----+-----------+-----+-----------+
    |ap_done_int              |   9|          2|    1|          2|
    |ap_enable_reg_pp0_iter1  |   9|          2|    1|          2|
    |ap_enable_reg_pp0_iter2  |   9|          2|    1|          2|
    |i_4_fu_166               |   9|          2|   32|         64|
    |idx_fu_178               |   9|          2|   15|         30|
    |j_3_fu_174               |   9|          2|   32|         64|
    |reg_file_0_0_address0    |  14|          3|   11|         33|
    |reg_file_0_0_address1    |  14|          3|   11|         33|
    |reg_file_0_0_d0          |  14|          3|   16|         48|
    |reg_file_0_0_d1          |  14|          3|   16|         48|
    |reg_file_0_1_address0    |  14|          3|   11|         33|
    |reg_file_0_1_address1    |  14|          3|   11|         33|
    |reg_file_0_1_d0          |  14|          3|   16|         48|
    |reg_file_0_1_d1          |  14|          3|   16|         48|
    |reg_file_10_0_address0   |  14|          3|   11|         33|
    |reg_file_10_0_address1   |  14|          3|   11|         33|
    |reg_file_10_0_d0         |  14|          3|   16|         48|
    |reg_file_10_0_d1         |  14|          3|   16|         48|
    |reg_file_10_1_address0   |  14|          3|   11|         33|
    |reg_file_10_1_address1   |  14|          3|   11|         33|
    |reg_file_10_1_d0         |  14|          3|   16|         48|
    |reg_file_10_1_d1         |  14|          3|   16|         48|
    |reg_file_11_0_address0   |  14|          3|   11|         33|
    |reg_file_11_0_address1   |  14|          3|   11|         33|
    |reg_file_11_0_d0         |  14|          3|   16|         48|
    |reg_file_11_0_d1         |  14|          3|   16|         48|
    |reg_file_11_1_address0   |  14|          3|   11|         33|
    |reg_file_11_1_address1   |  14|          3|   11|         33|
    |reg_file_11_1_d0         |  14|          3|   16|         48|
    |reg_file_11_1_d1         |  14|          3|   16|         48|
    |reg_file_12_0_address0   |  14|          3|   11|         33|
    |reg_file_12_0_address1   |  14|          3|   11|         33|
    |reg_file_12_0_d0         |  14|          3|   16|         48|
    |reg_file_12_0_d1         |  14|          3|   16|         48|
    |reg_file_12_1_address0   |  14|          3|   11|         33|
    |reg_file_12_1_address1   |  14|          3|   11|         33|
    |reg_file_12_1_d0         |  14|          3|   16|         48|
    |reg_file_12_1_d1         |  14|          3|   16|         48|
    |reg_file_13_0_address0   |  14|          3|   11|         33|
    |reg_file_13_0_address1   |  14|          3|   11|         33|
    |reg_file_13_0_d0         |  14|          3|   16|         48|
    |reg_file_13_0_d1         |  14|          3|   16|         48|
    |reg_file_13_1_address0   |  14|          3|   11|         33|
    |reg_file_13_1_address1   |  14|          3|   11|         33|
    |reg_file_13_1_d0         |  14|          3|   16|         48|
    |reg_file_13_1_d1         |  14|          3|   16|         48|
    |reg_file_14_0_address0   |  14|          3|   11|         33|
    |reg_file_14_0_address1   |  14|          3|   11|         33|
    |reg_file_14_0_d0         |  14|          3|   16|         48|
    |reg_file_14_0_d1         |  14|          3|   16|         48|
    |reg_file_14_1_address0   |  14|          3|   11|         33|
    |reg_file_14_1_address1   |  14|          3|   11|         33|
    |reg_file_14_1_d0         |  14|          3|   16|         48|
    |reg_file_14_1_d1         |  14|          3|   16|         48|
    |reg_file_15_0_address0   |  14|          3|   11|         33|
    |reg_file_15_0_address1   |  14|          3|   11|         33|
    |reg_file_15_0_d0         |  14|          3|   16|         48|
    |reg_file_15_0_d1         |  14|          3|   16|         48|
    |reg_file_15_1_address0   |  14|          3|   11|         33|
    |reg_file_15_1_address1   |  14|          3|   11|         33|
    |reg_file_15_1_d0         |  14|          3|   16|         48|
    |reg_file_15_1_d1         |  14|          3|   16|         48|
    |reg_file_1_0_address0    |  14|          3|   11|         33|
    |reg_file_1_0_address1    |  14|          3|   11|         33|
    |reg_file_1_0_d0          |  14|          3|   16|         48|
    |reg_file_1_0_d1          |  14|          3|   16|         48|
    |reg_file_1_1_address0    |  14|          3|   11|         33|
    |reg_file_1_1_address1    |  14|          3|   11|         33|
    |reg_file_1_1_d0          |  14|          3|   16|         48|
    |reg_file_1_1_d1          |  14|          3|   16|         48|
    |reg_file_2_0_address0    |  14|          3|   11|         33|
    |reg_file_2_0_address1    |  14|          3|   11|         33|
    |reg_file_2_0_d0          |  14|          3|   16|         48|
    |reg_file_2_0_d1          |  14|          3|   16|         48|
    |reg_file_2_1_address0    |  14|          3|   11|         33|
    |reg_file_2_1_address1    |  14|          3|   11|         33|
    |reg_file_2_1_d0          |  14|          3|   16|         48|
    |reg_file_2_1_d1          |  14|          3|   16|         48|
    |reg_file_3_0_address0    |  14|          3|   11|         33|
    |reg_file_3_0_address1    |  14|          3|   11|         33|
    |reg_file_3_0_d0          |  14|          3|   16|         48|
    |reg_file_3_0_d1          |  14|          3|   16|         48|
    |reg_file_3_1_address0    |  14|          3|   11|         33|
    |reg_file_3_1_address1    |  14|          3|   11|         33|
    |reg_file_3_1_d0          |  14|          3|   16|         48|
    |reg_file_3_1_d1          |  14|          3|   16|         48|
    |reg_file_4_0_address0    |  14|          3|   11|         33|
    |reg_file_4_0_address1    |  14|          3|   11|         33|
    |reg_file_4_0_d0          |  14|          3|   16|         48|
    |reg_file_4_0_d1          |  14|          3|   16|         48|
    |reg_file_4_1_address0    |  14|          3|   11|         33|
    |reg_file_4_1_address1    |  14|          3|   11|         33|
    |reg_file_4_1_d0          |  14|          3|   16|         48|
    |reg_file_4_1_d1          |  14|          3|   16|         48|
    |reg_file_5_0_address0    |  14|          3|   11|         33|
    |reg_file_5_0_address1    |  14|          3|   11|         33|
    |reg_file_5_0_d0          |  14|          3|   16|         48|
    |reg_file_5_0_d1          |  14|          3|   16|         48|
    |reg_file_5_1_address0    |  14|          3|   11|         33|
    |reg_file_5_1_address1    |  14|          3|   11|         33|
    |reg_file_5_1_d0          |  14|          3|   16|         48|
    |reg_file_5_1_d1          |  14|          3|   16|         48|
    |reg_file_6_0_address0    |  14|          3|   11|         33|
    |reg_file_6_0_address1    |  14|          3|   11|         33|
    |reg_file_6_0_d0          |  14|          3|   16|         48|
    |reg_file_6_0_d1          |  14|          3|   16|         48|
    |reg_file_6_1_address0    |  14|          3|   11|         33|
    |reg_file_6_1_address1    |  14|          3|   11|         33|
    |reg_file_6_1_d0          |  14|          3|   16|         48|
    |reg_file_6_1_d1          |  14|          3|   16|         48|
    |reg_file_7_0_address0    |  14|          3|   11|         33|
    |reg_file_7_0_address1    |  14|          3|   11|         33|
    |reg_file_7_0_d0          |  14|          3|   16|         48|
    |reg_file_7_0_d1          |  14|          3|   16|         48|
    |reg_file_7_1_address0    |  14|          3|   11|         33|
    |reg_file_7_1_address1    |  14|          3|   11|         33|
    |reg_file_7_1_d0          |  14|          3|   16|         48|
    |reg_file_7_1_d1          |  14|          3|   16|         48|
    |reg_file_8_0_address0    |  14|          3|   11|         33|
    |reg_file_8_0_address1    |  14|          3|   11|         33|
    |reg_file_8_0_d0          |  14|          3|   16|         48|
    |reg_file_8_0_d1          |  14|          3|   16|         48|
    |reg_file_8_1_address0    |  14|          3|   11|         33|
    |reg_file_8_1_address1    |  14|          3|   11|         33|
    |reg_file_8_1_d0          |  14|          3|   16|         48|
    |reg_file_8_1_d1          |  14|          3|   16|         48|
    |reg_file_9_0_address0    |  14|          3|   11|         33|
    |reg_file_9_0_address1    |  14|          3|   11|         33|
    |reg_file_9_0_d0          |  14|          3|   16|         48|
    |reg_file_9_0_d1          |  14|          3|   16|         48|
    |reg_file_9_1_address0    |  14|          3|   11|         33|
    |reg_file_9_1_address1    |  14|          3|   11|         33|
    |reg_file_9_1_d0          |  14|          3|   16|         48|
    |reg_file_9_1_d1          |  14|          3|   16|         48|
    |reg_id_fu_170            |   9|          2|   32|         64|
    +-------------------------+----+-----------+-----+-----------+
    |Total                    |1855|        398| 1842|       5412|
    +-------------------------+----+-----------+-----+-----------+

    * Register: 
    +-------------------------+----+----+-----+-----------+
    |           Name          | FF | LUT| Bits| Const Bits|
    +-------------------------+----+----+-----+-----------+
    |ap_CS_fsm                |   1|   0|    1|          0|
    |ap_done_reg              |   1|   0|    1|          0|
    |ap_enable_reg_pp0_iter1  |   1|   0|    1|          0|
    |ap_enable_reg_pp0_iter2  |   1|   0|    1|          0|
    |i_4_fu_166               |  32|   0|   32|          0|
    |idx_fu_178               |  15|   0|   15|          0|
    |j_3_fu_174               |  32|   0|   32|          0|
    |reg_id_fu_170            |  32|   0|   32|          0|
    |trunc_ln11_2_reg_2104    |   1|   0|    1|          0|
    |trunc_ln11_reg_2099      |   6|   0|    6|          0|
    |trunc_ln39_reg_2089      |  12|   0|   12|          0|
    |trunc_ln46_reg_2108      |   4|   0|    4|          0|
    +-------------------------+----+----+-----+-----------+
    |Total                    | 138|   0|  138|          0|
    +-------------------------+----+----+-----+-----------+



================================================================
== Interface
================================================================
* Summary: 
+------------------------+-----+-----+------------+-----------------+--------------+
|        RTL Ports       | Dir | Bits|  Protocol  |  Source Object  |    C Type    |
+------------------------+-----+-----+------------+-----------------+--------------+
|ap_clk                  |   in|    1|  ap_ctrl_hs|  recv_data_burst|  return value|
|ap_rst                  |   in|    1|  ap_ctrl_hs|  recv_data_burst|  return value|
|ap_start                |   in|    1|  ap_ctrl_hs|  recv_data_burst|  return value|
|ap_done                 |  out|    1|  ap_ctrl_hs|  recv_data_burst|  return value|
|ap_idle                 |  out|    1|  ap_ctrl_hs|  recv_data_burst|  return value|
|ap_ready                |  out|    1|  ap_ctrl_hs|  recv_data_burst|  return value|
|data_in_address0        |  out|   14|   ap_memory|          data_in|         array|
|data_in_ce0             |  out|    1|   ap_memory|          data_in|         array|
|data_in_q0              |   in|   64|   ap_memory|          data_in|         array|
|reg_file_0_0_address0   |  out|   11|   ap_memory|     reg_file_0_0|         array|
|reg_file_0_0_ce0        |  out|    1|   ap_memory|     reg_file_0_0|         array|
|reg_file_0_0_we0        |  out|    1|   ap_memory|     reg_file_0_0|         array|
|reg_file_0_0_d0         |  out|   16|   ap_memory|     reg_file_0_0|         array|
|reg_file_0_0_address1   |  out|   11|   ap_memory|     reg_file_0_0|         array|
|reg_file_0_0_ce1        |  out|    1|   ap_memory|     reg_file_0_0|         array|
|reg_file_0_0_we1        |  out|    1|   ap_memory|     reg_file_0_0|         array|
|reg_file_0_0_d1         |  out|   16|   ap_memory|     reg_file_0_0|         array|
|reg_file_0_1_address0   |  out|   11|   ap_memory|     reg_file_0_1|         array|
|reg_file_0_1_ce0        |  out|    1|   ap_memory|     reg_file_0_1|         array|
|reg_file_0_1_we0        |  out|    1|   ap_memory|     reg_file_0_1|         array|
|reg_file_0_1_d0         |  out|   16|   ap_memory|     reg_file_0_1|         array|
|reg_file_0_1_address1   |  out|   11|   ap_memory|     reg_file_0_1|         array|
|reg_file_0_1_ce1        |  out|    1|   ap_memory|     reg_file_0_1|         array|
|reg_file_0_1_we1        |  out|    1|   ap_memory|     reg_file_0_1|         array|
|reg_file_0_1_d1         |  out|   16|   ap_memory|     reg_file_0_1|         array|
|reg_file_1_0_address0   |  out|   11|   ap_memory|     reg_file_1_0|         array|
|reg_file_1_0_ce0        |  out|    1|   ap_memory|     reg_file_1_0|         array|
|reg_file_1_0_we0        |  out|    1|   ap_memory|     reg_file_1_0|         array|
|reg_file_1_0_d0         |  out|   16|   ap_memory|     reg_file_1_0|         array|
|reg_file_1_0_address1   |  out|   11|   ap_memory|     reg_file_1_0|         array|
|reg_file_1_0_ce1        |  out|    1|   ap_memory|     reg_file_1_0|         array|
|reg_file_1_0_we1        |  out|    1|   ap_memory|     reg_file_1_0|         array|
|reg_file_1_0_d1         |  out|   16|   ap_memory|     reg_file_1_0|         array|
|reg_file_1_1_address0   |  out|   11|   ap_memory|     reg_file_1_1|         array|
|reg_file_1_1_ce0        |  out|    1|   ap_memory|     reg_file_1_1|         array|
|reg_file_1_1_we0        |  out|    1|   ap_memory|     reg_file_1_1|         array|
|reg_file_1_1_d0         |  out|   16|   ap_memory|     reg_file_1_1|         array|
|reg_file_1_1_address1   |  out|   11|   ap_memory|     reg_file_1_1|         array|
|reg_file_1_1_ce1        |  out|    1|   ap_memory|     reg_file_1_1|         array|
|reg_file_1_1_we1        |  out|    1|   ap_memory|     reg_file_1_1|         array|
|reg_file_1_1_d1         |  out|   16|   ap_memory|     reg_file_1_1|         array|
|reg_file_2_0_address0   |  out|   11|   ap_memory|     reg_file_2_0|         array|
|reg_file_2_0_ce0        |  out|    1|   ap_memory|     reg_file_2_0|         array|
|reg_file_2_0_we0        |  out|    1|   ap_memory|     reg_file_2_0|         array|
|reg_file_2_0_d0         |  out|   16|   ap_memory|     reg_file_2_0|         array|
|reg_file_2_0_address1   |  out|   11|   ap_memory|     reg_file_2_0|         array|
|reg_file_2_0_ce1        |  out|    1|   ap_memory|     reg_file_2_0|         array|
|reg_file_2_0_we1        |  out|    1|   ap_memory|     reg_file_2_0|         array|
|reg_file_2_0_d1         |  out|   16|   ap_memory|     reg_file_2_0|         array|
|reg_file_2_1_address0   |  out|   11|   ap_memory|     reg_file_2_1|         array|
|reg_file_2_1_ce0        |  out|    1|   ap_memory|     reg_file_2_1|         array|
|reg_file_2_1_we0        |  out|    1|   ap_memory|     reg_file_2_1|         array|
|reg_file_2_1_d0         |  out|   16|   ap_memory|     reg_file_2_1|         array|
|reg_file_2_1_address1   |  out|   11|   ap_memory|     reg_file_2_1|         array|
|reg_file_2_1_ce1        |  out|    1|   ap_memory|     reg_file_2_1|         array|
|reg_file_2_1_we1        |  out|    1|   ap_memory|     reg_file_2_1|         array|
|reg_file_2_1_d1         |  out|   16|   ap_memory|     reg_file_2_1|         array|
|reg_file_3_0_address0   |  out|   11|   ap_memory|     reg_file_3_0|         array|
|reg_file_3_0_ce0        |  out|    1|   ap_memory|     reg_file_3_0|         array|
|reg_file_3_0_we0        |  out|    1|   ap_memory|     reg_file_3_0|         array|
|reg_file_3_0_d0         |  out|   16|   ap_memory|     reg_file_3_0|         array|
|reg_file_3_0_address1   |  out|   11|   ap_memory|     reg_file_3_0|         array|
|reg_file_3_0_ce1        |  out|    1|   ap_memory|     reg_file_3_0|         array|
|reg_file_3_0_we1        |  out|    1|   ap_memory|     reg_file_3_0|         array|
|reg_file_3_0_d1         |  out|   16|   ap_memory|     reg_file_3_0|         array|
|reg_file_3_1_address0   |  out|   11|   ap_memory|     reg_file_3_1|         array|
|reg_file_3_1_ce0        |  out|    1|   ap_memory|     reg_file_3_1|         array|
|reg_file_3_1_we0        |  out|    1|   ap_memory|     reg_file_3_1|         array|
|reg_file_3_1_d0         |  out|   16|   ap_memory|     reg_file_3_1|         array|
|reg_file_3_1_address1   |  out|   11|   ap_memory|     reg_file_3_1|         array|
|reg_file_3_1_ce1        |  out|    1|   ap_memory|     reg_file_3_1|         array|
|reg_file_3_1_we1        |  out|    1|   ap_memory|     reg_file_3_1|         array|
|reg_file_3_1_d1         |  out|   16|   ap_memory|     reg_file_3_1|         array|
|reg_file_4_0_address0   |  out|   11|   ap_memory|     reg_file_4_0|         array|
|reg_file_4_0_ce0        |  out|    1|   ap_memory|     reg_file_4_0|         array|
|reg_file_4_0_we0        |  out|    1|   ap_memory|     reg_file_4_0|         array|
|reg_file_4_0_d0         |  out|   16|   ap_memory|     reg_file_4_0|         array|
|reg_file_4_0_address1   |  out|   11|   ap_memory|     reg_file_4_0|         array|
|reg_file_4_0_ce1        |  out|    1|   ap_memory|     reg_file_4_0|         array|
|reg_file_4_0_we1        |  out|    1|   ap_memory|     reg_file_4_0|         array|
|reg_file_4_0_d1         |  out|   16|   ap_memory|     reg_file_4_0|         array|
|reg_file_4_1_address0   |  out|   11|   ap_memory|     reg_file_4_1|         array|
|reg_file_4_1_ce0        |  out|    1|   ap_memory|     reg_file_4_1|         array|
|reg_file_4_1_we0        |  out|    1|   ap_memory|     reg_file_4_1|         array|
|reg_file_4_1_d0         |  out|   16|   ap_memory|     reg_file_4_1|         array|
|reg_file_4_1_address1   |  out|   11|   ap_memory|     reg_file_4_1|         array|
|reg_file_4_1_ce1        |  out|    1|   ap_memory|     reg_file_4_1|         array|
|reg_file_4_1_we1        |  out|    1|   ap_memory|     reg_file_4_1|         array|
|reg_file_4_1_d1         |  out|   16|   ap_memory|     reg_file_4_1|         array|
|reg_file_5_0_address0   |  out|   11|   ap_memory|     reg_file_5_0|         array|
|reg_file_5_0_ce0        |  out|    1|   ap_memory|     reg_file_5_0|         array|
|reg_file_5_0_we0        |  out|    1|   ap_memory|     reg_file_5_0|         array|
|reg_file_5_0_d0         |  out|   16|   ap_memory|     reg_file_5_0|         array|
|reg_file_5_0_address1   |  out|   11|   ap_memory|     reg_file_5_0|         array|
|reg_file_5_0_ce1        |  out|    1|   ap_memory|     reg_file_5_0|         array|
|reg_file_5_0_we1        |  out|    1|   ap_memory|     reg_file_5_0|         array|
|reg_file_5_0_d1         |  out|   16|   ap_memory|     reg_file_5_0|         array|
|reg_file_5_1_address0   |  out|   11|   ap_memory|     reg_file_5_1|         array|
|reg_file_5_1_ce0        |  out|    1|   ap_memory|     reg_file_5_1|         array|
|reg_file_5_1_we0        |  out|    1|   ap_memory|     reg_file_5_1|         array|
|reg_file_5_1_d0         |  out|   16|   ap_memory|     reg_file_5_1|         array|
|reg_file_5_1_address1   |  out|   11|   ap_memory|     reg_file_5_1|         array|
|reg_file_5_1_ce1        |  out|    1|   ap_memory|     reg_file_5_1|         array|
|reg_file_5_1_we1        |  out|    1|   ap_memory|     reg_file_5_1|         array|
|reg_file_5_1_d1         |  out|   16|   ap_memory|     reg_file_5_1|         array|
|reg_file_6_0_address0   |  out|   11|   ap_memory|     reg_file_6_0|         array|
|reg_file_6_0_ce0        |  out|    1|   ap_memory|     reg_file_6_0|         array|
|reg_file_6_0_we0        |  out|    1|   ap_memory|     reg_file_6_0|         array|
|reg_file_6_0_d0         |  out|   16|   ap_memory|     reg_file_6_0|         array|
|reg_file_6_0_address1   |  out|   11|   ap_memory|     reg_file_6_0|         array|
|reg_file_6_0_ce1        |  out|    1|   ap_memory|     reg_file_6_0|         array|
|reg_file_6_0_we1        |  out|    1|   ap_memory|     reg_file_6_0|         array|
|reg_file_6_0_d1         |  out|   16|   ap_memory|     reg_file_6_0|         array|
|reg_file_6_1_address0   |  out|   11|   ap_memory|     reg_file_6_1|         array|
|reg_file_6_1_ce0        |  out|    1|   ap_memory|     reg_file_6_1|         array|
|reg_file_6_1_we0        |  out|    1|   ap_memory|     reg_file_6_1|         array|
|reg_file_6_1_d0         |  out|   16|   ap_memory|     reg_file_6_1|         array|
|reg_file_6_1_address1   |  out|   11|   ap_memory|     reg_file_6_1|         array|
|reg_file_6_1_ce1        |  out|    1|   ap_memory|     reg_file_6_1|         array|
|reg_file_6_1_we1        |  out|    1|   ap_memory|     reg_file_6_1|         array|
|reg_file_6_1_d1         |  out|   16|   ap_memory|     reg_file_6_1|         array|
|reg_file_7_0_address0   |  out|   11|   ap_memory|     reg_file_7_0|         array|
|reg_file_7_0_ce0        |  out|    1|   ap_memory|     reg_file_7_0|         array|
|reg_file_7_0_we0        |  out|    1|   ap_memory|     reg_file_7_0|         array|
|reg_file_7_0_d0         |  out|   16|   ap_memory|     reg_file_7_0|         array|
|reg_file_7_0_address1   |  out|   11|   ap_memory|     reg_file_7_0|         array|
|reg_file_7_0_ce1        |  out|    1|   ap_memory|     reg_file_7_0|         array|
|reg_file_7_0_we1        |  out|    1|   ap_memory|     reg_file_7_0|         array|
|reg_file_7_0_d1         |  out|   16|   ap_memory|     reg_file_7_0|         array|
|reg_file_7_1_address0   |  out|   11|   ap_memory|     reg_file_7_1|         array|
|reg_file_7_1_ce0        |  out|    1|   ap_memory|     reg_file_7_1|         array|
|reg_file_7_1_we0        |  out|    1|   ap_memory|     reg_file_7_1|         array|
|reg_file_7_1_d0         |  out|   16|   ap_memory|     reg_file_7_1|         array|
|reg_file_7_1_address1   |  out|   11|   ap_memory|     reg_file_7_1|         array|
|reg_file_7_1_ce1        |  out|    1|   ap_memory|     reg_file_7_1|         array|
|reg_file_7_1_we1        |  out|    1|   ap_memory|     reg_file_7_1|         array|
|reg_file_7_1_d1         |  out|   16|   ap_memory|     reg_file_7_1|         array|
|reg_file_8_0_address0   |  out|   11|   ap_memory|     reg_file_8_0|         array|
|reg_file_8_0_ce0        |  out|    1|   ap_memory|     reg_file_8_0|         array|
|reg_file_8_0_we0        |  out|    1|   ap_memory|     reg_file_8_0|         array|
|reg_file_8_0_d0         |  out|   16|   ap_memory|     reg_file_8_0|         array|
|reg_file_8_0_address1   |  out|   11|   ap_memory|     reg_file_8_0|         array|
|reg_file_8_0_ce1        |  out|    1|   ap_memory|     reg_file_8_0|         array|
|reg_file_8_0_we1        |  out|    1|   ap_memory|     reg_file_8_0|         array|
|reg_file_8_0_d1         |  out|   16|   ap_memory|     reg_file_8_0|         array|
|reg_file_8_1_address0   |  out|   11|   ap_memory|     reg_file_8_1|         array|
|reg_file_8_1_ce0        |  out|    1|   ap_memory|     reg_file_8_1|         array|
|reg_file_8_1_we0        |  out|    1|   ap_memory|     reg_file_8_1|         array|
|reg_file_8_1_d0         |  out|   16|   ap_memory|     reg_file_8_1|         array|
|reg_file_8_1_address1   |  out|   11|   ap_memory|     reg_file_8_1|         array|
|reg_file_8_1_ce1        |  out|    1|   ap_memory|     reg_file_8_1|         array|
|reg_file_8_1_we1        |  out|    1|   ap_memory|     reg_file_8_1|         array|
|reg_file_8_1_d1         |  out|   16|   ap_memory|     reg_file_8_1|         array|
|reg_file_9_0_address0   |  out|   11|   ap_memory|     reg_file_9_0|         array|
|reg_file_9_0_ce0        |  out|    1|   ap_memory|     reg_file_9_0|         array|
|reg_file_9_0_we0        |  out|    1|   ap_memory|     reg_file_9_0|         array|
|reg_file_9_0_d0         |  out|   16|   ap_memory|     reg_file_9_0|         array|
|reg_file_9_0_address1   |  out|   11|   ap_memory|     reg_file_9_0|         array|
|reg_file_9_0_ce1        |  out|    1|   ap_memory|     reg_file_9_0|         array|
|reg_file_9_0_we1        |  out|    1|   ap_memory|     reg_file_9_0|         array|
|reg_file_9_0_d1         |  out|   16|   ap_memory|     reg_file_9_0|         array|
|reg_file_9_1_address0   |  out|   11|   ap_memory|     reg_file_9_1|         array|
|reg_file_9_1_ce0        |  out|    1|   ap_memory|     reg_file_9_1|         array|
|reg_file_9_1_we0        |  out|    1|   ap_memory|     reg_file_9_1|         array|
|reg_file_9_1_d0         |  out|   16|   ap_memory|     reg_file_9_1|         array|
|reg_file_9_1_address1   |  out|   11|   ap_memory|     reg_file_9_1|         array|
|reg_file_9_1_ce1        |  out|    1|   ap_memory|     reg_file_9_1|         array|
|reg_file_9_1_we1        |  out|    1|   ap_memory|     reg_file_9_1|         array|
|reg_file_9_1_d1         |  out|   16|   ap_memory|     reg_file_9_1|         array|
|reg_file_10_0_address0  |  out|   11|   ap_memory|    reg_file_10_0|         array|
|reg_file_10_0_ce0       |  out|    1|   ap_memory|    reg_file_10_0|         array|
|reg_file_10_0_we0       |  out|    1|   ap_memory|    reg_file_10_0|         array|
|reg_file_10_0_d0        |  out|   16|   ap_memory|    reg_file_10_0|         array|
|reg_file_10_0_address1  |  out|   11|   ap_memory|    reg_file_10_0|         array|
|reg_file_10_0_ce1       |  out|    1|   ap_memory|    reg_file_10_0|         array|
|reg_file_10_0_we1       |  out|    1|   ap_memory|    reg_file_10_0|         array|
|reg_file_10_0_d1        |  out|   16|   ap_memory|    reg_file_10_0|         array|
|reg_file_10_1_address0  |  out|   11|   ap_memory|    reg_file_10_1|         array|
|reg_file_10_1_ce0       |  out|    1|   ap_memory|    reg_file_10_1|         array|
|reg_file_10_1_we0       |  out|    1|   ap_memory|    reg_file_10_1|         array|
|reg_file_10_1_d0        |  out|   16|   ap_memory|    reg_file_10_1|         array|
|reg_file_10_1_address1  |  out|   11|   ap_memory|    reg_file_10_1|         array|
|reg_file_10_1_ce1       |  out|    1|   ap_memory|    reg_file_10_1|         array|
|reg_file_10_1_we1       |  out|    1|   ap_memory|    reg_file_10_1|         array|
|reg_file_10_1_d1        |  out|   16|   ap_memory|    reg_file_10_1|         array|
|reg_file_11_0_address0  |  out|   11|   ap_memory|    reg_file_11_0|         array|
|reg_file_11_0_ce0       |  out|    1|   ap_memory|    reg_file_11_0|         array|
|reg_file_11_0_we0       |  out|    1|   ap_memory|    reg_file_11_0|         array|
|reg_file_11_0_d0        |  out|   16|   ap_memory|    reg_file_11_0|         array|
|reg_file_11_0_address1  |  out|   11|   ap_memory|    reg_file_11_0|         array|
|reg_file_11_0_ce1       |  out|    1|   ap_memory|    reg_file_11_0|         array|
|reg_file_11_0_we1       |  out|    1|   ap_memory|    reg_file_11_0|         array|
|reg_file_11_0_d1        |  out|   16|   ap_memory|    reg_file_11_0|         array|
|reg_file_11_1_address0  |  out|   11|   ap_memory|    reg_file_11_1|         array|
|reg_file_11_1_ce0       |  out|    1|   ap_memory|    reg_file_11_1|         array|
|reg_file_11_1_we0       |  out|    1|   ap_memory|    reg_file_11_1|         array|
|reg_file_11_1_d0        |  out|   16|   ap_memory|    reg_file_11_1|         array|
|reg_file_11_1_address1  |  out|   11|   ap_memory|    reg_file_11_1|         array|
|reg_file_11_1_ce1       |  out|    1|   ap_memory|    reg_file_11_1|         array|
|reg_file_11_1_we1       |  out|    1|   ap_memory|    reg_file_11_1|         array|
|reg_file_11_1_d1        |  out|   16|   ap_memory|    reg_file_11_1|         array|
|reg_file_12_0_address0  |  out|   11|   ap_memory|    reg_file_12_0|         array|
|reg_file_12_0_ce0       |  out|    1|   ap_memory|    reg_file_12_0|         array|
|reg_file_12_0_we0       |  out|    1|   ap_memory|    reg_file_12_0|         array|
|reg_file_12_0_d0        |  out|   16|   ap_memory|    reg_file_12_0|         array|
|reg_file_12_0_address1  |  out|   11|   ap_memory|    reg_file_12_0|         array|
|reg_file_12_0_ce1       |  out|    1|   ap_memory|    reg_file_12_0|         array|
|reg_file_12_0_we1       |  out|    1|   ap_memory|    reg_file_12_0|         array|
|reg_file_12_0_d1        |  out|   16|   ap_memory|    reg_file_12_0|         array|
|reg_file_12_1_address0  |  out|   11|   ap_memory|    reg_file_12_1|         array|
|reg_file_12_1_ce0       |  out|    1|   ap_memory|    reg_file_12_1|         array|
|reg_file_12_1_we0       |  out|    1|   ap_memory|    reg_file_12_1|         array|
|reg_file_12_1_d0        |  out|   16|   ap_memory|    reg_file_12_1|         array|
|reg_file_12_1_address1  |  out|   11|   ap_memory|    reg_file_12_1|         array|
|reg_file_12_1_ce1       |  out|    1|   ap_memory|    reg_file_12_1|         array|
|reg_file_12_1_we1       |  out|    1|   ap_memory|    reg_file_12_1|         array|
|reg_file_12_1_d1        |  out|   16|   ap_memory|    reg_file_12_1|         array|
|reg_file_13_0_address0  |  out|   11|   ap_memory|    reg_file_13_0|         array|
|reg_file_13_0_ce0       |  out|    1|   ap_memory|    reg_file_13_0|         array|
|reg_file_13_0_we0       |  out|    1|   ap_memory|    reg_file_13_0|         array|
|reg_file_13_0_d0        |  out|   16|   ap_memory|    reg_file_13_0|         array|
|reg_file_13_0_address1  |  out|   11|   ap_memory|    reg_file_13_0|         array|
|reg_file_13_0_ce1       |  out|    1|   ap_memory|    reg_file_13_0|         array|
|reg_file_13_0_we1       |  out|    1|   ap_memory|    reg_file_13_0|         array|
|reg_file_13_0_d1        |  out|   16|   ap_memory|    reg_file_13_0|         array|
|reg_file_13_1_address0  |  out|   11|   ap_memory|    reg_file_13_1|         array|
|reg_file_13_1_ce0       |  out|    1|   ap_memory|    reg_file_13_1|         array|
|reg_file_13_1_we0       |  out|    1|   ap_memory|    reg_file_13_1|         array|
|reg_file_13_1_d0        |  out|   16|   ap_memory|    reg_file_13_1|         array|
|reg_file_13_1_address1  |  out|   11|   ap_memory|    reg_file_13_1|         array|
|reg_file_13_1_ce1       |  out|    1|   ap_memory|    reg_file_13_1|         array|
|reg_file_13_1_we1       |  out|    1|   ap_memory|    reg_file_13_1|         array|
|reg_file_13_1_d1        |  out|   16|   ap_memory|    reg_file_13_1|         array|
|reg_file_14_0_address0  |  out|   11|   ap_memory|    reg_file_14_0|         array|
|reg_file_14_0_ce0       |  out|    1|   ap_memory|    reg_file_14_0|         array|
|reg_file_14_0_we0       |  out|    1|   ap_memory|    reg_file_14_0|         array|
|reg_file_14_0_d0        |  out|   16|   ap_memory|    reg_file_14_0|         array|
|reg_file_14_0_address1  |  out|   11|   ap_memory|    reg_file_14_0|         array|
|reg_file_14_0_ce1       |  out|    1|   ap_memory|    reg_file_14_0|         array|
|reg_file_14_0_we1       |  out|    1|   ap_memory|    reg_file_14_0|         array|
|reg_file_14_0_d1        |  out|   16|   ap_memory|    reg_file_14_0|         array|
|reg_file_14_1_address0  |  out|   11|   ap_memory|    reg_file_14_1|         array|
|reg_file_14_1_ce0       |  out|    1|   ap_memory|    reg_file_14_1|         array|
|reg_file_14_1_we0       |  out|    1|   ap_memory|    reg_file_14_1|         array|
|reg_file_14_1_d0        |  out|   16|   ap_memory|    reg_file_14_1|         array|
|reg_file_14_1_address1  |  out|   11|   ap_memory|    reg_file_14_1|         array|
|reg_file_14_1_ce1       |  out|    1|   ap_memory|    reg_file_14_1|         array|
|reg_file_14_1_we1       |  out|    1|   ap_memory|    reg_file_14_1|         array|
|reg_file_14_1_d1        |  out|   16|   ap_memory|    reg_file_14_1|         array|
|reg_file_15_0_address0  |  out|   11|   ap_memory|    reg_file_15_0|         array|
|reg_file_15_0_ce0       |  out|    1|   ap_memory|    reg_file_15_0|         array|
|reg_file_15_0_we0       |  out|    1|   ap_memory|    reg_file_15_0|         array|
|reg_file_15_0_d0        |  out|   16|   ap_memory|    reg_file_15_0|         array|
|reg_file_15_0_address1  |  out|   11|   ap_memory|    reg_file_15_0|         array|
|reg_file_15_0_ce1       |  out|    1|   ap_memory|    reg_file_15_0|         array|
|reg_file_15_0_we1       |  out|    1|   ap_memory|    reg_file_15_0|         array|
|reg_file_15_0_d1        |  out|   16|   ap_memory|    reg_file_15_0|         array|
|reg_file_15_1_address0  |  out|   11|   ap_memory|    reg_file_15_1|         array|
|reg_file_15_1_ce0       |  out|    1|   ap_memory|    reg_file_15_1|         array|
|reg_file_15_1_we0       |  out|    1|   ap_memory|    reg_file_15_1|         array|
|reg_file_15_1_d0        |  out|   16|   ap_memory|    reg_file_15_1|         array|
|reg_file_15_1_address1  |  out|   11|   ap_memory|    reg_file_15_1|         array|
|reg_file_15_1_ce1       |  out|    1|   ap_memory|    reg_file_15_1|         array|
|reg_file_15_1_we1       |  out|    1|   ap_memory|    reg_file_15_1|         array|
|reg_file_15_1_d1        |  out|   16|   ap_memory|    reg_file_15_1|         array|
+------------------------+-----+-----+------------+-----------------+--------------+

