Copyright 1986-2022 Xilinx, Inc. All Rights Reserved.
-----------------------------------------------------------------------------------------
| Tool Version : Vivado v.2022.2 (lin64) Build 3671981 Fri Oct 14 04:59:54 MDT 2022
| Date         : Sat Nov 19 16:40:58 2022
| Host         : liara running 64-bit Arch Linux
| Command      : report_control_sets -verbose -file bd_0_wrapper_control_sets_placed.rpt
| Design       : bd_0_wrapper
| Device       : xczu7ev
-----------------------------------------------------------------------------------------

Control Set Information

Table of Contents
-----------------
1. Summary
2. Histogram
3. Flip-Flop Distribution
4. Detailed Control Set Information

1. Summary
----------

+----------------------------------------------------------+-------+
|                          Status                          | Count |
+----------------------------------------------------------+-------+
| Total control sets                                       |    46 |
|    Minimum number of control sets                        |    46 |
|    Addition due to synthesis replication                 |     0 |
|    Addition due to physical synthesis replication        |     0 |
| Unused register locations in slices containing registers |    54 |
+----------------------------------------------------------+-------+
* Control sets can be merged at opt_design using control_set_merge or merge_equivalent_drivers
** Run report_qor_suggestions for automated merging and remapping suggestions


2. Histogram
------------

+--------------------+-------+
|       Fanout       | Count |
+--------------------+-------+
| Total control sets |    46 |
| >= 0 to < 4        |     7 |
| >= 4 to < 6        |    10 |
| >= 6 to < 8        |     8 |
| >= 8 to < 10       |     0 |
| >= 10 to < 12      |     0 |
| >= 12 to < 14      |     1 |
| >= 14 to < 16      |     2 |
| >= 16              |    18 |
+--------------------+-------+
* Control sets can be remapped at either synth_design or opt_design


3. Flip-Flop Distribution
-------------------------

+--------------+-----------------------+------------------------+-----------------+--------------+
| Clock Enable | Synchronous Set/Reset | Asynchronous Set/Reset | Total Registers | Total Slices |
+--------------+-----------------------+------------------------+-----------------+--------------+
| No           | No                    | No                     |             604 |          207 |
| No           | No                    | Yes                    |               0 |            0 |
| No           | Yes                   | No                     |              88 |           36 |
| Yes          | No                    | No                     |             363 |          102 |
| Yes          | No                    | Yes                    |               0 |            0 |
| Yes          | Yes                   | No                     |             355 |           73 |
+--------------+-----------------------+------------------------+-----------------+--------------+


4. Detailed Control Set Information
-----------------------------------

+--------------+--------------------------------------------------------------------------------------------------------------------------------------------------------------------------------------------------------------------------------------+---------------------------------------------------------------------------------------------------------------------------------------------------------------------------------------------------------------------------------+------------------+----------------+--------------+
| Clock Signal |                                                                                                             Enable Signal                                                                                                            |                                                                                                         Set/Reset Signal                                                                                                        | Slice Load Count | Bel Load Count | Bels / Slice |
+--------------+--------------------------------------------------------------------------------------------------------------------------------------------------------------------------------------------------------------------------------------+---------------------------------------------------------------------------------------------------------------------------------------------------------------------------------------------------------------------------------+------------------+----------------+--------------+
|  ap_clk      |                                                                                                                                                                                                                                      | bd_0_i/hls_inst/inst/grp_compute_fu_291/hdiv_16ns_16ns_16_5_no_dsp_1_U84/corr_accel_hdiv_16ns_16ns_16_5_no_dsp_1_ip_u/inst/i_synth/DIV_OP.SPD.OP/EXP/FLOW_UP_DEL/i_pipe/opt_has_pipe.first_q[1]_i_2_0                           |                1 |              1 |         1.00 |
|  ap_clk      |                                                                                                                                                                                                                                      | bd_0_i/hls_inst/inst/grp_compute_fu_291/hdiv_16ns_16ns_16_5_no_dsp_1_U83/corr_accel_hdiv_16ns_16ns_16_5_no_dsp_1_ip_u/inst/i_synth/DIV_OP.SPD.OP/EXP/FLOW_UP_DEL/i_pipe/opt_has_pipe.first_q[1]_i_2_0                           |                1 |              1 |         1.00 |
|  ap_clk      |                                                                                                                                                                                                                                      | bd_0_i/hls_inst/inst/grp_recv_data_burst_fu_221/ap_enable_reg_pp0_iter1_i_1__0_n_9                                                                                                                                              |                1 |              2 |         2.00 |
|  ap_clk      |                                                                                                                                                                                                                                      | bd_0_i/hls_inst/inst/grp_send_data_burst_fu_304/ap_enable_reg_pp0_iter2_i_1_n_9                                                                                                                                                 |                1 |              2 |         2.00 |
|  ap_clk      | bd_0_i/hls_inst/inst/control_s_axi_U/ar_hs                                                                                                                                                                                           |                                                                                                                                                                                                                                 |                2 |              2 |         1.00 |
|  ap_clk      | bd_0_i/hls_inst/inst/control_s_axi_U/int_ier10_out                                                                                                                                                                                   | ap_rst_n                                                                                                                                                                                                                        |                1 |              2 |         2.00 |
|  ap_clk      | bd_0_i/hls_inst/inst/grp_compute_fu_291/grp_compute_Pipeline_VITIS_LOOP_162_6_VITIS_LOOP_163_7_fu_98/flow_control_loop_pipe_sequential_init_U/indvar_flatten6_fu_681                                                                 |                                                                                                                                                                                                                                 |                1 |              2 |         2.00 |
|  ap_clk      | bd_0_i/hls_inst/inst/grp_recv_data_burst_fu_221/reg_id_fu_170[0]_i_1_n_9                                                                                                                                                             | bd_0_i/hls_inst/inst/grp_recv_data_burst_fu_221/flow_control_loop_pipe_sequential_init_U/ap_loop_init                                                                                                                           |                1 |              4 |         4.00 |
|  ap_clk      | bd_0_i/hls_inst/inst/control_s_axi_U/ar_hs                                                                                                                                                                                           | bd_0_i/hls_inst/inst/control_s_axi_U/rdata[9]_i_1_n_9                                                                                                                                                                           |                1 |              4 |         4.00 |
|  ap_clk      | bd_0_i/hls_inst/inst/grp_send_data_burst_fu_304/reg_id_fu_132[0]_i_1_n_9                                                                                                                                                             | bd_0_i/hls_inst/inst/grp_send_data_burst_fu_304/flow_control_loop_pipe_sequential_init_U/ap_loop_init                                                                                                                           |                1 |              4 |         4.00 |
|  ap_clk      | bd_0_i/hls_inst/inst/grp_compute_fu_291/grp_compute_Pipeline_VITIS_LOOP_150_4_fu_88/flow_control_loop_pipe_sequential_init_U/j_4_fu_461                                                                                              | bd_0_i/hls_inst/inst/grp_compute_fu_291/grp_compute_Pipeline_VITIS_LOOP_150_4_fu_88/flow_control_loop_pipe_sequential_init_U/ap_loop_init_int_reg_0                                                                             |                1 |              4 |         4.00 |
|  ap_clk      | bd_0_i/hls_inst/inst/grp_compute_fu_291/grp_compute_Pipeline_VITIS_LOOP_162_6_VITIS_LOOP_163_7_fu_98/flow_control_loop_pipe_sequential_init_U/indvar_flatten6_fu_681                                                                 | bd_0_i/hls_inst/inst/grp_compute_fu_291/grp_compute_Pipeline_VITIS_LOOP_162_6_VITIS_LOOP_163_7_fu_98/flow_control_loop_pipe_sequential_init_U/grp_compute_Pipeline_VITIS_LOOP_162_6_VITIS_LOOP_163_7_fu_98_ap_start_reg_reg_1   |                1 |              4 |         4.00 |
|  ap_clk      | bd_0_i/hls_inst/inst/grp_compute_fu_291/grp_compute_Pipeline_VITIS_LOOP_190_12_fu_134/flow_control_loop_pipe_sequential_init_U/j_fu_461                                                                                              | bd_0_i/hls_inst/inst/grp_compute_fu_291/grp_compute_Pipeline_VITIS_LOOP_190_12_fu_134/flow_control_loop_pipe_sequential_init_U/ap_loop_init_int_reg_0                                                                           |                1 |              4 |         4.00 |
|  ap_clk      | bd_0_i/hls_inst/inst/grp_compute_fu_291/grp_compute_Pipeline_VITIS_LOOP_199_13_fu_143/flow_control_loop_pipe_sequential_init_U/j_fu_441                                                                                              | bd_0_i/hls_inst/inst/grp_compute_fu_291/grp_compute_Pipeline_VITIS_LOOP_199_13_fu_143/flow_control_loop_pipe_sequential_init_U/ap_loop_init_int_reg_0                                                                           |                1 |              4 |         4.00 |
|  ap_clk      | bd_0_i/hls_inst/inst/grp_compute_fu_291/grp_compute_Pipeline_VITIS_LOOP_172_8_VITIS_LOOP_173_9_fu_110/flow_control_loop_pipe_sequential_init_U/grp_compute_Pipeline_VITIS_LOOP_172_8_VITIS_LOOP_173_9_fu_110_ap_start_reg_reg        | bd_0_i/hls_inst/inst/grp_compute_fu_291/grp_compute_Pipeline_VITIS_LOOP_172_8_VITIS_LOOP_173_9_fu_110/flow_control_loop_pipe_sequential_init_U/grp_compute_Pipeline_VITIS_LOOP_172_8_VITIS_LOOP_173_9_fu_110_ap_start_reg_reg_2 |                3 |              5 |         1.67 |
|  ap_clk      | bd_0_i/hls_inst/inst/grp_compute_fu_291/grp_compute_Pipeline_VITIS_LOOP_140_2_VITIS_LOOP_141_3_fu_76/flow_control_loop_pipe_sequential_init_U/grp_compute_Pipeline_VITIS_LOOP_140_2_VITIS_LOOP_141_3_fu_76_ap_start_reg_reg[0]       |                                                                                                                                                                                                                                 |                3 |              5 |         1.67 |
|  ap_clk      | bd_0_i/hls_inst/inst/grp_compute_fu_291/grp_compute_Pipeline_VITIS_LOOP_181_10_VITIS_LOOP_182_11_fu_122/flow_control_loop_pipe_sequential_init_U/grp_compute_Pipeline_VITIS_LOOP_181_10_VITIS_LOOP_182_11_fu_122_ap_start_reg_reg[0] |                                                                                                                                                                                                                                 |                2 |              5 |         2.50 |
|  ap_clk      | bd_0_i/hls_inst/inst/grp_compute_fu_291/grp_compute_Pipeline_VITIS_LOOP_162_6_VITIS_LOOP_163_7_fu_98/ap_enable_reg_pp0_iter1                                                                                                         | bd_0_i/hls_inst/inst/grp_compute_fu_291/grp_compute_Pipeline_VITIS_LOOP_162_6_VITIS_LOOP_163_7_fu_98/flow_control_loop_pipe_sequential_init_U/SR[0]                                                                             |                1 |              6 |         6.00 |
|  ap_clk      | bd_0_i/hls_inst/inst/grp_compute_fu_291/grp_compute_Pipeline_VITIS_LOOP_134_1_fu_60/flow_control_loop_pipe_sequential_init_U/E[0]                                                                                                    |                                                                                                                                                                                                                                 |                2 |              6 |         3.00 |
|  ap_clk      | bd_0_i/hls_inst/inst/control_s_axi_U/waddr                                                                                                                                                                                           |                                                                                                                                                                                                                                 |                1 |              6 |         6.00 |
|  ap_clk      | bd_0_i/hls_inst/inst/grp_compute_fu_291/grp_compute_Pipeline_VITIS_LOOP_172_8_VITIS_LOOP_173_9_fu_110/flow_control_loop_pipe_sequential_init_U/i_8_fu_700                                                                            | bd_0_i/hls_inst/inst/grp_compute_fu_291/grp_compute_Pipeline_VITIS_LOOP_172_8_VITIS_LOOP_173_9_fu_110/flow_control_loop_pipe_sequential_init_U/ap_loop_init_int_reg_0                                                           |                2 |              6 |         3.00 |
|  ap_clk      | bd_0_i/hls_inst/inst/grp_compute_fu_291/grp_compute_Pipeline_VITIS_LOOP_156_5_fu_68/flow_control_loop_pipe_sequential_init_U/E[0]                                                                                                    |                                                                                                                                                                                                                                 |                2 |              6 |         3.00 |
|  ap_clk      | bd_0_i/hls_inst/inst/grp_compute_fu_291/grp_compute_Pipeline_VITIS_LOOP_150_4_fu_88/flow_control_loop_pipe_sequential_init_U/j_4_fu_460                                                                                              |                                                                                                                                                                                                                                 |                2 |              6 |         3.00 |
|  ap_clk      | bd_0_i/hls_inst/inst/grp_compute_fu_291/grp_compute_Pipeline_VITIS_LOOP_199_13_fu_143/flow_control_loop_pipe_sequential_init_U/j_fu_440                                                                                              |                                                                                                                                                                                                                                 |                1 |              6 |         6.00 |
|  ap_clk      | bd_0_i/hls_inst/inst/grp_compute_fu_291/grp_compute_Pipeline_VITIS_LOOP_190_12_fu_134/flow_control_loop_pipe_sequential_init_U/j_fu_460                                                                                              |                                                                                                                                                                                                                                 |                1 |              6 |         6.00 |
|  ap_clk      | bd_0_i/hls_inst/inst/grp_compute_fu_291/grp_compute_Pipeline_VITIS_LOOP_172_8_VITIS_LOOP_173_9_fu_110/flow_control_loop_pipe_sequential_init_U/grp_compute_Pipeline_VITIS_LOOP_172_8_VITIS_LOOP_173_9_fu_110_ap_start_reg_reg        |                                                                                                                                                                                                                                 |                9 |             12 |         1.33 |
|  ap_clk      | bd_0_i/hls_inst/inst/grp_recv_data_burst_fu_221/idx_fu_178[13]_i_2_n_9                                                                                                                                                               | bd_0_i/hls_inst/inst/grp_recv_data_burst_fu_221/flow_control_loop_pipe_sequential_init_U/ap_loop_init                                                                                                                           |                3 |             15 |         5.00 |
|  ap_clk      | bd_0_i/hls_inst/inst/grp_send_data_burst_fu_304/j_fu_136[2]_i_2_n_9                                                                                                                                                                  | bd_0_i/hls_inst/inst/grp_send_data_burst_fu_304/flow_control_loop_pipe_sequential_init_U/ap_loop_init                                                                                                                           |                3 |             15 |         5.00 |
|  ap_clk      | bd_0_i/hls_inst/inst/grp_compute_fu_291/ap_CS_fsm_state5                                                                                                                                                                             |                                                                                                                                                                                                                                 |                4 |             16 |         4.00 |
|  ap_clk      | bd_0_i/hls_inst/inst/grp_compute_fu_291/grp_compute_Pipeline_VITIS_LOOP_162_6_VITIS_LOOP_163_7_fu_98/flow_control_loop_pipe_sequential_init_U/indvar_flatten6_fu_680                                                                 |                                                                                                                                                                                                                                 |                5 |             18 |         3.60 |
|  ap_clk      | bd_0_i/hls_inst/inst/grp_compute_fu_291/grp_compute_Pipeline_VITIS_LOOP_172_8_VITIS_LOOP_173_9_fu_110/flow_control_loop_pipe_sequential_init_U/i_8_fu_700                                                                            |                                                                                                                                                                                                                                 |                7 |             19 |         2.71 |
|  ap_clk      | bd_0_i/hls_inst/inst/grp_send_data_burst_fu_304/trunc_ln83_reg_2627[11]_i_1_n_9                                                                                                                                                      |                                                                                                                                                                                                                                 |                6 |             20 |         3.33 |
|  ap_clk      | bd_0_i/hls_inst/inst/grp_recv_data_burst_fu_221/flow_control_loop_pipe_sequential_init_U/icmp_ln39_fu_1536_p2                                                                                                                        |                                                                                                                                                                                                                                 |                5 |             20 |         4.00 |
|  ap_clk      | bd_0_i/hls_inst/inst/grp_compute_fu_291/grp_compute_Pipeline_VITIS_LOOP_181_10_VITIS_LOOP_182_11_fu_122/flow_control_loop_pipe_sequential_init_U/E[0]                                                                                |                                                                                                                                                                                                                                 |                9 |             24 |         2.67 |
|  ap_clk      | bd_0_i/hls_inst/inst/grp_compute_fu_291/grp_compute_Pipeline_VITIS_LOOP_140_2_VITIS_LOOP_141_3_fu_76/flow_control_loop_pipe_sequential_init_U/E[0]                                                                                   |                                                                                                                                                                                                                                 |                7 |             24 |         3.43 |
|  ap_clk      | bd_0_i/hls_inst/inst/control_s_axi_U/ar_hs                                                                                                                                                                                           | bd_0_i/hls_inst/inst/control_s_axi_U/rdata[31]_i_1_n_9                                                                                                                                                                          |               13 |             26 |         2.00 |
|  ap_clk      | bd_0_i/hls_inst/inst/grp_recv_data_burst_fu_221/idx_fu_178[13]_i_2_n_9                                                                                                                                                               | bd_0_i/hls_inst/inst/grp_recv_data_burst_fu_221/flow_control_loop_pipe_sequential_init_U/grp_recv_data_burst_fu_221_ap_start_reg_reg                                                                                            |                4 |             30 |         7.50 |
|  ap_clk      | bd_0_i/hls_inst/inst/grp_send_data_burst_fu_304/j_fu_136[2]_i_2_n_9                                                                                                                                                                  | bd_0_i/hls_inst/inst/grp_send_data_burst_fu_304/flow_control_loop_pipe_sequential_init_U/grp_send_data_burst_fu_304_ap_start_reg_reg                                                                                            |                4 |             30 |         7.50 |
|  ap_clk      | bd_0_i/hls_inst/inst/grp_recv_data_burst_fu_221/i_4_fu_166                                                                                                                                                                           | bd_0_i/hls_inst/inst/grp_recv_data_burst_fu_221/flow_control_loop_pipe_sequential_init_U/ap_loop_init_int_reg_0                                                                                                                 |                4 |             32 |         8.00 |
|  ap_clk      | bd_0_i/hls_inst/inst/grp_compute_fu_291/grp_compute_Pipeline_VITIS_LOOP_199_13_fu_143/ap_enable_reg_pp0_iter1                                                                                                                        |                                                                                                                                                                                                                                 |               15 |             32 |         2.13 |
|  ap_clk      | bd_0_i/hls_inst/inst/grp_send_data_burst_fu_304/i_fu_128                                                                                                                                                                             | bd_0_i/hls_inst/inst/grp_send_data_burst_fu_304/flow_control_loop_pipe_sequential_init_U/ap_loop_init_int_reg_0                                                                                                                 |                4 |             32 |         8.00 |
|  ap_clk      | bd_0_i/hls_inst/inst/control_s_axi_U/ap_CS_fsm_reg[2][0]                                                                                                                                                                             |                                                                                                                                                                                                                                 |               15 |             64 |         4.27 |
|  ap_clk      | bd_0_i/hls_inst/inst/control_s_axi_U/E[0]                                                                                                                                                                                            |                                                                                                                                                                                                                                 |               14 |             64 |         4.57 |
|  ap_clk      |                                                                                                                                                                                                                                      | ap_rst_n                                                                                                                                                                                                                        |               32 |             82 |         2.56 |
|  ap_clk      | bd_0_i/hls_inst/inst/grp_send_data_burst_fu_304/flow_control_loop_pipe_sequential_init_U/ap_done                                                                                                                                     | ap_rst_n                                                                                                                                                                                                                        |               26 |            128 |         4.92 |
|  ap_clk      |                                                                                                                                                                                                                                      |                                                                                                                                                                                                                                 |              210 |            625 |         2.98 |
+--------------+--------------------------------------------------------------------------------------------------------------------------------------------------------------------------------------------------------------------------------------+---------------------------------------------------------------------------------------------------------------------------------------------------------------------------------------------------------------------------------+------------------+----------------+--------------+


