

Implementation tool: Xilinx Vivado v.2022.2
Project:             copy-max-throughput
Solution:            zcu104
Device target:       xczu7ev-ffvc1156-2-e
Report date:         Thu Jan 12 15:34:32 CET 2023

#=== Post-Implementation Resource usage ===
SLICE:            0
LUT:           1646
FF:            2702
DSP:              0
BRAM:            36
URAM:             0
LATCH:            0
SRL:            146
CLB:            451

#=== Final timing ===
CP required:                     10.000
CP achieved post-synthesis:      1.813
CP achieved post-implementation: 3.017
Timing met
