

================================================================
== Vitis HLS Report for 'compute_Pipeline_VITIS_LOOP_182_8_VITIS_LOOP_183_9'
================================================================
* Date:           Fri Nov 18 15:03:24 2022

* Version:        2022.2 (Build 3670227 on Oct 13 2022)
* Project:        correlation-max-sharing
* Solution:       zcu104 (Vivado IP Flow Target)
* Product family: zynquplus
* Target device:  xczu7ev-ffvc1156-2-e


================================================================
== Performance Estimates
================================================================
+ Timing: 
    * Summary: 
    +--------+----------+----------+------------+
    |  Clock |  Target  | Estimated| Uncertainty|
    +--------+----------+----------+------------+
    |ap_clk  |  10.00 ns|  6.387 ns|     2.70 ns|
    +--------+----------+----------+------------+

+ Latency: 
    * Summary: 
    +---------+---------+-----------+-----------+------+------+---------+
    |  Latency (cycles) |   Latency (absolute)  |   Interval  | Pipeline|
    |   min   |   max   |    min    |    max    |  min |  max |   Type  |
    +---------+---------+-----------+-----------+------+------+---------+
    |     4099|     4099|  40.990 us|  40.990 us|  4099|  4099|       no|
    +---------+---------+-----------+-----------+------+------+---------+

    + Detail: 
        * Instance: 
        N/A

        * Loop: 
        +-------------------------------------+---------+---------+----------+-----------+-----------+------+----------+
        |                                     |  Latency (cycles) | Iteration|  Initiation Interval  | Trip |          |
        |              Loop Name              |   min   |   max   |  Latency |  achieved |   target  | Count| Pipelined|
        +-------------------------------------+---------+---------+----------+-----------+-----------+------+----------+
        |- VITIS_LOOP_182_8_VITIS_LOOP_183_9  |     4097|     4097|         3|          1|          1|  4096|       yes|
        +-------------------------------------+---------+---------+----------+-----------+-----------+------+----------+

============================================================
+ Verbose Summary: Synthesis Manager
============================================================
InlineROM: 1
ExposeGlobal: 0
============================================================
+ Verbose Summary: CDFG Model
============================================================
IsTopModel: 0
ResetActiveHigh: 1
IsCombinational: 0
IsDatapathOnly: 0
HasWiredReturn: 1
HasMFsm: 2
HasVarLatency: 1
IsPipeline: 0
IsRtlPipelined: 0
IsInstanceOverlapped: 0
IsDontTouch: 0
HasImplIP: 0
IsGatedGlobalClock: 0

+ Individual pipeline summary: 
  * Pipeline-0: initiation interval (II) = 1, depth = 3


============================================================
+ Verbose Summary: Schedule
============================================================
* Number of FSM states : 3
* Pipeline : 1
  Pipeline-0 : II = 1, D = 3, States = { 1 2 3 }
* Dataflow Pipeline: 0

* FSM state transitions: 
1 --> 2 
2 --> 3 
3 --> 

* FSM state operations: 

State 1 <SV = 0> <Delay = 2.41>
ST_1 : Operation 6 [1/1] (0.00ns)   --->   "%i_8 = alloca i32 1"   --->   Operation 6 'alloca' 'i_8' <Predicate = true> <Delay = 0.00>
ST_1 : Operation 7 [1/1] (0.00ns)   --->   "%j_7 = alloca i32 1"   --->   Operation 7 'alloca' 'j_7' <Predicate = true> <Delay = 0.00>
ST_1 : Operation 8 [1/1] (0.00ns)   --->   "%indvar_flatten13 = alloca i32 1"   --->   Operation 8 'alloca' 'indvar_flatten13' <Predicate = true> <Delay = 0.00>
ST_1 : Operation 9 [1/1] (0.00ns)   --->   "%specmemcore_ln0 = specmemcore void @_ssdm_op_SpecMemCore, i16 %reg_file_6_1, i64 666, i64 30, i64 18446744073709551615"   --->   Operation 9 'specmemcore' 'specmemcore_ln0' <Predicate = true> <Delay = 0.00>
ST_1 : Operation 10 [1/1] (0.00ns)   --->   "%specmemcore_ln0 = specmemcore void @_ssdm_op_SpecMemCore, i16 %reg_file_6_0, i64 666, i64 30, i64 18446744073709551615"   --->   Operation 10 'specmemcore' 'specmemcore_ln0' <Predicate = true> <Delay = 0.00>
ST_1 : Operation 11 [1/1] (0.00ns)   --->   "%specmemcore_ln0 = specmemcore void @_ssdm_op_SpecMemCore, i16 %reg_file_2_1, i64 666, i64 30, i64 18446744073709551615"   --->   Operation 11 'specmemcore' 'specmemcore_ln0' <Predicate = true> <Delay = 0.00>
ST_1 : Operation 12 [1/1] (0.00ns)   --->   "%specmemcore_ln0 = specmemcore void @_ssdm_op_SpecMemCore, i16 %reg_file_2_0, i64 666, i64 30, i64 18446744073709551615"   --->   Operation 12 'specmemcore' 'specmemcore_ln0' <Predicate = true> <Delay = 0.00>
ST_1 : Operation 13 [1/1] (0.42ns)   --->   "%store_ln0 = store i13 0, i13 %indvar_flatten13"   --->   Operation 13 'store' 'store_ln0' <Predicate = true> <Delay = 0.42>
ST_1 : Operation 14 [1/1] (0.42ns)   --->   "%store_ln0 = store i7 0, i7 %j_7"   --->   Operation 14 'store' 'store_ln0' <Predicate = true> <Delay = 0.42>
ST_1 : Operation 15 [1/1] (0.42ns)   --->   "%store_ln0 = store i7 0, i7 %i_8"   --->   Operation 15 'store' 'store_ln0' <Predicate = true> <Delay = 0.42>
ST_1 : Operation 16 [1/1] (0.00ns)   --->   "%br_ln0 = br void %for.inc85"   --->   Operation 16 'br' 'br_ln0' <Predicate = true> <Delay = 0.00>
ST_1 : Operation 17 [1/1] (0.00ns)   --->   "%indvar_flatten13_load = load i13 %indvar_flatten13" [correlation-max-sharing/src/correlation.cpp:182]   --->   Operation 17 'load' 'indvar_flatten13_load' <Predicate = true> <Delay = 0.00>
ST_1 : Operation 18 [1/1] (1.00ns)   --->   "%icmp_ln182 = icmp_eq  i13 %indvar_flatten13_load, i13 4096" [correlation-max-sharing/src/correlation.cpp:182]   --->   Operation 18 'icmp' 'icmp_ln182' <Predicate = true> <Delay = 1.00> <CoreInst = "Cmp">   --->   Core 9 'Cmp' <Latency = 0> <II = 1> <Delay = 1.00> <FuncUnit> <Opcode : 'icmp'> <InPorts = 2> <OutPorts = 1>
ST_1 : Operation 19 [1/1] (0.82ns)   --->   "%add_ln182 = add i13 %indvar_flatten13_load, i13 1" [correlation-max-sharing/src/correlation.cpp:182]   --->   Operation 19 'add' 'add_ln182' <Predicate = true> <Delay = 0.82> <CoreInst = "Adder">   --->   Core 1 'Adder' <Latency = 0> <II = 1> <Delay = 0.82> <FuncUnit> <Opcode : 'add' 'sub'> <InPorts = 2> <OutPorts = 1>
ST_1 : Operation 20 [1/1] (0.00ns)   --->   "%br_ln182 = br i1 %icmp_ln182, void %fpga_resource_limit_hint.for.inc85.31_begin, void %for.inc105.preheader.exitStub" [correlation-max-sharing/src/correlation.cpp:182]   --->   Operation 20 'br' 'br_ln182' <Predicate = true> <Delay = 0.00>
ST_1 : Operation 21 [1/1] (0.00ns)   --->   "%i_8_load = load i7 %i_8" [correlation-max-sharing/src/correlation.cpp:183]   --->   Operation 21 'load' 'i_8_load' <Predicate = (!icmp_ln182)> <Delay = 0.00>
ST_1 : Operation 22 [1/1] (0.00ns)   --->   "%j_7_load = load i7 %j_7" [correlation-max-sharing/src/correlation.cpp:182]   --->   Operation 22 'load' 'j_7_load' <Predicate = (!icmp_ln182)> <Delay = 0.00>
ST_1 : Operation 23 [1/1] (0.81ns)   --->   "%icmp_ln183 = icmp_eq  i7 %i_8_load, i7 64" [correlation-max-sharing/src/correlation.cpp:183]   --->   Operation 23 'icmp' 'icmp_ln183' <Predicate = (!icmp_ln182)> <Delay = 0.81> <CoreInst = "Cmp">   --->   Core 9 'Cmp' <Latency = 0> <II = 1> <Delay = 0.81> <FuncUnit> <Opcode : 'icmp'> <InPorts = 2> <OutPorts = 1>
ST_1 : Operation 24 [1/1] (0.36ns)   --->   "%select_ln182 = select i1 %icmp_ln183, i7 0, i7 %i_8_load" [correlation-max-sharing/src/correlation.cpp:182]   --->   Operation 24 'select' 'select_ln182' <Predicate = (!icmp_ln182)> <Delay = 0.36> <CoreInst = "Sel">   --->   Core 73 'Sel' <Latency = 0> <II = 1> <Delay = 0.36> <FuncUnit> <Opcode : 'select'> <InPorts = 3> <OutPorts = 1>
ST_1 : Operation 25 [1/1] (0.77ns)   --->   "%add_ln182_1 = add i7 %j_7_load, i7 1" [correlation-max-sharing/src/correlation.cpp:182]   --->   Operation 25 'add' 'add_ln182_1' <Predicate = (!icmp_ln182)> <Delay = 0.77> <CoreInst = "Adder">   --->   Core 1 'Adder' <Latency = 0> <II = 1> <Delay = 0.77> <FuncUnit> <Opcode : 'add' 'sub'> <InPorts = 2> <OutPorts = 1>
ST_1 : Operation 26 [1/1] (0.36ns)   --->   "%select_ln182_1 = select i1 %icmp_ln183, i7 %add_ln182_1, i7 %j_7_load" [correlation-max-sharing/src/correlation.cpp:182]   --->   Operation 26 'select' 'select_ln182_1' <Predicate = (!icmp_ln182)> <Delay = 0.36> <CoreInst = "Sel">   --->   Core 73 'Sel' <Latency = 0> <II = 1> <Delay = 0.36> <FuncUnit> <Opcode : 'select'> <InPorts = 3> <OutPorts = 1>
ST_1 : Operation 27 [1/1] (0.00ns)   --->   "%indvars_iv159_udiv_mid2 = partselect i5 @_ssdm_op_PartSelect.i5.i7.i32.i32, i7 %select_ln182_1, i32 1, i32 5" [correlation-max-sharing/src/correlation.cpp:182]   --->   Operation 27 'partselect' 'indvars_iv159_udiv_mid2' <Predicate = (!icmp_ln182)> <Delay = 0.00>
ST_1 : Operation 28 [1/1] (0.00ns)   --->   "%trunc_ln182 = trunc i7 %select_ln182_1" [correlation-max-sharing/src/correlation.cpp:182]   --->   Operation 28 'trunc' 'trunc_ln182' <Predicate = (!icmp_ln182)> <Delay = 0.00>
ST_1 : Operation 29 [1/1] (0.00ns)   --->   "%rbegin = specregionbegin i32 @_ssdm_op_SpecRegionBegin, void @empty_29" [correlation-max-sharing/src/correlation.cpp:183]   --->   Operation 29 'specregionbegin' 'rbegin' <Predicate = (!icmp_ln182)> <Delay = 0.00>
ST_1 : Operation 30 [1/1] (0.00ns)   --->   "%rbegin17 = specregionbegin i32 @_ssdm_op_SpecRegionBegin, void @empty_21" [correlation-max-sharing/src/correlation.cpp:183]   --->   Operation 30 'specregionbegin' 'rbegin17' <Predicate = (!icmp_ln182)> <Delay = 0.00>
ST_1 : Operation 31 [1/1] (0.00ns)   --->   "%rbegin18 = specregionbegin i32 @_ssdm_op_SpecRegionBegin, void @empty_30" [correlation-max-sharing/src/correlation.cpp:183]   --->   Operation 31 'specregionbegin' 'rbegin18' <Predicate = (!icmp_ln182)> <Delay = 0.00>
ST_1 : Operation 32 [1/1] (0.00ns)   --->   "%trunc_ln189 = trunc i7 %select_ln182" [correlation-max-sharing/src/correlation.cpp:189]   --->   Operation 32 'trunc' 'trunc_ln189' <Predicate = (!icmp_ln182)> <Delay = 0.00>
ST_1 : Operation 33 [1/1] (0.00ns)   --->   "%add_ln2 = bitconcatenate i11 @_ssdm_op_BitConcatenate.i11.i6.i5, i6 %trunc_ln189, i5 %indvars_iv159_udiv_mid2" [correlation-max-sharing/src/correlation.cpp:189]   --->   Operation 33 'bitconcatenate' 'add_ln2' <Predicate = (!icmp_ln182)> <Delay = 0.00>
ST_1 : Operation 34 [1/1] (0.00ns)   --->   "%zext_ln189 = zext i11 %add_ln2" [correlation-max-sharing/src/correlation.cpp:189]   --->   Operation 34 'zext' 'zext_ln189' <Predicate = (!icmp_ln182)> <Delay = 0.00>
ST_1 : Operation 35 [1/1] (0.00ns)   --->   "%reg_file_2_0_addr = getelementptr i16 %reg_file_2_0, i64 0, i64 %zext_ln189" [correlation-max-sharing/src/correlation.cpp:189]   --->   Operation 35 'getelementptr' 'reg_file_2_0_addr' <Predicate = (!icmp_ln182)> <Delay = 0.00>
ST_1 : Operation 36 [1/1] (0.00ns)   --->   "%reg_file_2_1_addr = getelementptr i16 %reg_file_2_1, i64 0, i64 %zext_ln189" [correlation-max-sharing/src/correlation.cpp:189]   --->   Operation 36 'getelementptr' 'reg_file_2_1_addr' <Predicate = (!icmp_ln182)> <Delay = 0.00>
ST_1 : Operation 37 [2/2] (1.23ns)   --->   "%reg_file_2_0_load = load i11 %reg_file_2_0_addr" [correlation-max-sharing/src/correlation.cpp:189]   --->   Operation 37 'load' 'reg_file_2_0_load' <Predicate = (!icmp_ln182)> <Delay = 1.23> <CoreInst = "RAM_T2P_BRAM">   --->   Core 99 'RAM_T2P_BRAM' <Latency = 1> <II = 1> <Delay = 1.23> <Storage> <Opcode : 'load' 'store'> <Ports = 2> <Width = 16> <Depth = 2048> <RAM>
ST_1 : Operation 38 [2/2] (1.23ns)   --->   "%reg_file_2_1_load = load i11 %reg_file_2_1_addr" [correlation-max-sharing/src/correlation.cpp:189]   --->   Operation 38 'load' 'reg_file_2_1_load' <Predicate = (!icmp_ln182)> <Delay = 1.23> <CoreInst = "RAM_T2P_BRAM">   --->   Core 99 'RAM_T2P_BRAM' <Latency = 1> <II = 1> <Delay = 1.23> <Storage> <Opcode : 'load' 'store'> <Ports = 2> <Width = 16> <Depth = 2048> <RAM>
ST_1 : Operation 39 [1/1] (0.00ns)   --->   "%reg_file_6_0_addr = getelementptr i16 %reg_file_6_0, i64 0, i64 %zext_ln189" [correlation-max-sharing/src/correlation.cpp:190]   --->   Operation 39 'getelementptr' 'reg_file_6_0_addr' <Predicate = (!icmp_ln182)> <Delay = 0.00>
ST_1 : Operation 40 [1/1] (0.00ns)   --->   "%reg_file_6_1_addr = getelementptr i16 %reg_file_6_1, i64 0, i64 %zext_ln189" [correlation-max-sharing/src/correlation.cpp:190]   --->   Operation 40 'getelementptr' 'reg_file_6_1_addr' <Predicate = (!icmp_ln182)> <Delay = 0.00>
ST_1 : Operation 41 [1/1] (0.00ns)   --->   "%br_ln190 = br i1 %trunc_ln182, void %arrayidx842610.case.0, void %arrayidx842610.case.1" [correlation-max-sharing/src/correlation.cpp:190]   --->   Operation 41 'br' 'br_ln190' <Predicate = (!icmp_ln182)> <Delay = 0.00>
ST_1 : Operation 42 [1/1] (0.00ns)   --->   "%specresourcelimit_ln191 = specresourcelimit void @_ssdm_op_SpecResourceLimit, i64 1, void @empty_32, void @empty_28, void @empty_28, void @empty_28" [correlation-max-sharing/src/correlation.cpp:191]   --->   Operation 42 'specresourcelimit' 'specresourcelimit_ln191' <Predicate = (!icmp_ln182)> <Delay = 0.00>
ST_1 : Operation 43 [1/1] (0.00ns)   --->   "%rend94 = specregionend i32 @_ssdm_op_SpecRegionEnd, void @empty_30, i32 %rbegin18" [correlation-max-sharing/src/correlation.cpp:191]   --->   Operation 43 'specregionend' 'rend94' <Predicate = (!icmp_ln182)> <Delay = 0.00>
ST_1 : Operation 44 [1/1] (0.00ns)   --->   "%specresourcelimit_ln191 = specresourcelimit void @_ssdm_op_SpecResourceLimit, i64 1, void @empty_19, void @empty_28, void @empty_28, void @empty_28" [correlation-max-sharing/src/correlation.cpp:191]   --->   Operation 44 'specresourcelimit' 'specresourcelimit_ln191' <Predicate = (!icmp_ln182)> <Delay = 0.00>
ST_1 : Operation 45 [1/1] (0.00ns)   --->   "%rend92 = specregionend i32 @_ssdm_op_SpecRegionEnd, void @empty_21, i32 %rbegin17" [correlation-max-sharing/src/correlation.cpp:191]   --->   Operation 45 'specregionend' 'rend92' <Predicate = (!icmp_ln182)> <Delay = 0.00>
ST_1 : Operation 46 [1/1] (0.00ns)   --->   "%specresourcelimit_ln191 = specresourcelimit void @_ssdm_op_SpecResourceLimit, i64 1, void @empty_20, void @empty_28, void @empty_28, void @empty_28" [correlation-max-sharing/src/correlation.cpp:191]   --->   Operation 46 'specresourcelimit' 'specresourcelimit_ln191' <Predicate = (!icmp_ln182)> <Delay = 0.00>
ST_1 : Operation 47 [1/1] (0.00ns)   --->   "%rend90 = specregionend i32 @_ssdm_op_SpecRegionEnd, void @empty_29, i32 %rbegin" [correlation-max-sharing/src/correlation.cpp:191]   --->   Operation 47 'specregionend' 'rend90' <Predicate = (!icmp_ln182)> <Delay = 0.00>
ST_1 : Operation 48 [1/1] (0.77ns)   --->   "%add_ln183 = add i7 %select_ln182, i7 1" [correlation-max-sharing/src/correlation.cpp:183]   --->   Operation 48 'add' 'add_ln183' <Predicate = (!icmp_ln182)> <Delay = 0.77> <CoreInst = "Adder">   --->   Core 1 'Adder' <Latency = 0> <II = 1> <Delay = 0.77> <FuncUnit> <Opcode : 'add' 'sub'> <InPorts = 2> <OutPorts = 1>
ST_1 : Operation 49 [1/1] (0.42ns)   --->   "%store_ln183 = store i13 %add_ln182, i13 %indvar_flatten13" [correlation-max-sharing/src/correlation.cpp:183]   --->   Operation 49 'store' 'store_ln183' <Predicate = (!icmp_ln182)> <Delay = 0.42>
ST_1 : Operation 50 [1/1] (0.42ns)   --->   "%store_ln183 = store i7 %select_ln182_1, i7 %j_7" [correlation-max-sharing/src/correlation.cpp:183]   --->   Operation 50 'store' 'store_ln183' <Predicate = (!icmp_ln182)> <Delay = 0.42>
ST_1 : Operation 51 [1/1] (0.42ns)   --->   "%store_ln183 = store i7 %add_ln183, i7 %i_8" [correlation-max-sharing/src/correlation.cpp:183]   --->   Operation 51 'store' 'store_ln183' <Predicate = (!icmp_ln182)> <Delay = 0.42>
ST_1 : Operation 52 [1/1] (0.00ns)   --->   "%br_ln183 = br void %for.inc85" [correlation-max-sharing/src/correlation.cpp:183]   --->   Operation 52 'br' 'br_ln183' <Predicate = (!icmp_ln182)> <Delay = 0.00>

State 2 <SV = 1> <Delay = 6.38>
ST_2 : Operation 53 [1/2] (1.23ns)   --->   "%reg_file_2_0_load = load i11 %reg_file_2_0_addr" [correlation-max-sharing/src/correlation.cpp:189]   --->   Operation 53 'load' 'reg_file_2_0_load' <Predicate = true> <Delay = 1.23> <CoreInst = "RAM_T2P_BRAM">   --->   Core 99 'RAM_T2P_BRAM' <Latency = 1> <II = 1> <Delay = 1.23> <Storage> <Opcode : 'load' 'store'> <Ports = 2> <Width = 16> <Depth = 2048> <RAM>
ST_2 : Operation 54 [1/2] (1.23ns)   --->   "%reg_file_2_1_load = load i11 %reg_file_2_1_addr" [correlation-max-sharing/src/correlation.cpp:189]   --->   Operation 54 'load' 'reg_file_2_1_load' <Predicate = true> <Delay = 1.23> <CoreInst = "RAM_T2P_BRAM">   --->   Core 99 'RAM_T2P_BRAM' <Latency = 1> <II = 1> <Delay = 1.23> <Storage> <Opcode : 'load' 'store'> <Ports = 2> <Width = 16> <Depth = 2048> <RAM>
ST_2 : Operation 55 [1/1] (0.42ns)   --->   "%val1 = mux i16 @_ssdm_op_Mux.ap_auto.2f16.i1, i16 %reg_file_2_0_load, i16 %reg_file_2_1_load, i1 %trunc_ln182" [correlation-max-sharing/src/correlation.cpp:189]   --->   Operation 55 'mux' 'val1' <Predicate = true> <Delay = 0.42> <CoreInst = "Multiplexer">   --->   Core 76 'Multiplexer' <Latency = 0> <II = 1> <Delay = 0.42> <FuncUnit> <Opcode : 'mux'> <InPorts = 2> <OutPorts = 1>
ST_2 : Operation 56 [2/2] (4.72ns)   --->   "%mul = hmul i16 %val1, i16 %val1" [correlation-max-sharing/src/correlation.cpp:190]   --->   Operation 56 'hmul' 'mul' <Predicate = true> <Delay = 4.72> <CoreInst = "HMul_maxdsp">   --->   Core 60 'HMul_maxdsp' <Latency = 1> <II = 1> <Delay = 4.72> <FuncUnit> <Opcode : 'hmul'> <InPorts = 2> <OutPorts = 1>
ST_2 : Operation 66 [1/1] (0.00ns)   --->   "%ret_ln0 = ret"   --->   Operation 66 'ret' 'ret_ln0' <Predicate = (icmp_ln182)> <Delay = 0.00>

State 3 <SV = 2> <Delay = 5.96>
ST_3 : Operation 57 [1/1] (0.00ns)   --->   "%specloopname_ln0 = specloopname void @_ssdm_op_SpecLoopName, void @VITIS_LOOP_182_8_VITIS_LOOP_183_9_str"   --->   Operation 57 'specloopname' 'specloopname_ln0' <Predicate = true> <Delay = 0.00>
ST_3 : Operation 58 [1/1] (0.00ns)   --->   "%empty = speclooptripcount i32 @_ssdm_op_SpecLoopTripCount, i64 4096, i64 4096, i64 4096"   --->   Operation 58 'speclooptripcount' 'empty' <Predicate = true> <Delay = 0.00>
ST_3 : Operation 59 [1/1] (0.00ns)   --->   "%specpipeline_ln188 = specpipeline void @_ssdm_op_SpecPipeline, i32 1, i32 0, i32 0, i32 0, void @empty_28" [correlation-max-sharing/src/correlation.cpp:188]   --->   Operation 59 'specpipeline' 'specpipeline_ln188' <Predicate = true> <Delay = 0.00>
ST_3 : Operation 60 [1/1] (0.00ns)   --->   "%specloopname_ln132 = specloopname void @_ssdm_op_SpecLoopName, void @empty_73" [correlation-max-sharing/src/correlation.cpp:132]   --->   Operation 60 'specloopname' 'specloopname_ln132' <Predicate = true> <Delay = 0.00>
ST_3 : Operation 61 [1/2] (4.72ns)   --->   "%mul = hmul i16 %val1, i16 %val1" [correlation-max-sharing/src/correlation.cpp:190]   --->   Operation 61 'hmul' 'mul' <Predicate = true> <Delay = 4.72> <CoreInst = "HMul_maxdsp">   --->   Core 60 'HMul_maxdsp' <Latency = 1> <II = 1> <Delay = 4.72> <FuncUnit> <Opcode : 'hmul'> <InPorts = 2> <OutPorts = 1>
ST_3 : Operation 62 [1/1] (1.23ns)   --->   "%store_ln190 = store i16 %mul, i11 %reg_file_6_0_addr" [correlation-max-sharing/src/correlation.cpp:190]   --->   Operation 62 'store' 'store_ln190' <Predicate = (!trunc_ln182)> <Delay = 1.23> <CoreInst = "RAM_T2P_BRAM">   --->   Core 99 'RAM_T2P_BRAM' <Latency = 1> <II = 1> <Delay = 1.23> <Storage> <Opcode : 'load' 'store'> <Ports = 2> <Width = 16> <Depth = 2048> <RAM>
ST_3 : Operation 63 [1/1] (0.00ns)   --->   "%br_ln190 = br void %fpga_resource_limit_hint.for.inc85.33_end" [correlation-max-sharing/src/correlation.cpp:190]   --->   Operation 63 'br' 'br_ln190' <Predicate = (!trunc_ln182)> <Delay = 0.00>
ST_3 : Operation 64 [1/1] (1.23ns)   --->   "%store_ln190 = store i16 %mul, i11 %reg_file_6_1_addr" [correlation-max-sharing/src/correlation.cpp:190]   --->   Operation 64 'store' 'store_ln190' <Predicate = (trunc_ln182)> <Delay = 1.23> <CoreInst = "RAM_T2P_BRAM">   --->   Core 99 'RAM_T2P_BRAM' <Latency = 1> <II = 1> <Delay = 1.23> <Storage> <Opcode : 'load' 'store'> <Ports = 2> <Width = 16> <Depth = 2048> <RAM>
ST_3 : Operation 65 [1/1] (0.00ns)   --->   "%br_ln190 = br void %fpga_resource_limit_hint.for.inc85.33_end" [correlation-max-sharing/src/correlation.cpp:190]   --->   Operation 65 'br' 'br_ln190' <Predicate = (trunc_ln182)> <Delay = 0.00>


============================================================
+ Verbose Summary: Timing violations
============================================================
Target clock period: 10ns, clock uncertainty: 2.7ns.

 <State 1>: 2.41ns
The critical path consists of the following:
	'alloca' operation ('i') [5]  (0 ns)
	'load' operation ('i_8_load', correlation-max-sharing/src/correlation.cpp:183) on local variable 'i' [22]  (0 ns)
	'icmp' operation ('icmp_ln183', correlation-max-sharing/src/correlation.cpp:183) [26]  (0.817 ns)
	'select' operation ('select_ln182', correlation-max-sharing/src/correlation.cpp:182) [27]  (0.36 ns)
	'getelementptr' operation ('reg_file_2_0_addr', correlation-max-sharing/src/correlation.cpp:189) [40]  (0 ns)
	'load' operation ('reg_file_2_0_load', correlation-max-sharing/src/correlation.cpp:189) on array 'reg_file_2_0' [42]  (1.24 ns)

 <State 2>: 6.39ns
The critical path consists of the following:
	'load' operation ('reg_file_2_0_load', correlation-max-sharing/src/correlation.cpp:189) on array 'reg_file_2_0' [42]  (1.24 ns)
	'mux' operation ('val1', correlation-max-sharing/src/correlation.cpp:189) [44]  (0.427 ns)
	'hmul' operation ('mul', correlation-max-sharing/src/correlation.cpp:190) [45]  (4.72 ns)

 <State 3>: 5.96ns
The critical path consists of the following:
	'hmul' operation ('mul', correlation-max-sharing/src/correlation.cpp:190) [45]  (4.72 ns)
	'store' operation ('store_ln190', correlation-max-sharing/src/correlation.cpp:190) of variable 'mul', correlation-max-sharing/src/correlation.cpp:190 on array 'reg_file_6_1' [53]  (1.24 ns)


============================================================
+ Verbose Summary: Binding
============================================================
N/A
* FSMD analyzer results:
  - Output states:
 - Input state : 
  - Chain level:
	State 1
	State 2
	State 3


============================================================
+ Verbose Summary: Datapath Resource usage 
============================================================
N/A
