

Implementation tool: Xilinx Vivado v.2022.2
Project:             copy-max-sharing
Solution:            zcu104
Device target:       xczu7ev-ffvc1156-2-e
Report date:         Thu Jan 12 15:34:35 CET 2023

#=== Post-Implementation Resource usage ===
SLICE:            0
LUT:           1667
FF:            2704
DSP:              0
BRAM:            36
URAM:             0
LATCH:            0
SRL:            146
CLB:            453

#=== Final timing ===
CP required:                     10.000
CP achieved post-synthesis:      1.841
CP achieved post-implementation: 3.456
Timing met
