

================================================================
== Vitis HLS Report for 'corr_accel'
================================================================
* Date:           Mon Nov 21 06:55:55 2022

* Version:        2022.2 (Build 3670227 on Oct 13 2022)
* Project:        center-cgp-example
* Solution:       zcu104 (Vivado IP Flow Target)
* Product family: zynquplus
* Target device:  xczu7ev-ffvc1156-2-e


================================================================
== Performance Estimates
================================================================
+ Timing: 
    * Summary: 
    +--------+----------+----------+------------+
    |  Clock |  Target  | Estimated| Uncertainty|
    +--------+----------+----------+------------+
    |ap_clk  |  10.00 ns|  7.141 ns|     2.70 ns|
    +--------+----------+----------+------------+

+ Latency: 
    * Summary: 
    +---------+---------+----------+----------+--------+--------+---------+
    |  Latency (cycles) |  Latency (absolute) |     Interval    | Pipeline|
    |   min   |   max   |    min   |    max   |   min  |   max  |   Type  |
    +---------+---------+----------+----------+--------+--------+---------+
    |   176041|   176937|  1.760 ms|  1.769 ms|  176042|  176938|       no|
    +---------+---------+----------+----------+--------+--------+---------+

    + Detail: 
        * Instance: 
        N/A

        * Loop: 
        N/A

============================================================
+ Verbose Summary: Synthesis Manager
============================================================
InlineROM: 1
ExposeGlobal: 0
============================================================
+ Verbose Summary: CDFG Model
============================================================
IsTopModel: 1
ResetActiveHigh: 1
IsCombinational: 0
IsDatapathOnly: 0
HasWiredReturn: 1
HasMFsm: 0
HasVarLatency: 1
IsPipeline: 0
IsRtlPipelined: 0
IsInstanceOverlapped: 0
IsDontTouch: 0
HasImplIP: 0
IsGatedGlobalClock: 0


============================================================
+ Verbose Summary: Schedule
============================================================
* Number of FSM states : 8
* Pipeline : 0
* Dataflow Pipeline: 0

* FSM state transitions: 
1 --> 2 
2 --> 3 
3 --> 4 
4 --> 5 
5 --> 6 
6 --> 7 
7 --> 8 
8 --> 

* FSM state operations: 

State 1 <SV = 0> <Delay = 0.00>
ST_1 : Operation 9 [1/1] (0.00ns)   --->   "%reg_file = alloca i64 1" [center-cgp-example/src/correlation.cpp:209]   --->   Operation 9 'alloca' 'reg_file' <Predicate = true> <Delay = 0.00> <CoreInst = "RAM_T2P_BRAM">   --->   Core 99 'RAM_T2P_BRAM' <Latency = 1> <II = 1> <Delay = 1.23> <Storage> <Opcode : 'load' 'store'> <Ports = 2> <Width = 16> <Depth = 2048> <RAM>
ST_1 : Operation 10 [1/1] (0.00ns)   --->   "%reg_file_1 = alloca i64 1" [center-cgp-example/src/correlation.cpp:209]   --->   Operation 10 'alloca' 'reg_file_1' <Predicate = true> <Delay = 0.00> <CoreInst = "RAM_T2P_BRAM">   --->   Core 99 'RAM_T2P_BRAM' <Latency = 1> <II = 1> <Delay = 1.23> <Storage> <Opcode : 'load' 'store'> <Ports = 2> <Width = 16> <Depth = 2048> <RAM>
ST_1 : Operation 11 [1/1] (0.00ns)   --->   "%reg_file_2 = alloca i64 1" [center-cgp-example/src/correlation.cpp:209]   --->   Operation 11 'alloca' 'reg_file_2' <Predicate = true> <Delay = 0.00> <CoreInst = "RAM_T2P_BRAM">   --->   Core 99 'RAM_T2P_BRAM' <Latency = 1> <II = 1> <Delay = 1.23> <Storage> <Opcode : 'load' 'store'> <Ports = 2> <Width = 16> <Depth = 2048> <RAM>
ST_1 : Operation 12 [1/1] (0.00ns)   --->   "%reg_file_3 = alloca i64 1" [center-cgp-example/src/correlation.cpp:209]   --->   Operation 12 'alloca' 'reg_file_3' <Predicate = true> <Delay = 0.00> <CoreInst = "RAM_T2P_BRAM">   --->   Core 99 'RAM_T2P_BRAM' <Latency = 1> <II = 1> <Delay = 1.23> <Storage> <Opcode : 'load' 'store'> <Ports = 2> <Width = 16> <Depth = 2048> <RAM>
ST_1 : Operation 13 [1/1] (0.00ns)   --->   "%reg_file_4 = alloca i64 1" [center-cgp-example/src/correlation.cpp:209]   --->   Operation 13 'alloca' 'reg_file_4' <Predicate = true> <Delay = 0.00> <CoreInst = "RAM_T2P_BRAM">   --->   Core 99 'RAM_T2P_BRAM' <Latency = 1> <II = 1> <Delay = 1.23> <Storage> <Opcode : 'load' 'store'> <Ports = 2> <Width = 16> <Depth = 2048> <RAM>
ST_1 : Operation 14 [1/1] (0.00ns)   --->   "%reg_file_5 = alloca i64 1" [center-cgp-example/src/correlation.cpp:209]   --->   Operation 14 'alloca' 'reg_file_5' <Predicate = true> <Delay = 0.00> <CoreInst = "RAM_T2P_BRAM">   --->   Core 99 'RAM_T2P_BRAM' <Latency = 1> <II = 1> <Delay = 1.23> <Storage> <Opcode : 'load' 'store'> <Ports = 2> <Width = 16> <Depth = 2048> <RAM>
ST_1 : Operation 15 [1/1] (0.00ns)   --->   "%reg_file_6 = alloca i64 1" [center-cgp-example/src/correlation.cpp:209]   --->   Operation 15 'alloca' 'reg_file_6' <Predicate = true> <Delay = 0.00> <CoreInst = "RAM_T2P_BRAM">   --->   Core 99 'RAM_T2P_BRAM' <Latency = 1> <II = 1> <Delay = 1.23> <Storage> <Opcode : 'load' 'store'> <Ports = 2> <Width = 16> <Depth = 2048> <RAM>
ST_1 : Operation 16 [1/1] (0.00ns)   --->   "%reg_file_7 = alloca i64 1" [center-cgp-example/src/correlation.cpp:209]   --->   Operation 16 'alloca' 'reg_file_7' <Predicate = true> <Delay = 0.00> <CoreInst = "RAM_T2P_BRAM">   --->   Core 99 'RAM_T2P_BRAM' <Latency = 1> <II = 1> <Delay = 1.23> <Storage> <Opcode : 'load' 'store'> <Ports = 2> <Width = 16> <Depth = 2048> <RAM>
ST_1 : Operation 17 [1/1] (0.00ns)   --->   "%reg_file_8 = alloca i64 1" [center-cgp-example/src/correlation.cpp:209]   --->   Operation 17 'alloca' 'reg_file_8' <Predicate = true> <Delay = 0.00> <CoreInst = "RAM_T2P_BRAM">   --->   Core 99 'RAM_T2P_BRAM' <Latency = 1> <II = 1> <Delay = 1.23> <Storage> <Opcode : 'load' 'store'> <Ports = 2> <Width = 16> <Depth = 2048> <RAM>
ST_1 : Operation 18 [1/1] (0.00ns)   --->   "%reg_file_9 = alloca i64 1" [center-cgp-example/src/correlation.cpp:209]   --->   Operation 18 'alloca' 'reg_file_9' <Predicate = true> <Delay = 0.00> <CoreInst = "RAM_T2P_BRAM">   --->   Core 99 'RAM_T2P_BRAM' <Latency = 1> <II = 1> <Delay = 1.23> <Storage> <Opcode : 'load' 'store'> <Ports = 2> <Width = 16> <Depth = 2048> <RAM>
ST_1 : Operation 19 [1/1] (0.00ns)   --->   "%reg_file_10 = alloca i64 1" [center-cgp-example/src/correlation.cpp:209]   --->   Operation 19 'alloca' 'reg_file_10' <Predicate = true> <Delay = 0.00> <CoreInst = "RAM_T2P_BRAM">   --->   Core 99 'RAM_T2P_BRAM' <Latency = 1> <II = 1> <Delay = 1.23> <Storage> <Opcode : 'load' 'store'> <Ports = 2> <Width = 16> <Depth = 2048> <RAM>
ST_1 : Operation 20 [1/1] (0.00ns)   --->   "%reg_file_11 = alloca i64 1" [center-cgp-example/src/correlation.cpp:209]   --->   Operation 20 'alloca' 'reg_file_11' <Predicate = true> <Delay = 0.00> <CoreInst = "RAM_T2P_BRAM">   --->   Core 99 'RAM_T2P_BRAM' <Latency = 1> <II = 1> <Delay = 1.23> <Storage> <Opcode : 'load' 'store'> <Ports = 2> <Width = 16> <Depth = 2048> <RAM>
ST_1 : Operation 21 [1/1] (0.00ns)   --->   "%reg_file_12 = alloca i64 1" [center-cgp-example/src/correlation.cpp:209]   --->   Operation 21 'alloca' 'reg_file_12' <Predicate = true> <Delay = 0.00> <CoreInst = "RAM_T2P_BRAM">   --->   Core 99 'RAM_T2P_BRAM' <Latency = 1> <II = 1> <Delay = 1.23> <Storage> <Opcode : 'load' 'store'> <Ports = 2> <Width = 16> <Depth = 2048> <RAM>
ST_1 : Operation 22 [1/1] (0.00ns)   --->   "%reg_file_13 = alloca i64 1" [center-cgp-example/src/correlation.cpp:209]   --->   Operation 22 'alloca' 'reg_file_13' <Predicate = true> <Delay = 0.00> <CoreInst = "RAM_T2P_BRAM">   --->   Core 99 'RAM_T2P_BRAM' <Latency = 1> <II = 1> <Delay = 1.23> <Storage> <Opcode : 'load' 'store'> <Ports = 2> <Width = 16> <Depth = 2048> <RAM>
ST_1 : Operation 23 [1/1] (0.00ns)   --->   "%reg_file_14 = alloca i64 1" [center-cgp-example/src/correlation.cpp:209]   --->   Operation 23 'alloca' 'reg_file_14' <Predicate = true> <Delay = 0.00> <CoreInst = "RAM_T2P_BRAM">   --->   Core 99 'RAM_T2P_BRAM' <Latency = 1> <II = 1> <Delay = 1.23> <Storage> <Opcode : 'load' 'store'> <Ports = 2> <Width = 16> <Depth = 2048> <RAM>
ST_1 : Operation 24 [1/1] (0.00ns)   --->   "%reg_file_15 = alloca i64 1" [center-cgp-example/src/correlation.cpp:209]   --->   Operation 24 'alloca' 'reg_file_15' <Predicate = true> <Delay = 0.00> <CoreInst = "RAM_T2P_BRAM">   --->   Core 99 'RAM_T2P_BRAM' <Latency = 1> <II = 1> <Delay = 1.23> <Storage> <Opcode : 'load' 'store'> <Ports = 2> <Width = 16> <Depth = 2048> <RAM>
ST_1 : Operation 25 [1/1] (0.00ns)   --->   "%reg_file_16 = alloca i64 1" [center-cgp-example/src/correlation.cpp:209]   --->   Operation 25 'alloca' 'reg_file_16' <Predicate = true> <Delay = 0.00> <CoreInst = "RAM_T2P_BRAM">   --->   Core 99 'RAM_T2P_BRAM' <Latency = 1> <II = 1> <Delay = 1.23> <Storage> <Opcode : 'load' 'store'> <Ports = 2> <Width = 16> <Depth = 2048> <RAM>
ST_1 : Operation 26 [1/1] (0.00ns)   --->   "%reg_file_17 = alloca i64 1" [center-cgp-example/src/correlation.cpp:209]   --->   Operation 26 'alloca' 'reg_file_17' <Predicate = true> <Delay = 0.00> <CoreInst = "RAM_T2P_BRAM">   --->   Core 99 'RAM_T2P_BRAM' <Latency = 1> <II = 1> <Delay = 1.23> <Storage> <Opcode : 'load' 'store'> <Ports = 2> <Width = 16> <Depth = 2048> <RAM>
ST_1 : Operation 27 [1/1] (0.00ns)   --->   "%reg_file_18 = alloca i64 1" [center-cgp-example/src/correlation.cpp:209]   --->   Operation 27 'alloca' 'reg_file_18' <Predicate = true> <Delay = 0.00> <CoreInst = "RAM_T2P_BRAM">   --->   Core 99 'RAM_T2P_BRAM' <Latency = 1> <II = 1> <Delay = 1.23> <Storage> <Opcode : 'load' 'store'> <Ports = 2> <Width = 16> <Depth = 2048> <RAM>
ST_1 : Operation 28 [1/1] (0.00ns)   --->   "%reg_file_19 = alloca i64 1" [center-cgp-example/src/correlation.cpp:209]   --->   Operation 28 'alloca' 'reg_file_19' <Predicate = true> <Delay = 0.00> <CoreInst = "RAM_T2P_BRAM">   --->   Core 99 'RAM_T2P_BRAM' <Latency = 1> <II = 1> <Delay = 1.23> <Storage> <Opcode : 'load' 'store'> <Ports = 2> <Width = 16> <Depth = 2048> <RAM>
ST_1 : Operation 29 [1/1] (0.00ns)   --->   "%reg_file_20 = alloca i64 1" [center-cgp-example/src/correlation.cpp:209]   --->   Operation 29 'alloca' 'reg_file_20' <Predicate = true> <Delay = 0.00> <CoreInst = "RAM_T2P_BRAM">   --->   Core 99 'RAM_T2P_BRAM' <Latency = 1> <II = 1> <Delay = 1.23> <Storage> <Opcode : 'load' 'store'> <Ports = 2> <Width = 16> <Depth = 2048> <RAM>
ST_1 : Operation 30 [1/1] (0.00ns)   --->   "%reg_file_21 = alloca i64 1" [center-cgp-example/src/correlation.cpp:209]   --->   Operation 30 'alloca' 'reg_file_21' <Predicate = true> <Delay = 0.00> <CoreInst = "RAM_T2P_BRAM">   --->   Core 99 'RAM_T2P_BRAM' <Latency = 1> <II = 1> <Delay = 1.23> <Storage> <Opcode : 'load' 'store'> <Ports = 2> <Width = 16> <Depth = 2048> <RAM>
ST_1 : Operation 31 [1/1] (0.00ns)   --->   "%reg_file_22 = alloca i64 1" [center-cgp-example/src/correlation.cpp:209]   --->   Operation 31 'alloca' 'reg_file_22' <Predicate = true> <Delay = 0.00> <CoreInst = "RAM_T2P_BRAM">   --->   Core 99 'RAM_T2P_BRAM' <Latency = 1> <II = 1> <Delay = 1.23> <Storage> <Opcode : 'load' 'store'> <Ports = 2> <Width = 16> <Depth = 2048> <RAM>
ST_1 : Operation 32 [1/1] (0.00ns)   --->   "%reg_file_23 = alloca i64 1" [center-cgp-example/src/correlation.cpp:209]   --->   Operation 32 'alloca' 'reg_file_23' <Predicate = true> <Delay = 0.00> <CoreInst = "RAM_T2P_BRAM">   --->   Core 99 'RAM_T2P_BRAM' <Latency = 1> <II = 1> <Delay = 1.23> <Storage> <Opcode : 'load' 'store'> <Ports = 2> <Width = 16> <Depth = 2048> <RAM>
ST_1 : Operation 33 [1/1] (0.00ns)   --->   "%reg_file_24 = alloca i64 1" [center-cgp-example/src/correlation.cpp:209]   --->   Operation 33 'alloca' 'reg_file_24' <Predicate = true> <Delay = 0.00> <CoreInst = "RAM_T2P_BRAM">   --->   Core 99 'RAM_T2P_BRAM' <Latency = 1> <II = 1> <Delay = 1.23> <Storage> <Opcode : 'load' 'store'> <Ports = 2> <Width = 16> <Depth = 2048> <RAM>
ST_1 : Operation 34 [1/1] (0.00ns)   --->   "%reg_file_25 = alloca i64 1" [center-cgp-example/src/correlation.cpp:209]   --->   Operation 34 'alloca' 'reg_file_25' <Predicate = true> <Delay = 0.00> <CoreInst = "RAM_T2P_BRAM">   --->   Core 99 'RAM_T2P_BRAM' <Latency = 1> <II = 1> <Delay = 1.23> <Storage> <Opcode : 'load' 'store'> <Ports = 2> <Width = 16> <Depth = 2048> <RAM>
ST_1 : Operation 35 [1/1] (0.00ns)   --->   "%reg_file_26 = alloca i64 1" [center-cgp-example/src/correlation.cpp:209]   --->   Operation 35 'alloca' 'reg_file_26' <Predicate = true> <Delay = 0.00> <CoreInst = "RAM_T2P_BRAM">   --->   Core 99 'RAM_T2P_BRAM' <Latency = 1> <II = 1> <Delay = 1.23> <Storage> <Opcode : 'load' 'store'> <Ports = 2> <Width = 16> <Depth = 2048> <RAM>
ST_1 : Operation 36 [1/1] (0.00ns)   --->   "%reg_file_27 = alloca i64 1" [center-cgp-example/src/correlation.cpp:209]   --->   Operation 36 'alloca' 'reg_file_27' <Predicate = true> <Delay = 0.00> <CoreInst = "RAM_T2P_BRAM">   --->   Core 99 'RAM_T2P_BRAM' <Latency = 1> <II = 1> <Delay = 1.23> <Storage> <Opcode : 'load' 'store'> <Ports = 2> <Width = 16> <Depth = 2048> <RAM>
ST_1 : Operation 37 [1/1] (0.00ns)   --->   "%reg_file_28 = alloca i64 1" [center-cgp-example/src/correlation.cpp:209]   --->   Operation 37 'alloca' 'reg_file_28' <Predicate = true> <Delay = 0.00> <CoreInst = "RAM_T2P_BRAM">   --->   Core 99 'RAM_T2P_BRAM' <Latency = 1> <II = 1> <Delay = 1.23> <Storage> <Opcode : 'load' 'store'> <Ports = 2> <Width = 16> <Depth = 2048> <RAM>
ST_1 : Operation 38 [1/1] (0.00ns)   --->   "%reg_file_29 = alloca i64 1" [center-cgp-example/src/correlation.cpp:209]   --->   Operation 38 'alloca' 'reg_file_29' <Predicate = true> <Delay = 0.00> <CoreInst = "RAM_T2P_BRAM">   --->   Core 99 'RAM_T2P_BRAM' <Latency = 1> <II = 1> <Delay = 1.23> <Storage> <Opcode : 'load' 'store'> <Ports = 2> <Width = 16> <Depth = 2048> <RAM>
ST_1 : Operation 39 [1/1] (0.00ns)   --->   "%reg_file_30 = alloca i64 1" [center-cgp-example/src/correlation.cpp:209]   --->   Operation 39 'alloca' 'reg_file_30' <Predicate = true> <Delay = 0.00> <CoreInst = "RAM_T2P_BRAM">   --->   Core 99 'RAM_T2P_BRAM' <Latency = 1> <II = 1> <Delay = 1.23> <Storage> <Opcode : 'load' 'store'> <Ports = 2> <Width = 16> <Depth = 2048> <RAM>
ST_1 : Operation 40 [1/1] (0.00ns)   --->   "%reg_file_31 = alloca i64 1" [center-cgp-example/src/correlation.cpp:209]   --->   Operation 40 'alloca' 'reg_file_31' <Predicate = true> <Delay = 0.00> <CoreInst = "RAM_T2P_BRAM">   --->   Core 99 'RAM_T2P_BRAM' <Latency = 1> <II = 1> <Delay = 1.23> <Storage> <Opcode : 'load' 'store'> <Ports = 2> <Width = 16> <Depth = 2048> <RAM>
ST_1 : Operation 41 [1/1] (0.00ns)   --->   "%reg_file_32 = alloca i64 1" [center-cgp-example/src/correlation.cpp:209]   --->   Operation 41 'alloca' 'reg_file_32' <Predicate = true> <Delay = 0.00> <CoreInst = "RAM_T2P_BRAM">   --->   Core 99 'RAM_T2P_BRAM' <Latency = 1> <II = 1> <Delay = 1.23> <Storage> <Opcode : 'load' 'store'> <Ports = 2> <Width = 16> <Depth = 2048> <RAM>
ST_1 : Operation 42 [1/1] (0.00ns)   --->   "%reg_file_33 = alloca i64 1" [center-cgp-example/src/correlation.cpp:209]   --->   Operation 42 'alloca' 'reg_file_33' <Predicate = true> <Delay = 0.00> <CoreInst = "RAM_T2P_BRAM">   --->   Core 99 'RAM_T2P_BRAM' <Latency = 1> <II = 1> <Delay = 1.23> <Storage> <Opcode : 'load' 'store'> <Ports = 2> <Width = 16> <Depth = 2048> <RAM>
ST_1 : Operation 43 [1/1] (0.00ns)   --->   "%reg_file_34 = alloca i64 1" [center-cgp-example/src/correlation.cpp:209]   --->   Operation 43 'alloca' 'reg_file_34' <Predicate = true> <Delay = 0.00> <CoreInst = "RAM_T2P_BRAM">   --->   Core 99 'RAM_T2P_BRAM' <Latency = 1> <II = 1> <Delay = 1.23> <Storage> <Opcode : 'load' 'store'> <Ports = 2> <Width = 16> <Depth = 2048> <RAM>
ST_1 : Operation 44 [1/1] (0.00ns)   --->   "%reg_file_35 = alloca i64 1" [center-cgp-example/src/correlation.cpp:209]   --->   Operation 44 'alloca' 'reg_file_35' <Predicate = true> <Delay = 0.00> <CoreInst = "RAM_T2P_BRAM">   --->   Core 99 'RAM_T2P_BRAM' <Latency = 1> <II = 1> <Delay = 1.23> <Storage> <Opcode : 'load' 'store'> <Ports = 2> <Width = 16> <Depth = 2048> <RAM>
ST_1 : Operation 45 [1/1] (0.00ns)   --->   "%reg_file_36 = alloca i64 1" [center-cgp-example/src/correlation.cpp:209]   --->   Operation 45 'alloca' 'reg_file_36' <Predicate = true> <Delay = 0.00> <CoreInst = "RAM_T2P_BRAM">   --->   Core 99 'RAM_T2P_BRAM' <Latency = 1> <II = 1> <Delay = 1.23> <Storage> <Opcode : 'load' 'store'> <Ports = 2> <Width = 16> <Depth = 2048> <RAM>
ST_1 : Operation 46 [1/1] (0.00ns)   --->   "%reg_file_37 = alloca i64 1" [center-cgp-example/src/correlation.cpp:209]   --->   Operation 46 'alloca' 'reg_file_37' <Predicate = true> <Delay = 0.00> <CoreInst = "RAM_T2P_BRAM">   --->   Core 99 'RAM_T2P_BRAM' <Latency = 1> <II = 1> <Delay = 1.23> <Storage> <Opcode : 'load' 'store'> <Ports = 2> <Width = 16> <Depth = 2048> <RAM>
ST_1 : Operation 47 [1/1] (0.00ns)   --->   "%reg_file_38 = alloca i64 1" [center-cgp-example/src/correlation.cpp:209]   --->   Operation 47 'alloca' 'reg_file_38' <Predicate = true> <Delay = 0.00> <CoreInst = "RAM_T2P_BRAM">   --->   Core 99 'RAM_T2P_BRAM' <Latency = 1> <II = 1> <Delay = 1.23> <Storage> <Opcode : 'load' 'store'> <Ports = 2> <Width = 16> <Depth = 2048> <RAM>
ST_1 : Operation 48 [1/1] (0.00ns)   --->   "%reg_file_39 = alloca i64 1" [center-cgp-example/src/correlation.cpp:209]   --->   Operation 48 'alloca' 'reg_file_39' <Predicate = true> <Delay = 0.00> <CoreInst = "RAM_T2P_BRAM">   --->   Core 99 'RAM_T2P_BRAM' <Latency = 1> <II = 1> <Delay = 1.23> <Storage> <Opcode : 'load' 'store'> <Ports = 2> <Width = 16> <Depth = 2048> <RAM>
ST_1 : Operation 49 [1/1] (0.00ns)   --->   "%reg_file_40 = alloca i64 1" [center-cgp-example/src/correlation.cpp:209]   --->   Operation 49 'alloca' 'reg_file_40' <Predicate = true> <Delay = 0.00> <CoreInst = "RAM_T2P_BRAM">   --->   Core 99 'RAM_T2P_BRAM' <Latency = 1> <II = 1> <Delay = 1.23> <Storage> <Opcode : 'load' 'store'> <Ports = 2> <Width = 16> <Depth = 2048> <RAM>
ST_1 : Operation 50 [1/1] (0.00ns)   --->   "%reg_file_41 = alloca i64 1" [center-cgp-example/src/correlation.cpp:209]   --->   Operation 50 'alloca' 'reg_file_41' <Predicate = true> <Delay = 0.00> <CoreInst = "RAM_T2P_BRAM">   --->   Core 99 'RAM_T2P_BRAM' <Latency = 1> <II = 1> <Delay = 1.23> <Storage> <Opcode : 'load' 'store'> <Ports = 2> <Width = 16> <Depth = 2048> <RAM>
ST_1 : Operation 51 [1/1] (0.00ns)   --->   "%reg_file_42 = alloca i64 1" [center-cgp-example/src/correlation.cpp:209]   --->   Operation 51 'alloca' 'reg_file_42' <Predicate = true> <Delay = 0.00> <CoreInst = "RAM_T2P_BRAM">   --->   Core 99 'RAM_T2P_BRAM' <Latency = 1> <II = 1> <Delay = 1.23> <Storage> <Opcode : 'load' 'store'> <Ports = 2> <Width = 16> <Depth = 2048> <RAM>
ST_1 : Operation 52 [1/1] (0.00ns)   --->   "%reg_file_43 = alloca i64 1" [center-cgp-example/src/correlation.cpp:209]   --->   Operation 52 'alloca' 'reg_file_43' <Predicate = true> <Delay = 0.00> <CoreInst = "RAM_T2P_BRAM">   --->   Core 99 'RAM_T2P_BRAM' <Latency = 1> <II = 1> <Delay = 1.23> <Storage> <Opcode : 'load' 'store'> <Ports = 2> <Width = 16> <Depth = 2048> <RAM>
ST_1 : Operation 53 [1/1] (0.00ns)   --->   "%reg_file_44 = alloca i64 1" [center-cgp-example/src/correlation.cpp:209]   --->   Operation 53 'alloca' 'reg_file_44' <Predicate = true> <Delay = 0.00> <CoreInst = "RAM_T2P_BRAM">   --->   Core 99 'RAM_T2P_BRAM' <Latency = 1> <II = 1> <Delay = 1.23> <Storage> <Opcode : 'load' 'store'> <Ports = 2> <Width = 16> <Depth = 2048> <RAM>
ST_1 : Operation 54 [1/1] (0.00ns)   --->   "%reg_file_45 = alloca i64 1" [center-cgp-example/src/correlation.cpp:209]   --->   Operation 54 'alloca' 'reg_file_45' <Predicate = true> <Delay = 0.00> <CoreInst = "RAM_T2P_BRAM">   --->   Core 99 'RAM_T2P_BRAM' <Latency = 1> <II = 1> <Delay = 1.23> <Storage> <Opcode : 'load' 'store'> <Ports = 2> <Width = 16> <Depth = 2048> <RAM>
ST_1 : Operation 55 [1/1] (0.00ns)   --->   "%reg_file_46 = alloca i64 1" [center-cgp-example/src/correlation.cpp:209]   --->   Operation 55 'alloca' 'reg_file_46' <Predicate = true> <Delay = 0.00> <CoreInst = "RAM_T2P_BRAM">   --->   Core 99 'RAM_T2P_BRAM' <Latency = 1> <II = 1> <Delay = 1.23> <Storage> <Opcode : 'load' 'store'> <Ports = 2> <Width = 16> <Depth = 2048> <RAM>
ST_1 : Operation 56 [1/1] (0.00ns)   --->   "%reg_file_47 = alloca i64 1" [center-cgp-example/src/correlation.cpp:209]   --->   Operation 56 'alloca' 'reg_file_47' <Predicate = true> <Delay = 0.00> <CoreInst = "RAM_T2P_BRAM">   --->   Core 99 'RAM_T2P_BRAM' <Latency = 1> <II = 1> <Delay = 1.23> <Storage> <Opcode : 'load' 'store'> <Ports = 2> <Width = 16> <Depth = 2048> <RAM>
ST_1 : Operation 57 [1/1] (0.00ns)   --->   "%reg_file_48 = alloca i64 1" [center-cgp-example/src/correlation.cpp:209]   --->   Operation 57 'alloca' 'reg_file_48' <Predicate = true> <Delay = 0.00> <CoreInst = "RAM_T2P_BRAM">   --->   Core 99 'RAM_T2P_BRAM' <Latency = 1> <II = 1> <Delay = 1.23> <Storage> <Opcode : 'load' 'store'> <Ports = 2> <Width = 16> <Depth = 2048> <RAM>
ST_1 : Operation 58 [1/1] (0.00ns)   --->   "%reg_file_49 = alloca i64 1" [center-cgp-example/src/correlation.cpp:209]   --->   Operation 58 'alloca' 'reg_file_49' <Predicate = true> <Delay = 0.00> <CoreInst = "RAM_T2P_BRAM">   --->   Core 99 'RAM_T2P_BRAM' <Latency = 1> <II = 1> <Delay = 1.23> <Storage> <Opcode : 'load' 'store'> <Ports = 2> <Width = 16> <Depth = 2048> <RAM>
ST_1 : Operation 59 [1/1] (0.00ns)   --->   "%reg_file_50 = alloca i64 1" [center-cgp-example/src/correlation.cpp:209]   --->   Operation 59 'alloca' 'reg_file_50' <Predicate = true> <Delay = 0.00> <CoreInst = "RAM_T2P_BRAM">   --->   Core 99 'RAM_T2P_BRAM' <Latency = 1> <II = 1> <Delay = 1.23> <Storage> <Opcode : 'load' 'store'> <Ports = 2> <Width = 16> <Depth = 2048> <RAM>
ST_1 : Operation 60 [1/1] (0.00ns)   --->   "%reg_file_51 = alloca i64 1" [center-cgp-example/src/correlation.cpp:209]   --->   Operation 60 'alloca' 'reg_file_51' <Predicate = true> <Delay = 0.00> <CoreInst = "RAM_T2P_BRAM">   --->   Core 99 'RAM_T2P_BRAM' <Latency = 1> <II = 1> <Delay = 1.23> <Storage> <Opcode : 'load' 'store'> <Ports = 2> <Width = 16> <Depth = 2048> <RAM>
ST_1 : Operation 61 [2/2] (0.00ns)   --->   "%call_ln216 = call void @recv_data_burst, i64 %data_in, i16 %reg_file, i16 %reg_file_1, i16 %reg_file_2, i16 %reg_file_3, i16 %reg_file_4, i16 %reg_file_5, i16 %reg_file_6, i16 %reg_file_7, i16 %reg_file_8, i16 %reg_file_9, i16 %reg_file_10, i16 %reg_file_11, i16 %reg_file_12, i16 %reg_file_13, i16 %reg_file_14, i16 %reg_file_15, i16 %reg_file_16, i16 %reg_file_17, i16 %reg_file_18, i16 %reg_file_19, i16 %reg_file_20, i16 %reg_file_21, i16 %reg_file_22, i16 %reg_file_23, i16 %reg_file_24, i16 %reg_file_25, i16 %reg_file_26, i16 %reg_file_27, i16 %reg_file_28, i16 %reg_file_29, i16 %reg_file_30, i16 %reg_file_31, i16 %reg_file_32, i16 %reg_file_33, i16 %reg_file_34, i16 %reg_file_35, i16 %reg_file_36, i16 %reg_file_37, i16 %reg_file_38, i16 %reg_file_39, i16 %reg_file_40, i16 %reg_file_41, i16 %reg_file_42, i16 %reg_file_43, i16 %reg_file_44, i16 %reg_file_45, i16 %reg_file_46, i16 %reg_file_47, i16 %reg_file_48, i16 %reg_file_49, i16 %reg_file_50, i16 %reg_file_51" [center-cgp-example/src/correlation.cpp:216]   --->   Operation 61 'call' 'call_ln216' <Predicate = true> <Delay = 0.00> <CoreType = "Generic">   --->   Core 0 '' <Latency = 0> <II = 1> <Delay = 1.00> <Generic> <Opcode : >

State 2 <SV = 1> <Delay = 0.00>
ST_2 : Operation 62 [1/2] (0.00ns)   --->   "%call_ln216 = call void @recv_data_burst, i64 %data_in, i16 %reg_file, i16 %reg_file_1, i16 %reg_file_2, i16 %reg_file_3, i16 %reg_file_4, i16 %reg_file_5, i16 %reg_file_6, i16 %reg_file_7, i16 %reg_file_8, i16 %reg_file_9, i16 %reg_file_10, i16 %reg_file_11, i16 %reg_file_12, i16 %reg_file_13, i16 %reg_file_14, i16 %reg_file_15, i16 %reg_file_16, i16 %reg_file_17, i16 %reg_file_18, i16 %reg_file_19, i16 %reg_file_20, i16 %reg_file_21, i16 %reg_file_22, i16 %reg_file_23, i16 %reg_file_24, i16 %reg_file_25, i16 %reg_file_26, i16 %reg_file_27, i16 %reg_file_28, i16 %reg_file_29, i16 %reg_file_30, i16 %reg_file_31, i16 %reg_file_32, i16 %reg_file_33, i16 %reg_file_34, i16 %reg_file_35, i16 %reg_file_36, i16 %reg_file_37, i16 %reg_file_38, i16 %reg_file_39, i16 %reg_file_40, i16 %reg_file_41, i16 %reg_file_42, i16 %reg_file_43, i16 %reg_file_44, i16 %reg_file_45, i16 %reg_file_46, i16 %reg_file_47, i16 %reg_file_48, i16 %reg_file_49, i16 %reg_file_50, i16 %reg_file_51" [center-cgp-example/src/correlation.cpp:216]   --->   Operation 62 'call' 'call_ln216' <Predicate = true> <Delay = 0.00> <CoreType = "Generic">   --->   Core 0 '' <Latency = 0> <II = 1> <Delay = 1.00> <Generic> <Opcode : >

State 3 <SV = 2> <Delay = 1.00>
ST_3 : Operation 63 [1/1] (0.00ns)   --->   "%wait_ln217 = wait void @_ssdm_op_Wait, i32 1" [center-cgp-example/src/correlation.cpp:217]   --->   Operation 63 'wait' 'wait_ln217' <Predicate = true> <Delay = 0.00>
ST_3 : Operation 64 [1/1] (0.00ns)   --->   "%counter_read = read i64 @_ssdm_op_Read.ap_auto.i64P0A, i64 %counter" [center-cgp-example/src/correlation.cpp:218]   --->   Operation 64 'read' 'counter_read' <Predicate = true> <Delay = 0.00>
ST_3 : Operation 65 [2/2] (1.00ns)   --->   "%write_ln218 = write void @_ssdm_op_Write.ap_none.i64P0A, i64 %start_time, i64 %counter_read" [center-cgp-example/src/correlation.cpp:218]   --->   Operation 65 'write' 'write_ln218' <Predicate = true> <Delay = 1.00> <CoreInst = "s_axilite">   --->   Core 122 's_axilite' <Latency = 0> <II = 1> <Delay = 1.00> <Adapter> <Opcode : 'read' 'write'>

State 4 <SV = 3> <Delay = 1.00>
ST_4 : Operation 66 [1/2] (1.00ns)   --->   "%write_ln218 = write void @_ssdm_op_Write.ap_none.i64P0A, i64 %start_time, i64 %counter_read" [center-cgp-example/src/correlation.cpp:218]   --->   Operation 66 'write' 'write_ln218' <Predicate = true> <Delay = 1.00> <CoreInst = "s_axilite">   --->   Core 122 's_axilite' <Latency = 0> <II = 1> <Delay = 1.00> <Adapter> <Opcode : 'read' 'write'>
ST_4 : Operation 67 [1/1] (0.00ns)   --->   "%wait_ln219 = wait void @_ssdm_op_Wait, i32 1" [center-cgp-example/src/correlation.cpp:219]   --->   Operation 67 'wait' 'wait_ln219' <Predicate = true> <Delay = 0.00>
ST_4 : Operation 68 [2/2] (0.00ns)   --->   "%call_ln220 = call void @compute, i16 %reg_file_2, i16 %reg_file_3, i16 %reg_file_4, i16 %reg_file_5, i16 %reg_file_6, i16 %reg_file_7, i16 %reg_file_8, i16 %reg_file_9, i16 %reg_file_10, i16 %reg_file_11, i16 %reg_file_12, i16 %reg_file_13, i16 %reg_file_14, i16 %reg_file_15, i16 %reg_file_16, i16 %reg_file_17, i16 %reg_file_18, i16 %reg_file_19, i16 %reg_file_20, i16 %reg_file_21, i16 %reg_file_22, i16 %reg_file_23, i16 %reg_file_24, i16 %reg_file_25, i16 %reg_file_26, i16 %reg_file_27, i16 %reg_file_28, i16 %reg_file_29, i16 %reg_file_30, i16 %reg_file_31, i16 %reg_file_32, i16 %reg_file_33, i16 %reg_file_34, i16 %reg_file_35, i16 %reg_file_36, i16 %reg_file_37, i16 %reg_file_38, i16 %reg_file_39, i16 %reg_file_40, i16 %reg_file_41, i16 %reg_file_42, i16 %reg_file_43, i16 %reg_file_44, i16 %reg_file_45, i16 %reg_file_46, i16 %reg_file_47" [center-cgp-example/src/correlation.cpp:220]   --->   Operation 68 'call' 'call_ln220' <Predicate = true> <Delay = 0.00> <CoreType = "Generic">   --->   Core 0 '' <Latency = 0> <II = 1> <Delay = 1.00> <Generic> <Opcode : >

State 5 <SV = 4> <Delay = 0.00>
ST_5 : Operation 69 [1/2] (0.00ns)   --->   "%call_ln220 = call void @compute, i16 %reg_file_2, i16 %reg_file_3, i16 %reg_file_4, i16 %reg_file_5, i16 %reg_file_6, i16 %reg_file_7, i16 %reg_file_8, i16 %reg_file_9, i16 %reg_file_10, i16 %reg_file_11, i16 %reg_file_12, i16 %reg_file_13, i16 %reg_file_14, i16 %reg_file_15, i16 %reg_file_16, i16 %reg_file_17, i16 %reg_file_18, i16 %reg_file_19, i16 %reg_file_20, i16 %reg_file_21, i16 %reg_file_22, i16 %reg_file_23, i16 %reg_file_24, i16 %reg_file_25, i16 %reg_file_26, i16 %reg_file_27, i16 %reg_file_28, i16 %reg_file_29, i16 %reg_file_30, i16 %reg_file_31, i16 %reg_file_32, i16 %reg_file_33, i16 %reg_file_34, i16 %reg_file_35, i16 %reg_file_36, i16 %reg_file_37, i16 %reg_file_38, i16 %reg_file_39, i16 %reg_file_40, i16 %reg_file_41, i16 %reg_file_42, i16 %reg_file_43, i16 %reg_file_44, i16 %reg_file_45, i16 %reg_file_46, i16 %reg_file_47" [center-cgp-example/src/correlation.cpp:220]   --->   Operation 69 'call' 'call_ln220' <Predicate = true> <Delay = 0.00> <CoreType = "Generic">   --->   Core 0 '' <Latency = 0> <II = 1> <Delay = 1.00> <Generic> <Opcode : >

State 6 <SV = 5> <Delay = 1.00>
ST_6 : Operation 70 [1/1] (0.00ns)   --->   "%wait_ln221 = wait void @_ssdm_op_Wait, i32 1" [center-cgp-example/src/correlation.cpp:221]   --->   Operation 70 'wait' 'wait_ln221' <Predicate = true> <Delay = 0.00>
ST_6 : Operation 71 [2/2] (1.00ns)   --->   "%write_ln222 = write void @_ssdm_op_Write.ap_none.i64P0A, i64 %end_time, i64 %counter_read" [center-cgp-example/src/correlation.cpp:222]   --->   Operation 71 'write' 'write_ln222' <Predicate = true> <Delay = 1.00> <CoreInst = "s_axilite">   --->   Core 122 's_axilite' <Latency = 0> <II = 1> <Delay = 1.00> <Adapter> <Opcode : 'read' 'write'>

State 7 <SV = 6> <Delay = 1.00>
ST_7 : Operation 72 [1/2] (1.00ns)   --->   "%write_ln222 = write void @_ssdm_op_Write.ap_none.i64P0A, i64 %end_time, i64 %counter_read" [center-cgp-example/src/correlation.cpp:222]   --->   Operation 72 'write' 'write_ln222' <Predicate = true> <Delay = 1.00> <CoreInst = "s_axilite">   --->   Core 122 's_axilite' <Latency = 0> <II = 1> <Delay = 1.00> <Adapter> <Opcode : 'read' 'write'>
ST_7 : Operation 73 [1/1] (0.00ns)   --->   "%wait_ln223 = wait void @_ssdm_op_Wait, i32 1" [center-cgp-example/src/correlation.cpp:223]   --->   Operation 73 'wait' 'wait_ln223' <Predicate = true> <Delay = 0.00>
ST_7 : Operation 74 [2/2] (0.00ns)   --->   "%call_ln224 = call void @send_data_burst, i64 %data_out, i16 %reg_file, i16 %reg_file_1, i16 %reg_file_2, i16 %reg_file_3, i16 %reg_file_4, i16 %reg_file_5, i16 %reg_file_6, i16 %reg_file_7, i16 %reg_file_8, i16 %reg_file_9, i16 %reg_file_10, i16 %reg_file_11, i16 %reg_file_12, i16 %reg_file_13, i16 %reg_file_14, i16 %reg_file_15, i16 %reg_file_16, i16 %reg_file_17, i16 %reg_file_18, i16 %reg_file_19, i16 %reg_file_20, i16 %reg_file_21, i16 %reg_file_22, i16 %reg_file_23, i16 %reg_file_24, i16 %reg_file_25, i16 %reg_file_26, i16 %reg_file_27, i16 %reg_file_28, i16 %reg_file_29, i16 %reg_file_30, i16 %reg_file_31, i16 %reg_file_32, i16 %reg_file_33, i16 %reg_file_34, i16 %reg_file_35, i16 %reg_file_36, i16 %reg_file_37, i16 %reg_file_38, i16 %reg_file_39, i16 %reg_file_40, i16 %reg_file_41, i16 %reg_file_42, i16 %reg_file_43, i16 %reg_file_44, i16 %reg_file_45, i16 %reg_file_46, i16 %reg_file_47, i16 %reg_file_48, i16 %reg_file_49, i16 %reg_file_50, i16 %reg_file_51" [center-cgp-example/src/correlation.cpp:224]   --->   Operation 74 'call' 'call_ln224' <Predicate = true> <Delay = 0.00> <CoreType = "Generic">   --->   Core 0 '' <Latency = 0> <II = 1> <Delay = 1.00> <Generic> <Opcode : >

State 8 <SV = 7> <Delay = 0.00>
ST_8 : Operation 75 [1/1] (0.00ns)   --->   "%spectopmodule_ln194 = spectopmodule void @_ssdm_op_SpecTopModule, void @empty_13" [center-cgp-example/src/correlation.cpp:194]   --->   Operation 75 'spectopmodule' 'spectopmodule_ln194' <Predicate = true> <Delay = 0.00>
ST_8 : Operation 76 [1/1] (0.00ns)   --->   "%specinterface_ln0 = specinterface void @_ssdm_op_SpecInterface, i64 %data_in, void @empty_3, i32 0, i32 0, void @empty_2, i32 4294967295, i32 0, void @empty_2, void @empty_2, void @empty_2, i32 0, i32 0, i32 0, i32 0, void @empty_2, void @empty_2, i32 4294967295, i32 0"   --->   Operation 76 'specinterface' 'specinterface_ln0' <Predicate = true> <Delay = 0.00>
ST_8 : Operation 77 [1/1] (0.00ns)   --->   "%specbitsmap_ln0 = specbitsmap void @_ssdm_op_SpecBitsMap, i64 %data_in"   --->   Operation 77 'specbitsmap' 'specbitsmap_ln0' <Predicate = true> <Delay = 0.00>
ST_8 : Operation 78 [1/1] (0.00ns)   --->   "%specinterface_ln0 = specinterface void @_ssdm_op_SpecInterface, i64 %data_out, void @empty_3, i32 0, i32 0, void @empty_2, i32 4294967295, i32 0, void @empty_2, void @empty_2, void @empty_2, i32 0, i32 0, i32 0, i32 0, void @empty_2, void @empty_2, i32 4294967295, i32 0"   --->   Operation 78 'specinterface' 'specinterface_ln0' <Predicate = true> <Delay = 0.00>
ST_8 : Operation 79 [1/1] (0.00ns)   --->   "%specbitsmap_ln0 = specbitsmap void @_ssdm_op_SpecBitsMap, i64 %data_out"   --->   Operation 79 'specbitsmap' 'specbitsmap_ln0' <Predicate = true> <Delay = 0.00>
ST_8 : Operation 80 [1/1] (0.00ns)   --->   "%specbitsmap_ln0 = specbitsmap void @_ssdm_op_SpecBitsMap, i64 %counter"   --->   Operation 80 'specbitsmap' 'specbitsmap_ln0' <Predicate = true> <Delay = 0.00>
ST_8 : Operation 81 [1/1] (0.00ns)   --->   "%specinterface_ln0 = specinterface void @_ssdm_op_SpecInterface, i64 %counter, void @empty_4, i32 0, i32 0, void @empty_2, i32 0, i32 0, void @empty_2, void @empty_2, void @empty_2, i32 0, i32 0, i32 0, i32 0, void @empty_2, void @empty_2, i32 4294967295, i32 0"   --->   Operation 81 'specinterface' 'specinterface_ln0' <Predicate = true> <Delay = 0.00>
ST_8 : Operation 82 [1/1] (0.00ns)   --->   "%specbitsmap_ln0 = specbitsmap void @_ssdm_op_SpecBitsMap, i64 %start_time"   --->   Operation 82 'specbitsmap' 'specbitsmap_ln0' <Predicate = true> <Delay = 0.00>
ST_8 : Operation 83 [1/1] (0.00ns)   --->   "%specinterface_ln0 = specinterface void @_ssdm_op_SpecInterface, i64 %start_time, void @empty_7, i32 1, i32 1, void @empty_14, i32 0, i32 0, void @empty, void @empty_0, void @empty_2, i32 0, i32 0, i32 0, i32 0, void @empty_2, void @empty_2, i32 4294967295, i32 0"   --->   Operation 83 'specinterface' 'specinterface_ln0' <Predicate = true> <Delay = 0.00>
ST_8 : Operation 84 [1/1] (0.00ns)   --->   "%specinterface_ln0 = specinterface void @_ssdm_op_SpecInterface, i64 %start_time, void @empty_11, i32 1, i32 1, void @empty_2, i32 0, i32 0, void @empty_2, void @empty_2, void @empty_2, i32 0, i32 0, i32 0, i32 0, void @empty_2, void @empty_2, i32 4294967295, i32 0"   --->   Operation 84 'specinterface' 'specinterface_ln0' <Predicate = true> <Delay = 0.00>
ST_8 : Operation 85 [1/1] (0.00ns)   --->   "%specbitsmap_ln0 = specbitsmap void @_ssdm_op_SpecBitsMap, i64 %end_time"   --->   Operation 85 'specbitsmap' 'specbitsmap_ln0' <Predicate = true> <Delay = 0.00>
ST_8 : Operation 86 [1/1] (0.00ns)   --->   "%specinterface_ln0 = specinterface void @_ssdm_op_SpecInterface, i64 %end_time, void @empty_7, i32 1, i32 1, void @empty_14, i32 0, i32 0, void @empty, void @empty_12, void @empty_2, i32 0, i32 0, i32 0, i32 0, void @empty_2, void @empty_2, i32 4294967295, i32 0"   --->   Operation 86 'specinterface' 'specinterface_ln0' <Predicate = true> <Delay = 0.00>
ST_8 : Operation 87 [1/1] (0.00ns)   --->   "%specinterface_ln0 = specinterface void @_ssdm_op_SpecInterface, i64 %end_time, void @empty_11, i32 1, i32 1, void @empty_2, i32 0, i32 0, void @empty_2, void @empty_2, void @empty_2, i32 0, i32 0, i32 0, i32 0, void @empty_2, void @empty_2, i32 4294967295, i32 0"   --->   Operation 87 'specinterface' 'specinterface_ln0' <Predicate = true> <Delay = 0.00>
ST_8 : Operation 88 [1/1] (0.00ns)   --->   "%specinterface_ln0 = specinterface void @_ssdm_op_SpecInterface, i32 0, void @empty_7, i32 0, i32 0, void @empty_2, i32 0, i32 0, void @empty, void @empty_2, void @empty_2, i32 0, i32 0, i32 0, i32 0, void @empty_2, void @empty_2, i32 4294967295, i32 0"   --->   Operation 88 'specinterface' 'specinterface_ln0' <Predicate = true> <Delay = 0.00>
ST_8 : Operation 89 [1/1] (0.00ns)   --->   "%specmemcore_ln210 = specmemcore void @_ssdm_op_SpecMemCore, i16 %reg_file_51, i64 666, i64 30, i64 18446744073709551615" [center-cgp-example/src/correlation.cpp:210]   --->   Operation 89 'specmemcore' 'specmemcore_ln210' <Predicate = true> <Delay = 0.00>
ST_8 : Operation 90 [1/1] (0.00ns)   --->   "%specmemcore_ln210 = specmemcore void @_ssdm_op_SpecMemCore, i16 %reg_file_50, i64 666, i64 30, i64 18446744073709551615" [center-cgp-example/src/correlation.cpp:210]   --->   Operation 90 'specmemcore' 'specmemcore_ln210' <Predicate = true> <Delay = 0.00>
ST_8 : Operation 91 [1/1] (0.00ns)   --->   "%specmemcore_ln210 = specmemcore void @_ssdm_op_SpecMemCore, i16 %reg_file_49, i64 666, i64 30, i64 18446744073709551615" [center-cgp-example/src/correlation.cpp:210]   --->   Operation 91 'specmemcore' 'specmemcore_ln210' <Predicate = true> <Delay = 0.00>
ST_8 : Operation 92 [1/1] (0.00ns)   --->   "%specmemcore_ln210 = specmemcore void @_ssdm_op_SpecMemCore, i16 %reg_file_48, i64 666, i64 30, i64 18446744073709551615" [center-cgp-example/src/correlation.cpp:210]   --->   Operation 92 'specmemcore' 'specmemcore_ln210' <Predicate = true> <Delay = 0.00>
ST_8 : Operation 93 [1/1] (0.00ns)   --->   "%specmemcore_ln210 = specmemcore void @_ssdm_op_SpecMemCore, i16 %reg_file_47, i64 666, i64 30, i64 18446744073709551615" [center-cgp-example/src/correlation.cpp:210]   --->   Operation 93 'specmemcore' 'specmemcore_ln210' <Predicate = true> <Delay = 0.00>
ST_8 : Operation 94 [1/1] (0.00ns)   --->   "%specmemcore_ln210 = specmemcore void @_ssdm_op_SpecMemCore, i16 %reg_file_46, i64 666, i64 30, i64 18446744073709551615" [center-cgp-example/src/correlation.cpp:210]   --->   Operation 94 'specmemcore' 'specmemcore_ln210' <Predicate = true> <Delay = 0.00>
ST_8 : Operation 95 [1/1] (0.00ns)   --->   "%specmemcore_ln210 = specmemcore void @_ssdm_op_SpecMemCore, i16 %reg_file_45, i64 666, i64 30, i64 18446744073709551615" [center-cgp-example/src/correlation.cpp:210]   --->   Operation 95 'specmemcore' 'specmemcore_ln210' <Predicate = true> <Delay = 0.00>
ST_8 : Operation 96 [1/1] (0.00ns)   --->   "%specmemcore_ln210 = specmemcore void @_ssdm_op_SpecMemCore, i16 %reg_file_44, i64 666, i64 30, i64 18446744073709551615" [center-cgp-example/src/correlation.cpp:210]   --->   Operation 96 'specmemcore' 'specmemcore_ln210' <Predicate = true> <Delay = 0.00>
ST_8 : Operation 97 [1/1] (0.00ns)   --->   "%specmemcore_ln210 = specmemcore void @_ssdm_op_SpecMemCore, i16 %reg_file_43, i64 666, i64 30, i64 18446744073709551615" [center-cgp-example/src/correlation.cpp:210]   --->   Operation 97 'specmemcore' 'specmemcore_ln210' <Predicate = true> <Delay = 0.00>
ST_8 : Operation 98 [1/1] (0.00ns)   --->   "%specmemcore_ln210 = specmemcore void @_ssdm_op_SpecMemCore, i16 %reg_file_42, i64 666, i64 30, i64 18446744073709551615" [center-cgp-example/src/correlation.cpp:210]   --->   Operation 98 'specmemcore' 'specmemcore_ln210' <Predicate = true> <Delay = 0.00>
ST_8 : Operation 99 [1/1] (0.00ns)   --->   "%specmemcore_ln210 = specmemcore void @_ssdm_op_SpecMemCore, i16 %reg_file_41, i64 666, i64 30, i64 18446744073709551615" [center-cgp-example/src/correlation.cpp:210]   --->   Operation 99 'specmemcore' 'specmemcore_ln210' <Predicate = true> <Delay = 0.00>
ST_8 : Operation 100 [1/1] (0.00ns)   --->   "%specmemcore_ln210 = specmemcore void @_ssdm_op_SpecMemCore, i16 %reg_file_40, i64 666, i64 30, i64 18446744073709551615" [center-cgp-example/src/correlation.cpp:210]   --->   Operation 100 'specmemcore' 'specmemcore_ln210' <Predicate = true> <Delay = 0.00>
ST_8 : Operation 101 [1/1] (0.00ns)   --->   "%specmemcore_ln210 = specmemcore void @_ssdm_op_SpecMemCore, i16 %reg_file_39, i64 666, i64 30, i64 18446744073709551615" [center-cgp-example/src/correlation.cpp:210]   --->   Operation 101 'specmemcore' 'specmemcore_ln210' <Predicate = true> <Delay = 0.00>
ST_8 : Operation 102 [1/1] (0.00ns)   --->   "%specmemcore_ln210 = specmemcore void @_ssdm_op_SpecMemCore, i16 %reg_file_38, i64 666, i64 30, i64 18446744073709551615" [center-cgp-example/src/correlation.cpp:210]   --->   Operation 102 'specmemcore' 'specmemcore_ln210' <Predicate = true> <Delay = 0.00>
ST_8 : Operation 103 [1/1] (0.00ns)   --->   "%specmemcore_ln210 = specmemcore void @_ssdm_op_SpecMemCore, i16 %reg_file_37, i64 666, i64 30, i64 18446744073709551615" [center-cgp-example/src/correlation.cpp:210]   --->   Operation 103 'specmemcore' 'specmemcore_ln210' <Predicate = true> <Delay = 0.00>
ST_8 : Operation 104 [1/1] (0.00ns)   --->   "%specmemcore_ln210 = specmemcore void @_ssdm_op_SpecMemCore, i16 %reg_file_36, i64 666, i64 30, i64 18446744073709551615" [center-cgp-example/src/correlation.cpp:210]   --->   Operation 104 'specmemcore' 'specmemcore_ln210' <Predicate = true> <Delay = 0.00>
ST_8 : Operation 105 [1/1] (0.00ns)   --->   "%specmemcore_ln210 = specmemcore void @_ssdm_op_SpecMemCore, i16 %reg_file_35, i64 666, i64 30, i64 18446744073709551615" [center-cgp-example/src/correlation.cpp:210]   --->   Operation 105 'specmemcore' 'specmemcore_ln210' <Predicate = true> <Delay = 0.00>
ST_8 : Operation 106 [1/1] (0.00ns)   --->   "%specmemcore_ln210 = specmemcore void @_ssdm_op_SpecMemCore, i16 %reg_file_34, i64 666, i64 30, i64 18446744073709551615" [center-cgp-example/src/correlation.cpp:210]   --->   Operation 106 'specmemcore' 'specmemcore_ln210' <Predicate = true> <Delay = 0.00>
ST_8 : Operation 107 [1/1] (0.00ns)   --->   "%specmemcore_ln210 = specmemcore void @_ssdm_op_SpecMemCore, i16 %reg_file_33, i64 666, i64 30, i64 18446744073709551615" [center-cgp-example/src/correlation.cpp:210]   --->   Operation 107 'specmemcore' 'specmemcore_ln210' <Predicate = true> <Delay = 0.00>
ST_8 : Operation 108 [1/1] (0.00ns)   --->   "%specmemcore_ln210 = specmemcore void @_ssdm_op_SpecMemCore, i16 %reg_file_32, i64 666, i64 30, i64 18446744073709551615" [center-cgp-example/src/correlation.cpp:210]   --->   Operation 108 'specmemcore' 'specmemcore_ln210' <Predicate = true> <Delay = 0.00>
ST_8 : Operation 109 [1/1] (0.00ns)   --->   "%specmemcore_ln210 = specmemcore void @_ssdm_op_SpecMemCore, i16 %reg_file_31, i64 666, i64 30, i64 18446744073709551615" [center-cgp-example/src/correlation.cpp:210]   --->   Operation 109 'specmemcore' 'specmemcore_ln210' <Predicate = true> <Delay = 0.00>
ST_8 : Operation 110 [1/1] (0.00ns)   --->   "%specmemcore_ln210 = specmemcore void @_ssdm_op_SpecMemCore, i16 %reg_file_30, i64 666, i64 30, i64 18446744073709551615" [center-cgp-example/src/correlation.cpp:210]   --->   Operation 110 'specmemcore' 'specmemcore_ln210' <Predicate = true> <Delay = 0.00>
ST_8 : Operation 111 [1/1] (0.00ns)   --->   "%specmemcore_ln210 = specmemcore void @_ssdm_op_SpecMemCore, i16 %reg_file_29, i64 666, i64 30, i64 18446744073709551615" [center-cgp-example/src/correlation.cpp:210]   --->   Operation 111 'specmemcore' 'specmemcore_ln210' <Predicate = true> <Delay = 0.00>
ST_8 : Operation 112 [1/1] (0.00ns)   --->   "%specmemcore_ln210 = specmemcore void @_ssdm_op_SpecMemCore, i16 %reg_file_28, i64 666, i64 30, i64 18446744073709551615" [center-cgp-example/src/correlation.cpp:210]   --->   Operation 112 'specmemcore' 'specmemcore_ln210' <Predicate = true> <Delay = 0.00>
ST_8 : Operation 113 [1/1] (0.00ns)   --->   "%specmemcore_ln210 = specmemcore void @_ssdm_op_SpecMemCore, i16 %reg_file_27, i64 666, i64 30, i64 18446744073709551615" [center-cgp-example/src/correlation.cpp:210]   --->   Operation 113 'specmemcore' 'specmemcore_ln210' <Predicate = true> <Delay = 0.00>
ST_8 : Operation 114 [1/1] (0.00ns)   --->   "%specmemcore_ln210 = specmemcore void @_ssdm_op_SpecMemCore, i16 %reg_file_26, i64 666, i64 30, i64 18446744073709551615" [center-cgp-example/src/correlation.cpp:210]   --->   Operation 114 'specmemcore' 'specmemcore_ln210' <Predicate = true> <Delay = 0.00>
ST_8 : Operation 115 [1/1] (0.00ns)   --->   "%specmemcore_ln210 = specmemcore void @_ssdm_op_SpecMemCore, i16 %reg_file_25, i64 666, i64 30, i64 18446744073709551615" [center-cgp-example/src/correlation.cpp:210]   --->   Operation 115 'specmemcore' 'specmemcore_ln210' <Predicate = true> <Delay = 0.00>
ST_8 : Operation 116 [1/1] (0.00ns)   --->   "%specmemcore_ln210 = specmemcore void @_ssdm_op_SpecMemCore, i16 %reg_file_24, i64 666, i64 30, i64 18446744073709551615" [center-cgp-example/src/correlation.cpp:210]   --->   Operation 116 'specmemcore' 'specmemcore_ln210' <Predicate = true> <Delay = 0.00>
ST_8 : Operation 117 [1/1] (0.00ns)   --->   "%specmemcore_ln210 = specmemcore void @_ssdm_op_SpecMemCore, i16 %reg_file_23, i64 666, i64 30, i64 18446744073709551615" [center-cgp-example/src/correlation.cpp:210]   --->   Operation 117 'specmemcore' 'specmemcore_ln210' <Predicate = true> <Delay = 0.00>
ST_8 : Operation 118 [1/1] (0.00ns)   --->   "%specmemcore_ln210 = specmemcore void @_ssdm_op_SpecMemCore, i16 %reg_file_22, i64 666, i64 30, i64 18446744073709551615" [center-cgp-example/src/correlation.cpp:210]   --->   Operation 118 'specmemcore' 'specmemcore_ln210' <Predicate = true> <Delay = 0.00>
ST_8 : Operation 119 [1/1] (0.00ns)   --->   "%specmemcore_ln210 = specmemcore void @_ssdm_op_SpecMemCore, i16 %reg_file_21, i64 666, i64 30, i64 18446744073709551615" [center-cgp-example/src/correlation.cpp:210]   --->   Operation 119 'specmemcore' 'specmemcore_ln210' <Predicate = true> <Delay = 0.00>
ST_8 : Operation 120 [1/1] (0.00ns)   --->   "%specmemcore_ln210 = specmemcore void @_ssdm_op_SpecMemCore, i16 %reg_file_20, i64 666, i64 30, i64 18446744073709551615" [center-cgp-example/src/correlation.cpp:210]   --->   Operation 120 'specmemcore' 'specmemcore_ln210' <Predicate = true> <Delay = 0.00>
ST_8 : Operation 121 [1/1] (0.00ns)   --->   "%specmemcore_ln210 = specmemcore void @_ssdm_op_SpecMemCore, i16 %reg_file_19, i64 666, i64 30, i64 18446744073709551615" [center-cgp-example/src/correlation.cpp:210]   --->   Operation 121 'specmemcore' 'specmemcore_ln210' <Predicate = true> <Delay = 0.00>
ST_8 : Operation 122 [1/1] (0.00ns)   --->   "%specmemcore_ln210 = specmemcore void @_ssdm_op_SpecMemCore, i16 %reg_file_18, i64 666, i64 30, i64 18446744073709551615" [center-cgp-example/src/correlation.cpp:210]   --->   Operation 122 'specmemcore' 'specmemcore_ln210' <Predicate = true> <Delay = 0.00>
ST_8 : Operation 123 [1/1] (0.00ns)   --->   "%specmemcore_ln210 = specmemcore void @_ssdm_op_SpecMemCore, i16 %reg_file_17, i64 666, i64 30, i64 18446744073709551615" [center-cgp-example/src/correlation.cpp:210]   --->   Operation 123 'specmemcore' 'specmemcore_ln210' <Predicate = true> <Delay = 0.00>
ST_8 : Operation 124 [1/1] (0.00ns)   --->   "%specmemcore_ln210 = specmemcore void @_ssdm_op_SpecMemCore, i16 %reg_file_16, i64 666, i64 30, i64 18446744073709551615" [center-cgp-example/src/correlation.cpp:210]   --->   Operation 124 'specmemcore' 'specmemcore_ln210' <Predicate = true> <Delay = 0.00>
ST_8 : Operation 125 [1/1] (0.00ns)   --->   "%specmemcore_ln210 = specmemcore void @_ssdm_op_SpecMemCore, i16 %reg_file_15, i64 666, i64 30, i64 18446744073709551615" [center-cgp-example/src/correlation.cpp:210]   --->   Operation 125 'specmemcore' 'specmemcore_ln210' <Predicate = true> <Delay = 0.00>
ST_8 : Operation 126 [1/1] (0.00ns)   --->   "%specmemcore_ln210 = specmemcore void @_ssdm_op_SpecMemCore, i16 %reg_file_14, i64 666, i64 30, i64 18446744073709551615" [center-cgp-example/src/correlation.cpp:210]   --->   Operation 126 'specmemcore' 'specmemcore_ln210' <Predicate = true> <Delay = 0.00>
ST_8 : Operation 127 [1/1] (0.00ns)   --->   "%specmemcore_ln210 = specmemcore void @_ssdm_op_SpecMemCore, i16 %reg_file_13, i64 666, i64 30, i64 18446744073709551615" [center-cgp-example/src/correlation.cpp:210]   --->   Operation 127 'specmemcore' 'specmemcore_ln210' <Predicate = true> <Delay = 0.00>
ST_8 : Operation 128 [1/1] (0.00ns)   --->   "%specmemcore_ln210 = specmemcore void @_ssdm_op_SpecMemCore, i16 %reg_file_12, i64 666, i64 30, i64 18446744073709551615" [center-cgp-example/src/correlation.cpp:210]   --->   Operation 128 'specmemcore' 'specmemcore_ln210' <Predicate = true> <Delay = 0.00>
ST_8 : Operation 129 [1/1] (0.00ns)   --->   "%specmemcore_ln210 = specmemcore void @_ssdm_op_SpecMemCore, i16 %reg_file_11, i64 666, i64 30, i64 18446744073709551615" [center-cgp-example/src/correlation.cpp:210]   --->   Operation 129 'specmemcore' 'specmemcore_ln210' <Predicate = true> <Delay = 0.00>
ST_8 : Operation 130 [1/1] (0.00ns)   --->   "%specmemcore_ln210 = specmemcore void @_ssdm_op_SpecMemCore, i16 %reg_file_10, i64 666, i64 30, i64 18446744073709551615" [center-cgp-example/src/correlation.cpp:210]   --->   Operation 130 'specmemcore' 'specmemcore_ln210' <Predicate = true> <Delay = 0.00>
ST_8 : Operation 131 [1/1] (0.00ns)   --->   "%specmemcore_ln210 = specmemcore void @_ssdm_op_SpecMemCore, i16 %reg_file_9, i64 666, i64 30, i64 18446744073709551615" [center-cgp-example/src/correlation.cpp:210]   --->   Operation 131 'specmemcore' 'specmemcore_ln210' <Predicate = true> <Delay = 0.00>
ST_8 : Operation 132 [1/1] (0.00ns)   --->   "%specmemcore_ln210 = specmemcore void @_ssdm_op_SpecMemCore, i16 %reg_file_8, i64 666, i64 30, i64 18446744073709551615" [center-cgp-example/src/correlation.cpp:210]   --->   Operation 132 'specmemcore' 'specmemcore_ln210' <Predicate = true> <Delay = 0.00>
ST_8 : Operation 133 [1/1] (0.00ns)   --->   "%specmemcore_ln210 = specmemcore void @_ssdm_op_SpecMemCore, i16 %reg_file_7, i64 666, i64 30, i64 18446744073709551615" [center-cgp-example/src/correlation.cpp:210]   --->   Operation 133 'specmemcore' 'specmemcore_ln210' <Predicate = true> <Delay = 0.00>
ST_8 : Operation 134 [1/1] (0.00ns)   --->   "%specmemcore_ln210 = specmemcore void @_ssdm_op_SpecMemCore, i16 %reg_file_6, i64 666, i64 30, i64 18446744073709551615" [center-cgp-example/src/correlation.cpp:210]   --->   Operation 134 'specmemcore' 'specmemcore_ln210' <Predicate = true> <Delay = 0.00>
ST_8 : Operation 135 [1/1] (0.00ns)   --->   "%specmemcore_ln210 = specmemcore void @_ssdm_op_SpecMemCore, i16 %reg_file_5, i64 666, i64 30, i64 18446744073709551615" [center-cgp-example/src/correlation.cpp:210]   --->   Operation 135 'specmemcore' 'specmemcore_ln210' <Predicate = true> <Delay = 0.00>
ST_8 : Operation 136 [1/1] (0.00ns)   --->   "%specmemcore_ln210 = specmemcore void @_ssdm_op_SpecMemCore, i16 %reg_file_4, i64 666, i64 30, i64 18446744073709551615" [center-cgp-example/src/correlation.cpp:210]   --->   Operation 136 'specmemcore' 'specmemcore_ln210' <Predicate = true> <Delay = 0.00>
ST_8 : Operation 137 [1/1] (0.00ns)   --->   "%specmemcore_ln210 = specmemcore void @_ssdm_op_SpecMemCore, i16 %reg_file_3, i64 666, i64 30, i64 18446744073709551615" [center-cgp-example/src/correlation.cpp:210]   --->   Operation 137 'specmemcore' 'specmemcore_ln210' <Predicate = true> <Delay = 0.00>
ST_8 : Operation 138 [1/1] (0.00ns)   --->   "%specmemcore_ln210 = specmemcore void @_ssdm_op_SpecMemCore, i16 %reg_file_2, i64 666, i64 30, i64 18446744073709551615" [center-cgp-example/src/correlation.cpp:210]   --->   Operation 138 'specmemcore' 'specmemcore_ln210' <Predicate = true> <Delay = 0.00>
ST_8 : Operation 139 [1/1] (0.00ns)   --->   "%specmemcore_ln210 = specmemcore void @_ssdm_op_SpecMemCore, i16 %reg_file_1, i64 666, i64 30, i64 18446744073709551615" [center-cgp-example/src/correlation.cpp:210]   --->   Operation 139 'specmemcore' 'specmemcore_ln210' <Predicate = true> <Delay = 0.00>
ST_8 : Operation 140 [1/1] (0.00ns)   --->   "%specmemcore_ln210 = specmemcore void @_ssdm_op_SpecMemCore, i16 %reg_file, i64 666, i64 30, i64 18446744073709551615" [center-cgp-example/src/correlation.cpp:210]   --->   Operation 140 'specmemcore' 'specmemcore_ln210' <Predicate = true> <Delay = 0.00>
ST_8 : Operation 141 [1/1] (0.00ns)   --->   "%rbegin = specregionbegin i32 @_ssdm_op_SpecRegionBegin, void @empty_1" [center-cgp-example/src/correlation.cpp:212]   --->   Operation 141 'specregionbegin' 'rbegin' <Predicate = true> <Delay = 0.00>
ST_8 : Operation 142 [1/2] (0.00ns)   --->   "%call_ln224 = call void @send_data_burst, i64 %data_out, i16 %reg_file, i16 %reg_file_1, i16 %reg_file_2, i16 %reg_file_3, i16 %reg_file_4, i16 %reg_file_5, i16 %reg_file_6, i16 %reg_file_7, i16 %reg_file_8, i16 %reg_file_9, i16 %reg_file_10, i16 %reg_file_11, i16 %reg_file_12, i16 %reg_file_13, i16 %reg_file_14, i16 %reg_file_15, i16 %reg_file_16, i16 %reg_file_17, i16 %reg_file_18, i16 %reg_file_19, i16 %reg_file_20, i16 %reg_file_21, i16 %reg_file_22, i16 %reg_file_23, i16 %reg_file_24, i16 %reg_file_25, i16 %reg_file_26, i16 %reg_file_27, i16 %reg_file_28, i16 %reg_file_29, i16 %reg_file_30, i16 %reg_file_31, i16 %reg_file_32, i16 %reg_file_33, i16 %reg_file_34, i16 %reg_file_35, i16 %reg_file_36, i16 %reg_file_37, i16 %reg_file_38, i16 %reg_file_39, i16 %reg_file_40, i16 %reg_file_41, i16 %reg_file_42, i16 %reg_file_43, i16 %reg_file_44, i16 %reg_file_45, i16 %reg_file_46, i16 %reg_file_47, i16 %reg_file_48, i16 %reg_file_49, i16 %reg_file_50, i16 %reg_file_51" [center-cgp-example/src/correlation.cpp:224]   --->   Operation 142 'call' 'call_ln224' <Predicate = true> <Delay = 0.00> <CoreType = "Generic">   --->   Core 0 '' <Latency = 0> <II = 1> <Delay = 1.00> <Generic> <Opcode : >
ST_8 : Operation 143 [1/1] (0.00ns)   --->   "%specprotocol_ln225 = specprotocol void @_ssdm_op_SpecProtocol, i64 1, void @empty_2" [center-cgp-example/src/correlation.cpp:225]   --->   Operation 143 'specprotocol' 'specprotocol_ln225' <Predicate = true> <Delay = 0.00>
ST_8 : Operation 144 [1/1] (0.00ns)   --->   "%rend = specregionend i32 @_ssdm_op_SpecRegionEnd, void @empty_1, i32 %rbegin" [center-cgp-example/src/correlation.cpp:225]   --->   Operation 144 'specregionend' 'rend' <Predicate = true> <Delay = 0.00>
ST_8 : Operation 145 [1/1] (0.00ns)   --->   "%ret_ln226 = ret" [center-cgp-example/src/correlation.cpp:226]   --->   Operation 145 'ret' 'ret_ln226' <Predicate = true> <Delay = 0.00>


============================================================
+ Verbose Summary: Timing violations
============================================================
Target clock period: 10ns, clock uncertainty: 2.7ns.

 <State 1>: 0ns
The critical path consists of the following:

 <State 2>: 0ns
The critical path consists of the following:

 <State 3>: 1ns
The critical path consists of the following:
	wire read operation ('counter_read', center-cgp-example/src/correlation.cpp:218) on port 'counter' (center-cgp-example/src/correlation.cpp:218) [127]  (0 ns)
	register write operation ('write_ln218', center-cgp-example/src/correlation.cpp:218) on port 'start_time' (center-cgp-example/src/correlation.cpp:218) [128]  (1 ns)

 <State 4>: 1ns
The critical path consists of the following:
	register write operation ('write_ln218', center-cgp-example/src/correlation.cpp:218) on port 'start_time' (center-cgp-example/src/correlation.cpp:218) [128]  (1 ns)

 <State 5>: 0ns
The critical path consists of the following:

 <State 6>: 1ns
The critical path consists of the following:
	register write operation ('write_ln222', center-cgp-example/src/correlation.cpp:222) on port 'end_time' (center-cgp-example/src/correlation.cpp:222) [132]  (1 ns)

 <State 7>: 1ns
The critical path consists of the following:
	register write operation ('write_ln222', center-cgp-example/src/correlation.cpp:222) on port 'end_time' (center-cgp-example/src/correlation.cpp:222) [132]  (1 ns)

 <State 8>: 0ns
The critical path consists of the following:


============================================================
+ Verbose Summary: Binding
============================================================
N/A
* FSMD analyzer results:
  - Output states:
 - Input state : 
  - Chain level:
	State 1
	State 2
	State 3
	State 4
	State 5
	State 6
	State 7
	State 8


============================================================
+ Verbose Summary: Datapath Resource usage 
============================================================
N/A
