

================================================================
== Vitis HLS Report for 'send_data_burst'
================================================================
* Date:           Mon Nov 21 06:56:01 2022

* Version:        2022.2 (Build 3670227 on Oct 13 2022)
* Project:        center-cgp-example
* Solution:       zcu104 (Vivado IP Flow Target)
* Product family: zynquplus
* Target device:  xczu7ev-ffvc1156-2-e


================================================================
== Performance Estimates
================================================================
+ Timing: 
    * Summary: 
    +--------+----------+----------+------------+
    |  Clock |  Target  | Estimated| Uncertainty|
    +--------+----------+----------+------------+
    |ap_clk  |  10.00 ns|  3.806 ns|     2.70 ns|
    +--------+----------+----------+------------+

+ Latency: 
    * Summary: 
    +---------+---------+----------+----------+-------+-------+---------+
    |  Latency (cycles) |  Latency (absolute) |    Interval   | Pipeline|
    |   min   |   max   |    min   |    max   |  min  |  max  |   Type  |
    +---------+---------+----------+----------+-------+-------+---------+
    |    26627|    26627|  0.266 ms|  0.266 ms|  26627|  26627|       no|
    +---------+---------+----------+----------+-------+-------+---------+

    + Detail: 
        * Instance: 
        N/A

        * Loop: 
        +-------------------+---------+---------+----------+-----------+-----------+-------+----------+
        |                   |  Latency (cycles) | Iteration|  Initiation Interval  |  Trip |          |
        |     Loop Name     |   min   |   max   |  Latency |  achieved |   target  | Count | Pipelined|
        +-------------------+---------+---------+----------+-----------+-----------+-------+----------+
        |- VITIS_LOOP_83_1  |    26625|    26625|         3|          1|          1|  26624|       yes|
        +-------------------+---------+---------+----------+-----------+-----------+-------+----------+



================================================================
== Utilization Estimates
================================================================
* Summary: 
+-----------------+---------+------+--------+--------+-----+
|       Name      | BRAM_18K|  DSP |   FF   |   LUT  | URAM|
+-----------------+---------+------+--------+--------+-----+
|DSP              |        -|     -|       -|       -|    -|
|Expression       |        -|     -|       0|     481|    -|
|FIFO             |        -|     -|       -|       -|    -|
|Instance         |        -|     -|       0|    1456|    -|
|Memory           |        -|     -|       -|       -|    -|
|Multiplexer      |        -|     -|       -|    1519|    -|
|Register         |        -|     -|     177|       -|    -|
+-----------------+---------+------+--------+--------+-----+
|Total            |        0|     0|     177|    3456|    0|
+-----------------+---------+------+--------+--------+-----+
|Available        |      624|  1728|  460800|  230400|   96|
+-----------------+---------+------+--------+--------+-----+
|Utilization (%)  |        0|     0|      ~0|       1|    0|
+-----------------+---------+------+--------+--------+-----+

+ Detail: 
    * Instance: 
    +---------------------+----------------+---------+----+---+-----+-----+
    |       Instance      |     Module     | BRAM_18K| DSP| FF| LUT | URAM|
    +---------------------+----------------+---------+----+---+-----+-----+
    |mux_21_16_1_1_U209   |mux_21_16_1_1   |        0|   0|  0|    9|    0|
    |mux_21_16_1_1_U210   |mux_21_16_1_1   |        0|   0|  0|    9|    0|
    |mux_21_16_1_1_U211   |mux_21_16_1_1   |        0|   0|  0|    9|    0|
    |mux_21_16_1_1_U212   |mux_21_16_1_1   |        0|   0|  0|    9|    0|
    |mux_21_16_1_1_U213   |mux_21_16_1_1   |        0|   0|  0|    9|    0|
    |mux_21_16_1_1_U214   |mux_21_16_1_1   |        0|   0|  0|    9|    0|
    |mux_21_16_1_1_U215   |mux_21_16_1_1   |        0|   0|  0|    9|    0|
    |mux_21_16_1_1_U216   |mux_21_16_1_1   |        0|   0|  0|    9|    0|
    |mux_21_16_1_1_U217   |mux_21_16_1_1   |        0|   0|  0|    9|    0|
    |mux_21_16_1_1_U218   |mux_21_16_1_1   |        0|   0|  0|    9|    0|
    |mux_21_16_1_1_U219   |mux_21_16_1_1   |        0|   0|  0|    9|    0|
    |mux_21_16_1_1_U220   |mux_21_16_1_1   |        0|   0|  0|    9|    0|
    |mux_21_16_1_1_U221   |mux_21_16_1_1   |        0|   0|  0|    9|    0|
    |mux_21_16_1_1_U222   |mux_21_16_1_1   |        0|   0|  0|    9|    0|
    |mux_21_16_1_1_U223   |mux_21_16_1_1   |        0|   0|  0|    9|    0|
    |mux_21_16_1_1_U224   |mux_21_16_1_1   |        0|   0|  0|    9|    0|
    |mux_21_16_1_1_U225   |mux_21_16_1_1   |        0|   0|  0|    9|    0|
    |mux_21_16_1_1_U226   |mux_21_16_1_1   |        0|   0|  0|    9|    0|
    |mux_21_16_1_1_U227   |mux_21_16_1_1   |        0|   0|  0|    9|    0|
    |mux_21_16_1_1_U228   |mux_21_16_1_1   |        0|   0|  0|    9|    0|
    |mux_21_16_1_1_U229   |mux_21_16_1_1   |        0|   0|  0|    9|    0|
    |mux_21_16_1_1_U230   |mux_21_16_1_1   |        0|   0|  0|    9|    0|
    |mux_21_16_1_1_U231   |mux_21_16_1_1   |        0|   0|  0|    9|    0|
    |mux_21_16_1_1_U232   |mux_21_16_1_1   |        0|   0|  0|    9|    0|
    |mux_21_16_1_1_U233   |mux_21_16_1_1   |        0|   0|  0|    9|    0|
    |mux_21_16_1_1_U234   |mux_21_16_1_1   |        0|   0|  0|    9|    0|
    |mux_21_16_1_1_U236   |mux_21_16_1_1   |        0|   0|  0|    9|    0|
    |mux_21_16_1_1_U237   |mux_21_16_1_1   |        0|   0|  0|    9|    0|
    |mux_21_16_1_1_U238   |mux_21_16_1_1   |        0|   0|  0|    9|    0|
    |mux_21_16_1_1_U239   |mux_21_16_1_1   |        0|   0|  0|    9|    0|
    |mux_21_16_1_1_U240   |mux_21_16_1_1   |        0|   0|  0|    9|    0|
    |mux_21_16_1_1_U241   |mux_21_16_1_1   |        0|   0|  0|    9|    0|
    |mux_21_16_1_1_U242   |mux_21_16_1_1   |        0|   0|  0|    9|    0|
    |mux_21_16_1_1_U243   |mux_21_16_1_1   |        0|   0|  0|    9|    0|
    |mux_21_16_1_1_U244   |mux_21_16_1_1   |        0|   0|  0|    9|    0|
    |mux_21_16_1_1_U245   |mux_21_16_1_1   |        0|   0|  0|    9|    0|
    |mux_21_16_1_1_U246   |mux_21_16_1_1   |        0|   0|  0|    9|    0|
    |mux_21_16_1_1_U247   |mux_21_16_1_1   |        0|   0|  0|    9|    0|
    |mux_21_16_1_1_U248   |mux_21_16_1_1   |        0|   0|  0|    9|    0|
    |mux_21_16_1_1_U249   |mux_21_16_1_1   |        0|   0|  0|    9|    0|
    |mux_21_16_1_1_U250   |mux_21_16_1_1   |        0|   0|  0|    9|    0|
    |mux_21_16_1_1_U251   |mux_21_16_1_1   |        0|   0|  0|    9|    0|
    |mux_21_16_1_1_U252   |mux_21_16_1_1   |        0|   0|  0|    9|    0|
    |mux_21_16_1_1_U253   |mux_21_16_1_1   |        0|   0|  0|    9|    0|
    |mux_21_16_1_1_U254   |mux_21_16_1_1   |        0|   0|  0|    9|    0|
    |mux_21_16_1_1_U255   |mux_21_16_1_1   |        0|   0|  0|    9|    0|
    |mux_21_16_1_1_U256   |mux_21_16_1_1   |        0|   0|  0|    9|    0|
    |mux_21_16_1_1_U257   |mux_21_16_1_1   |        0|   0|  0|    9|    0|
    |mux_21_16_1_1_U258   |mux_21_16_1_1   |        0|   0|  0|    9|    0|
    |mux_21_16_1_1_U259   |mux_21_16_1_1   |        0|   0|  0|    9|    0|
    |mux_21_16_1_1_U260   |mux_21_16_1_1   |        0|   0|  0|    9|    0|
    |mux_21_16_1_1_U261   |mux_21_16_1_1   |        0|   0|  0|    9|    0|
    |mux_21_16_1_1_U263   |mux_21_16_1_1   |        0|   0|  0|    9|    0|
    |mux_21_16_1_1_U264   |mux_21_16_1_1   |        0|   0|  0|    9|    0|
    |mux_21_16_1_1_U265   |mux_21_16_1_1   |        0|   0|  0|    9|    0|
    |mux_21_16_1_1_U266   |mux_21_16_1_1   |        0|   0|  0|    9|    0|
    |mux_21_16_1_1_U267   |mux_21_16_1_1   |        0|   0|  0|    9|    0|
    |mux_21_16_1_1_U268   |mux_21_16_1_1   |        0|   0|  0|    9|    0|
    |mux_21_16_1_1_U269   |mux_21_16_1_1   |        0|   0|  0|    9|    0|
    |mux_21_16_1_1_U270   |mux_21_16_1_1   |        0|   0|  0|    9|    0|
    |mux_21_16_1_1_U271   |mux_21_16_1_1   |        0|   0|  0|    9|    0|
    |mux_21_16_1_1_U272   |mux_21_16_1_1   |        0|   0|  0|    9|    0|
    |mux_21_16_1_1_U273   |mux_21_16_1_1   |        0|   0|  0|    9|    0|
    |mux_21_16_1_1_U274   |mux_21_16_1_1   |        0|   0|  0|    9|    0|
    |mux_21_16_1_1_U275   |mux_21_16_1_1   |        0|   0|  0|    9|    0|
    |mux_21_16_1_1_U276   |mux_21_16_1_1   |        0|   0|  0|    9|    0|
    |mux_21_16_1_1_U277   |mux_21_16_1_1   |        0|   0|  0|    9|    0|
    |mux_21_16_1_1_U278   |mux_21_16_1_1   |        0|   0|  0|    9|    0|
    |mux_21_16_1_1_U279   |mux_21_16_1_1   |        0|   0|  0|    9|    0|
    |mux_21_16_1_1_U280   |mux_21_16_1_1   |        0|   0|  0|    9|    0|
    |mux_21_16_1_1_U281   |mux_21_16_1_1   |        0|   0|  0|    9|    0|
    |mux_21_16_1_1_U282   |mux_21_16_1_1   |        0|   0|  0|    9|    0|
    |mux_21_16_1_1_U283   |mux_21_16_1_1   |        0|   0|  0|    9|    0|
    |mux_21_16_1_1_U284   |mux_21_16_1_1   |        0|   0|  0|    9|    0|
    |mux_21_16_1_1_U285   |mux_21_16_1_1   |        0|   0|  0|    9|    0|
    |mux_21_16_1_1_U286   |mux_21_16_1_1   |        0|   0|  0|    9|    0|
    |mux_21_16_1_1_U287   |mux_21_16_1_1   |        0|   0|  0|    9|    0|
    |mux_21_16_1_1_U288   |mux_21_16_1_1   |        0|   0|  0|    9|    0|
    |mux_21_16_1_1_U290   |mux_21_16_1_1   |        0|   0|  0|    9|    0|
    |mux_21_16_1_1_U291   |mux_21_16_1_1   |        0|   0|  0|    9|    0|
    |mux_21_16_1_1_U292   |mux_21_16_1_1   |        0|   0|  0|    9|    0|
    |mux_21_16_1_1_U293   |mux_21_16_1_1   |        0|   0|  0|    9|    0|
    |mux_21_16_1_1_U294   |mux_21_16_1_1   |        0|   0|  0|    9|    0|
    |mux_21_16_1_1_U295   |mux_21_16_1_1   |        0|   0|  0|    9|    0|
    |mux_21_16_1_1_U296   |mux_21_16_1_1   |        0|   0|  0|    9|    0|
    |mux_21_16_1_1_U297   |mux_21_16_1_1   |        0|   0|  0|    9|    0|
    |mux_21_16_1_1_U298   |mux_21_16_1_1   |        0|   0|  0|    9|    0|
    |mux_21_16_1_1_U299   |mux_21_16_1_1   |        0|   0|  0|    9|    0|
    |mux_21_16_1_1_U300   |mux_21_16_1_1   |        0|   0|  0|    9|    0|
    |mux_21_16_1_1_U301   |mux_21_16_1_1   |        0|   0|  0|    9|    0|
    |mux_21_16_1_1_U302   |mux_21_16_1_1   |        0|   0|  0|    9|    0|
    |mux_21_16_1_1_U303   |mux_21_16_1_1   |        0|   0|  0|    9|    0|
    |mux_21_16_1_1_U304   |mux_21_16_1_1   |        0|   0|  0|    9|    0|
    |mux_21_16_1_1_U305   |mux_21_16_1_1   |        0|   0|  0|    9|    0|
    |mux_21_16_1_1_U306   |mux_21_16_1_1   |        0|   0|  0|    9|    0|
    |mux_21_16_1_1_U307   |mux_21_16_1_1   |        0|   0|  0|    9|    0|
    |mux_21_16_1_1_U308   |mux_21_16_1_1   |        0|   0|  0|    9|    0|
    |mux_21_16_1_1_U309   |mux_21_16_1_1   |        0|   0|  0|    9|    0|
    |mux_21_16_1_1_U310   |mux_21_16_1_1   |        0|   0|  0|    9|    0|
    |mux_21_16_1_1_U311   |mux_21_16_1_1   |        0|   0|  0|    9|    0|
    |mux_21_16_1_1_U312   |mux_21_16_1_1   |        0|   0|  0|    9|    0|
    |mux_21_16_1_1_U313   |mux_21_16_1_1   |        0|   0|  0|    9|    0|
    |mux_21_16_1_1_U314   |mux_21_16_1_1   |        0|   0|  0|    9|    0|
    |mux_21_16_1_1_U315   |mux_21_16_1_1   |        0|   0|  0|    9|    0|
    |mux_265_16_1_1_U235  |mux_265_16_1_1  |        0|   0|  0|  130|    0|
    |mux_265_16_1_1_U262  |mux_265_16_1_1  |        0|   0|  0|  130|    0|
    |mux_265_16_1_1_U289  |mux_265_16_1_1  |        0|   0|  0|  130|    0|
    |mux_265_16_1_1_U316  |mux_265_16_1_1  |        0|   0|  0|  130|    0|
    +---------------------+----------------+---------+----+---+-----+-----+
    |Total                |                |        0|   0|  0| 1456|    0|
    +---------------------+----------------+---------+----+---+-----+-----+

    * DSP: 
    N/A

    * Memory: 
    N/A

    * FIFO: 
    N/A

    * Expression: 
    +-----------------------+----------+----+---+----+------------+------------+
    |     Variable Name     | Operation| DSP| FF| LUT| Bitwidth P0| Bitwidth P1|
    +-----------------------+----------+----+---+----+------------+------------+
    |add_ln108_fu_2413_p2   |         +|   0|  0|  39|          32|           1|
    |add_ln83_fu_2358_p2    |         +|   0|  0|  22|          15|           1|
    |add_ln97_fu_2557_p2    |         +|   0|  0|  19|          12|           1|
    |add_ln98_fu_2629_p2    |         +|   0|  0|  19|          12|           2|
    |add_ln99_fu_2701_p2    |         +|   0|  0|  19|          12|           2|
    |addr_fu_2486_p2        |         +|   0|  0|  19|          12|          12|
    |i_1_fu_2401_p2         |         +|   0|  0|  39|          32|           1|
    |j_1_fu_2389_p2         |         +|   0|  0|  39|          32|           3|
    |ap_condition_2134      |       and|   0|  0|   2|           1|           1|
    |ap_condition_2147      |       and|   0|  0|   2|           1|           1|
    |ap_condition_2151      |       and|   0|  0|   2|           1|           1|
    |ap_condition_2155      |       and|   0|  0|   2|           1|           1|
    |ap_condition_2159      |       and|   0|  0|   2|           1|           1|
    |ap_condition_2163      |       and|   0|  0|   2|           1|           1|
    |ap_condition_2167      |       and|   0|  0|   2|           1|           1|
    |ap_condition_2171      |       and|   0|  0|   2|           1|           1|
    |ap_condition_2175      |       and|   0|  0|   2|           1|           1|
    |ap_condition_2179      |       and|   0|  0|   2|           1|           1|
    |ap_condition_2183      |       and|   0|  0|   2|           1|           1|
    |ap_condition_2186      |       and|   0|  0|   2|           1|           1|
    |ap_condition_2190      |       and|   0|  0|   2|           1|           1|
    |ap_condition_2194      |       and|   0|  0|   2|           1|           1|
    |ap_condition_2198      |       and|   0|  0|   2|           1|           1|
    |ap_condition_2202      |       and|   0|  0|   2|           1|           1|
    |ap_condition_2206      |       and|   0|  0|   2|           1|           1|
    |ap_condition_2210      |       and|   0|  0|   2|           1|           1|
    |ap_condition_2213      |       and|   0|  0|   2|           1|           1|
    |ap_condition_2216      |       and|   0|  0|   2|           1|           1|
    |ap_condition_2219      |       and|   0|  0|   2|           1|           1|
    |ap_condition_2222      |       and|   0|  0|   2|           1|           1|
    |ap_condition_2225      |       and|   0|  0|   2|           1|           1|
    |ap_condition_2228      |       and|   0|  0|   2|           1|           1|
    |ap_condition_2231      |       and|   0|  0|   2|           1|           1|
    |ap_condition_2234      |       and|   0|  0|   2|           1|           1|
    |icmp_ln103_fu_2395_p2  |      icmp|   0|  0|  20|          32|           7|
    |icmp_ln106_fu_2407_p2  |      icmp|   0|  0|  20|          32|           7|
    |icmp_ln83_fu_2352_p2   |      icmp|   0|  0|  12|          15|          14|
    |i_2_fu_2419_p3         |    select|   0|  0|  32|           1|           1|
    |i_3_fu_2435_p3         |    select|   0|  0|  32|           1|          32|
    |j_2_fu_2451_p3         |    select|   0|  0|  32|           1|           1|
    |reg_id_1_fu_2427_p3    |    select|   0|  0|  32|           1|          32|
    |reg_id_2_fu_2443_p3    |    select|   0|  0|  32|           1|          32|
    |ap_enable_pp0          |       xor|   0|  0|   2|           1|           2|
    +-----------------------+----------+----+---+----+------------+------------+
    |Total                  |          |   0|  0| 481|         270|         177|
    +-----------------------+----------+----+---+----+------------+------------+

    * Multiplexer: 
    +-------------------------+----+-----------+-----+-----------+
    |           Name          | LUT| Input Size| Bits| Total Bits|
    +-------------------------+----+-----------+-----+-----------+
    |ap_done_int              |   9|          2|    1|          2|
    |ap_enable_reg_pp0_iter1  |   9|          2|    1|          2|
    |ap_enable_reg_pp0_iter2  |   9|          2|    1|          2|
    |i_fu_168                 |   9|          2|   32|         64|
    |idx_fu_180               |   9|          2|   15|         30|
    |j_fu_176                 |   9|          2|   32|         64|
    |reg_file_0_0_address0    |  14|          3|   11|         33|
    |reg_file_0_0_address1    |  14|          3|   11|         33|
    |reg_file_0_1_address0    |  14|          3|   11|         33|
    |reg_file_0_1_address1    |  14|          3|   11|         33|
    |reg_file_10_0_address0   |  14|          3|   11|         33|
    |reg_file_10_0_address1   |  14|          3|   11|         33|
    |reg_file_10_1_address0   |  14|          3|   11|         33|
    |reg_file_10_1_address1   |  14|          3|   11|         33|
    |reg_file_11_0_address0   |  14|          3|   11|         33|
    |reg_file_11_0_address1   |  14|          3|   11|         33|
    |reg_file_11_1_address0   |  14|          3|   11|         33|
    |reg_file_11_1_address1   |  14|          3|   11|         33|
    |reg_file_12_0_address0   |  14|          3|   11|         33|
    |reg_file_12_0_address1   |  14|          3|   11|         33|
    |reg_file_12_1_address0   |  14|          3|   11|         33|
    |reg_file_12_1_address1   |  14|          3|   11|         33|
    |reg_file_13_0_address0   |  14|          3|   11|         33|
    |reg_file_13_0_address1   |  14|          3|   11|         33|
    |reg_file_13_1_address0   |  14|          3|   11|         33|
    |reg_file_13_1_address1   |  14|          3|   11|         33|
    |reg_file_14_0_address0   |  14|          3|   11|         33|
    |reg_file_14_0_address1   |  14|          3|   11|         33|
    |reg_file_14_1_address0   |  14|          3|   11|         33|
    |reg_file_14_1_address1   |  14|          3|   11|         33|
    |reg_file_15_0_address0   |  14|          3|   11|         33|
    |reg_file_15_0_address1   |  14|          3|   11|         33|
    |reg_file_15_1_address0   |  14|          3|   11|         33|
    |reg_file_15_1_address1   |  14|          3|   11|         33|
    |reg_file_16_0_address0   |  14|          3|   11|         33|
    |reg_file_16_0_address1   |  14|          3|   11|         33|
    |reg_file_16_1_address0   |  14|          3|   11|         33|
    |reg_file_16_1_address1   |  14|          3|   11|         33|
    |reg_file_17_0_address0   |  14|          3|   11|         33|
    |reg_file_17_0_address1   |  14|          3|   11|         33|
    |reg_file_17_1_address0   |  14|          3|   11|         33|
    |reg_file_17_1_address1   |  14|          3|   11|         33|
    |reg_file_18_0_address0   |  14|          3|   11|         33|
    |reg_file_18_0_address1   |  14|          3|   11|         33|
    |reg_file_18_1_address0   |  14|          3|   11|         33|
    |reg_file_18_1_address1   |  14|          3|   11|         33|
    |reg_file_19_0_address0   |  14|          3|   11|         33|
    |reg_file_19_0_address1   |  14|          3|   11|         33|
    |reg_file_19_1_address0   |  14|          3|   11|         33|
    |reg_file_19_1_address1   |  14|          3|   11|         33|
    |reg_file_1_0_address0    |  14|          3|   11|         33|
    |reg_file_1_0_address1    |  14|          3|   11|         33|
    |reg_file_1_1_address0    |  14|          3|   11|         33|
    |reg_file_1_1_address1    |  14|          3|   11|         33|
    |reg_file_20_0_address0   |  14|          3|   11|         33|
    |reg_file_20_0_address1   |  14|          3|   11|         33|
    |reg_file_20_1_address0   |  14|          3|   11|         33|
    |reg_file_20_1_address1   |  14|          3|   11|         33|
    |reg_file_21_0_address0   |  14|          3|   11|         33|
    |reg_file_21_0_address1   |  14|          3|   11|         33|
    |reg_file_21_1_address0   |  14|          3|   11|         33|
    |reg_file_21_1_address1   |  14|          3|   11|         33|
    |reg_file_22_0_address0   |  14|          3|   11|         33|
    |reg_file_22_0_address1   |  14|          3|   11|         33|
    |reg_file_22_1_address0   |  14|          3|   11|         33|
    |reg_file_22_1_address1   |  14|          3|   11|         33|
    |reg_file_23_0_address0   |  14|          3|   11|         33|
    |reg_file_23_0_address1   |  14|          3|   11|         33|
    |reg_file_23_1_address0   |  14|          3|   11|         33|
    |reg_file_23_1_address1   |  14|          3|   11|         33|
    |reg_file_24_0_address0   |  14|          3|   11|         33|
    |reg_file_24_0_address1   |  14|          3|   11|         33|
    |reg_file_24_1_address0   |  14|          3|   11|         33|
    |reg_file_24_1_address1   |  14|          3|   11|         33|
    |reg_file_25_0_address0   |  14|          3|   11|         33|
    |reg_file_25_0_address1   |  14|          3|   11|         33|
    |reg_file_25_1_address0   |  14|          3|   11|         33|
    |reg_file_25_1_address1   |  14|          3|   11|         33|
    |reg_file_2_0_address0    |  14|          3|   11|         33|
    |reg_file_2_0_address1    |  14|          3|   11|         33|
    |reg_file_2_1_address0    |  14|          3|   11|         33|
    |reg_file_2_1_address1    |  14|          3|   11|         33|
    |reg_file_3_0_address0    |  14|          3|   11|         33|
    |reg_file_3_0_address1    |  14|          3|   11|         33|
    |reg_file_3_1_address0    |  14|          3|   11|         33|
    |reg_file_3_1_address1    |  14|          3|   11|         33|
    |reg_file_4_0_address0    |  14|          3|   11|         33|
    |reg_file_4_0_address1    |  14|          3|   11|         33|
    |reg_file_4_1_address0    |  14|          3|   11|         33|
    |reg_file_4_1_address1    |  14|          3|   11|         33|
    |reg_file_5_0_address0    |  14|          3|   11|         33|
    |reg_file_5_0_address1    |  14|          3|   11|         33|
    |reg_file_5_1_address0    |  14|          3|   11|         33|
    |reg_file_5_1_address1    |  14|          3|   11|         33|
    |reg_file_6_0_address0    |  14|          3|   11|         33|
    |reg_file_6_0_address1    |  14|          3|   11|         33|
    |reg_file_6_1_address0    |  14|          3|   11|         33|
    |reg_file_6_1_address1    |  14|          3|   11|         33|
    |reg_file_7_0_address0    |  14|          3|   11|         33|
    |reg_file_7_0_address1    |  14|          3|   11|         33|
    |reg_file_7_1_address0    |  14|          3|   11|         33|
    |reg_file_7_1_address1    |  14|          3|   11|         33|
    |reg_file_8_0_address0    |  14|          3|   11|         33|
    |reg_file_8_0_address1    |  14|          3|   11|         33|
    |reg_file_8_1_address0    |  14|          3|   11|         33|
    |reg_file_8_1_address1    |  14|          3|   11|         33|
    |reg_file_9_0_address0    |  14|          3|   11|         33|
    |reg_file_9_0_address1    |  14|          3|   11|         33|
    |reg_file_9_1_address0    |  14|          3|   11|         33|
    |reg_file_9_1_address1    |  14|          3|   11|         33|
    |reg_id_fu_172            |   9|          2|   32|         64|
    +-------------------------+----+-----------+-----+-----------+
    |Total                    |1519|        326| 1258|       3660|
    +-------------------------+----+-----------+-----+-----------+

    * Register: 
    +-------------------------------------+----+----+-----+-----------+
    |                 Name                | FF | LUT| Bits| Const Bits|
    +-------------------------------------+----+----+-----+-----------+
    |ap_CS_fsm                            |   1|   0|    1|          0|
    |ap_done_reg                          |   1|   0|    1|          0|
    |ap_enable_reg_pp0_iter1              |   1|   0|    1|          0|
    |ap_enable_reg_pp0_iter2              |   1|   0|    1|          0|
    |ap_enable_reg_pp0_iter3              |   1|   0|    1|          0|
    |ap_loop_exit_ready_pp0_iter2_reg     |   1|   0|    1|          0|
    |i_fu_168                             |  32|   0|   32|          0|
    |idx_1_reg_3998                       |  15|   0|   15|          0|
    |idx_1_reg_3998_pp0_iter2_reg         |  15|   0|   15|          0|
    |idx_fu_180                           |  15|   0|   15|          0|
    |j_fu_176                             |  32|   0|   32|          0|
    |reg_id_fu_172                        |  32|   0|   32|          0|
    |trunc_ln11_1_reg_4017                |   1|   0|    1|          0|
    |trunc_ln11_1_reg_4017_pp0_iter2_reg  |   1|   0|    1|          0|
    |trunc_ln11_reg_4012                  |   6|   0|    6|          0|
    |trunc_ln83_reg_4007                  |  12|   0|   12|          0|
    |trunc_ln96_reg_4125                  |   5|   0|    5|          0|
    |trunc_ln96_reg_4125_pp0_iter2_reg    |   5|   0|    5|          0|
    +-------------------------------------+----+----+-----+-----------+
    |Total                                | 177|   0|  177|          0|
    +-------------------------------------+----+----+-----+-----------+



================================================================
== Interface
================================================================
* Summary: 
+------------------------+-----+-----+------------+-----------------+--------------+
|        RTL Ports       | Dir | Bits|  Protocol  |  Source Object  |    C Type    |
+------------------------+-----+-----+------------+-----------------+--------------+
|ap_clk                  |   in|    1|  ap_ctrl_hs|  send_data_burst|  return value|
|ap_rst                  |   in|    1|  ap_ctrl_hs|  send_data_burst|  return value|
|ap_start                |   in|    1|  ap_ctrl_hs|  send_data_burst|  return value|
|ap_done                 |  out|    1|  ap_ctrl_hs|  send_data_burst|  return value|
|ap_idle                 |  out|    1|  ap_ctrl_hs|  send_data_burst|  return value|
|ap_ready                |  out|    1|  ap_ctrl_hs|  send_data_burst|  return value|
|data_out_address0       |  out|   15|   ap_memory|         data_out|         array|
|data_out_ce0            |  out|    1|   ap_memory|         data_out|         array|
|data_out_we0            |  out|    1|   ap_memory|         data_out|         array|
|data_out_d0             |  out|   64|   ap_memory|         data_out|         array|
|reg_file_0_0_address0   |  out|   11|   ap_memory|     reg_file_0_0|         array|
|reg_file_0_0_ce0        |  out|    1|   ap_memory|     reg_file_0_0|         array|
|reg_file_0_0_q0         |   in|   16|   ap_memory|     reg_file_0_0|         array|
|reg_file_0_0_address1   |  out|   11|   ap_memory|     reg_file_0_0|         array|
|reg_file_0_0_ce1        |  out|    1|   ap_memory|     reg_file_0_0|         array|
|reg_file_0_0_q1         |   in|   16|   ap_memory|     reg_file_0_0|         array|
|reg_file_0_1_address0   |  out|   11|   ap_memory|     reg_file_0_1|         array|
|reg_file_0_1_ce0        |  out|    1|   ap_memory|     reg_file_0_1|         array|
|reg_file_0_1_q0         |   in|   16|   ap_memory|     reg_file_0_1|         array|
|reg_file_0_1_address1   |  out|   11|   ap_memory|     reg_file_0_1|         array|
|reg_file_0_1_ce1        |  out|    1|   ap_memory|     reg_file_0_1|         array|
|reg_file_0_1_q1         |   in|   16|   ap_memory|     reg_file_0_1|         array|
|reg_file_1_0_address0   |  out|   11|   ap_memory|     reg_file_1_0|         array|
|reg_file_1_0_ce0        |  out|    1|   ap_memory|     reg_file_1_0|         array|
|reg_file_1_0_q0         |   in|   16|   ap_memory|     reg_file_1_0|         array|
|reg_file_1_0_address1   |  out|   11|   ap_memory|     reg_file_1_0|         array|
|reg_file_1_0_ce1        |  out|    1|   ap_memory|     reg_file_1_0|         array|
|reg_file_1_0_q1         |   in|   16|   ap_memory|     reg_file_1_0|         array|
|reg_file_1_1_address0   |  out|   11|   ap_memory|     reg_file_1_1|         array|
|reg_file_1_1_ce0        |  out|    1|   ap_memory|     reg_file_1_1|         array|
|reg_file_1_1_q0         |   in|   16|   ap_memory|     reg_file_1_1|         array|
|reg_file_1_1_address1   |  out|   11|   ap_memory|     reg_file_1_1|         array|
|reg_file_1_1_ce1        |  out|    1|   ap_memory|     reg_file_1_1|         array|
|reg_file_1_1_q1         |   in|   16|   ap_memory|     reg_file_1_1|         array|
|reg_file_2_0_address0   |  out|   11|   ap_memory|     reg_file_2_0|         array|
|reg_file_2_0_ce0        |  out|    1|   ap_memory|     reg_file_2_0|         array|
|reg_file_2_0_q0         |   in|   16|   ap_memory|     reg_file_2_0|         array|
|reg_file_2_0_address1   |  out|   11|   ap_memory|     reg_file_2_0|         array|
|reg_file_2_0_ce1        |  out|    1|   ap_memory|     reg_file_2_0|         array|
|reg_file_2_0_q1         |   in|   16|   ap_memory|     reg_file_2_0|         array|
|reg_file_2_1_address0   |  out|   11|   ap_memory|     reg_file_2_1|         array|
|reg_file_2_1_ce0        |  out|    1|   ap_memory|     reg_file_2_1|         array|
|reg_file_2_1_q0         |   in|   16|   ap_memory|     reg_file_2_1|         array|
|reg_file_2_1_address1   |  out|   11|   ap_memory|     reg_file_2_1|         array|
|reg_file_2_1_ce1        |  out|    1|   ap_memory|     reg_file_2_1|         array|
|reg_file_2_1_q1         |   in|   16|   ap_memory|     reg_file_2_1|         array|
|reg_file_3_0_address0   |  out|   11|   ap_memory|     reg_file_3_0|         array|
|reg_file_3_0_ce0        |  out|    1|   ap_memory|     reg_file_3_0|         array|
|reg_file_3_0_q0         |   in|   16|   ap_memory|     reg_file_3_0|         array|
|reg_file_3_0_address1   |  out|   11|   ap_memory|     reg_file_3_0|         array|
|reg_file_3_0_ce1        |  out|    1|   ap_memory|     reg_file_3_0|         array|
|reg_file_3_0_q1         |   in|   16|   ap_memory|     reg_file_3_0|         array|
|reg_file_3_1_address0   |  out|   11|   ap_memory|     reg_file_3_1|         array|
|reg_file_3_1_ce0        |  out|    1|   ap_memory|     reg_file_3_1|         array|
|reg_file_3_1_q0         |   in|   16|   ap_memory|     reg_file_3_1|         array|
|reg_file_3_1_address1   |  out|   11|   ap_memory|     reg_file_3_1|         array|
|reg_file_3_1_ce1        |  out|    1|   ap_memory|     reg_file_3_1|         array|
|reg_file_3_1_q1         |   in|   16|   ap_memory|     reg_file_3_1|         array|
|reg_file_4_0_address0   |  out|   11|   ap_memory|     reg_file_4_0|         array|
|reg_file_4_0_ce0        |  out|    1|   ap_memory|     reg_file_4_0|         array|
|reg_file_4_0_q0         |   in|   16|   ap_memory|     reg_file_4_0|         array|
|reg_file_4_0_address1   |  out|   11|   ap_memory|     reg_file_4_0|         array|
|reg_file_4_0_ce1        |  out|    1|   ap_memory|     reg_file_4_0|         array|
|reg_file_4_0_q1         |   in|   16|   ap_memory|     reg_file_4_0|         array|
|reg_file_4_1_address0   |  out|   11|   ap_memory|     reg_file_4_1|         array|
|reg_file_4_1_ce0        |  out|    1|   ap_memory|     reg_file_4_1|         array|
|reg_file_4_1_q0         |   in|   16|   ap_memory|     reg_file_4_1|         array|
|reg_file_4_1_address1   |  out|   11|   ap_memory|     reg_file_4_1|         array|
|reg_file_4_1_ce1        |  out|    1|   ap_memory|     reg_file_4_1|         array|
|reg_file_4_1_q1         |   in|   16|   ap_memory|     reg_file_4_1|         array|
|reg_file_5_0_address0   |  out|   11|   ap_memory|     reg_file_5_0|         array|
|reg_file_5_0_ce0        |  out|    1|   ap_memory|     reg_file_5_0|         array|
|reg_file_5_0_q0         |   in|   16|   ap_memory|     reg_file_5_0|         array|
|reg_file_5_0_address1   |  out|   11|   ap_memory|     reg_file_5_0|         array|
|reg_file_5_0_ce1        |  out|    1|   ap_memory|     reg_file_5_0|         array|
|reg_file_5_0_q1         |   in|   16|   ap_memory|     reg_file_5_0|         array|
|reg_file_5_1_address0   |  out|   11|   ap_memory|     reg_file_5_1|         array|
|reg_file_5_1_ce0        |  out|    1|   ap_memory|     reg_file_5_1|         array|
|reg_file_5_1_q0         |   in|   16|   ap_memory|     reg_file_5_1|         array|
|reg_file_5_1_address1   |  out|   11|   ap_memory|     reg_file_5_1|         array|
|reg_file_5_1_ce1        |  out|    1|   ap_memory|     reg_file_5_1|         array|
|reg_file_5_1_q1         |   in|   16|   ap_memory|     reg_file_5_1|         array|
|reg_file_6_0_address0   |  out|   11|   ap_memory|     reg_file_6_0|         array|
|reg_file_6_0_ce0        |  out|    1|   ap_memory|     reg_file_6_0|         array|
|reg_file_6_0_q0         |   in|   16|   ap_memory|     reg_file_6_0|         array|
|reg_file_6_0_address1   |  out|   11|   ap_memory|     reg_file_6_0|         array|
|reg_file_6_0_ce1        |  out|    1|   ap_memory|     reg_file_6_0|         array|
|reg_file_6_0_q1         |   in|   16|   ap_memory|     reg_file_6_0|         array|
|reg_file_6_1_address0   |  out|   11|   ap_memory|     reg_file_6_1|         array|
|reg_file_6_1_ce0        |  out|    1|   ap_memory|     reg_file_6_1|         array|
|reg_file_6_1_q0         |   in|   16|   ap_memory|     reg_file_6_1|         array|
|reg_file_6_1_address1   |  out|   11|   ap_memory|     reg_file_6_1|         array|
|reg_file_6_1_ce1        |  out|    1|   ap_memory|     reg_file_6_1|         array|
|reg_file_6_1_q1         |   in|   16|   ap_memory|     reg_file_6_1|         array|
|reg_file_7_0_address0   |  out|   11|   ap_memory|     reg_file_7_0|         array|
|reg_file_7_0_ce0        |  out|    1|   ap_memory|     reg_file_7_0|         array|
|reg_file_7_0_q0         |   in|   16|   ap_memory|     reg_file_7_0|         array|
|reg_file_7_0_address1   |  out|   11|   ap_memory|     reg_file_7_0|         array|
|reg_file_7_0_ce1        |  out|    1|   ap_memory|     reg_file_7_0|         array|
|reg_file_7_0_q1         |   in|   16|   ap_memory|     reg_file_7_0|         array|
|reg_file_7_1_address0   |  out|   11|   ap_memory|     reg_file_7_1|         array|
|reg_file_7_1_ce0        |  out|    1|   ap_memory|     reg_file_7_1|         array|
|reg_file_7_1_q0         |   in|   16|   ap_memory|     reg_file_7_1|         array|
|reg_file_7_1_address1   |  out|   11|   ap_memory|     reg_file_7_1|         array|
|reg_file_7_1_ce1        |  out|    1|   ap_memory|     reg_file_7_1|         array|
|reg_file_7_1_q1         |   in|   16|   ap_memory|     reg_file_7_1|         array|
|reg_file_8_0_address0   |  out|   11|   ap_memory|     reg_file_8_0|         array|
|reg_file_8_0_ce0        |  out|    1|   ap_memory|     reg_file_8_0|         array|
|reg_file_8_0_q0         |   in|   16|   ap_memory|     reg_file_8_0|         array|
|reg_file_8_0_address1   |  out|   11|   ap_memory|     reg_file_8_0|         array|
|reg_file_8_0_ce1        |  out|    1|   ap_memory|     reg_file_8_0|         array|
|reg_file_8_0_q1         |   in|   16|   ap_memory|     reg_file_8_0|         array|
|reg_file_8_1_address0   |  out|   11|   ap_memory|     reg_file_8_1|         array|
|reg_file_8_1_ce0        |  out|    1|   ap_memory|     reg_file_8_1|         array|
|reg_file_8_1_q0         |   in|   16|   ap_memory|     reg_file_8_1|         array|
|reg_file_8_1_address1   |  out|   11|   ap_memory|     reg_file_8_1|         array|
|reg_file_8_1_ce1        |  out|    1|   ap_memory|     reg_file_8_1|         array|
|reg_file_8_1_q1         |   in|   16|   ap_memory|     reg_file_8_1|         array|
|reg_file_9_0_address0   |  out|   11|   ap_memory|     reg_file_9_0|         array|
|reg_file_9_0_ce0        |  out|    1|   ap_memory|     reg_file_9_0|         array|
|reg_file_9_0_q0         |   in|   16|   ap_memory|     reg_file_9_0|         array|
|reg_file_9_0_address1   |  out|   11|   ap_memory|     reg_file_9_0|         array|
|reg_file_9_0_ce1        |  out|    1|   ap_memory|     reg_file_9_0|         array|
|reg_file_9_0_q1         |   in|   16|   ap_memory|     reg_file_9_0|         array|
|reg_file_9_1_address0   |  out|   11|   ap_memory|     reg_file_9_1|         array|
|reg_file_9_1_ce0        |  out|    1|   ap_memory|     reg_file_9_1|         array|
|reg_file_9_1_q0         |   in|   16|   ap_memory|     reg_file_9_1|         array|
|reg_file_9_1_address1   |  out|   11|   ap_memory|     reg_file_9_1|         array|
|reg_file_9_1_ce1        |  out|    1|   ap_memory|     reg_file_9_1|         array|
|reg_file_9_1_q1         |   in|   16|   ap_memory|     reg_file_9_1|         array|
|reg_file_10_0_address0  |  out|   11|   ap_memory|    reg_file_10_0|         array|
|reg_file_10_0_ce0       |  out|    1|   ap_memory|    reg_file_10_0|         array|
|reg_file_10_0_q0        |   in|   16|   ap_memory|    reg_file_10_0|         array|
|reg_file_10_0_address1  |  out|   11|   ap_memory|    reg_file_10_0|         array|
|reg_file_10_0_ce1       |  out|    1|   ap_memory|    reg_file_10_0|         array|
|reg_file_10_0_q1        |   in|   16|   ap_memory|    reg_file_10_0|         array|
|reg_file_10_1_address0  |  out|   11|   ap_memory|    reg_file_10_1|         array|
|reg_file_10_1_ce0       |  out|    1|   ap_memory|    reg_file_10_1|         array|
|reg_file_10_1_q0        |   in|   16|   ap_memory|    reg_file_10_1|         array|
|reg_file_10_1_address1  |  out|   11|   ap_memory|    reg_file_10_1|         array|
|reg_file_10_1_ce1       |  out|    1|   ap_memory|    reg_file_10_1|         array|
|reg_file_10_1_q1        |   in|   16|   ap_memory|    reg_file_10_1|         array|
|reg_file_11_0_address0  |  out|   11|   ap_memory|    reg_file_11_0|         array|
|reg_file_11_0_ce0       |  out|    1|   ap_memory|    reg_file_11_0|         array|
|reg_file_11_0_q0        |   in|   16|   ap_memory|    reg_file_11_0|         array|
|reg_file_11_0_address1  |  out|   11|   ap_memory|    reg_file_11_0|         array|
|reg_file_11_0_ce1       |  out|    1|   ap_memory|    reg_file_11_0|         array|
|reg_file_11_0_q1        |   in|   16|   ap_memory|    reg_file_11_0|         array|
|reg_file_11_1_address0  |  out|   11|   ap_memory|    reg_file_11_1|         array|
|reg_file_11_1_ce0       |  out|    1|   ap_memory|    reg_file_11_1|         array|
|reg_file_11_1_q0        |   in|   16|   ap_memory|    reg_file_11_1|         array|
|reg_file_11_1_address1  |  out|   11|   ap_memory|    reg_file_11_1|         array|
|reg_file_11_1_ce1       |  out|    1|   ap_memory|    reg_file_11_1|         array|
|reg_file_11_1_q1        |   in|   16|   ap_memory|    reg_file_11_1|         array|
|reg_file_12_0_address0  |  out|   11|   ap_memory|    reg_file_12_0|         array|
|reg_file_12_0_ce0       |  out|    1|   ap_memory|    reg_file_12_0|         array|
|reg_file_12_0_q0        |   in|   16|   ap_memory|    reg_file_12_0|         array|
|reg_file_12_0_address1  |  out|   11|   ap_memory|    reg_file_12_0|         array|
|reg_file_12_0_ce1       |  out|    1|   ap_memory|    reg_file_12_0|         array|
|reg_file_12_0_q1        |   in|   16|   ap_memory|    reg_file_12_0|         array|
|reg_file_12_1_address0  |  out|   11|   ap_memory|    reg_file_12_1|         array|
|reg_file_12_1_ce0       |  out|    1|   ap_memory|    reg_file_12_1|         array|
|reg_file_12_1_q0        |   in|   16|   ap_memory|    reg_file_12_1|         array|
|reg_file_12_1_address1  |  out|   11|   ap_memory|    reg_file_12_1|         array|
|reg_file_12_1_ce1       |  out|    1|   ap_memory|    reg_file_12_1|         array|
|reg_file_12_1_q1        |   in|   16|   ap_memory|    reg_file_12_1|         array|
|reg_file_13_0_address0  |  out|   11|   ap_memory|    reg_file_13_0|         array|
|reg_file_13_0_ce0       |  out|    1|   ap_memory|    reg_file_13_0|         array|
|reg_file_13_0_q0        |   in|   16|   ap_memory|    reg_file_13_0|         array|
|reg_file_13_0_address1  |  out|   11|   ap_memory|    reg_file_13_0|         array|
|reg_file_13_0_ce1       |  out|    1|   ap_memory|    reg_file_13_0|         array|
|reg_file_13_0_q1        |   in|   16|   ap_memory|    reg_file_13_0|         array|
|reg_file_13_1_address0  |  out|   11|   ap_memory|    reg_file_13_1|         array|
|reg_file_13_1_ce0       |  out|    1|   ap_memory|    reg_file_13_1|         array|
|reg_file_13_1_q0        |   in|   16|   ap_memory|    reg_file_13_1|         array|
|reg_file_13_1_address1  |  out|   11|   ap_memory|    reg_file_13_1|         array|
|reg_file_13_1_ce1       |  out|    1|   ap_memory|    reg_file_13_1|         array|
|reg_file_13_1_q1        |   in|   16|   ap_memory|    reg_file_13_1|         array|
|reg_file_14_0_address0  |  out|   11|   ap_memory|    reg_file_14_0|         array|
|reg_file_14_0_ce0       |  out|    1|   ap_memory|    reg_file_14_0|         array|
|reg_file_14_0_q0        |   in|   16|   ap_memory|    reg_file_14_0|         array|
|reg_file_14_0_address1  |  out|   11|   ap_memory|    reg_file_14_0|         array|
|reg_file_14_0_ce1       |  out|    1|   ap_memory|    reg_file_14_0|         array|
|reg_file_14_0_q1        |   in|   16|   ap_memory|    reg_file_14_0|         array|
|reg_file_14_1_address0  |  out|   11|   ap_memory|    reg_file_14_1|         array|
|reg_file_14_1_ce0       |  out|    1|   ap_memory|    reg_file_14_1|         array|
|reg_file_14_1_q0        |   in|   16|   ap_memory|    reg_file_14_1|         array|
|reg_file_14_1_address1  |  out|   11|   ap_memory|    reg_file_14_1|         array|
|reg_file_14_1_ce1       |  out|    1|   ap_memory|    reg_file_14_1|         array|
|reg_file_14_1_q1        |   in|   16|   ap_memory|    reg_file_14_1|         array|
|reg_file_15_0_address0  |  out|   11|   ap_memory|    reg_file_15_0|         array|
|reg_file_15_0_ce0       |  out|    1|   ap_memory|    reg_file_15_0|         array|
|reg_file_15_0_q0        |   in|   16|   ap_memory|    reg_file_15_0|         array|
|reg_file_15_0_address1  |  out|   11|   ap_memory|    reg_file_15_0|         array|
|reg_file_15_0_ce1       |  out|    1|   ap_memory|    reg_file_15_0|         array|
|reg_file_15_0_q1        |   in|   16|   ap_memory|    reg_file_15_0|         array|
|reg_file_15_1_address0  |  out|   11|   ap_memory|    reg_file_15_1|         array|
|reg_file_15_1_ce0       |  out|    1|   ap_memory|    reg_file_15_1|         array|
|reg_file_15_1_q0        |   in|   16|   ap_memory|    reg_file_15_1|         array|
|reg_file_15_1_address1  |  out|   11|   ap_memory|    reg_file_15_1|         array|
|reg_file_15_1_ce1       |  out|    1|   ap_memory|    reg_file_15_1|         array|
|reg_file_15_1_q1        |   in|   16|   ap_memory|    reg_file_15_1|         array|
|reg_file_16_0_address0  |  out|   11|   ap_memory|    reg_file_16_0|         array|
|reg_file_16_0_ce0       |  out|    1|   ap_memory|    reg_file_16_0|         array|
|reg_file_16_0_q0        |   in|   16|   ap_memory|    reg_file_16_0|         array|
|reg_file_16_0_address1  |  out|   11|   ap_memory|    reg_file_16_0|         array|
|reg_file_16_0_ce1       |  out|    1|   ap_memory|    reg_file_16_0|         array|
|reg_file_16_0_q1        |   in|   16|   ap_memory|    reg_file_16_0|         array|
|reg_file_16_1_address0  |  out|   11|   ap_memory|    reg_file_16_1|         array|
|reg_file_16_1_ce0       |  out|    1|   ap_memory|    reg_file_16_1|         array|
|reg_file_16_1_q0        |   in|   16|   ap_memory|    reg_file_16_1|         array|
|reg_file_16_1_address1  |  out|   11|   ap_memory|    reg_file_16_1|         array|
|reg_file_16_1_ce1       |  out|    1|   ap_memory|    reg_file_16_1|         array|
|reg_file_16_1_q1        |   in|   16|   ap_memory|    reg_file_16_1|         array|
|reg_file_17_0_address0  |  out|   11|   ap_memory|    reg_file_17_0|         array|
|reg_file_17_0_ce0       |  out|    1|   ap_memory|    reg_file_17_0|         array|
|reg_file_17_0_q0        |   in|   16|   ap_memory|    reg_file_17_0|         array|
|reg_file_17_0_address1  |  out|   11|   ap_memory|    reg_file_17_0|         array|
|reg_file_17_0_ce1       |  out|    1|   ap_memory|    reg_file_17_0|         array|
|reg_file_17_0_q1        |   in|   16|   ap_memory|    reg_file_17_0|         array|
|reg_file_17_1_address0  |  out|   11|   ap_memory|    reg_file_17_1|         array|
|reg_file_17_1_ce0       |  out|    1|   ap_memory|    reg_file_17_1|         array|
|reg_file_17_1_q0        |   in|   16|   ap_memory|    reg_file_17_1|         array|
|reg_file_17_1_address1  |  out|   11|   ap_memory|    reg_file_17_1|         array|
|reg_file_17_1_ce1       |  out|    1|   ap_memory|    reg_file_17_1|         array|
|reg_file_17_1_q1        |   in|   16|   ap_memory|    reg_file_17_1|         array|
|reg_file_18_0_address0  |  out|   11|   ap_memory|    reg_file_18_0|         array|
|reg_file_18_0_ce0       |  out|    1|   ap_memory|    reg_file_18_0|         array|
|reg_file_18_0_q0        |   in|   16|   ap_memory|    reg_file_18_0|         array|
|reg_file_18_0_address1  |  out|   11|   ap_memory|    reg_file_18_0|         array|
|reg_file_18_0_ce1       |  out|    1|   ap_memory|    reg_file_18_0|         array|
|reg_file_18_0_q1        |   in|   16|   ap_memory|    reg_file_18_0|         array|
|reg_file_18_1_address0  |  out|   11|   ap_memory|    reg_file_18_1|         array|
|reg_file_18_1_ce0       |  out|    1|   ap_memory|    reg_file_18_1|         array|
|reg_file_18_1_q0        |   in|   16|   ap_memory|    reg_file_18_1|         array|
|reg_file_18_1_address1  |  out|   11|   ap_memory|    reg_file_18_1|         array|
|reg_file_18_1_ce1       |  out|    1|   ap_memory|    reg_file_18_1|         array|
|reg_file_18_1_q1        |   in|   16|   ap_memory|    reg_file_18_1|         array|
|reg_file_19_0_address0  |  out|   11|   ap_memory|    reg_file_19_0|         array|
|reg_file_19_0_ce0       |  out|    1|   ap_memory|    reg_file_19_0|         array|
|reg_file_19_0_q0        |   in|   16|   ap_memory|    reg_file_19_0|         array|
|reg_file_19_0_address1  |  out|   11|   ap_memory|    reg_file_19_0|         array|
|reg_file_19_0_ce1       |  out|    1|   ap_memory|    reg_file_19_0|         array|
|reg_file_19_0_q1        |   in|   16|   ap_memory|    reg_file_19_0|         array|
|reg_file_19_1_address0  |  out|   11|   ap_memory|    reg_file_19_1|         array|
|reg_file_19_1_ce0       |  out|    1|   ap_memory|    reg_file_19_1|         array|
|reg_file_19_1_q0        |   in|   16|   ap_memory|    reg_file_19_1|         array|
|reg_file_19_1_address1  |  out|   11|   ap_memory|    reg_file_19_1|         array|
|reg_file_19_1_ce1       |  out|    1|   ap_memory|    reg_file_19_1|         array|
|reg_file_19_1_q1        |   in|   16|   ap_memory|    reg_file_19_1|         array|
|reg_file_20_0_address0  |  out|   11|   ap_memory|    reg_file_20_0|         array|
|reg_file_20_0_ce0       |  out|    1|   ap_memory|    reg_file_20_0|         array|
|reg_file_20_0_q0        |   in|   16|   ap_memory|    reg_file_20_0|         array|
|reg_file_20_0_address1  |  out|   11|   ap_memory|    reg_file_20_0|         array|
|reg_file_20_0_ce1       |  out|    1|   ap_memory|    reg_file_20_0|         array|
|reg_file_20_0_q1        |   in|   16|   ap_memory|    reg_file_20_0|         array|
|reg_file_20_1_address0  |  out|   11|   ap_memory|    reg_file_20_1|         array|
|reg_file_20_1_ce0       |  out|    1|   ap_memory|    reg_file_20_1|         array|
|reg_file_20_1_q0        |   in|   16|   ap_memory|    reg_file_20_1|         array|
|reg_file_20_1_address1  |  out|   11|   ap_memory|    reg_file_20_1|         array|
|reg_file_20_1_ce1       |  out|    1|   ap_memory|    reg_file_20_1|         array|
|reg_file_20_1_q1        |   in|   16|   ap_memory|    reg_file_20_1|         array|
|reg_file_21_0_address0  |  out|   11|   ap_memory|    reg_file_21_0|         array|
|reg_file_21_0_ce0       |  out|    1|   ap_memory|    reg_file_21_0|         array|
|reg_file_21_0_q0        |   in|   16|   ap_memory|    reg_file_21_0|         array|
|reg_file_21_0_address1  |  out|   11|   ap_memory|    reg_file_21_0|         array|
|reg_file_21_0_ce1       |  out|    1|   ap_memory|    reg_file_21_0|         array|
|reg_file_21_0_q1        |   in|   16|   ap_memory|    reg_file_21_0|         array|
|reg_file_21_1_address0  |  out|   11|   ap_memory|    reg_file_21_1|         array|
|reg_file_21_1_ce0       |  out|    1|   ap_memory|    reg_file_21_1|         array|
|reg_file_21_1_q0        |   in|   16|   ap_memory|    reg_file_21_1|         array|
|reg_file_21_1_address1  |  out|   11|   ap_memory|    reg_file_21_1|         array|
|reg_file_21_1_ce1       |  out|    1|   ap_memory|    reg_file_21_1|         array|
|reg_file_21_1_q1        |   in|   16|   ap_memory|    reg_file_21_1|         array|
|reg_file_22_0_address0  |  out|   11|   ap_memory|    reg_file_22_0|         array|
|reg_file_22_0_ce0       |  out|    1|   ap_memory|    reg_file_22_0|         array|
|reg_file_22_0_q0        |   in|   16|   ap_memory|    reg_file_22_0|         array|
|reg_file_22_0_address1  |  out|   11|   ap_memory|    reg_file_22_0|         array|
|reg_file_22_0_ce1       |  out|    1|   ap_memory|    reg_file_22_0|         array|
|reg_file_22_0_q1        |   in|   16|   ap_memory|    reg_file_22_0|         array|
|reg_file_22_1_address0  |  out|   11|   ap_memory|    reg_file_22_1|         array|
|reg_file_22_1_ce0       |  out|    1|   ap_memory|    reg_file_22_1|         array|
|reg_file_22_1_q0        |   in|   16|   ap_memory|    reg_file_22_1|         array|
|reg_file_22_1_address1  |  out|   11|   ap_memory|    reg_file_22_1|         array|
|reg_file_22_1_ce1       |  out|    1|   ap_memory|    reg_file_22_1|         array|
|reg_file_22_1_q1        |   in|   16|   ap_memory|    reg_file_22_1|         array|
|reg_file_23_0_address0  |  out|   11|   ap_memory|    reg_file_23_0|         array|
|reg_file_23_0_ce0       |  out|    1|   ap_memory|    reg_file_23_0|         array|
|reg_file_23_0_q0        |   in|   16|   ap_memory|    reg_file_23_0|         array|
|reg_file_23_0_address1  |  out|   11|   ap_memory|    reg_file_23_0|         array|
|reg_file_23_0_ce1       |  out|    1|   ap_memory|    reg_file_23_0|         array|
|reg_file_23_0_q1        |   in|   16|   ap_memory|    reg_file_23_0|         array|
|reg_file_23_1_address0  |  out|   11|   ap_memory|    reg_file_23_1|         array|
|reg_file_23_1_ce0       |  out|    1|   ap_memory|    reg_file_23_1|         array|
|reg_file_23_1_q0        |   in|   16|   ap_memory|    reg_file_23_1|         array|
|reg_file_23_1_address1  |  out|   11|   ap_memory|    reg_file_23_1|         array|
|reg_file_23_1_ce1       |  out|    1|   ap_memory|    reg_file_23_1|         array|
|reg_file_23_1_q1        |   in|   16|   ap_memory|    reg_file_23_1|         array|
|reg_file_24_0_address0  |  out|   11|   ap_memory|    reg_file_24_0|         array|
|reg_file_24_0_ce0       |  out|    1|   ap_memory|    reg_file_24_0|         array|
|reg_file_24_0_q0        |   in|   16|   ap_memory|    reg_file_24_0|         array|
|reg_file_24_0_address1  |  out|   11|   ap_memory|    reg_file_24_0|         array|
|reg_file_24_0_ce1       |  out|    1|   ap_memory|    reg_file_24_0|         array|
|reg_file_24_0_q1        |   in|   16|   ap_memory|    reg_file_24_0|         array|
|reg_file_24_1_address0  |  out|   11|   ap_memory|    reg_file_24_1|         array|
|reg_file_24_1_ce0       |  out|    1|   ap_memory|    reg_file_24_1|         array|
|reg_file_24_1_q0        |   in|   16|   ap_memory|    reg_file_24_1|         array|
|reg_file_24_1_address1  |  out|   11|   ap_memory|    reg_file_24_1|         array|
|reg_file_24_1_ce1       |  out|    1|   ap_memory|    reg_file_24_1|         array|
|reg_file_24_1_q1        |   in|   16|   ap_memory|    reg_file_24_1|         array|
|reg_file_25_0_address0  |  out|   11|   ap_memory|    reg_file_25_0|         array|
|reg_file_25_0_ce0       |  out|    1|   ap_memory|    reg_file_25_0|         array|
|reg_file_25_0_q0        |   in|   16|   ap_memory|    reg_file_25_0|         array|
|reg_file_25_0_address1  |  out|   11|   ap_memory|    reg_file_25_0|         array|
|reg_file_25_0_ce1       |  out|    1|   ap_memory|    reg_file_25_0|         array|
|reg_file_25_0_q1        |   in|   16|   ap_memory|    reg_file_25_0|         array|
|reg_file_25_1_address0  |  out|   11|   ap_memory|    reg_file_25_1|         array|
|reg_file_25_1_ce0       |  out|    1|   ap_memory|    reg_file_25_1|         array|
|reg_file_25_1_q0        |   in|   16|   ap_memory|    reg_file_25_1|         array|
|reg_file_25_1_address1  |  out|   11|   ap_memory|    reg_file_25_1|         array|
|reg_file_25_1_ce1       |  out|    1|   ap_memory|    reg_file_25_1|         array|
|reg_file_25_1_q1        |   in|   16|   ap_memory|    reg_file_25_1|         array|
+------------------------+-----+-----+------------+-----------------+--------------+

