

================================================================
== Vitis HLS Report for 'compute'
================================================================
* Date:           Mon Nov 21 13:42:06 2022

* Version:        2022.2 (Build 3670227 on Oct 13 2022)
* Project:        ger-max-sharing
* Solution:       zcu104 (Vivado IP Flow Target)
* Product family: zynquplus
* Target device:  xczu7ev-ffvc1156-2-e


================================================================
== Performance Estimates
================================================================
+ Timing: 
    * Summary: 
    +--------+----------+----------+------------+
    |  Clock |  Target  | Estimated| Uncertainty|
    +--------+----------+----------+------------+
    |ap_clk  |  10.00 ns|  7.141 ns|     2.70 ns|
    +--------+----------+----------+------------+

+ Latency: 
    * Summary: 
    +---------+---------+-----------+-----------+------+------+---------+
    |  Latency (cycles) |   Latency (absolute)  |   Interval  | Pipeline|
    |   min   |   max   |    min    |    max    |  min |  max |   Type  |
    +---------+---------+-----------+-----------+------+------+---------+
    |     4738|     4738|  47.380 us|  47.380 us|  4738|  4738|       no|
    +---------+---------+-----------+-----------+------+------+---------+

    + Detail: 
        * Instance: 
        +----------------------------------------------+-----------------------------------+---------+---------+----------+----------+-----+-----+---------+
        |                                              |                                   |  Latency (cycles) |  Latency (absolute) |  Interval | Pipeline|
        |                   Instance                   |               Module              |   min   |   max   |    min   |    max   | min | max |   Type  |
        +----------------------------------------------+-----------------------------------+---------+---------+----------+----------+-----+-----+---------+
        |grp_compute_Pipeline_VITIS_LOOP_137_2_fu_121  |compute_Pipeline_VITIS_LOOP_137_2  |       69|       69|  0.690 us|  0.690 us|   69|   69|       no|
        +----------------------------------------------+-----------------------------------+---------+---------+----------+----------+-----+-----+---------+

        * Loop: 
        +--------------------+---------+---------+----------+-----------+-----------+------+----------+
        |                    |  Latency (cycles) | Iteration|  Initiation Interval  | Trip |          |
        |      Loop Name     |   min   |   max   |  Latency |  achieved |   target  | Count| Pipelined|
        +--------------------+---------+---------+----------+-----------+-----------+------+----------+
        |- VITIS_LOOP_132_1  |     4736|     4736|        74|          -|          -|    64|        no|
        +--------------------+---------+---------+----------+-----------+-----------+------+----------+



================================================================
== Utilization Estimates
================================================================
* Summary: 
+-----------------+---------+------+--------+--------+-----+
|       Name      | BRAM_18K|  DSP |   FF   |   LUT  | URAM|
+-----------------+---------+------+--------+--------+-----+
|DSP              |        -|     -|       -|       -|    -|
|Expression       |        -|     -|       0|      25|    -|
|FIFO             |        -|     -|       -|       -|    -|
|Instance         |        -|     4|     409|     341|    -|
|Memory           |        -|     -|       -|       -|    -|
|Multiplexer      |        -|     -|       -|      89|    -|
|Register         |        -|     -|      48|       -|    -|
+-----------------+---------+------+--------+--------+-----+
|Total            |        0|     4|     457|     455|    0|
+-----------------+---------+------+--------+--------+-----+
|Available        |      624|  1728|  460800|  230400|   96|
+-----------------+---------+------+--------+--------+-----+
|Utilization (%)  |        0|    ~0|      ~0|      ~0|    0|
+-----------------+---------+------+--------+--------+-----+

+ Detail: 
    * Instance: 
    +----------------------------------------------+-----------------------------------+---------+----+-----+-----+-----+
    |                   Instance                   |               Module              | BRAM_18K| DSP|  FF | LUT | URAM|
    +----------------------------------------------+-----------------------------------+---------+----+-----+-----+-----+
    |grp_compute_Pipeline_VITIS_LOOP_137_2_fu_121  |compute_Pipeline_VITIS_LOOP_137_2  |        0|   2|  345|  298|    0|
    |hmul_16ns_16ns_16_2_max_dsp_1_U48             |hmul_16ns_16ns_16_2_max_dsp_1      |        0|   2|   64|   34|    0|
    |mux_21_16_1_1_U49                             |mux_21_16_1_1                      |        0|   0|    0|    9|    0|
    +----------------------------------------------+-----------------------------------+---------+----+-----+-----+-----+
    |Total                                         |                                   |        0|   4|  409|  341|    0|
    +----------------------------------------------+-----------------------------------+---------+----+-----+-----+-----+

    * DSP: 
    N/A

    * Memory: 
    N/A

    * FIFO: 
    N/A

    * Expression: 
    +----------------------+----------+----+---+----+------------+------------+
    |     Variable Name    | Operation| DSP| FF| LUT| Bitwidth P0| Bitwidth P1|
    +----------------------+----------+----+---+----+------------+------------+
    |add_ln132_fu_148_p2   |         +|   0|  0|  14|           7|           1|
    |icmp_ln132_fu_142_p2  |      icmp|   0|  0|  11|           7|           8|
    +----------------------+----------+----+---+----+------------+------------+
    |Total                 |          |   0|  0|  25|          14|           9|
    +----------------------+----------+----+---+----+------------+------------+

    * Multiplexer: 
    +---------------+----+-----------+-----+-----------+
    |      Name     | LUT| Input Size| Bits| Total Bits|
    +---------------+----+-----------+-----+-----------+
    |ap_NS_fsm      |  43|          8|    1|          8|
    |grp_fu_110_ce  |   9|          2|    1|          2|
    |grp_fu_110_p0  |  14|          3|   16|         48|
    |grp_fu_110_p1  |  14|          3|   16|         48|
    |j_fu_66        |   9|          2|    7|         14|
    +---------------+----+-----------+-----+-----------+
    |Total          |  89|         18|   41|        120|
    +---------------+----+-----------+-----+-----------+

    * Register: 
    +-----------------------------------------------------------+----+----+-----+-----------+
    |                            Name                           | FF | LUT| Bits| Const Bits|
    +-----------------------------------------------------------+----+----+-----+-----------+
    |ap_CS_fsm                                                  |   7|   0|    7|          0|
    |grp_compute_Pipeline_VITIS_LOOP_137_2_fu_121_ap_start_reg  |   1|   0|    1|          0|
    |j_fu_66                                                    |   7|   0|    7|          0|
    |reg_file_0_0_load_reg_201                                  |  16|   0|   16|          0|
    |tmp_1_reg_229                                              |  16|   0|   16|          0|
    |trunc_ln136_reg_219                                        |   1|   0|    1|          0|
    +-----------------------------------------------------------+----+----+-----+-----------+
    |Total                                                      |  48|   0|   48|          0|
    +-----------------------------------------------------------+----+----+-----+-----------+



================================================================
== Interface
================================================================
* Summary: 
+-----------------------+-----+-----+------------+--------------+--------------+
|       RTL Ports       | Dir | Bits|  Protocol  | Source Object|    C Type    |
+-----------------------+-----+-----+------------+--------------+--------------+
|ap_clk                 |   in|    1|  ap_ctrl_hs|       compute|  return value|
|ap_rst                 |   in|    1|  ap_ctrl_hs|       compute|  return value|
|ap_start               |   in|    1|  ap_ctrl_hs|       compute|  return value|
|ap_done                |  out|    1|  ap_ctrl_hs|       compute|  return value|
|ap_idle                |  out|    1|  ap_ctrl_hs|       compute|  return value|
|ap_ready               |  out|    1|  ap_ctrl_hs|       compute|  return value|
|reg_file_0_0_address0  |  out|   11|   ap_memory|  reg_file_0_0|         array|
|reg_file_0_0_ce0       |  out|    1|   ap_memory|  reg_file_0_0|         array|
|reg_file_0_0_q0        |   in|   16|   ap_memory|  reg_file_0_0|         array|
|reg_file_4_0_address0  |  out|   11|   ap_memory|  reg_file_4_0|         array|
|reg_file_4_0_ce0       |  out|    1|   ap_memory|  reg_file_4_0|         array|
|reg_file_4_0_we0       |  out|    1|   ap_memory|  reg_file_4_0|         array|
|reg_file_4_0_d0        |  out|   16|   ap_memory|  reg_file_4_0|         array|
|reg_file_4_0_address1  |  out|   11|   ap_memory|  reg_file_4_0|         array|
|reg_file_4_0_ce1       |  out|    1|   ap_memory|  reg_file_4_0|         array|
|reg_file_4_0_q1        |   in|   16|   ap_memory|  reg_file_4_0|         array|
|reg_file_4_1_address0  |  out|   11|   ap_memory|  reg_file_4_1|         array|
|reg_file_4_1_ce0       |  out|    1|   ap_memory|  reg_file_4_1|         array|
|reg_file_4_1_we0       |  out|    1|   ap_memory|  reg_file_4_1|         array|
|reg_file_4_1_d0        |  out|   16|   ap_memory|  reg_file_4_1|         array|
|reg_file_4_1_address1  |  out|   11|   ap_memory|  reg_file_4_1|         array|
|reg_file_4_1_ce1       |  out|    1|   ap_memory|  reg_file_4_1|         array|
|reg_file_4_1_q1        |   in|   16|   ap_memory|  reg_file_4_1|         array|
|reg_file_6_0_address0  |  out|   11|   ap_memory|  reg_file_6_0|         array|
|reg_file_6_0_ce0       |  out|    1|   ap_memory|  reg_file_6_0|         array|
|reg_file_6_0_q0        |   in|   16|   ap_memory|  reg_file_6_0|         array|
|reg_file_6_1_address0  |  out|   11|   ap_memory|  reg_file_6_1|         array|
|reg_file_6_1_ce0       |  out|    1|   ap_memory|  reg_file_6_1|         array|
|reg_file_6_1_q0        |   in|   16|   ap_memory|  reg_file_6_1|         array|
|reg_file_7_0_address0  |  out|   11|   ap_memory|  reg_file_7_0|         array|
|reg_file_7_0_ce0       |  out|    1|   ap_memory|  reg_file_7_0|         array|
|reg_file_7_0_q0        |   in|   16|   ap_memory|  reg_file_7_0|         array|
|reg_file_7_1_address0  |  out|   11|   ap_memory|  reg_file_7_1|         array|
|reg_file_7_1_ce0       |  out|    1|   ap_memory|  reg_file_7_1|         array|
|reg_file_7_1_q0        |   in|   16|   ap_memory|  reg_file_7_1|         array|
+-----------------------+-----+-----+------------+--------------+--------------+

