================================================================
== Vivado Place & Route Results
================================================================
+ General Information:
    * Date:            Sat Nov 19 16:03:57 MST 2022
    * Version:         2022.2 (Build 3670227 on Oct 13 2022)
    * Project:         correlation-max-throughput
    * Solution:        zcu104 (Vivado IP Flow Target)
    * Product family:  zynquplus
    * Target device:   xczu7ev-ffvc1156-2-e


================================================================
== Run Constraints & Options
================================================================
+ Design Constraints & Options:
    * Place & Route target clock:  10 ns
    * C-Synthesis target clock:    10 ns
    * C-Synthesis uncertainty:     27%

+ RTL Synthesis Options:
    * config_export -vivado_synth_strategy:     default
    * config_export -vivado_synth_design_args:  -directive sdx_optimization_effort_high

+ Place & Route Options:
    * config_export -vivado_impl_strategy:  default
    * config_export -vivado_phys_opt:       all

+ Reporting Options:
    * config_export -vivado_report_level:      2
    * config_export -vivado_max_timing_paths:  10


================================================================
== Place & Route Resource Summary
================================================================
LUT:              2724
FF:               2098
DSP:              12
BRAM:             64
URAM:             0
SRL:              38


================================================================
== Place & Route Timing Summary
================================================================
* Timing was met
+----------------+-------------+
| Timing         | Period (ns) |
+----------------+-------------+
| Target         | 10.000      |
| Post-Synthesis | 7.197       |
| Post-Route     | 8.565       |
+----------------+-------------+


================================================================
== Place & Route Resources
================================================================
+-------------------------------------------------------------------------------------------+------+------+-----+------+------+-----+--------+--------+---------+-------------+-----------------------------------------------------------------------------------------------------------+
| Name                                                                                      | LUT  | FF   | DSP | BRAM | URAM | SRL | Pragma | Impl   | Latency | Variable    | Source                                                                                                    |
+-------------------------------------------------------------------------------------------+------+------+-----+------+------+-----+--------+--------+---------+-------------+-----------------------------------------------------------------------------------------------------------+
| inst                                                                                      | 2724 | 2098 | 12  | 64   |      |     |        |        |         |             |                                                                                                           |
|   (inst)                                                                                  |      | 142  |     |      |      |     |        |        |         |             |                                                                                                           |
|   control_s_axi_U                                                                         | 68   | 183  |     |      |      |     |        |        |         |             |                                                                                                           |
|   grp_compute_fu_291                                                                      | 2228 | 1527 | 12  |      |      |     |        |        |         |             |                                                                                                           |
|     (grp_compute_fu_291)                                                                  | 11   | 77   |     |      |      |     |        |        |         |             |                                                                                                           |
|     grp_compute_Pipeline_VITIS_LOOP_134_1_fu_94                                           | 13   | 7    |     |      |      |     |        |        |         |             |                                                                                                           |
|       (grp_compute_Pipeline_VITIS_LOOP_134_1_fu_94)                                       |      | 5    |     |      |      |     |        |        |         |             |                                                                                                           |
|       flow_control_loop_pipe_sequential_init_U                                            | 13   | 2    |     |      |      |     |        |        |         |             |                                                                                                           |
|     grp_compute_Pipeline_VITIS_LOOP_140_2_VITIS_LOOP_141_3_fu_118                         | 62   | 39   |     |      |      |     |        |        |         |             |                                                                                                           |
|       (grp_compute_Pipeline_VITIS_LOOP_140_2_VITIS_LOOP_141_3_fu_118)                     | 8    | 37   |     |      |      |     |        |        |         |             |                                                                                                           |
|       flow_control_loop_pipe_sequential_init_U                                            | 55   | 2    |     |      |      |     |        |        |         |             |                                                                                                           |
|     grp_compute_Pipeline_VITIS_LOOP_150_4_fu_130                                          | 27   | 25   |     |      |      |     |        |        |         |             |                                                                                                           |
|       (grp_compute_Pipeline_VITIS_LOOP_150_4_fu_130)                                      | 13   | 23   |     |      |      |     |        |        |         |             |                                                                                                           |
|       flow_control_loop_pipe_sequential_init_U                                            | 14   | 2    |     |      |      |     |        |        |         |             |                                                                                                           |
|     grp_compute_Pipeline_VITIS_LOOP_156_5_fu_102                                          | 17   | 8    |     |      |      |     |        |        |         |             |                                                                                                           |
|       (grp_compute_Pipeline_VITIS_LOOP_156_5_fu_102)                                      |      | 6    |     |      |      |     |        |        |         |             |                                                                                                           |
|       flow_control_loop_pipe_sequential_init_U                                            | 17   | 2    |     |      |      |     |        |        |         |             |                                                                                                           |
|     grp_compute_Pipeline_VITIS_LOOP_162_6_VITIS_LOOP_163_7_fu_140                         | 74   | 91   |     |      |      |     |        |        |         |             |                                                                                                           |
|       (grp_compute_Pipeline_VITIS_LOOP_162_6_VITIS_LOOP_163_7_fu_140)                     | 44   | 89   |     |      |      |     |        |        |         |             |                                                                                                           |
|       flow_control_loop_pipe_sequential_init_U                                            | 30   | 2    |     |      |      |     |        |        |         |             |                                                                                                           |
|     grp_compute_Pipeline_VITIS_LOOP_172_8_VITIS_LOOP_173_9_fu_152                         | 86   | 78   |     |      |      |     |        |        |         |             |                                                                                                           |
|       (grp_compute_Pipeline_VITIS_LOOP_172_8_VITIS_LOOP_173_9_fu_152)                     | 30   | 76   |     |      |      |     |        |        |         |             |                                                                                                           |
|       flow_control_loop_pipe_sequential_init_U                                            | 48   | 2    |     |      |      |     |        |        |         |             |                                                                                                           |
|       mux_21_16_1_1_U57                                                                   | 8    |      |     |      |      |     |        |        |         |             |                                                                                                           |
|     grp_compute_Pipeline_VITIS_LOOP_181_10_VITIS_LOOP_182_11_fu_164                       | 63   | 39   |     |      |      |     |        |        |         |             |                                                                                                           |
|       (grp_compute_Pipeline_VITIS_LOOP_181_10_VITIS_LOOP_182_11_fu_164)                   | 12   | 37   |     |      |      |     |        |        |         |             |                                                                                                           |
|       flow_control_loop_pipe_sequential_init_U                                            | 52   | 2    |     |      |      |     |        |        |         |             |                                                                                                           |
|     grp_compute_Pipeline_VITIS_LOOP_190_12_fu_176                                         | 25   | 21   |     |      |      |     |        |        |         |             |                                                                                                           |
|       (grp_compute_Pipeline_VITIS_LOOP_190_12_fu_176)                                     | 9    | 19   |     |      |      |     |        |        |         |             |                                                                                                           |
|       flow_control_loop_pipe_sequential_init_U                                            | 16   | 2    |     |      |      |     |        |        |         |             |                                                                                                           |
|     grp_compute_Pipeline_VITIS_LOOP_199_13_fu_185                                         | 279  | 198  |     |      |      |     |        |        |         |             |                                                                                                           |
|       (grp_compute_Pipeline_VITIS_LOOP_199_13_fu_185)                                     | 12   | 52   |     |      |      |     |        |        |         |             |                                                                                                           |
|       flow_control_loop_pipe_sequential_init_U                                            | 13   | 2    |     |      |      |     |        |        |         |             |                                                                                                           |
|       hsqrt_16ns_16_4_no_dsp_1_U75                                                        | 126  | 72   |     |      |      |     |        |        |         |             |                                                                                                           |
|         bind_op hsqrt                                                                     |      |      |     |      |      |     |        | fabric | 3       | tmp         | /wrk/ci/prod/2022.2/hls_product/continuous/608/2022.2/src/shared/hls/clib/hlsmath/src/c++/sqrthalf.cpp:19 |
|       hsqrt_16ns_16_4_no_dsp_1_U76                                                        | 128  | 72   |     |      |      |     |        |        |         |             |                                                                                                           |
|         bind_op hsqrt                                                                     |      |      |     |      |      |     |        | fabric | 3       | tmp_s       | /wrk/ci/prod/2022.2/hls_product/continuous/608/2022.2/src/shared/hls/clib/hlsmath/src/c++/sqrthalf.cpp:19 |
|     grp_compute_Pipeline_VITIS_LOOP_210_14_fu_193                                         | 139  | 199  |     |      |      |     |        |        |         |             |                                                                                                           |
|       (grp_compute_Pipeline_VITIS_LOOP_210_14_fu_193)                                     | 18   | 159  |     |      |      |     |        |        |         |             |                                                                                                           |
|       fcmp_32ns_32ns_1_2_no_dsp_1_U80                                                     | 40   | 19   |     |      |      |     |        |        |         |             |                                                                                                           |
|         (fcmp_32ns_32ns_1_2_no_dsp_1_U80)                                                 |      | 19   |     |      |      |     |        |        |         |             |                                                                                                           |
|       fcmp_32ns_32ns_1_2_no_dsp_1_U81                                                     | 40   | 19   |     |      |      |     |        |        |         |             |                                                                                                           |
|         (fcmp_32ns_32ns_1_2_no_dsp_1_U81)                                                 |      | 19   |     |      |      |     |        |        |         |             |                                                                                                           |
|       flow_control_loop_pipe_sequential_init_U                                            | 11   | 2    |     |      |      |     |        |        |         |             |                                                                                                           |
|       hptosp_16ns_32_1_no_dsp_1_U82                                                       | 15   |      |     |      |      |     |        |        |         |             |                                                                                                           |
|       hptosp_16ns_32_1_no_dsp_1_U83                                                       | 15   |      |     |      |      |     |        |        |         |             |                                                                                                           |
|     grp_compute_Pipeline_VITIS_LOOP_216_15_fu_201                                         | 115  | 66   | 4   |      |      |     |        |        |         |             |                                                                                                           |
|       (grp_compute_Pipeline_VITIS_LOOP_216_15_fu_201)                                     | 17   | 16   |     |      |      |     |        |        |         |             |                                                                                                           |
|       flow_control_loop_pipe_sequential_init_U                                            | 19   | 2    |     |      |      |     |        |        |         |             |                                                                                                           |
|       hmul_16ns_16ns_16_2_max_dsp_1_U90                                                   | 40   | 32   | 2   |      |      |     |        |        |         |             |                                                                                                           |
|         bind_op hmul                                                                      |      |      |     |      |      |     |        | maxdsp | 1       | mul167_2    | correlation-max-throughput/src/correlation.cpp:220                                                        |
|       hmul_16ns_16ns_16_2_max_dsp_1_U91                                                   | 40   | 16   | 2   |      |      |     |        |        |         |             |                                                                                                           |
|         bind_op hmul                                                                      |      |      |     |      |      |     |        | maxdsp | 1       | mul167_3    | correlation-max-throughput/src/correlation.cpp:220                                                        |
|     grp_compute_Pipeline_VITIS_LOOP_222_16_VITIS_LOOP_223_17_fu_215                       | 65   | 51   |     |      |      |     |        |        |         |             |                                                                                                           |
|       (grp_compute_Pipeline_VITIS_LOOP_222_16_VITIS_LOOP_223_17_fu_215)                   | 20   | 49   |     |      |      |     |        |        |         |             |                                                                                                           |
|       flow_control_loop_pipe_sequential_init_U                                            | 45   | 2    |     |      |      |     |        |        |         |             |                                                                                                           |
|     grp_compute_Pipeline_VITIS_LOOP_232_18_VITIS_LOOP_233_19_fu_110                       | 43   | 34   |     |      |      |     |        |        |         |             |                                                                                                           |
|       (grp_compute_Pipeline_VITIS_LOOP_232_18_VITIS_LOOP_233_19_fu_110)                   | 9    | 32   |     |      |      |     |        |        |         |             |                                                                                                           |
|       flow_control_loop_pipe_sequential_init_U                                            | 35   | 2    |     |      |      |     |        |        |         |             |                                                                                                           |
|     grp_compute_Pipeline_VITIS_LOOP_240_20_VITIS_LOOP_241_21_fu_227                       | 99   | 38   |     |      |      |     |        |        |         |             |                                                                                                           |
|       (grp_compute_Pipeline_VITIS_LOOP_240_20_VITIS_LOOP_241_21_fu_227)                   | 55   | 36   |     |      |      |     |        |        |         |             |                                                                                                           |
|       flow_control_loop_pipe_sequential_init_U                                            | 44   | 2    |     |      |      |     |        |        |         |             |                                                                                                           |
|     grp_compute_Pipeline_VITIS_LOOP_247_22_VITIS_LOOP_248_23_VITIS_LOOP_249_24_fu_239     | 181  | 201  |     |      |      |     |        |        |         |             |                                                                                                           |
|       (grp_compute_Pipeline_VITIS_LOOP_247_22_VITIS_LOOP_248_23_VITIS_LOOP_249_24_fu_239) | 177  | 199  |     |      |      |     |        |        |         |             |                                                                                                           |
|       flow_control_loop_pipe_sequential_init_U                                            | 4    | 2    |     |      |      |     |        |        |         |             |                                                                                                           |
|     grp_compute_Pipeline_VITIS_LOOP_263_25_fu_255                                         | 32   | 13   |     |      |      |     |        |        |         |             |                                                                                                           |
|       (grp_compute_Pipeline_VITIS_LOOP_263_25_fu_255)                                     | 10   | 11   |     |      |      |     |        |        |         |             |                                                                                                           |
|       flow_control_loop_pipe_sequential_init_U                                            | 22   | 2    |     |      |      |     |        |        |         |             |                                                                                                           |
|     hadd_16ns_16ns_16_2_full_dsp_1_U125                                                   | 169  | 32   | 2   |      |      |     |        |        |         |             |                                                                                                           |
|       (hadd_16ns_16ns_16_2_full_dsp_1_U125)                                               | 16   | 32   |     |      |      |     |        |        |         |             |                                                                                                           |
|     hadd_16ns_16ns_16_2_full_dsp_1_U126                                                   | 121  | 32   | 2   |      |      |     |        |        |         |             |                                                                                                           |
|       (hadd_16ns_16ns_16_2_full_dsp_1_U126)                                               | 16   | 32   |     |      |      |     |        |        |         |             |                                                                                                           |
|     hdiv_16ns_16ns_16_5_no_dsp_1_U127                                                     | 228  | 107  |     |      |      |     |        |        |         |             |                                                                                                           |
|       (hdiv_16ns_16ns_16_5_no_dsp_1_U127)                                                 | 24   | 32   |     |      |      |     |        |        |         |             |                                                                                                           |
|     hdiv_16ns_16ns_16_5_no_dsp_1_U128                                                     | 276  | 107  |     |      |      |     |        |        |         |             |                                                                                                           |
|       (hdiv_16ns_16ns_16_5_no_dsp_1_U128)                                                 | 24   | 32   |     |      |      |     |        |        |         |             |                                                                                                           |
|     hmul_16ns_16ns_16_2_max_dsp_1_U129                                                    | 56   | 32   | 2   |      |      |     |        |        |         |             |                                                                                                           |
|       (hmul_16ns_16ns_16_2_max_dsp_1_U129)                                                | 16   | 32   |     |      |      |     |        |        |         |             |                                                                                                           |
|     hmul_16ns_16ns_16_2_max_dsp_1_U130                                                    | 48   | 32   | 2   |      |      |     |        |        |         |             |                                                                                                           |
|       (hmul_16ns_16ns_16_2_max_dsp_1_U130)                                                |      | 32   |     |      |      |     |        |        |         |             |                                                                                                           |
|   grp_recv_data_burst_fu_221                                                              | 71   | 105  |     |      |      |     |        |        |         |             |                                                                                                           |
|     (grp_recv_data_burst_fu_221)                                                          | 62   | 103  |     |      |      |     |        |        |         |             |                                                                                                           |
|     flow_control_loop_pipe_sequential_init_U                                              | 9    | 2    |     |      |      |     |        |        |         |             |                                                                                                           |
|   grp_send_data_burst_fu_307                                                              | 341  | 141  |     |      |      |     |        |        |         |             |                                                                                                           |
|     (grp_send_data_burst_fu_307)                                                          | 335  | 139  |     |      |      |     |        |        |         |             |                                                                                                           |
|     flow_control_loop_pipe_sequential_init_U                                              | 6    | 2    |     |      |      |     |        |        |         |             |                                                                                                           |
|   reg_file_10_U                                                                           |      |      |     | 2    |      |     |        |        |         |             |                                                                                                           |
|     bind_storage ram_t2p                                                                  |      |      |     |      |      |     | yes    | bram   | 1       | reg_file_10 | correlation-max-throughput/src/correlation.cpp:285                                                        |
|   reg_file_11_U                                                                           |      |      |     | 2    |      |     |        |        |         |             |                                                                                                           |
|     bind_storage ram_t2p                                                                  |      |      |     |      |      |     | yes    | bram   | 1       | reg_file_11 | correlation-max-throughput/src/correlation.cpp:285                                                        |
|   reg_file_12_U                                                                           |      |      |     | 2    |      |     |        |        |         |             |                                                                                                           |
|     bind_storage ram_t2p                                                                  |      |      |     |      |      |     | yes    | bram   | 1       | reg_file_12 | correlation-max-throughput/src/correlation.cpp:285                                                        |
|   reg_file_13_U                                                                           |      |      |     | 2    |      |     |        |        |         |             |                                                                                                           |
|     bind_storage ram_t2p                                                                  |      |      |     |      |      |     | yes    | bram   | 1       | reg_file_13 | correlation-max-throughput/src/correlation.cpp:285                                                        |
|   reg_file_14_U                                                                           |      |      |     | 2    |      |     |        |        |         |             |                                                                                                           |
|     bind_storage ram_t2p                                                                  |      |      |     |      |      |     | yes    | bram   | 1       | reg_file_14 | correlation-max-throughput/src/correlation.cpp:285                                                        |
|   reg_file_15_U                                                                           |      |      |     | 2    |      |     |        |        |         |             |                                                                                                           |
|     bind_storage ram_t2p                                                                  |      |      |     |      |      |     | yes    | bram   | 1       | reg_file_15 | correlation-max-throughput/src/correlation.cpp:285                                                        |
|   reg_file_16_U                                                                           |      |      |     | 2    |      |     |        |        |         |             |                                                                                                           |
|     bind_storage ram_t2p                                                                  |      |      |     |      |      |     | yes    | bram   | 1       | reg_file_16 | correlation-max-throughput/src/correlation.cpp:285                                                        |
|   reg_file_17_U                                                                           |      |      |     | 2    |      |     |        |        |         |             |                                                                                                           |
|     bind_storage ram_t2p                                                                  |      |      |     |      |      |     | yes    | bram   | 1       | reg_file_17 | correlation-max-throughput/src/correlation.cpp:285                                                        |
|   reg_file_18_U                                                                           |      |      |     | 2    |      |     |        |        |         |             |                                                                                                           |
|     bind_storage ram_t2p                                                                  |      |      |     |      |      |     | yes    | bram   | 1       | reg_file_18 | correlation-max-throughput/src/correlation.cpp:285                                                        |
|   reg_file_19_U                                                                           |      |      |     | 2    |      |     |        |        |         |             |                                                                                                           |
|     bind_storage ram_t2p                                                                  |      |      |     |      |      |     | yes    | bram   | 1       | reg_file_19 | correlation-max-throughput/src/correlation.cpp:285                                                        |
|   reg_file_1_U                                                                            |      |      |     | 2    |      |     |        |        |         |             |                                                                                                           |
|     bind_storage ram_t2p                                                                  |      |      |     |      |      |     | yes    | bram   | 1       | reg_file_1  | correlation-max-throughput/src/correlation.cpp:285                                                        |
|   reg_file_20_U                                                                           |      |      |     | 2    |      |     |        |        |         |             |                                                                                                           |
|     bind_storage ram_t2p                                                                  |      |      |     |      |      |     | yes    | bram   | 1       | reg_file_20 | correlation-max-throughput/src/correlation.cpp:285                                                        |
|   reg_file_21_U                                                                           |      |      |     | 2    |      |     |        |        |         |             |                                                                                                           |
|     bind_storage ram_t2p                                                                  |      |      |     |      |      |     | yes    | bram   | 1       | reg_file_21 | correlation-max-throughput/src/correlation.cpp:285                                                        |
|   reg_file_22_U                                                                           |      |      |     | 2    |      |     |        |        |         |             |                                                                                                           |
|     bind_storage ram_t2p                                                                  |      |      |     |      |      |     | yes    | bram   | 1       | reg_file_22 | correlation-max-throughput/src/correlation.cpp:285                                                        |
|   reg_file_23_U                                                                           |      |      |     | 2    |      |     |        |        |         |             |                                                                                                           |
|     bind_storage ram_t2p                                                                  |      |      |     |      |      |     | yes    | bram   | 1       | reg_file_23 | correlation-max-throughput/src/correlation.cpp:285                                                        |
|   reg_file_24_U                                                                           |      |      |     | 2    |      |     |        |        |         |             |                                                                                                           |
|     bind_storage ram_t2p                                                                  |      |      |     |      |      |     | yes    | bram   | 1       | reg_file_24 | correlation-max-throughput/src/correlation.cpp:285                                                        |
|   reg_file_25_U                                                                           |      |      |     | 2    |      |     |        |        |         |             |                                                                                                           |
|     bind_storage ram_t2p                                                                  |      |      |     |      |      |     | yes    | bram   | 1       | reg_file_25 | correlation-max-throughput/src/correlation.cpp:285                                                        |
|   reg_file_26_U                                                                           |      |      |     | 2    |      |     |        |        |         |             |                                                                                                           |
|     bind_storage ram_t2p                                                                  |      |      |     |      |      |     | yes    | bram   | 1       | reg_file_26 | correlation-max-throughput/src/correlation.cpp:285                                                        |
|   reg_file_27_U                                                                           |      |      |     | 2    |      |     |        |        |         |             |                                                                                                           |
|     bind_storage ram_t2p                                                                  |      |      |     |      |      |     | yes    | bram   | 1       | reg_file_27 | correlation-max-throughput/src/correlation.cpp:285                                                        |
|   reg_file_28_U                                                                           |      |      |     | 2    |      |     |        |        |         |             |                                                                                                           |
|     bind_storage ram_t2p                                                                  |      |      |     |      |      |     | yes    | bram   | 1       | reg_file_28 | correlation-max-throughput/src/correlation.cpp:285                                                        |
|   reg_file_29_U                                                                           |      |      |     | 2    |      |     |        |        |         |             |                                                                                                           |
|     bind_storage ram_t2p                                                                  |      |      |     |      |      |     | yes    | bram   | 1       | reg_file_29 | correlation-max-throughput/src/correlation.cpp:285                                                        |
|   reg_file_2_U                                                                            |      |      |     | 2    |      |     |        |        |         |             |                                                                                                           |
|     bind_storage ram_t2p                                                                  |      |      |     |      |      |     | yes    | bram   | 1       | reg_file_2  | correlation-max-throughput/src/correlation.cpp:285                                                        |
|   reg_file_30_U                                                                           |      |      |     | 2    |      |     |        |        |         |             |                                                                                                           |
|     bind_storage ram_t2p                                                                  |      |      |     |      |      |     | yes    | bram   | 1       | reg_file_30 | correlation-max-throughput/src/correlation.cpp:285                                                        |
|   reg_file_31_U                                                                           |      |      |     | 2    |      |     |        |        |         |             |                                                                                                           |
|     bind_storage ram_t2p                                                                  |      |      |     |      |      |     | yes    | bram   | 1       | reg_file_31 | correlation-max-throughput/src/correlation.cpp:285                                                        |
|   reg_file_3_U                                                                            |      |      |     | 2    |      |     |        |        |         |             |                                                                                                           |
|     bind_storage ram_t2p                                                                  |      |      |     |      |      |     | yes    | bram   | 1       | reg_file_3  | correlation-max-throughput/src/correlation.cpp:285                                                        |
|   reg_file_4_U                                                                            |      |      |     | 2    |      |     |        |        |         |             |                                                                                                           |
|     bind_storage ram_t2p                                                                  |      |      |     |      |      |     | yes    | bram   | 1       | reg_file_4  | correlation-max-throughput/src/correlation.cpp:285                                                        |
|   reg_file_5_U                                                                            | 9    |      |     | 2    |      |     |        |        |         |             |                                                                                                           |
|     bind_storage ram_t2p                                                                  |      |      |     |      |      |     | yes    | bram   | 1       | reg_file_5  | correlation-max-throughput/src/correlation.cpp:285                                                        |
|   reg_file_6_U                                                                            |      |      |     | 2    |      |     |        |        |         |             |                                                                                                           |
|     bind_storage ram_t2p                                                                  |      |      |     |      |      |     | yes    | bram   | 1       | reg_file_6  | correlation-max-throughput/src/correlation.cpp:285                                                        |
|   reg_file_7_U                                                                            |      |      |     | 2    |      |     |        |        |         |             |                                                                                                           |
|     bind_storage ram_t2p                                                                  |      |      |     |      |      |     | yes    | bram   | 1       | reg_file_7  | correlation-max-throughput/src/correlation.cpp:285                                                        |
|   reg_file_8_U                                                                            | 8    |      |     | 2    |      |     |        |        |         |             |                                                                                                           |
|     bind_storage ram_t2p                                                                  |      |      |     |      |      |     | yes    | bram   | 1       | reg_file_8  | correlation-max-throughput/src/correlation.cpp:285                                                        |
|   reg_file_9_U                                                                            | 8    |      |     | 2    |      |     |        |        |         |             |                                                                                                           |
|     bind_storage ram_t2p                                                                  |      |      |     |      |      |     | yes    | bram   | 1       | reg_file_9  | correlation-max-throughput/src/correlation.cpp:285                                                        |
|   reg_file_U                                                                              |      |      |     | 2    |      |     |        |        |         |             |                                                                                                           |
|     bind_storage ram_t2p                                                                  |      |      |     |      |      |     | yes    | bram   | 1       | reg_file    | correlation-max-throughput/src/correlation.cpp:285                                                        |
+-------------------------------------------------------------------------------------------+------+------+-----+------+------+-----+--------+--------+---------+-------------+-----------------------------------------------------------------------------------------------------------+


================================================================
== Place & Route Fail Fast
================================================================
+-----------------------------------------------------------+-----------+--------+--------+
| Criteria                                                  | Guideline | Actual | Status |
+-----------------------------------------------------------+-----------+--------+--------+
| LUT                                                       | 70%       | 1.18%  | OK     |
| FD                                                        | 50%       | 0.46%  | OK     |
| LUTRAM+SRL                                                | 25%       | 0.04%  | OK     |
| CARRY8                                                    | 25%       | 0.69%  | OK     |
| MUXF7                                                     | 15%       | 0.11%  | OK     |
| DSP                                                       | 80%       | 0.69%  | OK     |
| RAMB/FIFO                                                 | 80%       | 10.26% | OK     |
| URAM                                                      | 80%       | 0.00%  | OK     |
| DSP+RAMB+URAM (Avg)                                       | 70%       | 5.47%  | OK     |
| BUFGCE* + BUFGCTRL                                        | 24        | 0      | OK     |
| DONT_TOUCH (cells/nets)                                   | 0         | 0      | OK     |
| MARK_DEBUG (nets)                                         | 0         | 0      | OK     |
| Control Sets                                              | 4320      | 71     | OK     |
| Average Fanout for modules > 100k cells                   | 4         | 0      | OK     |
| Non-FD high fanout nets > 10k loads                       | 0         | 0      | OK     |
+-----------------------------------------------------------+-----------+--------+--------+
| TIMING-6 (No common primary clock between related clocks) | 0         | 0      | OK     |
| TIMING-7 (No common node between related clocks)          | 0         | 0      | OK     |
| TIMING-8 (No common period between related clocks)        | 0         | 0      | OK     |
| TIMING-14 (LUT on the clock tree)                         | 0         | 0      | OK     |
| TIMING-35 (No common node in paths with the same clock)   | 0         | 0      | OK     |
+-----------------------------------------------------------+-----------+--------+--------+
| Number of paths above max LUT budgeting (0.300ns)         | 0         | 0      | OK     |
| Number of paths above max Net budgeting (0.208ns)         | 0         | 0      | OK     |
+-----------------------------------------------------------+-----------+--------+--------+


================================================================
== Place & Route Timing Paths
================================================================
* Timing was met
+-------+-------+---------------------------------------------------------------------------+------------------------------------------+--------------+------------+----------------+----------------+--------------+
| Path  | SLACK | STARTPOINT PIN                                                            | ENDPOINT PIN                             | LOGIC LEVELS | MAX FANOUT | DATAPATH DELAY | DATAPATH LOGIC | DATAPATH NET |
|       |       |                                                                           |                                          |              |            |                |          DELAY |        DELAY |
+-------+-------+---------------------------------------------------------------------------+------------------------------------------+--------------+------------+----------------+----------------+--------------+
| Path1 | 1.435 | grp_compute_fu_291/hadd_16ns_16ns_16_2_full_dsp_1_U125/din0_buf1_reg[5]/C | reg_file_10_U/ram_reg_bram_0/DINBDIN[14] |           23 |         13 |          8.272 |          4.457 |        3.815 |
| Path2 | 1.618 | grp_compute_fu_291/hadd_16ns_16ns_16_2_full_dsp_1_U125/din0_buf1_reg[5]/C | reg_file_10_U/ram_reg_bram_0/DINBDIN[3]  |           22 |         13 |          8.098 |          4.735 |        3.363 |
| Path3 | 1.628 | grp_compute_fu_291/hadd_16ns_16ns_16_2_full_dsp_1_U126/din1_buf1_reg[3]/C | reg_file_11_U/ram_reg_bram_0/DINBDIN[12] |           23 |         13 |          8.091 |          4.322 |        3.769 |
| Path4 | 1.653 | grp_compute_fu_291/hadd_16ns_16ns_16_2_full_dsp_1_U126/din1_buf1_reg[3]/C | reg_file_11_U/ram_reg_bram_0/DINBDIN[13] |           23 |         13 |          8.063 |          4.375 |        3.688 |
| Path5 | 1.665 | grp_compute_fu_291/hadd_16ns_16ns_16_2_full_dsp_1_U125/din0_buf1_reg[5]/C | reg_file_10_U/ram_reg_bram_0/DINBDIN[13] |           22 |         13 |          8.054 |          4.958 |        3.096 |
+-------+-------+---------------------------------------------------------------------------+------------------------------------------+--------------+------------+----------------+----------------+--------------+

    +---------------------------------------------------------------------------------------------------------------------------------------------------------------------+------------------------+
    | Path1 Cells                                                                                                                                                         | Primitive Type         |
    +---------------------------------------------------------------------------------------------------------------------------------------------------------------------+------------------------+
    | grp_compute_fu_291/hadd_16ns_16ns_16_2_full_dsp_1_U125/din0_buf1_reg[5]                                                                                             | REGISTER.SDR.FDRE      |
    | i_synth/ADDSUB_OP.ADDSUB/DSP.OP/DSP48E1_BODY_HP.EXP/NUMB_CMP/NOT_FAST.CMP/C_CHAIN/CHAIN_GEN[2].C_MUX.CARRY_MUX_i_1                                                  | CLB.LUT.LUT4           |
    | i_synth/ADDSUB_OP.ADDSUB/DSP.OP/DSP48E1_BODY_HP.EXP/NUMB_CMP/NOT_FAST.CMP/C_CHAIN/CHAIN_GEN[0].C_MUX.CARRY_MUX_CARRY4_CARRY8                                        | CLB.CARRY.CARRY8       |
    | i_synth/ADDSUB_OP.ADDSUB/DSP.OP/DSP48E1_BODY_HP.ALIGN_ADD/DSP2/i_no_versal_es1_workaround.DSP/DSP_PREADD_DATA_INST                                                  | ARITHMETIC.DSP.DSP48E2 |
    | i_synth/ADDSUB_OP.ADDSUB/DSP.OP/DSP48E1_BODY_HP.ALIGN_ADD/DSP2/i_no_versal_es1_workaround.DSP/DSP_PREADD_INST                                                       | ARITHMETIC.DSP.DSP48E2 |
    | i_synth/ADDSUB_OP.ADDSUB/DSP.OP/DSP48E1_BODY_HP.ALIGN_ADD/DSP2/i_no_versal_es1_workaround.DSP/DSP_MULTIPLIER_INST                                                   | ARITHMETIC.DSP.DSP48E2 |
    | i_synth/ADDSUB_OP.ADDSUB/DSP.OP/DSP48E1_BODY_HP.ALIGN_ADD/DSP2/i_no_versal_es1_workaround.DSP/DSP_M_DATA_INST                                                       | ARITHMETIC.DSP.DSP48E2 |
    | i_synth/ADDSUB_OP.ADDSUB/DSP.OP/DSP48E1_BODY_HP.ALIGN_ADD/DSP2/i_no_versal_es1_workaround.DSP/DSP_ALU_INST                                                          | ARITHMETIC.DSP.DSP48E2 |
    | i_synth/ADDSUB_OP.ADDSUB/DSP.OP/DSP48E1_BODY_HP.ALIGN_ADD/DSP2/i_no_versal_es1_workaround.DSP/DSP_OUTPUT_INST                                                       | ARITHMETIC.DSP.DSP48E2 |
    | i_synth/ADDSUB_OP.ADDSUB/DSP.OP/DSP48E1_BODY_HP.NORM_RND/FULL_USAGE_DSP.LOD/DIST_ENC[0].i_det_lut1                                                                  | CLB.LUT.LUT4           |
    | i_synth/ADDSUB_OP.ADDSUB/DSP.OP/DSP48E1_BODY_HP.NORM_RND/FULL_USAGE_DSP.LOD/DET_GEN[0].CARRY_MUX_CARRY4_CARRY8                                                      | CLB.CARRY.CARRY8       |
    | i_synth/ADDSUB_OP.ADDSUB/DSP.OP/DSP48E1_BODY_HP.NORM_RND/FULL_USAGE_DSP.LOD/gen_lut_pairs[2].lutpairmode1.lutXo6_i_1                                                | CLB.LUT.LUT3           |
    | i_synth/ADDSUB_OP.ADDSUB/DSP.OP/DSP48E1_BODY_HP.NORM_RND/FULL_USAGE_DSP.LOD/LSBaddmode1.lut0o6_i_1                                                                  | CLB.LUT.LUT6           |
    | i_synth/ADDSUB_OP.ADDSUB/DSP.OP/DSP48E1_BODY_HP.EXP/NOT_LOW_LATENCY_NORM_DIST.STRUCT_ADD/LSBaddmode1.lut0o6/LUT5                                                    | CLB.LUT.LUT5           |
    | i_synth/ADDSUB_OP.ADDSUB/DSP.OP/DSP48E1_BODY_HP.EXP/NOT_LOW_LATENCY_NORM_DIST.STRUCT_ADD/gen_lut_pairs[1].lutpairmode1.lutXo6/LUT6                                  | CLB.LUT.LUT6           |
    | i_synth/ADDSUB_OP.ADDSUB/DSP.OP/DSP48E1_BODY_HP.EXP/NOT_LOW_LATENCY_NORM_DIST.STRUCT_ADD/gen_carry4s[0].gen_carry4.y0.mcy00_CARRY4_CARRY8                           | CLB.CARRY.CARRY8       |
    | i_synth/ADDSUB_OP.ADDSUB/DSP.OP/DSP48E1_BODY_HP.NORM_RND/FULL_USAGE_DSP.SHIFT_RND/i_no_versal_es1_workaround.DSP/DSP_C_DATA_INST                                    | ARITHMETIC.DSP.DSP48E2 |
    | i_synth/ADDSUB_OP.ADDSUB/DSP.OP/DSP48E1_BODY_HP.NORM_RND/FULL_USAGE_DSP.SHIFT_RND/i_no_versal_es1_workaround.DSP/DSP_ALU_INST                                       | ARITHMETIC.DSP.DSP48E2 |
    | i_synth/ADDSUB_OP.ADDSUB/DSP.OP/DSP48E1_BODY_HP.NORM_RND/FULL_USAGE_DSP.SHIFT_RND/i_no_versal_es1_workaround.DSP/DSP_OUTPUT_INST                                    | ARITHMETIC.DSP.DSP48E2 |
    | i_synth/ADDSUB_OP.ADDSUB/DSP.OP/OP/m_axis_result_tdata[14]_INST_0                                                                                                   | CLB.LUT.LUT3           |
    | grp_compute_fu_291/hadd_16ns_16ns_16_2_full_dsp_1_U125/corr_accel_hadd_16ns_16ns_16_2_full_dsp_1_ip_u/ram_reg_bram_0_i_91__2                                        | CLB.LUT.LUT4           |
    | grp_compute_fu_291/grp_compute_Pipeline_VITIS_LOOP_210_14_fu_193/fcmp_32ns_32ns_1_2_no_dsp_1_U80/corr_accel_fcmp_32ns_32ns_1_2_no_dsp_1_ip_u/ram_reg_bram_0_i_58__0 | CLB.LUT.LUT6           |
    | grp_compute_fu_291/grp_compute_Pipeline_VITIS_LOOP_210_14_fu_193/fcmp_32ns_32ns_1_2_no_dsp_1_U80/corr_accel_fcmp_32ns_32ns_1_2_no_dsp_1_ip_u/ram_reg_bram_0_i_14__2 | CLB.LUT.LUT3           |
    | reg_file_10_U/ram_reg_bram_0                                                                                                                                        | BLOCKRAM.BRAM.RAMB36E2 |
    +---------------------------------------------------------------------------------------------------------------------------------------------------------------------+------------------------+

    +---------------------------------------------------------------------------------------------------------------------------------------------------------------------+------------------------+
    | Path2 Cells                                                                                                                                                         | Primitive Type         |
    +---------------------------------------------------------------------------------------------------------------------------------------------------------------------+------------------------+
    | grp_compute_fu_291/hadd_16ns_16ns_16_2_full_dsp_1_U125/din0_buf1_reg[5]                                                                                             | REGISTER.SDR.FDRE      |
    | i_synth/ADDSUB_OP.ADDSUB/DSP.OP/DSP48E1_BODY_HP.EXP/NUMB_CMP/NOT_FAST.CMP/C_CHAIN/CHAIN_GEN[2].C_MUX.CARRY_MUX_i_1                                                  | CLB.LUT.LUT4           |
    | i_synth/ADDSUB_OP.ADDSUB/DSP.OP/DSP48E1_BODY_HP.EXP/NUMB_CMP/NOT_FAST.CMP/C_CHAIN/CHAIN_GEN[0].C_MUX.CARRY_MUX_CARRY4_CARRY8                                        | CLB.CARRY.CARRY8       |
    | i_synth/ADDSUB_OP.ADDSUB/DSP.OP/DSP48E1_BODY_HP.ALIGN_ADD/DSP2/i_no_versal_es1_workaround.DSP/DSP_PREADD_DATA_INST                                                  | ARITHMETIC.DSP.DSP48E2 |
    | i_synth/ADDSUB_OP.ADDSUB/DSP.OP/DSP48E1_BODY_HP.ALIGN_ADD/DSP2/i_no_versal_es1_workaround.DSP/DSP_PREADD_INST                                                       | ARITHMETIC.DSP.DSP48E2 |
    | i_synth/ADDSUB_OP.ADDSUB/DSP.OP/DSP48E1_BODY_HP.ALIGN_ADD/DSP2/i_no_versal_es1_workaround.DSP/DSP_MULTIPLIER_INST                                                   | ARITHMETIC.DSP.DSP48E2 |
    | i_synth/ADDSUB_OP.ADDSUB/DSP.OP/DSP48E1_BODY_HP.ALIGN_ADD/DSP2/i_no_versal_es1_workaround.DSP/DSP_M_DATA_INST                                                       | ARITHMETIC.DSP.DSP48E2 |
    | i_synth/ADDSUB_OP.ADDSUB/DSP.OP/DSP48E1_BODY_HP.ALIGN_ADD/DSP2/i_no_versal_es1_workaround.DSP/DSP_ALU_INST                                                          | ARITHMETIC.DSP.DSP48E2 |
    | i_synth/ADDSUB_OP.ADDSUB/DSP.OP/DSP48E1_BODY_HP.ALIGN_ADD/DSP2/i_no_versal_es1_workaround.DSP/DSP_OUTPUT_INST                                                       | ARITHMETIC.DSP.DSP48E2 |
    | i_synth/ADDSUB_OP.ADDSUB/DSP.OP/DSP48E1_BODY_HP.NORM_RND/FULL_USAGE_DSP.LOD/DIST_ENC[0].i_det_lut1                                                                  | CLB.LUT.LUT4           |
    | i_synth/ADDSUB_OP.ADDSUB/DSP.OP/DSP48E1_BODY_HP.NORM_RND/FULL_USAGE_DSP.LOD/DET_GEN[0].CARRY_MUX_CARRY4_CARRY8                                                      | CLB.CARRY.CARRY8       |
    | i_synth/ADDSUB_OP.ADDSUB/DSP.OP/DSP48E1_BODY_HP.NORM_RND/FULL_USAGE_DSP.LOD/i_no_versal_es1_workaround.DSP_i_10                                                     | CLB.LUT.LUT4           |
    | i_synth/ADDSUB_OP.ADDSUB/DSP.OP/DSP48E1_BODY_HP.NORM_RND/FULL_USAGE_DSP.SHIFT_RND/i_no_versal_es1_workaround.DSP/DSP_A_B_DATA_INST                                  | ARITHMETIC.DSP.DSP48E2 |
    | i_synth/ADDSUB_OP.ADDSUB/DSP.OP/DSP48E1_BODY_HP.NORM_RND/FULL_USAGE_DSP.SHIFT_RND/i_no_versal_es1_workaround.DSP/DSP_PREADD_DATA_INST                               | ARITHMETIC.DSP.DSP48E2 |
    | i_synth/ADDSUB_OP.ADDSUB/DSP.OP/DSP48E1_BODY_HP.NORM_RND/FULL_USAGE_DSP.SHIFT_RND/i_no_versal_es1_workaround.DSP/DSP_MULTIPLIER_INST                                | ARITHMETIC.DSP.DSP48E2 |
    | i_synth/ADDSUB_OP.ADDSUB/DSP.OP/DSP48E1_BODY_HP.NORM_RND/FULL_USAGE_DSP.SHIFT_RND/i_no_versal_es1_workaround.DSP/DSP_M_DATA_INST                                    | ARITHMETIC.DSP.DSP48E2 |
    | i_synth/ADDSUB_OP.ADDSUB/DSP.OP/DSP48E1_BODY_HP.NORM_RND/FULL_USAGE_DSP.SHIFT_RND/i_no_versal_es1_workaround.DSP/DSP_ALU_INST                                       | ARITHMETIC.DSP.DSP48E2 |
    | i_synth/ADDSUB_OP.ADDSUB/DSP.OP/DSP48E1_BODY_HP.NORM_RND/FULL_USAGE_DSP.SHIFT_RND/i_no_versal_es1_workaround.DSP/DSP_OUTPUT_INST                                    | ARITHMETIC.DSP.DSP48E2 |
    | i_synth/ADDSUB_OP.ADDSUB/DSP.OP/OP/mant_op_inferred_i_7                                                                                                             | CLB.LUT.LUT2           |
    | grp_compute_fu_291/hadd_16ns_16ns_16_2_full_dsp_1_U125/corr_accel_hadd_16ns_16ns_16_2_full_dsp_1_ip_u/ram_reg_bram_0_i_102                                          | CLB.LUT.LUT4           |
    | grp_compute_fu_291/grp_compute_Pipeline_VITIS_LOOP_210_14_fu_193/fcmp_32ns_32ns_1_2_no_dsp_1_U80/corr_accel_fcmp_32ns_32ns_1_2_no_dsp_1_ip_u/ram_reg_bram_0_i_69__0 | CLB.LUT.LUT6           |
    | grp_compute_fu_291/grp_compute_Pipeline_VITIS_LOOP_210_14_fu_193/fcmp_32ns_32ns_1_2_no_dsp_1_U80/corr_accel_fcmp_32ns_32ns_1_2_no_dsp_1_ip_u/ram_reg_bram_0_i_25__1 | CLB.LUT.LUT3           |
    | reg_file_10_U/ram_reg_bram_0                                                                                                                                        | BLOCKRAM.BRAM.RAMB36E2 |
    +---------------------------------------------------------------------------------------------------------------------------------------------------------------------+------------------------+

    +--------------------------------------------------------------------------------------------------------------------------------------------------------------------+------------------------+
    | Path3 Cells                                                                                                                                                        | Primitive Type         |
    +--------------------------------------------------------------------------------------------------------------------------------------------------------------------+------------------------+
    | grp_compute_fu_291/hadd_16ns_16ns_16_2_full_dsp_1_U126/din1_buf1_reg[3]                                                                                            | REGISTER.SDR.FDRE      |
    | i_synth/ADDSUB_OP.ADDSUB/DSP.OP/DSP48E1_BODY_HP.EXP/NUMB_CMP/NOT_FAST.CMP/C_CHAIN/CHAIN_GEN[1].C_MUX.CARRY_MUX_i_1__1                                              | CLB.LUT.LUT4           |
    | i_synth/ADDSUB_OP.ADDSUB/DSP.OP/DSP48E1_BODY_HP.EXP/NUMB_CMP/NOT_FAST.CMP/C_CHAIN/CHAIN_GEN[0].C_MUX.CARRY_MUX_CARRY4_CARRY8                                       | CLB.CARRY.CARRY8       |
    | i_synth/ADDSUB_OP.ADDSUB/DSP.OP/DSP48E1_BODY_HP.ALIGN_ADD/DSP2/i_no_versal_es1_workaround.DSP/DSP_PREADD_DATA_INST                                                 | ARITHMETIC.DSP.DSP48E2 |
    | i_synth/ADDSUB_OP.ADDSUB/DSP.OP/DSP48E1_BODY_HP.ALIGN_ADD/DSP2/i_no_versal_es1_workaround.DSP/DSP_PREADD_INST                                                      | ARITHMETIC.DSP.DSP48E2 |
    | i_synth/ADDSUB_OP.ADDSUB/DSP.OP/DSP48E1_BODY_HP.ALIGN_ADD/DSP2/i_no_versal_es1_workaround.DSP/DSP_MULTIPLIER_INST                                                  | ARITHMETIC.DSP.DSP48E2 |
    | i_synth/ADDSUB_OP.ADDSUB/DSP.OP/DSP48E1_BODY_HP.ALIGN_ADD/DSP2/i_no_versal_es1_workaround.DSP/DSP_M_DATA_INST                                                      | ARITHMETIC.DSP.DSP48E2 |
    | i_synth/ADDSUB_OP.ADDSUB/DSP.OP/DSP48E1_BODY_HP.ALIGN_ADD/DSP2/i_no_versal_es1_workaround.DSP/DSP_ALU_INST                                                         | ARITHMETIC.DSP.DSP48E2 |
    | i_synth/ADDSUB_OP.ADDSUB/DSP.OP/DSP48E1_BODY_HP.ALIGN_ADD/DSP2/i_no_versal_es1_workaround.DSP/DSP_OUTPUT_INST                                                      | ARITHMETIC.DSP.DSP48E2 |
    | i_synth/ADDSUB_OP.ADDSUB/DSP.OP/DSP48E1_BODY_HP.NORM_RND/FULL_USAGE_DSP.LOD/DIST_ENC[1].i_det_lut1                                                                 | CLB.LUT.LUT4           |
    | i_synth/ADDSUB_OP.ADDSUB/DSP.OP/DSP48E1_BODY_HP.NORM_RND/FULL_USAGE_DSP.LOD/DET_GEN[0].CARRY_MUX_CARRY4_CARRY8                                                     | CLB.CARRY.CARRY8       |
    | i_synth/ADDSUB_OP.ADDSUB/DSP.OP/DSP48E1_BODY_HP.NORM_RND/FULL_USAGE_DSP.LOD/gen_lut_pairs[2].lutpairmode1.lutXo6_i_1                                               | CLB.LUT.LUT3           |
    | i_synth/ADDSUB_OP.ADDSUB/DSP.OP/DSP48E1_BODY_HP.NORM_RND/FULL_USAGE_DSP.LOD/LSBaddmode1.lut0o6_i_1                                                                 | CLB.LUT.LUT6           |
    | i_synth/ADDSUB_OP.ADDSUB/DSP.OP/DSP48E1_BODY_HP.EXP/NOT_LOW_LATENCY_NORM_DIST.STRUCT_ADD/LSBaddmode1.lut0o6/LUT5                                                   | CLB.LUT.LUT5           |
    | i_synth/ADDSUB_OP.ADDSUB/DSP.OP/DSP48E1_BODY_HP.EXP/NOT_LOW_LATENCY_NORM_DIST.STRUCT_ADD/gen_lut_pairs[1].lutpairmode1.lutXo6/LUT6                                 | CLB.LUT.LUT6           |
    | i_synth/ADDSUB_OP.ADDSUB/DSP.OP/DSP48E1_BODY_HP.EXP/NOT_LOW_LATENCY_NORM_DIST.STRUCT_ADD/gen_carry4s[0].gen_carry4.y0.mcy00_CARRY4_CARRY8                          | CLB.CARRY.CARRY8       |
    | i_synth/ADDSUB_OP.ADDSUB/DSP.OP/DSP48E1_BODY_HP.NORM_RND/FULL_USAGE_DSP.SHIFT_RND/i_no_versal_es1_workaround.DSP/DSP_C_DATA_INST                                   | ARITHMETIC.DSP.DSP48E2 |
    | i_synth/ADDSUB_OP.ADDSUB/DSP.OP/DSP48E1_BODY_HP.NORM_RND/FULL_USAGE_DSP.SHIFT_RND/i_no_versal_es1_workaround.DSP/DSP_ALU_INST                                      | ARITHMETIC.DSP.DSP48E2 |
    | i_synth/ADDSUB_OP.ADDSUB/DSP.OP/DSP48E1_BODY_HP.NORM_RND/FULL_USAGE_DSP.SHIFT_RND/i_no_versal_es1_workaround.DSP/DSP_OUTPUT_INST                                   | ARITHMETIC.DSP.DSP48E2 |
    | i_synth/ADDSUB_OP.ADDSUB/DSP.OP/OP/m_axis_result_tdata[12]_INST_0                                                                                                  | CLB.LUT.LUT3           |
    | grp_compute_fu_291/hdiv_16ns_16ns_16_5_no_dsp_1_U128/corr_accel_hdiv_16ns_16ns_16_5_no_dsp_1_ip_u/ram_reg_bram_0_i_37__4                                           | CLB.LUT.LUT6           |
    | grp_compute_fu_291/grp_compute_Pipeline_VITIS_LOOP_210_14_fu_193/fcmp_32ns_32ns_1_2_no_dsp_1_U81/corr_accel_fcmp_32ns_32ns_1_2_no_dsp_1_ip_u/ram_reg_bram_0_i_20   | CLB.LUT.LUT6           |
    | grp_compute_fu_291/grp_compute_Pipeline_VITIS_LOOP_210_14_fu_193/fcmp_32ns_32ns_1_2_no_dsp_1_U81/corr_accel_fcmp_32ns_32ns_1_2_no_dsp_1_ip_u/ram_reg_bram_0_i_4__5 | CLB.LUT.LUT3           |
    | reg_file_11_U/ram_reg_bram_0                                                                                                                                       | BLOCKRAM.BRAM.RAMB36E2 |
    +--------------------------------------------------------------------------------------------------------------------------------------------------------------------+------------------------+

    +--------------------------------------------------------------------------------------------------------------------------------------------------------------------+------------------------+
    | Path4 Cells                                                                                                                                                        | Primitive Type         |
    +--------------------------------------------------------------------------------------------------------------------------------------------------------------------+------------------------+
    | grp_compute_fu_291/hadd_16ns_16ns_16_2_full_dsp_1_U126/din1_buf1_reg[3]                                                                                            | REGISTER.SDR.FDRE      |
    | i_synth/ADDSUB_OP.ADDSUB/DSP.OP/DSP48E1_BODY_HP.EXP/NUMB_CMP/NOT_FAST.CMP/C_CHAIN/CHAIN_GEN[1].C_MUX.CARRY_MUX_i_1__1                                              | CLB.LUT.LUT4           |
    | i_synth/ADDSUB_OP.ADDSUB/DSP.OP/DSP48E1_BODY_HP.EXP/NUMB_CMP/NOT_FAST.CMP/C_CHAIN/CHAIN_GEN[0].C_MUX.CARRY_MUX_CARRY4_CARRY8                                       | CLB.CARRY.CARRY8       |
    | i_synth/ADDSUB_OP.ADDSUB/DSP.OP/DSP48E1_BODY_HP.ALIGN_ADD/DSP2/i_no_versal_es1_workaround.DSP/DSP_PREADD_DATA_INST                                                 | ARITHMETIC.DSP.DSP48E2 |
    | i_synth/ADDSUB_OP.ADDSUB/DSP.OP/DSP48E1_BODY_HP.ALIGN_ADD/DSP2/i_no_versal_es1_workaround.DSP/DSP_PREADD_INST                                                      | ARITHMETIC.DSP.DSP48E2 |
    | i_synth/ADDSUB_OP.ADDSUB/DSP.OP/DSP48E1_BODY_HP.ALIGN_ADD/DSP2/i_no_versal_es1_workaround.DSP/DSP_MULTIPLIER_INST                                                  | ARITHMETIC.DSP.DSP48E2 |
    | i_synth/ADDSUB_OP.ADDSUB/DSP.OP/DSP48E1_BODY_HP.ALIGN_ADD/DSP2/i_no_versal_es1_workaround.DSP/DSP_M_DATA_INST                                                      | ARITHMETIC.DSP.DSP48E2 |
    | i_synth/ADDSUB_OP.ADDSUB/DSP.OP/DSP48E1_BODY_HP.ALIGN_ADD/DSP2/i_no_versal_es1_workaround.DSP/DSP_ALU_INST                                                         | ARITHMETIC.DSP.DSP48E2 |
    | i_synth/ADDSUB_OP.ADDSUB/DSP.OP/DSP48E1_BODY_HP.ALIGN_ADD/DSP2/i_no_versal_es1_workaround.DSP/DSP_OUTPUT_INST                                                      | ARITHMETIC.DSP.DSP48E2 |
    | i_synth/ADDSUB_OP.ADDSUB/DSP.OP/DSP48E1_BODY_HP.NORM_RND/FULL_USAGE_DSP.LOD/DIST_ENC[1].i_det_lut1                                                                 | CLB.LUT.LUT4           |
    | i_synth/ADDSUB_OP.ADDSUB/DSP.OP/DSP48E1_BODY_HP.NORM_RND/FULL_USAGE_DSP.LOD/DET_GEN[0].CARRY_MUX_CARRY4_CARRY8                                                     | CLB.CARRY.CARRY8       |
    | i_synth/ADDSUB_OP.ADDSUB/DSP.OP/DSP48E1_BODY_HP.NORM_RND/FULL_USAGE_DSP.LOD/gen_lut_pairs[2].lutpairmode1.lutXo6_i_1                                               | CLB.LUT.LUT3           |
    | i_synth/ADDSUB_OP.ADDSUB/DSP.OP/DSP48E1_BODY_HP.NORM_RND/FULL_USAGE_DSP.LOD/LSBaddmode1.lut0o6_i_1                                                                 | CLB.LUT.LUT6           |
    | i_synth/ADDSUB_OP.ADDSUB/DSP.OP/DSP48E1_BODY_HP.EXP/NOT_LOW_LATENCY_NORM_DIST.STRUCT_ADD/LSBaddmode1.lut0o6/LUT5                                                   | CLB.LUT.LUT5           |
    | i_synth/ADDSUB_OP.ADDSUB/DSP.OP/DSP48E1_BODY_HP.EXP/NOT_LOW_LATENCY_NORM_DIST.STRUCT_ADD/gen_lut_pairs[1].lutpairmode1.lutXo6/LUT6                                 | CLB.LUT.LUT6           |
    | i_synth/ADDSUB_OP.ADDSUB/DSP.OP/DSP48E1_BODY_HP.EXP/NOT_LOW_LATENCY_NORM_DIST.STRUCT_ADD/gen_carry4s[0].gen_carry4.y0.mcy00_CARRY4_CARRY8                          | CLB.CARRY.CARRY8       |
    | i_synth/ADDSUB_OP.ADDSUB/DSP.OP/DSP48E1_BODY_HP.NORM_RND/FULL_USAGE_DSP.SHIFT_RND/i_no_versal_es1_workaround.DSP/DSP_C_DATA_INST                                   | ARITHMETIC.DSP.DSP48E2 |
    | i_synth/ADDSUB_OP.ADDSUB/DSP.OP/DSP48E1_BODY_HP.NORM_RND/FULL_USAGE_DSP.SHIFT_RND/i_no_versal_es1_workaround.DSP/DSP_ALU_INST                                      | ARITHMETIC.DSP.DSP48E2 |
    | i_synth/ADDSUB_OP.ADDSUB/DSP.OP/DSP48E1_BODY_HP.NORM_RND/FULL_USAGE_DSP.SHIFT_RND/i_no_versal_es1_workaround.DSP/DSP_OUTPUT_INST                                   | ARITHMETIC.DSP.DSP48E2 |
    | i_synth/ADDSUB_OP.ADDSUB/DSP.OP/OP/m_axis_result_tdata[13]_INST_0                                                                                                  | CLB.LUT.LUT3           |
    | grp_compute_fu_291/hdiv_16ns_16ns_16_5_no_dsp_1_U128/corr_accel_hdiv_16ns_16ns_16_5_no_dsp_1_ip_u/ram_reg_bram_0_i_36__4                                           | CLB.LUT.LUT6           |
    | grp_compute_fu_291/grp_compute_Pipeline_VITIS_LOOP_210_14_fu_193/fcmp_32ns_32ns_1_2_no_dsp_1_U81/corr_accel_fcmp_32ns_32ns_1_2_no_dsp_1_ip_u/ram_reg_bram_0_i_19   | CLB.LUT.LUT6           |
    | grp_compute_fu_291/grp_compute_Pipeline_VITIS_LOOP_210_14_fu_193/fcmp_32ns_32ns_1_2_no_dsp_1_U81/corr_accel_fcmp_32ns_32ns_1_2_no_dsp_1_ip_u/ram_reg_bram_0_i_3__9 | CLB.LUT.LUT3           |
    | reg_file_11_U/ram_reg_bram_0                                                                                                                                       | BLOCKRAM.BRAM.RAMB36E2 |
    +--------------------------------------------------------------------------------------------------------------------------------------------------------------------+------------------------+

    +---------------------------------------------------------------------------------------------------------------------------------------------------------------------+------------------------+
    | Path5 Cells                                                                                                                                                         | Primitive Type         |
    +---------------------------------------------------------------------------------------------------------------------------------------------------------------------+------------------------+
    | grp_compute_fu_291/hadd_16ns_16ns_16_2_full_dsp_1_U125/din0_buf1_reg[5]                                                                                             | REGISTER.SDR.FDRE      |
    | i_synth/ADDSUB_OP.ADDSUB/DSP.OP/DSP48E1_BODY_HP.EXP/NUMB_CMP/NOT_FAST.CMP/C_CHAIN/CHAIN_GEN[2].C_MUX.CARRY_MUX_i_1                                                  | CLB.LUT.LUT4           |
    | i_synth/ADDSUB_OP.ADDSUB/DSP.OP/DSP48E1_BODY_HP.EXP/NUMB_CMP/NOT_FAST.CMP/C_CHAIN/CHAIN_GEN[0].C_MUX.CARRY_MUX_CARRY4_CARRY8                                        | CLB.CARRY.CARRY8       |
    | i_synth/ADDSUB_OP.ADDSUB/DSP.OP/DSP48E1_BODY_HP.ALIGN_ADD/DSP2/i_no_versal_es1_workaround.DSP/DSP_PREADD_DATA_INST                                                  | ARITHMETIC.DSP.DSP48E2 |
    | i_synth/ADDSUB_OP.ADDSUB/DSP.OP/DSP48E1_BODY_HP.ALIGN_ADD/DSP2/i_no_versal_es1_workaround.DSP/DSP_PREADD_INST                                                       | ARITHMETIC.DSP.DSP48E2 |
    | i_synth/ADDSUB_OP.ADDSUB/DSP.OP/DSP48E1_BODY_HP.ALIGN_ADD/DSP2/i_no_versal_es1_workaround.DSP/DSP_MULTIPLIER_INST                                                   | ARITHMETIC.DSP.DSP48E2 |
    | i_synth/ADDSUB_OP.ADDSUB/DSP.OP/DSP48E1_BODY_HP.ALIGN_ADD/DSP2/i_no_versal_es1_workaround.DSP/DSP_M_DATA_INST                                                       | ARITHMETIC.DSP.DSP48E2 |
    | i_synth/ADDSUB_OP.ADDSUB/DSP.OP/DSP48E1_BODY_HP.ALIGN_ADD/DSP2/i_no_versal_es1_workaround.DSP/DSP_ALU_INST                                                          | ARITHMETIC.DSP.DSP48E2 |
    | i_synth/ADDSUB_OP.ADDSUB/DSP.OP/DSP48E1_BODY_HP.ALIGN_ADD/DSP2/i_no_versal_es1_workaround.DSP/DSP_OUTPUT_INST                                                       | ARITHMETIC.DSP.DSP48E2 |
    | i_synth/ADDSUB_OP.ADDSUB/DSP.OP/DSP48E1_BODY_HP.NORM_RND/FULL_USAGE_DSP.LOD/DIST_ENC[0].i_det_lut1                                                                  | CLB.LUT.LUT4           |
    | i_synth/ADDSUB_OP.ADDSUB/DSP.OP/DSP48E1_BODY_HP.NORM_RND/FULL_USAGE_DSP.LOD/DET_GEN[0].CARRY_MUX_CARRY4_CARRY8                                                      | CLB.CARRY.CARRY8       |
    | i_synth/ADDSUB_OP.ADDSUB/DSP.OP/DSP48E1_BODY_HP.NORM_RND/FULL_USAGE_DSP.LOD/i_no_versal_es1_workaround.DSP_i_2                                                      | CLB.LUT.LUT4           |
    | i_synth/ADDSUB_OP.ADDSUB/DSP.OP/DSP48E1_BODY_HP.NORM_RND/FULL_USAGE_DSP.SHIFT_RND/i_no_versal_es1_workaround.DSP/DSP_A_B_DATA_INST                                  | ARITHMETIC.DSP.DSP48E2 |
    | i_synth/ADDSUB_OP.ADDSUB/DSP.OP/DSP48E1_BODY_HP.NORM_RND/FULL_USAGE_DSP.SHIFT_RND/i_no_versal_es1_workaround.DSP/DSP_PREADD_DATA_INST                               | ARITHMETIC.DSP.DSP48E2 |
    | i_synth/ADDSUB_OP.ADDSUB/DSP.OP/DSP48E1_BODY_HP.NORM_RND/FULL_USAGE_DSP.SHIFT_RND/i_no_versal_es1_workaround.DSP/DSP_MULTIPLIER_INST                                | ARITHMETIC.DSP.DSP48E2 |
    | i_synth/ADDSUB_OP.ADDSUB/DSP.OP/DSP48E1_BODY_HP.NORM_RND/FULL_USAGE_DSP.SHIFT_RND/i_no_versal_es1_workaround.DSP/DSP_M_DATA_INST                                    | ARITHMETIC.DSP.DSP48E2 |
    | i_synth/ADDSUB_OP.ADDSUB/DSP.OP/DSP48E1_BODY_HP.NORM_RND/FULL_USAGE_DSP.SHIFT_RND/i_no_versal_es1_workaround.DSP/DSP_ALU_INST                                       | ARITHMETIC.DSP.DSP48E2 |
    | i_synth/ADDSUB_OP.ADDSUB/DSP.OP/DSP48E1_BODY_HP.NORM_RND/FULL_USAGE_DSP.SHIFT_RND/i_no_versal_es1_workaround.DSP/DSP_OUTPUT_INST                                    | ARITHMETIC.DSP.DSP48E2 |
    | i_synth/ADDSUB_OP.ADDSUB/DSP.OP/OP/m_axis_result_tdata[13]_INST_0                                                                                                   | CLB.LUT.LUT3           |
    | grp_compute_fu_291/hadd_16ns_16ns_16_2_full_dsp_1_U125/corr_accel_hadd_16ns_16ns_16_2_full_dsp_1_ip_u/ram_reg_bram_0_i_92__2                                        | CLB.LUT.LUT4           |
    | grp_compute_fu_291/grp_compute_Pipeline_VITIS_LOOP_210_14_fu_193/fcmp_32ns_32ns_1_2_no_dsp_1_U80/corr_accel_fcmp_32ns_32ns_1_2_no_dsp_1_ip_u/ram_reg_bram_0_i_59__0 | CLB.LUT.LUT6           |
    | grp_compute_fu_291/grp_compute_Pipeline_VITIS_LOOP_210_14_fu_193/fcmp_32ns_32ns_1_2_no_dsp_1_U80/corr_accel_fcmp_32ns_32ns_1_2_no_dsp_1_ip_u/ram_reg_bram_0_i_15__2 | CLB.LUT.LUT3           |
    | reg_file_10_U/ram_reg_bram_0                                                                                                                                        | BLOCKRAM.BRAM.RAMB36E2 |
    +---------------------------------------------------------------------------------------------------------------------------------------------------------------------+------------------------+


================================================================
== Place & Route Vivado Reports
================================================================
+--------------------------+--------------------------------------------------------------------+
| Report Type              | Report Location                                                    |
+--------------------------+--------------------------------------------------------------------+
| design_analysis          | impl/verilog/report/corr_accel_design_analysis_routed.rpt          |
| failfast                 | impl/verilog/report/corr_accel_failfast_routed.rpt                 |
| status                   | impl/verilog/report/corr_accel_status_routed.rpt                   |
| timing                   | impl/verilog/report/corr_accel_timing_routed.rpt                   |
| timing_paths             | impl/verilog/report/corr_accel_timing_paths_routed.rpt             |
| utilization              | impl/verilog/report/corr_accel_utilization_routed.rpt              |
| utilization_hierarchical | impl/verilog/report/corr_accel_utilization_hierarchical_routed.rpt |
+--------------------------+--------------------------------------------------------------------+


