

Implementation tool: Xilinx Vivado v.2022.2
Project:             gemv-max-throughput
Solution:            zcu104
Device target:       xczu7ev-ffvc1156-2-e
Report date:         Sun Nov 20 17:28:44 MST 2022

#=== Post-Implementation Resource usage ===
SLICE:            0
LUT:           2087
FF:            3022
DSP:             10
BRAM:            36
URAM:             0
LATCH:            0
SRL:            147
CLB:            537

#=== Final timing ===
CP required:                     10.000
CP achieved post-synthesis:      6.737
CP achieved post-implementation: 7.823
Timing met
