

================================================================
== Vitis HLS Report for 'compute_Pipeline_VITIS_LOOP_139_1'
================================================================
* Date:           Thu Jan 12 14:50:58 2023

* Version:        2022.2 (Build 3670227 on Oct 13 2022)
* Project:        asum-max-sharing
* Solution:       zcu104 (Vivado IP Flow Target)
* Product family: zynquplus
* Target device:  xczu7ev-ffvc1156-2-e


================================================================
== Performance Estimates
================================================================
+ Timing: 
    * Summary: 
    +--------+----------+----------+------------+
    |  Clock |  Target  | Estimated| Uncertainty|
    +--------+----------+----------+------------+
    |ap_clk  |  10.00 ns|  6.331 ns|     2.70 ns|
    +--------+----------+----------+------------+

+ Latency: 
    * Summary: 
    +---------+---------+----------+----------+-----+-----+---------+
    |  Latency (cycles) |  Latency (absolute) |  Interval | Pipeline|
    |   min   |   max   |    min   |    max   | min | max |   Type  |
    +---------+---------+----------+----------+-----+-----+---------+
    |       68|       68|  0.680 us|  0.680 us|   68|   68|       no|
    +---------+---------+----------+----------+-----+-----+---------+

    + Detail: 
        * Instance: 
        N/A

        * Loop: 
        +--------------------+---------+---------+----------+-----------+-----------+------+----------+
        |                    |  Latency (cycles) | Iteration|  Initiation Interval  | Trip |          |
        |      Loop Name     |   min   |   max   |  Latency |  achieved |   target  | Count| Pipelined|
        +--------------------+---------+---------+----------+-----------+-----------+------+----------+
        |- VITIS_LOOP_139_1  |       66|       66|         4|          1|          1|    64|       yes|
        +--------------------+---------+---------+----------+-----------+-----------+------+----------+



================================================================
== Utilization Estimates
================================================================
* Summary: 
+-----------------+---------+------+--------+--------+-----+
|       Name      | BRAM_18K|  DSP |   FF   |   LUT  | URAM|
+-----------------+---------+------+--------+--------+-----+
|DSP              |        -|     -|       -|       -|    -|
|Expression       |        -|     -|       0|      27|    -|
|FIFO             |        -|     -|       -|       -|    -|
|Instance         |        -|     2|      94|     122|    -|
|Memory           |        -|     -|       -|       -|    -|
|Multiplexer      |        -|     -|       -|      54|    -|
|Register         |        -|     -|      48|       -|    -|
+-----------------+---------+------+--------+--------+-----+
|Total            |        0|     2|     142|     203|    0|
+-----------------+---------+------+--------+--------+-----+
|Available        |      624|  1728|  460800|  230400|   96|
+-----------------+---------+------+--------+--------+-----+
|Utilization (%)  |        0|    ~0|      ~0|      ~0|    0|
+-----------------+---------+------+--------+--------+-----+

+ Detail: 
    * Instance: 
    +------------------------------------+--------------------------------+---------+----+----+-----+-----+
    |              Instance              |             Module             | BRAM_18K| DSP| FF | LUT | URAM|
    +------------------------------------+--------------------------------+---------+----+----+-----+-----+
    |hadd_16ns_16ns_16_2_full_dsp_1_U37  |hadd_16ns_16ns_16_2_full_dsp_1  |        0|   2|  94|  113|    0|
    |mux_21_16_1_1_U38                   |mux_21_16_1_1                   |        0|   0|   0|    9|    0|
    +------------------------------------+--------------------------------+---------+----+----+-----+-----+
    |Total                               |                                |        0|   2|  94|  122|    0|
    +------------------------------------+--------------------------------+---------+----+----+-----+-----+

    * DSP: 
    N/A

    * Memory: 
    N/A

    * FIFO: 
    N/A

    * Expression: 
    +----------------------+----------+----+---+----+------------+------------+
    |     Variable Name    | Operation| DSP| FF| LUT| Bitwidth P0| Bitwidth P1|
    +----------------------+----------+----+---+----+------------+------------+
    |add_ln139_fu_147_p2   |         +|   0|  0|  14|           7|           1|
    |icmp_ln139_fu_141_p2  |      icmp|   0|  0|  11|           7|           8|
    |ap_enable_pp0         |       xor|   0|  0|   2|           1|           2|
    +----------------------+----------+----+---+----+------------+------------+
    |Total                 |          |   0|  0|  27|          15|          11|
    +----------------------+----------+----+---+----+------------+------------+

    * Multiplexer: 
    +---------------------------+----+-----------+-----+-----------+
    |            Name           | LUT| Input Size| Bits| Total Bits|
    +---------------------------+----+-----------+-----+-----------+
    |ap_done_int                |   9|          2|    1|          2|
    |ap_enable_reg_pp0_iter1    |   9|          2|    1|          2|
    |ap_sig_allocacmp_i_7       |   9|          2|    7|         14|
    |ap_sig_allocacmp_ret_load  |   9|          2|   16|         32|
    |i_fu_80                    |   9|          2|    7|         14|
    |ret_fu_76                  |   9|          2|   16|         32|
    +---------------------------+----+-----------+-----+-----------+
    |Total                      |  54|         12|   48|         96|
    +---------------------------+----+-----------+-----+-----------+

    * Register: 
    +----------------------------------+----+----+-----+-----------+
    |               Name               | FF | LUT| Bits| Const Bits|
    +----------------------------------+----+----+-----+-----------+
    |ap_CS_fsm                         |   1|   0|    1|          0|
    |ap_done_reg                       |   1|   0|    1|          0|
    |ap_enable_reg_pp0_iter1           |   1|   0|    1|          0|
    |ap_enable_reg_pp0_iter2           |   1|   0|    1|          0|
    |ap_enable_reg_pp0_iter3           |   1|   0|    1|          0|
    |ap_loop_exit_ready_pp0_iter1_reg  |   1|   0|    1|          0|
    |ap_loop_exit_ready_pp0_iter2_reg  |   1|   0|    1|          0|
    |i_fu_80                           |   7|   0|    7|          0|
    |icmp_ln139_reg_231                |   1|   0|    1|          0|
    |icmp_ln139_reg_231_pp0_iter1_reg  |   1|   0|    1|          0|
    |ret_fu_76                         |  16|   0|   16|          0|
    |trunc_ln144_reg_245               |   1|   0|    1|          0|
    |trunc_ln1497_reg_250              |  15|   0|   15|          0|
    +----------------------------------+----+----+-----+-----------+
    |Total                             |  48|   0|   48|          0|
    +----------------------------------+----+----+-----+-----------+



================================================================
== Interface
================================================================
* Summary: 
+-----------------------+-----+-----+------------+-----------------------------------+--------------+
|       RTL Ports       | Dir | Bits|  Protocol  |           Source Object           |    C Type    |
+-----------------------+-----+-----+------------+-----------------------------------+--------------+
|ap_clk                 |   in|    1|  ap_ctrl_hs|  compute_Pipeline_VITIS_LOOP_139_1|  return value|
|ap_rst                 |   in|    1|  ap_ctrl_hs|  compute_Pipeline_VITIS_LOOP_139_1|  return value|
|ap_start               |   in|    1|  ap_ctrl_hs|  compute_Pipeline_VITIS_LOOP_139_1|  return value|
|ap_done                |  out|    1|  ap_ctrl_hs|  compute_Pipeline_VITIS_LOOP_139_1|  return value|
|ap_idle                |  out|    1|  ap_ctrl_hs|  compute_Pipeline_VITIS_LOOP_139_1|  return value|
|ap_ready               |  out|    1|  ap_ctrl_hs|  compute_Pipeline_VITIS_LOOP_139_1|  return value|
|reg_file_2_0_address0  |  out|   11|   ap_memory|                       reg_file_2_0|         array|
|reg_file_2_0_ce0       |  out|    1|   ap_memory|                       reg_file_2_0|         array|
|reg_file_2_0_q0        |   in|   16|   ap_memory|                       reg_file_2_0|         array|
|reg_file_2_1_address0  |  out|   11|   ap_memory|                       reg_file_2_1|         array|
|reg_file_2_1_ce0       |  out|    1|   ap_memory|                       reg_file_2_1|         array|
|reg_file_2_1_q0        |   in|   16|   ap_memory|                       reg_file_2_1|         array|
|ret_out                |  out|   16|      ap_vld|                            ret_out|       pointer|
|ret_out_ap_vld         |  out|    1|      ap_vld|                            ret_out|       pointer|
+-----------------------+-----+-----+------------+-----------------------------------+--------------+

