

================================================================
== Vitis HLS Report for 'compute_Pipeline_VITIS_LOOP_235_15'
================================================================
* Date:           Sat Nov 19 14:51:59 2022

* Version:        2022.2 (Build 3670227 on Oct 13 2022)
* Project:        center-reduced-max-sharing
* Solution:       zcu104 (Vivado IP Flow Target)
* Product family: zynquplus
* Target device:  xczu7ev-ffvc1156-2-e


================================================================
== Performance Estimates
================================================================
+ Timing: 
    * Summary: 
    +--------+----------+----------+------------+
    |  Clock |  Target  | Estimated| Uncertainty|
    +--------+----------+----------+------------+
    |ap_clk  |  10.00 ns|  6.387 ns|     2.70 ns|
    +--------+----------+----------+------------+

+ Latency: 
    * Summary: 
    +---------+---------+----------+----------+-----+-----+---------+
    |  Latency (cycles) |  Latency (absolute) |  Interval | Pipeline|
    |   min   |   max   |    min   |    max   | min | max |   Type  |
    +---------+---------+----------+----------+-----+-----+---------+
    |       67|       67|  0.670 us|  0.670 us|   67|   67|       no|
    +---------+---------+----------+----------+-----+-----+---------+

    + Detail: 
        * Instance: 
        N/A

        * Loop: 
        +---------------------+---------+---------+----------+-----------+-----------+------+----------+
        |                     |  Latency (cycles) | Iteration|  Initiation Interval  | Trip |          |
        |      Loop Name      |   min   |   max   |  Latency |  achieved |   target  | Count| Pipelined|
        +---------------------+---------+---------+----------+-----------+-----------+------+----------+
        |- VITIS_LOOP_235_15  |       65|       65|         3|          1|          1|    64|       yes|
        +---------------------+---------+---------+----------+-----------+-----------+------+----------+

============================================================
+ Verbose Summary: Synthesis Manager
============================================================
InlineROM: 1
ExposeGlobal: 0
============================================================
+ Verbose Summary: CDFG Model
============================================================
IsTopModel: 0
ResetActiveHigh: 1
IsCombinational: 0
IsDatapathOnly: 0
HasWiredReturn: 1
HasMFsm: 2
HasVarLatency: 1
IsPipeline: 0
IsRtlPipelined: 0
IsInstanceOverlapped: 0
IsDontTouch: 0
HasImplIP: 0
IsGatedGlobalClock: 0

+ Individual pipeline summary: 
  * Pipeline-0: initiation interval (II) = 1, depth = 3


============================================================
+ Verbose Summary: Schedule
============================================================
* Number of FSM states : 3
* Pipeline : 1
  Pipeline-0 : II = 1, D = 3, States = { 1 2 3 }
* Dataflow Pipeline: 0

* FSM state transitions: 
1 --> 2 
2 --> 3 
3 --> 

* FSM state operations: 

State 1 <SV = 0> <Delay = 1.24>
ST_1 : Operation 6 [1/1] (0.00ns)   --->   "%j = alloca i32 1"   --->   Operation 6 'alloca' 'j' <Predicate = true> <Delay = 0.00>
ST_1 : Operation 7 [1/1] (0.00ns)   --->   "%specmemcore_ln0 = specmemcore void @_ssdm_op_SpecMemCore, i16 %reg_file_6_1, i64 666, i64 30, i64 18446744073709551615"   --->   Operation 7 'specmemcore' 'specmemcore_ln0' <Predicate = true> <Delay = 0.00>
ST_1 : Operation 8 [1/1] (0.00ns)   --->   "%specmemcore_ln0 = specmemcore void @_ssdm_op_SpecMemCore, i16 %reg_file_6_0, i64 666, i64 30, i64 18446744073709551615"   --->   Operation 8 'specmemcore' 'specmemcore_ln0' <Predicate = true> <Delay = 0.00>
ST_1 : Operation 9 [1/1] (0.00ns)   --->   "%specmemcore_ln0 = specmemcore void @_ssdm_op_SpecMemCore, i16 %reg_file_5_1, i64 666, i64 30, i64 18446744073709551615"   --->   Operation 9 'specmemcore' 'specmemcore_ln0' <Predicate = true> <Delay = 0.00>
ST_1 : Operation 10 [1/1] (0.00ns)   --->   "%specmemcore_ln0 = specmemcore void @_ssdm_op_SpecMemCore, i16 %reg_file_5_0, i64 666, i64 30, i64 18446744073709551615"   --->   Operation 10 'specmemcore' 'specmemcore_ln0' <Predicate = true> <Delay = 0.00>
ST_1 : Operation 11 [1/1] (0.00ns)   --->   "%reg_file_1_0_load_read = read i16 @_ssdm_op_Read.ap_auto.half, i16 %reg_file_1_0_load"   --->   Operation 11 'read' 'reg_file_1_0_load_read' <Predicate = true> <Delay = 0.00>
ST_1 : Operation 12 [1/1] (0.42ns)   --->   "%store_ln0 = store i7 0, i7 %j"   --->   Operation 12 'store' 'store_ln0' <Predicate = true> <Delay = 0.42>
ST_1 : Operation 13 [1/1] (0.00ns)   --->   "%br_ln0 = br void %for.inc171"   --->   Operation 13 'br' 'br_ln0' <Predicate = true> <Delay = 0.00>
ST_1 : Operation 14 [1/1] (0.00ns)   --->   "%j_7 = load i7 %j" [center-reduced-max-sharing/src/correlation.cpp:241]   --->   Operation 14 'load' 'j_7' <Predicate = true> <Delay = 0.00>
ST_1 : Operation 15 [1/1] (0.81ns)   --->   "%icmp_ln235 = icmp_eq  i7 %j_7, i7 64" [center-reduced-max-sharing/src/correlation.cpp:235]   --->   Operation 15 'icmp' 'icmp_ln235' <Predicate = true> <Delay = 0.81> <CoreInst = "Cmp">   --->   Core 9 'Cmp' <Latency = 0> <II = 1> <Delay = 0.81> <FuncUnit> <Opcode : 'icmp'> <InPorts = 2> <OutPorts = 1>
ST_1 : Operation 16 [1/1] (0.00ns)   --->   "%empty = speclooptripcount i32 @_ssdm_op_SpecLoopTripCount, i64 64, i64 64, i64 64"   --->   Operation 16 'speclooptripcount' 'empty' <Predicate = true> <Delay = 0.00>
ST_1 : Operation 17 [1/1] (0.77ns)   --->   "%add_ln235 = add i7 %j_7, i7 1" [center-reduced-max-sharing/src/correlation.cpp:235]   --->   Operation 17 'add' 'add_ln235' <Predicate = true> <Delay = 0.77> <CoreInst = "Adder">   --->   Core 1 'Adder' <Latency = 0> <II = 1> <Delay = 0.77> <FuncUnit> <Opcode : 'add' 'sub'> <InPorts = 2> <OutPorts = 1>
ST_1 : Operation 18 [1/1] (0.00ns)   --->   "%br_ln235 = br i1 %icmp_ln235, void %fpga_resource_limit_hint.for.inc171.4_begin, void %for.inc194.preheader.exitStub" [center-reduced-max-sharing/src/correlation.cpp:235]   --->   Operation 18 'br' 'br_ln235' <Predicate = true> <Delay = 0.00>
ST_1 : Operation 19 [1/1] (0.00ns)   --->   "%rbegin = specregionbegin i32 @_ssdm_op_SpecRegionBegin, void @empty_8" [center-reduced-max-sharing/src/correlation.cpp:235]   --->   Operation 19 'specregionbegin' 'rbegin' <Predicate = (!icmp_ln235)> <Delay = 0.00>
ST_1 : Operation 20 [1/1] (0.00ns)   --->   "%rbegin3 = specregionbegin i32 @_ssdm_op_SpecRegionBegin, void @empty_14" [center-reduced-max-sharing/src/correlation.cpp:235]   --->   Operation 20 'specregionbegin' 'rbegin3' <Predicate = (!icmp_ln235)> <Delay = 0.00>
ST_1 : Operation 21 [1/1] (0.00ns)   --->   "%rbegin4 = specregionbegin i32 @_ssdm_op_SpecRegionBegin, void @empty_3" [center-reduced-max-sharing/src/correlation.cpp:235]   --->   Operation 21 'specregionbegin' 'rbegin4' <Predicate = (!icmp_ln235)> <Delay = 0.00>
ST_1 : Operation 22 [1/1] (0.00ns)   --->   "%lshr_ln = partselect i5 @_ssdm_op_PartSelect.i5.i7.i32.i32, i7 %j_7, i32 1, i32 5" [center-reduced-max-sharing/src/correlation.cpp:241]   --->   Operation 22 'partselect' 'lshr_ln' <Predicate = (!icmp_ln235)> <Delay = 0.00>
ST_1 : Operation 23 [1/1] (0.00ns)   --->   "%zext_ln241 = zext i5 %lshr_ln" [center-reduced-max-sharing/src/correlation.cpp:241]   --->   Operation 23 'zext' 'zext_ln241' <Predicate = (!icmp_ln235)> <Delay = 0.00>
ST_1 : Operation 24 [1/1] (0.00ns)   --->   "%reg_file_5_0_addr = getelementptr i16 %reg_file_5_0, i64 0, i64 %zext_ln241" [center-reduced-max-sharing/src/correlation.cpp:241]   --->   Operation 24 'getelementptr' 'reg_file_5_0_addr' <Predicate = (!icmp_ln235)> <Delay = 0.00>
ST_1 : Operation 25 [1/1] (0.00ns)   --->   "%reg_file_5_1_addr = getelementptr i16 %reg_file_5_1, i64 0, i64 %zext_ln241" [center-reduced-max-sharing/src/correlation.cpp:241]   --->   Operation 25 'getelementptr' 'reg_file_5_1_addr' <Predicate = (!icmp_ln235)> <Delay = 0.00>
ST_1 : Operation 26 [1/1] (0.00ns)   --->   "%trunc_ln241 = trunc i7 %j_7" [center-reduced-max-sharing/src/correlation.cpp:241]   --->   Operation 26 'trunc' 'trunc_ln241' <Predicate = (!icmp_ln235)> <Delay = 0.00>
ST_1 : Operation 27 [2/2] (1.23ns)   --->   "%reg_file_5_0_load = load i11 %reg_file_5_0_addr" [center-reduced-max-sharing/src/correlation.cpp:241]   --->   Operation 27 'load' 'reg_file_5_0_load' <Predicate = (!icmp_ln235)> <Delay = 1.23> <CoreInst = "RAM_T2P_BRAM">   --->   Core 99 'RAM_T2P_BRAM' <Latency = 1> <II = 1> <Delay = 1.23> <Storage> <Opcode : 'load' 'store'> <Ports = 2> <Width = 16> <Depth = 2048> <RAM>
ST_1 : Operation 28 [2/2] (1.23ns)   --->   "%reg_file_5_1_load = load i11 %reg_file_5_1_addr" [center-reduced-max-sharing/src/correlation.cpp:241]   --->   Operation 28 'load' 'reg_file_5_1_load' <Predicate = (!icmp_ln235)> <Delay = 1.23> <CoreInst = "RAM_T2P_BRAM">   --->   Core 99 'RAM_T2P_BRAM' <Latency = 1> <II = 1> <Delay = 1.23> <Storage> <Opcode : 'load' 'store'> <Ports = 2> <Width = 16> <Depth = 2048> <RAM>
ST_1 : Operation 29 [1/1] (0.00ns)   --->   "%reg_file_6_0_addr = getelementptr i16 %reg_file_6_0, i64 0, i64 %zext_ln241" [center-reduced-max-sharing/src/correlation.cpp:241]   --->   Operation 29 'getelementptr' 'reg_file_6_0_addr' <Predicate = (!icmp_ln235)> <Delay = 0.00>
ST_1 : Operation 30 [1/1] (0.00ns)   --->   "%reg_file_6_1_addr = getelementptr i16 %reg_file_6_1, i64 0, i64 %zext_ln241" [center-reduced-max-sharing/src/correlation.cpp:241]   --->   Operation 30 'getelementptr' 'reg_file_6_1_addr' <Predicate = (!icmp_ln235)> <Delay = 0.00>
ST_1 : Operation 31 [1/1] (0.00ns)   --->   "%br_ln241 = br i1 %trunc_ln241, void %arrayidx170618.case.0, void %arrayidx170618.case.1" [center-reduced-max-sharing/src/correlation.cpp:241]   --->   Operation 31 'br' 'br_ln241' <Predicate = (!icmp_ln235)> <Delay = 0.00>
ST_1 : Operation 32 [1/1] (0.00ns)   --->   "%specresourcelimit_ln241 = specresourcelimit void @_ssdm_op_SpecResourceLimit, i64 1, void @empty_17, void @empty_39, void @empty_39, void @empty_39" [center-reduced-max-sharing/src/correlation.cpp:241]   --->   Operation 32 'specresourcelimit' 'specresourcelimit_ln241' <Predicate = (!icmp_ln235)> <Delay = 0.00>
ST_1 : Operation 33 [1/1] (0.00ns)   --->   "%rend40 = specregionend i32 @_ssdm_op_SpecRegionEnd, void @empty_3, i32 %rbegin4" [center-reduced-max-sharing/src/correlation.cpp:241]   --->   Operation 33 'specregionend' 'rend40' <Predicate = (!icmp_ln235)> <Delay = 0.00>
ST_1 : Operation 34 [1/1] (0.00ns)   --->   "%specresourcelimit_ln241 = specresourcelimit void @_ssdm_op_SpecResourceLimit, i64 1, void @empty_25, void @empty_39, void @empty_39, void @empty_39" [center-reduced-max-sharing/src/correlation.cpp:241]   --->   Operation 34 'specresourcelimit' 'specresourcelimit_ln241' <Predicate = (!icmp_ln235)> <Delay = 0.00>
ST_1 : Operation 35 [1/1] (0.00ns)   --->   "%rend38 = specregionend i32 @_ssdm_op_SpecRegionEnd, void @empty_14, i32 %rbegin3" [center-reduced-max-sharing/src/correlation.cpp:241]   --->   Operation 35 'specregionend' 'rend38' <Predicate = (!icmp_ln235)> <Delay = 0.00>
ST_1 : Operation 36 [1/1] (0.00ns)   --->   "%specresourcelimit_ln241 = specresourcelimit void @_ssdm_op_SpecResourceLimit, i64 1, void @empty, void @empty_39, void @empty_39, void @empty_39" [center-reduced-max-sharing/src/correlation.cpp:241]   --->   Operation 36 'specresourcelimit' 'specresourcelimit_ln241' <Predicate = (!icmp_ln235)> <Delay = 0.00>
ST_1 : Operation 37 [1/1] (0.00ns)   --->   "%rend36 = specregionend i32 @_ssdm_op_SpecRegionEnd, void @empty_8, i32 %rbegin" [center-reduced-max-sharing/src/correlation.cpp:241]   --->   Operation 37 'specregionend' 'rend36' <Predicate = (!icmp_ln235)> <Delay = 0.00>
ST_1 : Operation 38 [1/1] (0.42ns)   --->   "%store_ln235 = store i7 %add_ln235, i7 %j" [center-reduced-max-sharing/src/correlation.cpp:235]   --->   Operation 38 'store' 'store_ln235' <Predicate = (!icmp_ln235)> <Delay = 0.42>
ST_1 : Operation 39 [1/1] (0.00ns)   --->   "%br_ln235 = br void %for.inc171" [center-reduced-max-sharing/src/correlation.cpp:235]   --->   Operation 39 'br' 'br_ln235' <Predicate = (!icmp_ln235)> <Delay = 0.00>

State 2 <SV = 1> <Delay = 6.38>
ST_2 : Operation 40 [1/2] (1.23ns)   --->   "%reg_file_5_0_load = load i11 %reg_file_5_0_addr" [center-reduced-max-sharing/src/correlation.cpp:241]   --->   Operation 40 'load' 'reg_file_5_0_load' <Predicate = true> <Delay = 1.23> <CoreInst = "RAM_T2P_BRAM">   --->   Core 99 'RAM_T2P_BRAM' <Latency = 1> <II = 1> <Delay = 1.23> <Storage> <Opcode : 'load' 'store'> <Ports = 2> <Width = 16> <Depth = 2048> <RAM>
ST_2 : Operation 41 [1/2] (1.23ns)   --->   "%reg_file_5_1_load = load i11 %reg_file_5_1_addr" [center-reduced-max-sharing/src/correlation.cpp:241]   --->   Operation 41 'load' 'reg_file_5_1_load' <Predicate = true> <Delay = 1.23> <CoreInst = "RAM_T2P_BRAM">   --->   Core 99 'RAM_T2P_BRAM' <Latency = 1> <II = 1> <Delay = 1.23> <Storage> <Opcode : 'load' 'store'> <Ports = 2> <Width = 16> <Depth = 2048> <RAM>
ST_2 : Operation 42 [1/1] (0.42ns)   --->   "%tmp_s = mux i16 @_ssdm_op_Mux.ap_auto.2f16.i1, i16 %reg_file_5_0_load, i16 %reg_file_5_1_load, i1 %trunc_ln241" [center-reduced-max-sharing/src/correlation.cpp:241]   --->   Operation 42 'mux' 'tmp_s' <Predicate = true> <Delay = 0.42> <CoreInst = "Multiplexer">   --->   Core 76 'Multiplexer' <Latency = 0> <II = 1> <Delay = 0.42> <FuncUnit> <Opcode : 'mux'> <InPorts = 2> <OutPorts = 1>
ST_2 : Operation 43 [2/2] (4.72ns)   --->   "%mul1 = hmul i16 %reg_file_1_0_load_read, i16 %tmp_s" [center-reduced-max-sharing/src/correlation.cpp:241]   --->   Operation 43 'hmul' 'mul1' <Predicate = true> <Delay = 4.72> <CoreInst = "HMul_maxdsp">   --->   Core 60 'HMul_maxdsp' <Latency = 1> <II = 1> <Delay = 4.72> <FuncUnit> <Opcode : 'hmul'> <InPorts = 2> <OutPorts = 1>
ST_2 : Operation 51 [1/1] (0.00ns)   --->   "%ret_ln0 = ret"   --->   Operation 51 'ret' 'ret_ln0' <Predicate = (icmp_ln235)> <Delay = 0.00>

State 3 <SV = 2> <Delay = 5.96>
ST_3 : Operation 44 [1/1] (0.00ns)   --->   "%specpipeline_ln240 = specpipeline void @_ssdm_op_SpecPipeline, i32 1, i32 0, i32 0, i32 0, void @empty_39" [center-reduced-max-sharing/src/correlation.cpp:240]   --->   Operation 44 'specpipeline' 'specpipeline_ln240' <Predicate = true> <Delay = 0.00>
ST_3 : Operation 45 [1/1] (0.00ns)   --->   "%specloopname_ln132 = specloopname void @_ssdm_op_SpecLoopName, void @empty_55" [center-reduced-max-sharing/src/correlation.cpp:132]   --->   Operation 45 'specloopname' 'specloopname_ln132' <Predicate = true> <Delay = 0.00>
ST_3 : Operation 46 [1/2] (4.72ns)   --->   "%mul1 = hmul i16 %reg_file_1_0_load_read, i16 %tmp_s" [center-reduced-max-sharing/src/correlation.cpp:241]   --->   Operation 46 'hmul' 'mul1' <Predicate = true> <Delay = 4.72> <CoreInst = "HMul_maxdsp">   --->   Core 60 'HMul_maxdsp' <Latency = 1> <II = 1> <Delay = 4.72> <FuncUnit> <Opcode : 'hmul'> <InPorts = 2> <OutPorts = 1>
ST_3 : Operation 47 [1/1] (1.23ns)   --->   "%store_ln241 = store i16 %mul1, i11 %reg_file_6_0_addr" [center-reduced-max-sharing/src/correlation.cpp:241]   --->   Operation 47 'store' 'store_ln241' <Predicate = (!trunc_ln241)> <Delay = 1.23> <CoreInst = "RAM_T2P_BRAM">   --->   Core 99 'RAM_T2P_BRAM' <Latency = 1> <II = 1> <Delay = 1.23> <Storage> <Opcode : 'load' 'store'> <Ports = 2> <Width = 16> <Depth = 2048> <RAM>
ST_3 : Operation 48 [1/1] (0.00ns)   --->   "%br_ln241 = br void %fpga_resource_limit_hint.for.inc171.6_end" [center-reduced-max-sharing/src/correlation.cpp:241]   --->   Operation 48 'br' 'br_ln241' <Predicate = (!trunc_ln241)> <Delay = 0.00>
ST_3 : Operation 49 [1/1] (1.23ns)   --->   "%store_ln241 = store i16 %mul1, i11 %reg_file_6_1_addr" [center-reduced-max-sharing/src/correlation.cpp:241]   --->   Operation 49 'store' 'store_ln241' <Predicate = (trunc_ln241)> <Delay = 1.23> <CoreInst = "RAM_T2P_BRAM">   --->   Core 99 'RAM_T2P_BRAM' <Latency = 1> <II = 1> <Delay = 1.23> <Storage> <Opcode : 'load' 'store'> <Ports = 2> <Width = 16> <Depth = 2048> <RAM>
ST_3 : Operation 50 [1/1] (0.00ns)   --->   "%br_ln241 = br void %fpga_resource_limit_hint.for.inc171.6_end" [center-reduced-max-sharing/src/correlation.cpp:241]   --->   Operation 50 'br' 'br_ln241' <Predicate = (trunc_ln241)> <Delay = 0.00>


============================================================
+ Verbose Summary: Timing violations
============================================================
Target clock period: 10ns, clock uncertainty: 2.7ns.

 <State 1>: 1.24ns
The critical path consists of the following:
	'alloca' operation ('j') [6]  (0 ns)
	'load' operation ('j', center-reduced-max-sharing/src/correlation.cpp:241) on local variable 'j' [15]  (0 ns)
	'getelementptr' operation ('reg_file_5_0_addr', center-reduced-max-sharing/src/correlation.cpp:241) [28]  (0 ns)
	'load' operation ('reg_file_5_0_load', center-reduced-max-sharing/src/correlation.cpp:241) on array 'reg_file_5_0' [31]  (1.24 ns)
	blocking operation 0.007 ns on control path)

 <State 2>: 6.39ns
The critical path consists of the following:
	'load' operation ('reg_file_5_0_load', center-reduced-max-sharing/src/correlation.cpp:241) on array 'reg_file_5_0' [31]  (1.24 ns)
	'mux' operation ('tmp_s', center-reduced-max-sharing/src/correlation.cpp:241) [33]  (0.427 ns)
	'hmul' operation ('mul1', center-reduced-max-sharing/src/correlation.cpp:241) [34]  (4.72 ns)

 <State 3>: 5.96ns
The critical path consists of the following:
	'hmul' operation ('mul1', center-reduced-max-sharing/src/correlation.cpp:241) [34]  (4.72 ns)
	'store' operation ('store_ln241', center-reduced-max-sharing/src/correlation.cpp:241) of variable 'mul1', center-reduced-max-sharing/src/correlation.cpp:241 on array 'reg_file_6_1' [42]  (1.24 ns)


============================================================
+ Verbose Summary: Binding
============================================================
N/A
* FSMD analyzer results:
  - Output states:
 - Input state : 
  - Chain level:
	State 1
	State 2
	State 3


============================================================
+ Verbose Summary: Datapath Resource usage 
============================================================
N/A
