Copyright 1986-2022 Xilinx, Inc. All Rights Reserved.
-----------------------------------------------------------------------------------------
| Tool Version      : Vivado v.2022.2 (lin64) Build 3671981 Fri Oct 14 04:59:54 MDT 2022
| Date              : Mon Nov 21 13:59:27 2022
| Host              : liara running 64-bit Arch Linux
| Command           : report_timing_summary -file ./report/corr_accel_timing_routed.rpt
| Design            : bd_0_wrapper
| Device            : xczu7ev-ffvc1156
| Speed File        : -2  PRODUCTION 1.30 05-15-2022
| Temperature Grade : E
-----------------------------------------------------------------------------------------

Timing Summary Report

------------------------------------------------------------------------------------------------
| Timer Settings
| --------------
------------------------------------------------------------------------------------------------

  Enable Multi Corner Analysis               :  Yes
  Enable Pessimism Removal                   :  Yes
  Pessimism Removal Resolution               :  Nearest Common Node
  Enable Input Delay Default Clock           :  No
  Enable Preset / Clear Arcs                 :  No
  Disable Flight Delays                      :  No
  Ignore I/O Paths                           :  No
  Timing Early Launch at Borrowing Latches   :  No
  Borrow Time for Max Delay Exceptions       :  Yes
  Merge Timing Exceptions                    :  Yes

  Corner  Analyze    Analyze    
  Name    Max Paths  Min Paths  
  ------  ---------  ---------  
  Slow    Yes        Yes        
  Fast    Yes        Yes        


------------------------------------------------------------------------------------------------
| Report Methodology
| ------------------
------------------------------------------------------------------------------------------------

Rule       Severity  Description                    Violations  
---------  --------  -----------------------------  ----------  
TIMING-18  Warning   Missing input or output delay  450         

Note: This report is based on the most recent report_methodology run and may not be up-to-date. Run report_methodology on the current design for the latest report.



check_timing report

Table of Contents
-----------------
1. checking no_clock (0)
2. checking constant_clock (0)
3. checking pulse_width_clock (0)
4. checking unconstrained_internal_endpoints (0)
5. checking no_input_delay (190)
6. checking no_output_delay (246)
7. checking multiple_clock (0)
8. checking generated_clocks (0)
9. checking loops (0)
10. checking partial_input_delay (0)
11. checking partial_output_delay (0)
12. checking latch_loops (0)

1. checking no_clock (0)
------------------------
 There are 0 register/latch pins with no clock.


2. checking constant_clock (0)
------------------------------
 There are 0 register/latch pins with constant_clock.


3. checking pulse_width_clock (0)
---------------------------------
 There are 0 register/latch pins which need pulse_width check


4. checking unconstrained_internal_endpoints (0)
------------------------------------------------
 There are 0 pins that are not constrained for maximum delay.

 There are 0 pins that are not constrained for maximum delay due to constant clock.


5. checking no_input_delay (190)
--------------------------------
 There are 190 input ports with no input delay specified. (HIGH)

 There are 0 input ports with no input delay but user has a false path constraint.


6. checking no_output_delay (246)
---------------------------------
 There are 246 ports with no output delay specified. (HIGH)

 There are 0 ports with no output delay but user has a false path constraint

 There are 0 ports with no output delay but with a timing clock defined on it or propagating through it


7. checking multiple_clock (0)
------------------------------
 There are 0 register/latch pins with multiple clocks.


8. checking generated_clocks (0)
--------------------------------
 There are 0 generated clocks that are not connected to a clock source.


9. checking loops (0)
---------------------
 There are 0 combinational loops in the design.


10. checking partial_input_delay (0)
------------------------------------
 There are 0 input ports with partial input delay specified.


11. checking partial_output_delay (0)
-------------------------------------
 There are 0 ports with partial output delay specified.


12. checking latch_loops (0)
----------------------------
 There are 0 combinational latch loops in the design through latch input



------------------------------------------------------------------------------------------------
| Design Timing Summary
| ---------------------
------------------------------------------------------------------------------------------------

    WNS(ns)      TNS(ns)  TNS Failing Endpoints  TNS Total Endpoints      WHS(ns)      THS(ns)  THS Failing Endpoints  THS Total Endpoints     WPWS(ns)     TPWS(ns)  TPWS Failing Endpoints  TPWS Total Endpoints  
    -------      -------  ---------------------  -------------------      -------      -------  ---------------------  -------------------     --------     --------  ----------------------  --------------------  
      2.078        0.000                      0                 7139        0.039        0.000                      0                 7139        4.458        0.000                       0                  3171  


All user specified timing constraints are met.


------------------------------------------------------------------------------------------------
| Clock Summary
| -------------
------------------------------------------------------------------------------------------------

Clock   Waveform(ns)       Period(ns)      Frequency(MHz)
-----   ------------       ----------      --------------
ap_clk  {0.000 5.000}      10.000          100.000         


------------------------------------------------------------------------------------------------
| Intra Clock Table
| -----------------
------------------------------------------------------------------------------------------------

Clock             WNS(ns)      TNS(ns)  TNS Failing Endpoints  TNS Total Endpoints      WHS(ns)      THS(ns)  THS Failing Endpoints  THS Total Endpoints     WPWS(ns)     TPWS(ns)  TPWS Failing Endpoints  TPWS Total Endpoints  
-----             -------      -------  ---------------------  -------------------      -------      -------  ---------------------  -------------------     --------     --------  ----------------------  --------------------  
ap_clk              2.078        0.000                      0                 7139        0.039        0.000                      0                 7139        4.458        0.000                       0                  3171  


------------------------------------------------------------------------------------------------
| Inter Clock Table
| -----------------
------------------------------------------------------------------------------------------------

From Clock    To Clock          WNS(ns)      TNS(ns)  TNS Failing Endpoints  TNS Total Endpoints      WHS(ns)      THS(ns)  THS Failing Endpoints  THS Total Endpoints  
----------    --------          -------      -------  ---------------------  -------------------      -------      -------  ---------------------  -------------------  


------------------------------------------------------------------------------------------------
| Other Path Groups Table
| -----------------------
------------------------------------------------------------------------------------------------

Path Group    From Clock    To Clock          WNS(ns)      TNS(ns)  TNS Failing Endpoints  TNS Total Endpoints      WHS(ns)      THS(ns)  THS Failing Endpoints  THS Total Endpoints  
----------    ----------    --------          -------      -------  ---------------------  -------------------      -------      -------  ---------------------  -------------------  


------------------------------------------------------------------------------------------------
| Timing Details
| --------------
------------------------------------------------------------------------------------------------


---------------------------------------------------------------------------------------------------
From Clock:  ap_clk
  To Clock:  ap_clk

Setup :            0  Failing Endpoints,  Worst Slack        2.078ns,  Total Violation        0.000ns
Hold  :            0  Failing Endpoints,  Worst Slack        0.039ns,  Total Violation        0.000ns
PW    :            0  Failing Endpoints,  Worst Slack        4.458ns,  Total Violation        0.000ns
---------------------------------------------------------------------------------------------------


Max Delay Paths
--------------------------------------------------------------------------------------
Slack (MET) :             2.078ns  (required time - arrival time)
  Source:                 bd_0_i/hls_inst/inst/grp_compute_fu_208/grp_compute_Pipeline_VITIS_LOOP_137_2_fu_121/hadd_16ns_16ns_16_2_full_dsp_1_U37/din0_buf1_reg[8]/C
                            (rising edge-triggered cell FDRE clocked by ap_clk  {rise@0.000ns fall@5.000ns period=10.000ns})
  Destination:            bd_0_i/hls_inst/inst/reg_file_9_U/ram_reg_bram_0/DINBDIN[14]
                            (rising edge-triggered cell RAMB36E2 clocked by ap_clk  {rise@0.000ns fall@5.000ns period=10.000ns})
  Path Group:             ap_clk
  Path Type:              Setup (Max at Slow Process Corner)
  Requirement:            10.000ns  (ap_clk rise@10.000ns - ap_clk rise@0.000ns)
  Data Path Delay:        7.628ns  (logic 4.314ns (56.552%)  route 3.314ns (43.448%))
  Logic Levels:           21  (CARRY8=3 DSP_ALU=2 DSP_C_DATA=1 DSP_M_DATA=1 DSP_MULTIPLIER=1 DSP_OUTPUT=2 DSP_PREADD=1 DSP_PREADD_DATA=2 LUT3=2 LUT4=2 LUT5=1 LUT6=3)
  Clock Path Skew:        0.012ns (DCD - SCD + CPR)
    Destination Clock Delay (DCD):    0.040ns = ( 10.040 - 10.000 ) 
    Source Clock Delay      (SCD):    0.028ns
    Clock Pessimism Removal (CPR):    0.000ns
  Clock Uncertainty:      0.035ns  ((TSJ^2 + TIJ^2)^1/2 + DJ) / 2 + PE
    Total System Jitter     (TSJ):    0.071ns
    Total Input Jitter      (TIJ):    0.000ns
    Discrete Jitter          (DJ):    0.000ns
    Phase Error              (PE):    0.000ns

    Location             Delay type                Incr(ns)  Path(ns)    Netlist Resource(s)
  -------------------------------------------------------------------    -------------------
                         (clock ap_clk rise edge)     0.000     0.000 r  
                                                      0.000     0.000 r  ap_clk (IN)
                         net (fo=3170, unset)         0.028     0.028    bd_0_i/hls_inst/inst/grp_compute_fu_208/grp_compute_Pipeline_VITIS_LOOP_137_2_fu_121/hadd_16ns_16ns_16_2_full_dsp_1_U37/ap_clk
    SLICE_X52Y87         FDRE                                         r  bd_0_i/hls_inst/inst/grp_compute_fu_208/grp_compute_Pipeline_VITIS_LOOP_137_2_fu_121/hadd_16ns_16ns_16_2_full_dsp_1_U37/din0_buf1_reg[8]/C
  -------------------------------------------------------------------    -------------------
    SLICE_X52Y87         FDRE (Prop_AFF2_SLICEL_C_Q)
                                                      0.081     0.109 r  bd_0_i/hls_inst/inst/grp_compute_fu_208/grp_compute_Pipeline_VITIS_LOOP_137_2_fu_121/hadd_16ns_16ns_16_2_full_dsp_1_U37/din0_buf1_reg[8]/Q
                         net (fo=5, routed)           0.337     0.446    bd_0_i/hls_inst/inst/grp_compute_fu_208/grp_compute_Pipeline_VITIS_LOOP_137_2_fu_121/hadd_16ns_16ns_16_2_full_dsp_1_U37/corr_accel_hadd_16ns_16ns_16_2_full_dsp_1_ip_u/inst/i_synth/ADDSUB_OP.ADDSUB/DSP.OP/DSP48E1_BODY_HP.EXP/NUMB_CMP/NOT_FAST.CMP/s_axis_a_tdata[8]
    SLICE_X52Y99         LUT4 (Prop_E6LUT_SLICEL_I1_O)
                                                      0.147     0.593 r  bd_0_i/hls_inst/inst/grp_compute_fu_208/grp_compute_Pipeline_VITIS_LOOP_137_2_fu_121/hadd_16ns_16ns_16_2_full_dsp_1_U37/corr_accel_hadd_16ns_16ns_16_2_full_dsp_1_ip_u/inst/i_synth/ADDSUB_OP.ADDSUB/DSP.OP/DSP48E1_BODY_HP.EXP/NUMB_CMP/NOT_FAST.CMP/lut_op0_inferred__3/i_/O
                         net (fo=1, routed)           0.007     0.600    bd_0_i/hls_inst/inst/grp_compute_fu_208/grp_compute_Pipeline_VITIS_LOOP_137_2_fu_121/hadd_16ns_16ns_16_2_full_dsp_1_U37/corr_accel_hadd_16ns_16ns_16_2_full_dsp_1_ip_u/inst/i_synth/ADDSUB_OP.ADDSUB/DSP.OP/DSP48E1_BODY_HP.EXP/NUMB_CMP/NOT_FAST.CMP/C_CHAIN/A[4]
    SLICE_X52Y99         CARRY8 (Prop_CARRY8_SLICEL_S[4]_CO[7])
                                                      0.160     0.760 f  bd_0_i/hls_inst/inst/grp_compute_fu_208/grp_compute_Pipeline_VITIS_LOOP_137_2_fu_121/hadd_16ns_16ns_16_2_full_dsp_1_U37/corr_accel_hadd_16ns_16ns_16_2_full_dsp_1_ip_u/inst/i_synth/ADDSUB_OP.ADDSUB/DSP.OP/DSP48E1_BODY_HP.EXP/NUMB_CMP/NOT_FAST.CMP/C_CHAIN/CHAIN_GEN[0].C_MUX.CARRY_MUX_CARRY4_CARRY8/CO[7]
                         net (fo=14, routed)          0.423     1.183    bd_0_i/hls_inst/inst/grp_compute_fu_208/grp_compute_Pipeline_VITIS_LOOP_137_2_fu_121/hadd_16ns_16ns_16_2_full_dsp_1_U37/corr_accel_hadd_16ns_16ns_16_2_full_dsp_1_ip_u/inst/i_synth/ADDSUB_OP.ADDSUB/DSP.OP/DSP48E1_BODY_HP.ALIGN_ADD/DSP2/i_no_versal_es1_workaround.DSP/INMODE[1]
    DSP48E2_X4Y42        DSP_PREADD_DATA (Prop_DSP_PREADD_DATA_DSP48E2_INMODE[1]_PREADD_AB[22])
                                                      0.265     1.448 r  bd_0_i/hls_inst/inst/grp_compute_fu_208/grp_compute_Pipeline_VITIS_LOOP_137_2_fu_121/hadd_16ns_16ns_16_2_full_dsp_1_U37/corr_accel_hadd_16ns_16ns_16_2_full_dsp_1_ip_u/inst/i_synth/ADDSUB_OP.ADDSUB/DSP.OP/DSP48E1_BODY_HP.ALIGN_ADD/DSP2/i_no_versal_es1_workaround.DSP/DSP_PREADD_DATA_INST/PREADD_AB[22]
                         net (fo=1, routed)           0.000     1.448    bd_0_i/hls_inst/inst/grp_compute_fu_208/grp_compute_Pipeline_VITIS_LOOP_137_2_fu_121/hadd_16ns_16ns_16_2_full_dsp_1_U37/corr_accel_hadd_16ns_16ns_16_2_full_dsp_1_ip_u/inst/i_synth/ADDSUB_OP.ADDSUB/DSP.OP/DSP48E1_BODY_HP.ALIGN_ADD/DSP2/i_no_versal_es1_workaround.DSP/DSP_PREADD_DATA.PREADD_AB<22>
    DSP48E2_X4Y42        DSP_PREADD (Prop_DSP_PREADD_DSP48E2_PREADD_AB[22]_AD[22])
                                                      0.488     1.936 f  bd_0_i/hls_inst/inst/grp_compute_fu_208/grp_compute_Pipeline_VITIS_LOOP_137_2_fu_121/hadd_16ns_16ns_16_2_full_dsp_1_U37/corr_accel_hadd_16ns_16ns_16_2_full_dsp_1_ip_u/inst/i_synth/ADDSUB_OP.ADDSUB/DSP.OP/DSP48E1_BODY_HP.ALIGN_ADD/DSP2/i_no_versal_es1_workaround.DSP/DSP_PREADD_INST/AD[22]
                         net (fo=1, routed)           0.000     1.936    bd_0_i/hls_inst/inst/grp_compute_fu_208/grp_compute_Pipeline_VITIS_LOOP_137_2_fu_121/hadd_16ns_16ns_16_2_full_dsp_1_U37/corr_accel_hadd_16ns_16ns_16_2_full_dsp_1_ip_u/inst/i_synth/ADDSUB_OP.ADDSUB/DSP.OP/DSP48E1_BODY_HP.ALIGN_ADD/DSP2/i_no_versal_es1_workaround.DSP/DSP_PREADD.AD<22>
    DSP48E2_X4Y42        DSP_PREADD_DATA (Prop_DSP_PREADD_DATA_DSP48E2_AD[22]_AD_DATA[22])
                                                      0.050     1.986 r  bd_0_i/hls_inst/inst/grp_compute_fu_208/grp_compute_Pipeline_VITIS_LOOP_137_2_fu_121/hadd_16ns_16ns_16_2_full_dsp_1_U37/corr_accel_hadd_16ns_16ns_16_2_full_dsp_1_ip_u/inst/i_synth/ADDSUB_OP.ADDSUB/DSP.OP/DSP48E1_BODY_HP.ALIGN_ADD/DSP2/i_no_versal_es1_workaround.DSP/DSP_PREADD_DATA_INST/AD_DATA[22]
                         net (fo=1, routed)           0.000     1.986    bd_0_i/hls_inst/inst/grp_compute_fu_208/grp_compute_Pipeline_VITIS_LOOP_137_2_fu_121/hadd_16ns_16ns_16_2_full_dsp_1_U37/corr_accel_hadd_16ns_16ns_16_2_full_dsp_1_ip_u/inst/i_synth/ADDSUB_OP.ADDSUB/DSP.OP/DSP48E1_BODY_HP.ALIGN_ADD/DSP2/i_no_versal_es1_workaround.DSP/DSP_PREADD_DATA.AD_DATA<22>
    DSP48E2_X4Y42        DSP_MULTIPLIER (Prop_DSP_MULTIPLIER_DSP48E2_AD_DATA[22]_U[23])
                                                      0.612     2.598 f  bd_0_i/hls_inst/inst/grp_compute_fu_208/grp_compute_Pipeline_VITIS_LOOP_137_2_fu_121/hadd_16ns_16ns_16_2_full_dsp_1_U37/corr_accel_hadd_16ns_16ns_16_2_full_dsp_1_ip_u/inst/i_synth/ADDSUB_OP.ADDSUB/DSP.OP/DSP48E1_BODY_HP.ALIGN_ADD/DSP2/i_no_versal_es1_workaround.DSP/DSP_MULTIPLIER_INST/U[23]
                         net (fo=1, routed)           0.000     2.598    bd_0_i/hls_inst/inst/grp_compute_fu_208/grp_compute_Pipeline_VITIS_LOOP_137_2_fu_121/hadd_16ns_16ns_16_2_full_dsp_1_U37/corr_accel_hadd_16ns_16ns_16_2_full_dsp_1_ip_u/inst/i_synth/ADDSUB_OP.ADDSUB/DSP.OP/DSP48E1_BODY_HP.ALIGN_ADD/DSP2/i_no_versal_es1_workaround.DSP/DSP_MULTIPLIER.U<23>
    DSP48E2_X4Y42        DSP_M_DATA (Prop_DSP_M_DATA_DSP48E2_U[23]_U_DATA[23])
                                                      0.047     2.645 r  bd_0_i/hls_inst/inst/grp_compute_fu_208/grp_compute_Pipeline_VITIS_LOOP_137_2_fu_121/hadd_16ns_16ns_16_2_full_dsp_1_U37/corr_accel_hadd_16ns_16ns_16_2_full_dsp_1_ip_u/inst/i_synth/ADDSUB_OP.ADDSUB/DSP.OP/DSP48E1_BODY_HP.ALIGN_ADD/DSP2/i_no_versal_es1_workaround.DSP/DSP_M_DATA_INST/U_DATA[23]
                         net (fo=1, routed)           0.000     2.645    bd_0_i/hls_inst/inst/grp_compute_fu_208/grp_compute_Pipeline_VITIS_LOOP_137_2_fu_121/hadd_16ns_16ns_16_2_full_dsp_1_U37/corr_accel_hadd_16ns_16ns_16_2_full_dsp_1_ip_u/inst/i_synth/ADDSUB_OP.ADDSUB/DSP.OP/DSP48E1_BODY_HP.ALIGN_ADD/DSP2/i_no_versal_es1_workaround.DSP/DSP_M_DATA.U_DATA<23>
    DSP48E2_X4Y42        DSP_ALU (Prop_DSP_ALU_DSP48E2_U_DATA[23]_ALU_OUT[23])
                                                      0.585     3.230 r  bd_0_i/hls_inst/inst/grp_compute_fu_208/grp_compute_Pipeline_VITIS_LOOP_137_2_fu_121/hadd_16ns_16ns_16_2_full_dsp_1_U37/corr_accel_hadd_16ns_16ns_16_2_full_dsp_1_ip_u/inst/i_synth/ADDSUB_OP.ADDSUB/DSP.OP/DSP48E1_BODY_HP.ALIGN_ADD/DSP2/i_no_versal_es1_workaround.DSP/DSP_ALU_INST/ALU_OUT[23]
                         net (fo=1, routed)           0.000     3.230    bd_0_i/hls_inst/inst/grp_compute_fu_208/grp_compute_Pipeline_VITIS_LOOP_137_2_fu_121/hadd_16ns_16ns_16_2_full_dsp_1_U37/corr_accel_hadd_16ns_16ns_16_2_full_dsp_1_ip_u/inst/i_synth/ADDSUB_OP.ADDSUB/DSP.OP/DSP48E1_BODY_HP.ALIGN_ADD/DSP2/i_no_versal_es1_workaround.DSP/DSP_ALU.ALU_OUT<23>
    DSP48E2_X4Y42        DSP_OUTPUT (Prop_DSP_OUTPUT_DSP48E2_ALU_OUT[23]_P[23])
                                                      0.109     3.339 f  bd_0_i/hls_inst/inst/grp_compute_fu_208/grp_compute_Pipeline_VITIS_LOOP_137_2_fu_121/hadd_16ns_16ns_16_2_full_dsp_1_U37/corr_accel_hadd_16ns_16ns_16_2_full_dsp_1_ip_u/inst/i_synth/ADDSUB_OP.ADDSUB/DSP.OP/DSP48E1_BODY_HP.ALIGN_ADD/DSP2/i_no_versal_es1_workaround.DSP/DSP_OUTPUT_INST/P[23]
                         net (fo=5, routed)           0.232     3.571    bd_0_i/hls_inst/inst/grp_compute_fu_208/grp_compute_Pipeline_VITIS_LOOP_137_2_fu_121/hadd_16ns_16ns_16_2_full_dsp_1_U37/corr_accel_hadd_16ns_16ns_16_2_full_dsp_1_ip_u/inst/i_synth/ADDSUB_OP.ADDSUB/DSP.OP/DSP48E1_BODY_HP.NORM_RND/FULL_USAGE_DSP.LOD/P[10]
    SLICE_X53Y108        LUT4 (Prop_B6LUT_SLICEM_I0_O)
                                                      0.149     3.720 r  bd_0_i/hls_inst/inst/grp_compute_fu_208/grp_compute_Pipeline_VITIS_LOOP_137_2_fu_121/hadd_16ns_16ns_16_2_full_dsp_1_U37/corr_accel_hadd_16ns_16ns_16_2_full_dsp_1_ip_u/inst/i_synth/ADDSUB_OP.ADDSUB/DSP.OP/DSP48E1_BODY_HP.NORM_RND/FULL_USAGE_DSP.LOD/DIST_ENC[0].i_det_lut1/O
                         net (fo=1, routed)           0.016     3.736    bd_0_i/hls_inst/inst/grp_compute_fu_208/grp_compute_Pipeline_VITIS_LOOP_137_2_fu_121/hadd_16ns_16ns_16_2_full_dsp_1_U37/corr_accel_hadd_16ns_16ns_16_2_full_dsp_1_ip_u/inst/i_synth/ADDSUB_OP.ADDSUB/DSP.OP/DSP48E1_BODY_HP.NORM_RND/FULL_USAGE_DSP.LOD/det_lut_lzd_1
    SLICE_X53Y108        CARRY8 (Prop_CARRY8_SLICEM_S[1]_CO[5])
                                                      0.199     3.935 r  bd_0_i/hls_inst/inst/grp_compute_fu_208/grp_compute_Pipeline_VITIS_LOOP_137_2_fu_121/hadd_16ns_16ns_16_2_full_dsp_1_U37/corr_accel_hadd_16ns_16ns_16_2_full_dsp_1_ip_u/inst/i_synth/ADDSUB_OP.ADDSUB/DSP.OP/DSP48E1_BODY_HP.NORM_RND/FULL_USAGE_DSP.LOD/DET_GEN[0].CARRY_MUX_CARRY4_CARRY8/CO[5]
                         net (fo=5, routed)           0.137     4.072    bd_0_i/hls_inst/inst/grp_compute_fu_208/grp_compute_Pipeline_VITIS_LOOP_137_2_fu_121/hadd_16ns_16ns_16_2_full_dsp_1_U37/corr_accel_hadd_16ns_16ns_16_2_full_dsp_1_ip_u/inst/i_synth/ADDSUB_OP.ADDSUB/DSP.OP/DSP48E1_BODY_HP.NORM_RND/FULL_USAGE_DSP.LOD/zero_pair_lzd_6
    SLICE_X53Y109        LUT3 (Prop_C5LUT_SLICEM_I0_O)
                                                      0.111     4.183 r  bd_0_i/hls_inst/inst/grp_compute_fu_208/grp_compute_Pipeline_VITIS_LOOP_137_2_fu_121/hadd_16ns_16ns_16_2_full_dsp_1_U37/corr_accel_hadd_16ns_16ns_16_2_full_dsp_1_ip_u/inst/i_synth/ADDSUB_OP.ADDSUB/DSP.OP/DSP48E1_BODY_HP.NORM_RND/FULL_USAGE_DSP.LOD/gen_lut_pairs[2].lutpairmode1.lutXo6_i_1/O
                         net (fo=3, routed)           0.139     4.322    bd_0_i/hls_inst/inst/grp_compute_fu_208/grp_compute_Pipeline_VITIS_LOOP_137_2_fu_121/hadd_16ns_16ns_16_2_full_dsp_1_U37/corr_accel_hadd_16ns_16ns_16_2_full_dsp_1_ip_u/inst/i_synth/ADDSUB_OP.ADDSUB/DSP.OP/DSP48E1_BODY_HP.NORM_RND/FULL_USAGE_DSP.LOD/c[2]
    SLICE_X53Y107        LUT6 (Prop_H6LUT_SLICEM_I3_O)
                                                      0.039     4.361 f  bd_0_i/hls_inst/inst/grp_compute_fu_208/grp_compute_Pipeline_VITIS_LOOP_137_2_fu_121/hadd_16ns_16ns_16_2_full_dsp_1_U37/corr_accel_hadd_16ns_16ns_16_2_full_dsp_1_ip_u/inst/i_synth/ADDSUB_OP.ADDSUB/DSP.OP/DSP48E1_BODY_HP.NORM_RND/FULL_USAGE_DSP.LOD/LSBaddmode1.lut0o6_i_1/O
                         net (fo=2, routed)           0.301     4.662    bd_0_i/hls_inst/inst/grp_compute_fu_208/grp_compute_Pipeline_VITIS_LOOP_137_2_fu_121/hadd_16ns_16ns_16_2_full_dsp_1_U37/corr_accel_hadd_16ns_16ns_16_2_full_dsp_1_ip_u/inst/i_synth/ADDSUB_OP.ADDSUB/DSP.OP/DSP48E1_BODY_HP.EXP/NOT_LOW_LATENCY_NORM_DIST.STRUCT_ADD/LSBaddmode1.lut0o6/I4
    SLICE_X52Y105        LUT5 (Prop_A5LUT_SLICEL_I4_O)
                                                      0.069     4.731 r  bd_0_i/hls_inst/inst/grp_compute_fu_208/grp_compute_Pipeline_VITIS_LOOP_137_2_fu_121/hadd_16ns_16ns_16_2_full_dsp_1_U37/corr_accel_hadd_16ns_16ns_16_2_full_dsp_1_ip_u/inst/i_synth/ADDSUB_OP.ADDSUB/DSP.OP/DSP48E1_BODY_HP.EXP/NOT_LOW_LATENCY_NORM_DIST.STRUCT_ADD/LSBaddmode1.lut0o6/LUT5/O
                         net (fo=3, routed)           0.184     4.915    bd_0_i/hls_inst/inst/grp_compute_fu_208/grp_compute_Pipeline_VITIS_LOOP_137_2_fu_121/hadd_16ns_16ns_16_2_full_dsp_1_U37/corr_accel_hadd_16ns_16ns_16_2_full_dsp_1_ip_u/inst/i_synth/ADDSUB_OP.ADDSUB/DSP.OP/DSP48E1_BODY_HP.EXP/NOT_LOW_LATENCY_NORM_DIST.STRUCT_ADD/gen_lut_pairs[1].lutpairmode1.lutXo6/I4
    SLICE_X52Y105        LUT6 (Prop_B6LUT_SLICEL_I4_O)
                                                      0.051     4.966 r  bd_0_i/hls_inst/inst/grp_compute_fu_208/grp_compute_Pipeline_VITIS_LOOP_137_2_fu_121/hadd_16ns_16ns_16_2_full_dsp_1_U37/corr_accel_hadd_16ns_16ns_16_2_full_dsp_1_ip_u/inst/i_synth/ADDSUB_OP.ADDSUB/DSP.OP/DSP48E1_BODY_HP.EXP/NOT_LOW_LATENCY_NORM_DIST.STRUCT_ADD/gen_lut_pairs[1].lutpairmode1.lutXo6/LUT6/O
                         net (fo=1, routed)           0.009     4.975    bd_0_i/hls_inst/inst/grp_compute_fu_208/grp_compute_Pipeline_VITIS_LOOP_137_2_fu_121/hadd_16ns_16ns_16_2_full_dsp_1_U37/corr_accel_hadd_16ns_16ns_16_2_full_dsp_1_ip_u/inst/i_synth/ADDSUB_OP.ADDSUB/DSP.OP/DSP48E1_BODY_HP.EXP/NOT_LOW_LATENCY_NORM_DIST.STRUCT_ADD/o6lut_i[1]
    SLICE_X52Y105        CARRY8 (Prop_CARRY8_SLICEL_S[1]_O[4])
                                                      0.200     5.175 r  bd_0_i/hls_inst/inst/grp_compute_fu_208/grp_compute_Pipeline_VITIS_LOOP_137_2_fu_121/hadd_16ns_16ns_16_2_full_dsp_1_U37/corr_accel_hadd_16ns_16ns_16_2_full_dsp_1_ip_u/inst/i_synth/ADDSUB_OP.ADDSUB/DSP.OP/DSP48E1_BODY_HP.EXP/NOT_LOW_LATENCY_NORM_DIST.STRUCT_ADD/gen_carry4s[0].gen_carry4.y0.mcy00_CARRY4_CARRY8/O[4]
                         net (fo=3, routed)           0.435     5.610    bd_0_i/hls_inst/inst/grp_compute_fu_208/grp_compute_Pipeline_VITIS_LOOP_137_2_fu_121/hadd_16ns_16ns_16_2_full_dsp_1_U37/corr_accel_hadd_16ns_16ns_16_2_full_dsp_1_ip_u/inst/i_synth/ADDSUB_OP.ADDSUB/DSP.OP/DSP48E1_BODY_HP.NORM_RND/FULL_USAGE_DSP.SHIFT_RND/i_no_versal_es1_workaround.DSP/C[18]
    DSP48E2_X4Y43        DSP_C_DATA (Prop_DSP_C_DATA_DSP48E2_C[18]_C_DATA[18])
                                                      0.105     5.715 r  bd_0_i/hls_inst/inst/grp_compute_fu_208/grp_compute_Pipeline_VITIS_LOOP_137_2_fu_121/hadd_16ns_16ns_16_2_full_dsp_1_U37/corr_accel_hadd_16ns_16ns_16_2_full_dsp_1_ip_u/inst/i_synth/ADDSUB_OP.ADDSUB/DSP.OP/DSP48E1_BODY_HP.NORM_RND/FULL_USAGE_DSP.SHIFT_RND/i_no_versal_es1_workaround.DSP/DSP_C_DATA_INST/C_DATA[18]
                         net (fo=2, routed)           0.000     5.715    bd_0_i/hls_inst/inst/grp_compute_fu_208/grp_compute_Pipeline_VITIS_LOOP_137_2_fu_121/hadd_16ns_16ns_16_2_full_dsp_1_U37/corr_accel_hadd_16ns_16ns_16_2_full_dsp_1_ip_u/inst/i_synth/ADDSUB_OP.ADDSUB/DSP.OP/DSP48E1_BODY_HP.NORM_RND/FULL_USAGE_DSP.SHIFT_RND/i_no_versal_es1_workaround.DSP/DSP_C_DATA.C_DATA<18>
    DSP48E2_X4Y43        DSP_ALU (Prop_DSP_ALU_DSP48E2_C_DATA[18]_ALU_OUT[18])
                                                      0.585     6.300 f  bd_0_i/hls_inst/inst/grp_compute_fu_208/grp_compute_Pipeline_VITIS_LOOP_137_2_fu_121/hadd_16ns_16ns_16_2_full_dsp_1_U37/corr_accel_hadd_16ns_16ns_16_2_full_dsp_1_ip_u/inst/i_synth/ADDSUB_OP.ADDSUB/DSP.OP/DSP48E1_BODY_HP.NORM_RND/FULL_USAGE_DSP.SHIFT_RND/i_no_versal_es1_workaround.DSP/DSP_ALU_INST/ALU_OUT[18]
                         net (fo=1, routed)           0.000     6.300    bd_0_i/hls_inst/inst/grp_compute_fu_208/grp_compute_Pipeline_VITIS_LOOP_137_2_fu_121/hadd_16ns_16ns_16_2_full_dsp_1_U37/corr_accel_hadd_16ns_16ns_16_2_full_dsp_1_ip_u/inst/i_synth/ADDSUB_OP.ADDSUB/DSP.OP/DSP48E1_BODY_HP.NORM_RND/FULL_USAGE_DSP.SHIFT_RND/i_no_versal_es1_workaround.DSP/DSP_ALU.ALU_OUT<18>
    DSP48E2_X4Y43        DSP_OUTPUT (Prop_DSP_OUTPUT_DSP48E2_ALU_OUT[18]_P[18])
                                                      0.109     6.409 r  bd_0_i/hls_inst/inst/grp_compute_fu_208/grp_compute_Pipeline_VITIS_LOOP_137_2_fu_121/hadd_16ns_16ns_16_2_full_dsp_1_U37/corr_accel_hadd_16ns_16ns_16_2_full_dsp_1_ip_u/inst/i_synth/ADDSUB_OP.ADDSUB/DSP.OP/DSP48E1_BODY_HP.NORM_RND/FULL_USAGE_DSP.SHIFT_RND/i_no_versal_es1_workaround.DSP/DSP_OUTPUT_INST/P[18]
                         net (fo=1, routed)           0.404     6.813    bd_0_i/hls_inst/inst/grp_compute_fu_208/grp_compute_Pipeline_VITIS_LOOP_137_2_fu_121/hadd_16ns_16ns_16_2_full_dsp_1_U37/corr_accel_hadd_16ns_16ns_16_2_full_dsp_1_ip_u/inst/i_synth/ADDSUB_OP.ADDSUB/DSP.OP/DSP48E1_BODY_HP.NORM_RND/FULL_USAGE_DSP.LOD/ram_reg_bram_0_2[4]
    SLICE_X53Y77         LUT6 (Prop_C6LUT_SLICEM_I4_O)
                                                      0.088     6.901 r  bd_0_i/hls_inst/inst/grp_compute_fu_208/grp_compute_Pipeline_VITIS_LOOP_137_2_fu_121/hadd_16ns_16ns_16_2_full_dsp_1_U37/corr_accel_hadd_16ns_16ns_16_2_full_dsp_1_ip_u/inst/i_synth/ADDSUB_OP.ADDSUB/DSP.OP/DSP48E1_BODY_HP.NORM_RND/FULL_USAGE_DSP.LOD/m_axis_result_tdata[14]_INST_0/O
                         net (fo=2, routed)           0.349     7.250    bd_0_i/hls_inst/inst/grp_compute_fu_208/grp_compute_Pipeline_VITIS_LOOP_137_2_fu_121/hadd_16ns_16ns_16_2_full_dsp_1_U37/corr_accel_hadd_16ns_16ns_16_2_full_dsp_1_ip_u/grp_compute_fu_208_reg_file_4_1_d0[14]
    SLICE_X52Y67         LUT3 (Prop_H5LUT_SLICEL_I0_O)
                                                      0.065     7.315 r  bd_0_i/hls_inst/inst/grp_compute_fu_208/grp_compute_Pipeline_VITIS_LOOP_137_2_fu_121/hadd_16ns_16ns_16_2_full_dsp_1_U37/corr_accel_hadd_16ns_16ns_16_2_full_dsp_1_ip_u/ram_reg_bram_0_i_2__7/O
                         net (fo=1, routed)           0.341     7.656    bd_0_i/hls_inst/inst/reg_file_9_U/ram_reg_bram_0_3[14]
    RAMB36_X1Y11         RAMB36E2                                     r  bd_0_i/hls_inst/inst/reg_file_9_U/ram_reg_bram_0/DINBDIN[14]
  -------------------------------------------------------------------    -------------------

                         (clock ap_clk rise edge)    10.000    10.000 r  
                                                      0.000    10.000 r  ap_clk (IN)
                         net (fo=3170, unset)         0.040    10.040    bd_0_i/hls_inst/inst/reg_file_9_U/ap_clk
    RAMB36_X1Y11         RAMB36E2                                     r  bd_0_i/hls_inst/inst/reg_file_9_U/ram_reg_bram_0/CLKBWRCLK
                         clock pessimism              0.000    10.040    
                         clock uncertainty           -0.035    10.005    
    RAMB36_X1Y11         RAMB36E2 (Setup_RAMB36E2_RAMB36_CLKBWRCLK_DINBDIN[14])
                                                     -0.270     9.735    bd_0_i/hls_inst/inst/reg_file_9_U/ram_reg_bram_0
  -------------------------------------------------------------------
                         required time                          9.735    
                         arrival time                          -7.656    
  -------------------------------------------------------------------
                         slack                                  2.078    





Min Delay Paths
--------------------------------------------------------------------------------------
Slack (MET) :             0.039ns  (arrival time - required time)
  Source:                 bd_0_i/hls_inst/inst/data_m_axi_U/bus_write/fifo_burst/mOutPtr_reg[2]/C
                            (rising edge-triggered cell FDRE clocked by ap_clk  {rise@0.000ns fall@5.000ns period=10.000ns})
  Destination:            bd_0_i/hls_inst/inst/data_m_axi_U/bus_write/fifo_burst/mOutPtr_reg[3]/D
                            (rising edge-triggered cell FDRE clocked by ap_clk  {rise@0.000ns fall@5.000ns period=10.000ns})
  Path Group:             ap_clk
  Path Type:              Hold (Min at Fast Process Corner)
  Requirement:            0.000ns  (ap_clk rise@0.000ns - ap_clk rise@0.000ns)
  Data Path Delay:        0.092ns  (logic 0.059ns (64.172%)  route 0.033ns (35.828%))
  Logic Levels:           1  (LUT5=1)
  Clock Path Skew:        0.006ns (DCD - SCD - CPR)
    Destination Clock Delay (DCD):    0.019ns
    Source Clock Delay      (SCD):    0.013ns
    Clock Pessimism Removal (CPR):    -0.000ns

    Location             Delay type                Incr(ns)  Path(ns)    Netlist Resource(s)
  -------------------------------------------------------------------    -------------------
                         (clock ap_clk rise edge)     0.000     0.000 r  
                                                      0.000     0.000 r  ap_clk (IN)
                         net (fo=3170, unset)         0.013     0.013    bd_0_i/hls_inst/inst/data_m_axi_U/bus_write/fifo_burst/ap_clk
    SLICE_X52Y107        FDRE                                         r  bd_0_i/hls_inst/inst/data_m_axi_U/bus_write/fifo_burst/mOutPtr_reg[2]/C
  -------------------------------------------------------------------    -------------------
    SLICE_X52Y107        FDRE (Prop_HFF_SLICEL_C_Q)
                                                      0.039     0.052 r  bd_0_i/hls_inst/inst/data_m_axi_U/bus_write/fifo_burst/mOutPtr_reg[2]/Q
                         net (fo=5, routed)           0.027     0.079    bd_0_i/hls_inst/inst/data_m_axi_U/bus_write/fifo_burst/U_fifo_srl/mOutPtr_reg[4][2]
    SLICE_X52Y107        LUT5 (Prop_H5LUT_SLICEL_I2_O)
                                                      0.020     0.099 r  bd_0_i/hls_inst/inst/data_m_axi_U/bus_write/fifo_burst/U_fifo_srl/mOutPtr[3]_i_1__5/O
                         net (fo=1, routed)           0.006     0.105    bd_0_i/hls_inst/inst/data_m_axi_U/bus_write/fifo_burst/U_fifo_srl_n_15
    SLICE_X52Y107        FDRE                                         r  bd_0_i/hls_inst/inst/data_m_axi_U/bus_write/fifo_burst/mOutPtr_reg[3]/D
  -------------------------------------------------------------------    -------------------

                         (clock ap_clk rise edge)     0.000     0.000 r  
                                                      0.000     0.000 r  ap_clk (IN)
                         net (fo=3170, unset)         0.019     0.019    bd_0_i/hls_inst/inst/data_m_axi_U/bus_write/fifo_burst/ap_clk
    SLICE_X52Y107        FDRE                                         r  bd_0_i/hls_inst/inst/data_m_axi_U/bus_write/fifo_burst/mOutPtr_reg[3]/C
                         clock pessimism              0.000     0.019    
    SLICE_X52Y107        FDRE (Hold_HFF2_SLICEL_C_D)
                                                      0.047     0.066    bd_0_i/hls_inst/inst/data_m_axi_U/bus_write/fifo_burst/mOutPtr_reg[3]
  -------------------------------------------------------------------
                         required time                         -0.066    
                         arrival time                           0.105    
  -------------------------------------------------------------------
                         slack                                  0.039    





Pulse Width Checks
--------------------------------------------------------------------------------------
Clock Name:         ap_clk
Waveform(ns):       { 0.000 5.000 }
Period(ns):         10.000
Sources:            { ap_clk }

Check Type        Corner  Lib Pin             Reference Pin  Required(ns)  Actual(ns)  Slack(ns)  Location      Pin
Min Period        n/a     RAMB36E2/CLKARDCLK  n/a            1.569         10.000      8.431      RAMB36_X1Y14  bd_0_i/hls_inst/inst/data_m_axi_U/load_unit/buff_rdata/U_fifo_mem/mem_reg/CLKARDCLK
Low Pulse Width   Slow    RAMB36E2/CLKARDCLK  n/a            0.542         5.000       4.458      RAMB36_X1Y14  bd_0_i/hls_inst/inst/data_m_axi_U/load_unit/buff_rdata/U_fifo_mem/mem_reg/CLKARDCLK
High Pulse Width  Slow    RAMB36E2/CLKARDCLK  n/a            0.542         5.000       4.458      RAMB36_X1Y14  bd_0_i/hls_inst/inst/data_m_axi_U/load_unit/buff_rdata/U_fifo_mem/mem_reg/CLKARDCLK



