

================================================================
== Vitis HLS Report for 'compute_Pipeline_VITIS_LOOP_133_1'
================================================================
* Date:           Thu Jan 12 15:09:12 2023

* Version:        2022.2 (Build 3670227 on Oct 13 2022)
* Project:        dot-max-sharing
* Solution:       zcu104 (Vivado IP Flow Target)
* Product family: zynquplus
* Target device:  xczu7ev-ffvc1156-2-e


================================================================
== Performance Estimates
================================================================
+ Timing: 
    * Summary: 
    +--------+----------+----------+------------+
    |  Clock |  Target  | Estimated| Uncertainty|
    +--------+----------+----------+------------+
    |ap_clk  |  10.00 ns|  6.331 ns|     2.70 ns|
    +--------+----------+----------+------------+

+ Latency: 
    * Summary: 
    +---------+---------+----------+----------+-----+-----+---------+
    |  Latency (cycles) |  Latency (absolute) |  Interval | Pipeline|
    |   min   |   max   |    min   |    max   | min | max |   Type  |
    +---------+---------+----------+----------+-----+-----+---------+
    |       69|       69|  0.690 us|  0.690 us|   69|   69|       no|
    +---------+---------+----------+----------+-----+-----+---------+

    + Detail: 
        * Instance: 
        N/A

        * Loop: 
        +--------------------+---------+---------+----------+-----------+-----------+------+----------+
        |                    |  Latency (cycles) | Iteration|  Initiation Interval  | Trip |          |
        |      Loop Name     |   min   |   max   |  Latency |  achieved |   target  | Count| Pipelined|
        +--------------------+---------+---------+----------+-----------+-----------+------+----------+
        |- VITIS_LOOP_133_1  |       67|       67|         5|          1|          1|    64|       yes|
        +--------------------+---------+---------+----------+-----------+-----------+------+----------+

============================================================
+ Verbose Summary: Synthesis Manager
============================================================
InlineROM: 1
ExposeGlobal: 0
============================================================
+ Verbose Summary: CDFG Model
============================================================
IsTopModel: 0
ResetActiveHigh: 1
IsCombinational: 0
IsDatapathOnly: 0
HasWiredReturn: 1
HasMFsm: 2
HasVarLatency: 1
IsPipeline: 0
IsRtlPipelined: 0
IsInstanceOverlapped: 0
IsDontTouch: 0
HasImplIP: 0
IsGatedGlobalClock: 0

+ Individual pipeline summary: 
  * Pipeline-0: initiation interval (II) = 1, depth = 5


============================================================
+ Verbose Summary: Schedule
============================================================
* Number of FSM states : 5
* Pipeline : 1
  Pipeline-0 : II = 1, D = 5, States = { 1 2 3 4 5 }
* Dataflow Pipeline: 0

* FSM state transitions: 
1 --> 2 
2 --> 3 
3 --> 4 
4 --> 5 
5 --> 

* FSM state operations: 

State 1 <SV = 0> <Delay = 1.24>
ST_1 : Operation 8 [1/1] (0.00ns)   --->   "%ret = alloca i32 1"   --->   Operation 8 'alloca' 'ret' <Predicate = true> <Delay = 0.00>
ST_1 : Operation 9 [1/1] (0.00ns)   --->   "%i = alloca i32 1"   --->   Operation 9 'alloca' 'i' <Predicate = true> <Delay = 0.00>
ST_1 : Operation 10 [1/1] (0.00ns)   --->   "%specmemcore_ln0 = specmemcore void @_ssdm_op_SpecMemCore, i16 %reg_file_3_1, i64 666, i64 30, i64 18446744073709551615"   --->   Operation 10 'specmemcore' 'specmemcore_ln0' <Predicate = true> <Delay = 0.00>
ST_1 : Operation 11 [1/1] (0.00ns)   --->   "%specmemcore_ln0 = specmemcore void @_ssdm_op_SpecMemCore, i16 %reg_file_3_0, i64 666, i64 30, i64 18446744073709551615"   --->   Operation 11 'specmemcore' 'specmemcore_ln0' <Predicate = true> <Delay = 0.00>
ST_1 : Operation 12 [1/1] (0.00ns)   --->   "%specmemcore_ln0 = specmemcore void @_ssdm_op_SpecMemCore, i16 %reg_file_2_1, i64 666, i64 30, i64 18446744073709551615"   --->   Operation 12 'specmemcore' 'specmemcore_ln0' <Predicate = true> <Delay = 0.00>
ST_1 : Operation 13 [1/1] (0.00ns)   --->   "%specmemcore_ln0 = specmemcore void @_ssdm_op_SpecMemCore, i16 %reg_file_2_0, i64 666, i64 30, i64 18446744073709551615"   --->   Operation 13 'specmemcore' 'specmemcore_ln0' <Predicate = true> <Delay = 0.00>
ST_1 : Operation 14 [1/1] (0.42ns)   --->   "%store_ln0 = store i7 0, i7 %i"   --->   Operation 14 'store' 'store_ln0' <Predicate = true> <Delay = 0.42>
ST_1 : Operation 15 [1/1] (0.42ns)   --->   "%store_ln0 = store i16 0, i16 %ret"   --->   Operation 15 'store' 'store_ln0' <Predicate = true> <Delay = 0.42>
ST_1 : Operation 16 [1/1] (0.00ns)   --->   "%br_ln0 = br void %for.inc"   --->   Operation 16 'br' 'br_ln0' <Predicate = true> <Delay = 0.00>
ST_1 : Operation 17 [1/1] (0.00ns)   --->   "%i_7 = load i7 %i" [dot-max-sharing/src/correlation.cpp:139]   --->   Operation 17 'load' 'i_7' <Predicate = true> <Delay = 0.00>
ST_1 : Operation 18 [1/1] (0.00ns)   --->   "%specpipeline_ln0 = specpipeline void @_ssdm_op_SpecPipeline, i32 4294967295, i32 0, i32 1, i32 0, void @p_str"   --->   Operation 18 'specpipeline' 'specpipeline_ln0' <Predicate = true> <Delay = 0.00>
ST_1 : Operation 19 [1/1] (0.81ns)   --->   "%icmp_ln133 = icmp_eq  i7 %i_7, i7 64" [dot-max-sharing/src/correlation.cpp:133]   --->   Operation 19 'icmp' 'icmp_ln133' <Predicate = true> <Delay = 0.81> <CoreInst = "Cmp">   --->   Core 9 'Cmp' <Latency = 0> <II = 1> <Delay = 0.81> <FuncUnit> <Opcode : 'icmp'> <InPorts = 2> <OutPorts = 1>
ST_1 : Operation 20 [1/1] (0.00ns)   --->   "%empty = speclooptripcount i32 @_ssdm_op_SpecLoopTripCount, i64 64, i64 64, i64 64"   --->   Operation 20 'speclooptripcount' 'empty' <Predicate = true> <Delay = 0.00>
ST_1 : Operation 21 [1/1] (0.77ns)   --->   "%add_ln133 = add i7 %i_7, i7 1" [dot-max-sharing/src/correlation.cpp:133]   --->   Operation 21 'add' 'add_ln133' <Predicate = true> <Delay = 0.77> <CoreInst = "Adder">   --->   Core 1 'Adder' <Latency = 0> <II = 1> <Delay = 0.77> <FuncUnit> <Opcode : 'add' 'sub'> <InPorts = 2> <OutPorts = 1>
ST_1 : Operation 22 [1/1] (0.00ns)   --->   "%br_ln133 = br i1 %icmp_ln133, void %fpga_resource_limit_hint.for.inc.1_begin, void %for.end.exitStub" [dot-max-sharing/src/correlation.cpp:133]   --->   Operation 22 'br' 'br_ln133' <Predicate = true> <Delay = 0.00>
ST_1 : Operation 23 [1/1] (0.00ns)   --->   "%lshr_ln = partselect i5 @_ssdm_op_PartSelect.i5.i7.i32.i32, i7 %i_7, i32 1, i32 5" [dot-max-sharing/src/correlation.cpp:139]   --->   Operation 23 'partselect' 'lshr_ln' <Predicate = (!icmp_ln133)> <Delay = 0.00>
ST_1 : Operation 24 [1/1] (0.00ns)   --->   "%zext_ln139 = zext i5 %lshr_ln" [dot-max-sharing/src/correlation.cpp:139]   --->   Operation 24 'zext' 'zext_ln139' <Predicate = (!icmp_ln133)> <Delay = 0.00>
ST_1 : Operation 25 [1/1] (0.00ns)   --->   "%reg_file_2_0_addr = getelementptr i16 %reg_file_2_0, i64 0, i64 %zext_ln139" [dot-max-sharing/src/correlation.cpp:139]   --->   Operation 25 'getelementptr' 'reg_file_2_0_addr' <Predicate = (!icmp_ln133)> <Delay = 0.00>
ST_1 : Operation 26 [1/1] (0.00ns)   --->   "%reg_file_2_1_addr = getelementptr i16 %reg_file_2_1, i64 0, i64 %zext_ln139" [dot-max-sharing/src/correlation.cpp:139]   --->   Operation 26 'getelementptr' 'reg_file_2_1_addr' <Predicate = (!icmp_ln133)> <Delay = 0.00>
ST_1 : Operation 27 [1/1] (0.00ns)   --->   "%trunc_ln139 = trunc i7 %i_7" [dot-max-sharing/src/correlation.cpp:139]   --->   Operation 27 'trunc' 'trunc_ln139' <Predicate = (!icmp_ln133)> <Delay = 0.00>
ST_1 : Operation 28 [2/2] (1.23ns)   --->   "%reg_file_2_0_load = load i11 %reg_file_2_0_addr" [dot-max-sharing/src/correlation.cpp:139]   --->   Operation 28 'load' 'reg_file_2_0_load' <Predicate = (!icmp_ln133)> <Delay = 1.23> <CoreInst = "RAM_T2P_BRAM">   --->   Core 99 'RAM_T2P_BRAM' <Latency = 1> <II = 1> <Delay = 1.23> <Storage> <Opcode : 'load' 'store'> <Ports = 2> <Width = 16> <Depth = 2048> <RAM>
ST_1 : Operation 29 [2/2] (1.23ns)   --->   "%reg_file_2_1_load = load i11 %reg_file_2_1_addr" [dot-max-sharing/src/correlation.cpp:139]   --->   Operation 29 'load' 'reg_file_2_1_load' <Predicate = (!icmp_ln133)> <Delay = 1.23> <CoreInst = "RAM_T2P_BRAM">   --->   Core 99 'RAM_T2P_BRAM' <Latency = 1> <II = 1> <Delay = 1.23> <Storage> <Opcode : 'load' 'store'> <Ports = 2> <Width = 16> <Depth = 2048> <RAM>
ST_1 : Operation 30 [1/1] (0.00ns)   --->   "%reg_file_3_0_addr = getelementptr i16 %reg_file_3_0, i64 0, i64 %zext_ln139" [dot-max-sharing/src/correlation.cpp:140]   --->   Operation 30 'getelementptr' 'reg_file_3_0_addr' <Predicate = (!icmp_ln133)> <Delay = 0.00>
ST_1 : Operation 31 [1/1] (0.00ns)   --->   "%reg_file_3_1_addr = getelementptr i16 %reg_file_3_1, i64 0, i64 %zext_ln139" [dot-max-sharing/src/correlation.cpp:140]   --->   Operation 31 'getelementptr' 'reg_file_3_1_addr' <Predicate = (!icmp_ln133)> <Delay = 0.00>
ST_1 : Operation 32 [2/2] (1.23ns)   --->   "%reg_file_3_0_load = load i11 %reg_file_3_0_addr" [dot-max-sharing/src/correlation.cpp:140]   --->   Operation 32 'load' 'reg_file_3_0_load' <Predicate = (!icmp_ln133)> <Delay = 1.23> <CoreInst = "RAM_T2P_BRAM">   --->   Core 99 'RAM_T2P_BRAM' <Latency = 1> <II = 1> <Delay = 1.23> <Storage> <Opcode : 'load' 'store'> <Ports = 2> <Width = 16> <Depth = 2048> <RAM>
ST_1 : Operation 33 [2/2] (1.23ns)   --->   "%reg_file_3_1_load = load i11 %reg_file_3_1_addr" [dot-max-sharing/src/correlation.cpp:140]   --->   Operation 33 'load' 'reg_file_3_1_load' <Predicate = (!icmp_ln133)> <Delay = 1.23> <CoreInst = "RAM_T2P_BRAM">   --->   Core 99 'RAM_T2P_BRAM' <Latency = 1> <II = 1> <Delay = 1.23> <Storage> <Opcode : 'load' 'store'> <Ports = 2> <Width = 16> <Depth = 2048> <RAM>
ST_1 : Operation 34 [1/1] (0.42ns)   --->   "%store_ln133 = store i7 %add_ln133, i7 %i" [dot-max-sharing/src/correlation.cpp:133]   --->   Operation 34 'store' 'store_ln133' <Predicate = (!icmp_ln133)> <Delay = 0.42>

State 2 <SV = 1> <Delay = 5.07>
ST_2 : Operation 35 [1/2] (1.23ns)   --->   "%reg_file_2_0_load = load i11 %reg_file_2_0_addr" [dot-max-sharing/src/correlation.cpp:139]   --->   Operation 35 'load' 'reg_file_2_0_load' <Predicate = true> <Delay = 1.23> <CoreInst = "RAM_T2P_BRAM">   --->   Core 99 'RAM_T2P_BRAM' <Latency = 1> <II = 1> <Delay = 1.23> <Storage> <Opcode : 'load' 'store'> <Ports = 2> <Width = 16> <Depth = 2048> <RAM>
ST_2 : Operation 36 [1/2] (1.23ns)   --->   "%reg_file_2_1_load = load i11 %reg_file_2_1_addr" [dot-max-sharing/src/correlation.cpp:139]   --->   Operation 36 'load' 'reg_file_2_1_load' <Predicate = true> <Delay = 1.23> <CoreInst = "RAM_T2P_BRAM">   --->   Core 99 'RAM_T2P_BRAM' <Latency = 1> <II = 1> <Delay = 1.23> <Storage> <Opcode : 'load' 'store'> <Ports = 2> <Width = 16> <Depth = 2048> <RAM>
ST_2 : Operation 37 [1/1] (0.42ns)   --->   "%val1 = mux i16 @_ssdm_op_Mux.ap_auto.2f16.i1, i16 %reg_file_2_0_load, i16 %reg_file_2_1_load, i1 %trunc_ln139" [dot-max-sharing/src/correlation.cpp:139]   --->   Operation 37 'mux' 'val1' <Predicate = true> <Delay = 0.42> <CoreInst = "Multiplexer">   --->   Core 76 'Multiplexer' <Latency = 0> <II = 1> <Delay = 0.42> <FuncUnit> <Opcode : 'mux'> <InPorts = 2> <OutPorts = 1>
ST_2 : Operation 38 [1/2] (1.23ns)   --->   "%reg_file_3_0_load = load i11 %reg_file_3_0_addr" [dot-max-sharing/src/correlation.cpp:140]   --->   Operation 38 'load' 'reg_file_3_0_load' <Predicate = true> <Delay = 1.23> <CoreInst = "RAM_T2P_BRAM">   --->   Core 99 'RAM_T2P_BRAM' <Latency = 1> <II = 1> <Delay = 1.23> <Storage> <Opcode : 'load' 'store'> <Ports = 2> <Width = 16> <Depth = 2048> <RAM>
ST_2 : Operation 39 [1/2] (1.23ns)   --->   "%reg_file_3_1_load = load i11 %reg_file_3_1_addr" [dot-max-sharing/src/correlation.cpp:140]   --->   Operation 39 'load' 'reg_file_3_1_load' <Predicate = true> <Delay = 1.23> <CoreInst = "RAM_T2P_BRAM">   --->   Core 99 'RAM_T2P_BRAM' <Latency = 1> <II = 1> <Delay = 1.23> <Storage> <Opcode : 'load' 'store'> <Ports = 2> <Width = 16> <Depth = 2048> <RAM>
ST_2 : Operation 40 [1/1] (0.42ns)   --->   "%val2 = mux i16 @_ssdm_op_Mux.ap_auto.2f16.i1, i16 %reg_file_3_0_load, i16 %reg_file_3_1_load, i1 %trunc_ln139" [dot-max-sharing/src/correlation.cpp:140]   --->   Operation 40 'mux' 'val2' <Predicate = true> <Delay = 0.42> <CoreInst = "Multiplexer">   --->   Core 76 'Multiplexer' <Latency = 0> <II = 1> <Delay = 0.42> <FuncUnit> <Opcode : 'mux'> <InPorts = 2> <OutPorts = 1>
ST_2 : Operation 41 [2/2] (3.41ns)   --->   "%mul = hmul i16 %val1, i16 %val2" [dot-max-sharing/src/correlation.cpp:141]   --->   Operation 41 'hmul' 'mul' <Predicate = true> <Delay = 3.41> <CoreInst = "HMul_fulldsp">   --->   Core 59 'HMul_fulldsp' <Latency = 1> <II = 1> <Delay = 3.41> <FuncUnit> <Opcode : 'hmul'> <InPorts = 2> <OutPorts = 1>

State 3 <SV = 2> <Delay = 3.41>
ST_3 : Operation 42 [1/2] (3.41ns)   --->   "%mul = hmul i16 %val1, i16 %val2" [dot-max-sharing/src/correlation.cpp:141]   --->   Operation 42 'hmul' 'mul' <Predicate = true> <Delay = 3.41> <CoreInst = "HMul_fulldsp">   --->   Core 59 'HMul_fulldsp' <Latency = 1> <II = 1> <Delay = 3.41> <FuncUnit> <Opcode : 'hmul'> <InPorts = 2> <OutPorts = 1>
ST_3 : Operation 43 [1/1] (0.00ns)   --->   "%specfucore_ln138 = specfucore void @_ssdm_op_SpecFUCore, i16 %mul, i64 536, i64 12, i64 18446744073709551615" [dot-max-sharing/src/correlation.cpp:138]   --->   Operation 43 'specfucore' 'specfucore_ln138' <Predicate = true> <Delay = 0.00>

State 4 <SV = 3> <Delay = 5.90>
ST_4 : Operation 44 [1/1] (0.00ns)   --->   "%ret_load = load i16 %ret" [dot-max-sharing/src/correlation.cpp:141]   --->   Operation 44 'load' 'ret_load' <Predicate = true> <Delay = 0.00>
ST_4 : Operation 45 [2/2] (5.90ns)   --->   "%ret_1 = hadd i16 %ret_load, i16 %mul" [dot-max-sharing/src/correlation.cpp:141]   --->   Operation 45 'hadd' 'ret_1' <Predicate = true> <Delay = 5.90> <CoreInst = "HAddSub_fulldsp">   --->   Core 55 'HAddSub_fulldsp' <Latency = 1> <II = 1> <Delay = 5.90> <FuncUnit> <Opcode : 'hadd' 'hsub'> <InPorts = 2> <OutPorts = 1>
ST_4 : Operation 59 [1/1] (0.00ns)   --->   "%ret_load_1 = load i16 %ret"   --->   Operation 59 'load' 'ret_load_1' <Predicate = (icmp_ln133)> <Delay = 0.00>
ST_4 : Operation 60 [1/1] (0.00ns)   --->   "%write_ln0 = write void @_ssdm_op_Write.ap_auto.halfP0A, i16 %ret_out, i16 %ret_load_1"   --->   Operation 60 'write' 'write_ln0' <Predicate = (icmp_ln133)> <Delay = 0.00>
ST_4 : Operation 61 [1/1] (0.00ns)   --->   "%ret_ln0 = ret"   --->   Operation 61 'ret' 'ret_ln0' <Predicate = (icmp_ln133)> <Delay = 0.00>

State 5 <SV = 4> <Delay = 6.33>
ST_5 : Operation 46 [1/1] (0.00ns)   --->   "%specloopname_ln130 = specloopname void @_ssdm_op_SpecLoopName, void @empty_19" [dot-max-sharing/src/correlation.cpp:130]   --->   Operation 46 'specloopname' 'specloopname_ln130' <Predicate = true> <Delay = 0.00>
ST_5 : Operation 47 [1/1] (0.00ns)   --->   "%rbegin3 = specregionbegin i32 @_ssdm_op_SpecRegionBegin, void @empty_7" [dot-max-sharing/src/correlation.cpp:133]   --->   Operation 47 'specregionbegin' 'rbegin3' <Predicate = true> <Delay = 0.00>
ST_5 : Operation 48 [1/1] (0.00ns)   --->   "%rbegin5 = specregionbegin i32 @_ssdm_op_SpecRegionBegin, void @empty_15" [dot-max-sharing/src/correlation.cpp:133]   --->   Operation 48 'specregionbegin' 'rbegin5' <Predicate = true> <Delay = 0.00>
ST_5 : Operation 49 [1/1] (0.00ns)   --->   "%rbegin1 = specregionbegin i32 @_ssdm_op_SpecRegionBegin, void @empty" [dot-max-sharing/src/correlation.cpp:140]   --->   Operation 49 'specregionbegin' 'rbegin1' <Predicate = true> <Delay = 0.00>
ST_5 : Operation 50 [1/2] (5.90ns)   --->   "%ret_1 = hadd i16 %ret_load, i16 %mul" [dot-max-sharing/src/correlation.cpp:141]   --->   Operation 50 'hadd' 'ret_1' <Predicate = true> <Delay = 5.90> <CoreInst = "HAddSub_fulldsp">   --->   Core 55 'HAddSub_fulldsp' <Latency = 1> <II = 1> <Delay = 5.90> <FuncUnit> <Opcode : 'hadd' 'hsub'> <InPorts = 2> <OutPorts = 1>
ST_5 : Operation 51 [1/1] (0.00ns)   --->   "%specfucore_ln137 = specfucore void @_ssdm_op_SpecFUCore, i16 %ret_1, i64 534, i64 12, i64 18446744073709551615" [dot-max-sharing/src/correlation.cpp:137]   --->   Operation 51 'specfucore' 'specfucore_ln137' <Predicate = true> <Delay = 0.00>
ST_5 : Operation 52 [1/1] (0.00ns)   --->   "%rend2 = specregionend i32 @_ssdm_op_SpecRegionEnd, void @empty, i32 %rbegin1" [dot-max-sharing/src/correlation.cpp:141]   --->   Operation 52 'specregionend' 'rend2' <Predicate = true> <Delay = 0.00>
ST_5 : Operation 53 [1/1] (0.00ns)   --->   "%specresourcelimit_ln142 = specresourcelimit void @_ssdm_op_SpecResourceLimit, i64 1, void @empty_13, void @empty_6, void @empty_6, void @empty_6" [dot-max-sharing/src/correlation.cpp:142]   --->   Operation 53 'specresourcelimit' 'specresourcelimit_ln142' <Predicate = true> <Delay = 0.00>
ST_5 : Operation 54 [1/1] (0.00ns)   --->   "%rend6 = specregionend i32 @_ssdm_op_SpecRegionEnd, void @empty_15, i32 %rbegin5" [dot-max-sharing/src/correlation.cpp:142]   --->   Operation 54 'specregionend' 'rend6' <Predicate = true> <Delay = 0.00>
ST_5 : Operation 55 [1/1] (0.00ns)   --->   "%specresourcelimit_ln142 = specresourcelimit void @_ssdm_op_SpecResourceLimit, i64 1, void @empty_8, void @empty_6, void @empty_6, void @empty_6" [dot-max-sharing/src/correlation.cpp:142]   --->   Operation 55 'specresourcelimit' 'specresourcelimit_ln142' <Predicate = true> <Delay = 0.00>
ST_5 : Operation 56 [1/1] (0.00ns)   --->   "%rend4 = specregionend i32 @_ssdm_op_SpecRegionEnd, void @empty_7, i32 %rbegin3" [dot-max-sharing/src/correlation.cpp:142]   --->   Operation 56 'specregionend' 'rend4' <Predicate = true> <Delay = 0.00>
ST_5 : Operation 57 [1/1] (0.42ns)   --->   "%store_ln133 = store i16 %ret_1, i16 %ret" [dot-max-sharing/src/correlation.cpp:133]   --->   Operation 57 'store' 'store_ln133' <Predicate = true> <Delay = 0.42>
ST_5 : Operation 58 [1/1] (0.00ns)   --->   "%br_ln133 = br void %for.inc" [dot-max-sharing/src/correlation.cpp:133]   --->   Operation 58 'br' 'br_ln133' <Predicate = true> <Delay = 0.00>


============================================================
+ Verbose Summary: Timing violations
============================================================
Target clock period: 10ns, clock uncertainty: 2.7ns.

 <State 1>: 1.24ns
The critical path consists of the following:
	'alloca' operation ('i') [7]  (0 ns)
	'load' operation ('i', dot-max-sharing/src/correlation.cpp:139) on local variable 'i' [16]  (0 ns)
	'getelementptr' operation ('reg_file_2_0_addr', dot-max-sharing/src/correlation.cpp:139) [29]  (0 ns)
	'load' operation ('reg_file_2_0_load', dot-max-sharing/src/correlation.cpp:139) on array 'reg_file_2_0' [32]  (1.24 ns)
	blocking operation 0.007 ns on control path)

 <State 2>: 5.07ns
The critical path consists of the following:
	'load' operation ('reg_file_2_0_load', dot-max-sharing/src/correlation.cpp:139) on array 'reg_file_2_0' [32]  (1.24 ns)
	'mux' operation ('val1', dot-max-sharing/src/correlation.cpp:139) [34]  (0.427 ns)
	'hmul' operation ('mul', dot-max-sharing/src/correlation.cpp:141) [41]  (3.41 ns)

 <State 3>: 3.41ns
The critical path consists of the following:
	'hmul' operation ('mul', dot-max-sharing/src/correlation.cpp:141) [41]  (3.41 ns)

 <State 4>: 5.9ns
The critical path consists of the following:
	'load' operation ('ret_load', dot-max-sharing/src/correlation.cpp:141) on local variable 'ret' [23]  (0 ns)
	'hadd' operation ('ret', dot-max-sharing/src/correlation.cpp:141) [43]  (5.9 ns)

 <State 5>: 6.33ns
The critical path consists of the following:
	'hadd' operation ('ret', dot-max-sharing/src/correlation.cpp:141) [43]  (5.9 ns)
	'store' operation ('store_ln133', dot-max-sharing/src/correlation.cpp:133) of variable 'ret', dot-max-sharing/src/correlation.cpp:141 on local variable 'ret' [51]  (0.427 ns)


============================================================
+ Verbose Summary: Binding
============================================================
N/A
* FSMD analyzer results:
  - Output states:
 - Input state : 
  - Chain level:
	State 1
	State 2
	State 3
	State 4
	State 5


============================================================
+ Verbose Summary: Datapath Resource usage 
============================================================
N/A
