

================================================================
== Vitis HLS Report for 'compute_Pipeline_VITIS_LOOP_133_2'
================================================================
* Date:           Thu Jan 12 11:13:58 2023

* Version:        2022.2 (Build 3670227 on Oct 13 2022)
* Project:        trmm-max-sharing
* Solution:       zcu104 (Vivado IP Flow Target)
* Product family: zynquplus
* Target device:  xczu7ev-ffvc1156-2-e


================================================================
== Performance Estimates
================================================================
+ Timing: 
    * Summary: 
    +--------+----------+----------+------------+
    |  Clock |  Target  | Estimated| Uncertainty|
    +--------+----------+----------+------------+
    |ap_clk  |  10.00 ns|  2.054 ns|     2.70 ns|
    +--------+----------+----------+------------+

+ Latency: 
    * Summary: 
    +---------+---------+----------+----------+-----+-----+---------+
    |  Latency (cycles) |  Latency (absolute) |  Interval | Pipeline|
    |   min   |   max   |    min   |    max   | min | max |   Type  |
    +---------+---------+----------+----------+-----+-----+---------+
    |       66|       66|  0.660 us|  0.660 us|   66|   66|       no|
    +---------+---------+----------+----------+-----+-----+---------+

    + Detail: 
        * Instance: 
        N/A

        * Loop: 
        +--------------------+---------+---------+----------+-----------+-----------+------+----------+
        |                    |  Latency (cycles) | Iteration|  Initiation Interval  | Trip |          |
        |      Loop Name     |   min   |   max   |  Latency |  achieved |   target  | Count| Pipelined|
        +--------------------+---------+---------+----------+-----------+-----------+------+----------+
        |- VITIS_LOOP_133_2  |       64|       64|         1|          1|          1|    64|       yes|
        +--------------------+---------+---------+----------+-----------+-----------+------+----------+

============================================================
+ Verbose Summary: Synthesis Manager
============================================================
InlineROM: 1
ExposeGlobal: 0
============================================================
+ Verbose Summary: CDFG Model
============================================================
IsTopModel: 0
ResetActiveHigh: 1
IsCombinational: 0
IsDatapathOnly: 0
HasWiredReturn: 1
HasMFsm: 2
HasVarLatency: 1
IsPipeline: 0
IsRtlPipelined: 0
IsInstanceOverlapped: 0
IsDontTouch: 0
HasImplIP: 0
IsGatedGlobalClock: 0

+ Individual pipeline summary: 
  * Pipeline-0: initiation interval (II) = 1, depth = 1


============================================================
+ Verbose Summary: Schedule
============================================================
* Number of FSM states : 1
* Pipeline : 1
  Pipeline-0 : II = 1, D = 1, States = { 1 }
* Dataflow Pipeline: 0

* FSM state transitions: 
1 --> 

* FSM state operations: 

State 1 <SV = 0> <Delay = 2.05>
ST_1 : Operation 4 [1/1] (0.00ns)   --->   "%j = alloca i32 1"   --->   Operation 4 'alloca' 'j' <Predicate = true> <Delay = 0.00>
ST_1 : Operation 5 [1/1] (0.00ns)   --->   "%specmemcore_ln0 = specmemcore void @_ssdm_op_SpecMemCore, i16 %reg_file_4_1, i64 666, i64 30, i64 18446744073709551615"   --->   Operation 5 'specmemcore' 'specmemcore_ln0' <Predicate = true> <Delay = 0.00>
ST_1 : Operation 6 [1/1] (0.00ns)   --->   "%specmemcore_ln0 = specmemcore void @_ssdm_op_SpecMemCore, i16 %reg_file_4_0, i64 666, i64 30, i64 18446744073709551615"   --->   Operation 6 'specmemcore' 'specmemcore_ln0' <Predicate = true> <Delay = 0.00>
ST_1 : Operation 7 [1/1] (0.00ns)   --->   "%tmp_36_read = read i6 @_ssdm_op_Read.ap_auto.i6, i6 %tmp_36"   --->   Operation 7 'read' 'tmp_36_read' <Predicate = true> <Delay = 0.00>
ST_1 : Operation 8 [1/1] (0.42ns)   --->   "%store_ln0 = store i7 0, i7 %j"   --->   Operation 8 'store' 'store_ln0' <Predicate = true> <Delay = 0.42>
ST_1 : Operation 9 [1/1] (0.00ns)   --->   "%br_ln0 = br void %for.inc"   --->   Operation 9 'br' 'br_ln0' <Predicate = true> <Delay = 0.00>
ST_1 : Operation 10 [1/1] (0.00ns)   --->   "%j_7 = load i7 %j" [trmm-max-sharing/src/correlation.cpp:137]   --->   Operation 10 'load' 'j_7' <Predicate = true> <Delay = 0.00>
ST_1 : Operation 11 [1/1] (0.81ns)   --->   "%icmp_ln133 = icmp_eq  i7 %j_7, i7 64" [trmm-max-sharing/src/correlation.cpp:133]   --->   Operation 11 'icmp' 'icmp_ln133' <Predicate = true> <Delay = 0.81> <CoreInst = "Cmp">   --->   Core 9 'Cmp' <Latency = 0> <II = 1> <Delay = 0.81> <FuncUnit> <Opcode : 'icmp'> <InPorts = 2> <OutPorts = 1>
ST_1 : Operation 12 [1/1] (0.00ns)   --->   "%empty = speclooptripcount i32 @_ssdm_op_SpecLoopTripCount, i64 64, i64 64, i64 64"   --->   Operation 12 'speclooptripcount' 'empty' <Predicate = true> <Delay = 0.00>
ST_1 : Operation 13 [1/1] (0.77ns)   --->   "%add_ln133 = add i7 %j_7, i7 1" [trmm-max-sharing/src/correlation.cpp:133]   --->   Operation 13 'add' 'add_ln133' <Predicate = true> <Delay = 0.77> <CoreInst = "Adder">   --->   Core 1 'Adder' <Latency = 0> <II = 1> <Delay = 0.77> <FuncUnit> <Opcode : 'add' 'sub'> <InPorts = 2> <OutPorts = 1>
ST_1 : Operation 14 [1/1] (0.00ns)   --->   "%br_ln133 = br i1 %icmp_ln133, void %fpga_resource_limit_hint.for.inc.5_begin, void %VITIS_LOOP_142_4.preheader.exitStub" [trmm-max-sharing/src/correlation.cpp:133]   --->   Operation 14 'br' 'br_ln133' <Predicate = true> <Delay = 0.00>
ST_1 : Operation 15 [1/1] (0.00ns)   --->   "%specpipeline_ln134 = specpipeline void @_ssdm_op_SpecPipeline, i32 4294967295, i32 0, i32 0, i32 0, void @empty_12" [trmm-max-sharing/src/correlation.cpp:134]   --->   Operation 15 'specpipeline' 'specpipeline_ln134' <Predicate = (!icmp_ln133)> <Delay = 0.00>
ST_1 : Operation 16 [1/1] (0.00ns)   --->   "%specloopname_ln130 = specloopname void @_ssdm_op_SpecLoopName, void @empty_24" [trmm-max-sharing/src/correlation.cpp:130]   --->   Operation 16 'specloopname' 'specloopname_ln130' <Predicate = (!icmp_ln133)> <Delay = 0.00>
ST_1 : Operation 17 [1/1] (0.00ns)   --->   "%rbegin3 = specregionbegin i32 @_ssdm_op_SpecRegionBegin, void @empty_5" [trmm-max-sharing/src/correlation.cpp:133]   --->   Operation 17 'specregionbegin' 'rbegin3' <Predicate = (!icmp_ln133)> <Delay = 0.00>
ST_1 : Operation 18 [1/1] (0.00ns)   --->   "%rbegin5 = specregionbegin i32 @_ssdm_op_SpecRegionBegin, void @empty_4" [trmm-max-sharing/src/correlation.cpp:133]   --->   Operation 18 'specregionbegin' 'rbegin5' <Predicate = (!icmp_ln133)> <Delay = 0.00>
ST_1 : Operation 19 [1/1] (0.00ns)   --->   "%lshr_ln = partselect i5 @_ssdm_op_PartSelect.i5.i7.i32.i32, i7 %j_7, i32 1, i32 5" [trmm-max-sharing/src/correlation.cpp:137]   --->   Operation 19 'partselect' 'lshr_ln' <Predicate = (!icmp_ln133)> <Delay = 0.00>
ST_1 : Operation 20 [1/1] (0.00ns)   --->   "%add_ln = bitconcatenate i11 @_ssdm_op_BitConcatenate.i11.i6.i5, i6 %tmp_36_read, i5 %lshr_ln" [trmm-max-sharing/src/correlation.cpp:137]   --->   Operation 20 'bitconcatenate' 'add_ln' <Predicate = (!icmp_ln133)> <Delay = 0.00>
ST_1 : Operation 21 [1/1] (0.00ns)   --->   "%zext_ln137 = zext i11 %add_ln" [trmm-max-sharing/src/correlation.cpp:137]   --->   Operation 21 'zext' 'zext_ln137' <Predicate = (!icmp_ln133)> <Delay = 0.00>
ST_1 : Operation 22 [1/1] (0.00ns)   --->   "%reg_file_4_0_addr = getelementptr i16 %reg_file_4_0, i64 0, i64 %zext_ln137" [trmm-max-sharing/src/correlation.cpp:137]   --->   Operation 22 'getelementptr' 'reg_file_4_0_addr' <Predicate = (!icmp_ln133)> <Delay = 0.00>
ST_1 : Operation 23 [1/1] (0.00ns)   --->   "%reg_file_4_1_addr = getelementptr i16 %reg_file_4_1, i64 0, i64 %zext_ln137" [trmm-max-sharing/src/correlation.cpp:137]   --->   Operation 23 'getelementptr' 'reg_file_4_1_addr' <Predicate = (!icmp_ln133)> <Delay = 0.00>
ST_1 : Operation 24 [1/1] (0.00ns)   --->   "%trunc_ln137 = trunc i7 %j_7" [trmm-max-sharing/src/correlation.cpp:137]   --->   Operation 24 'trunc' 'trunc_ln137' <Predicate = (!icmp_ln133)> <Delay = 0.00>
ST_1 : Operation 25 [1/1] (0.00ns)   --->   "%br_ln137 = br i1 %trunc_ln137, void %arrayidx452.case.0, void %arrayidx452.case.1" [trmm-max-sharing/src/correlation.cpp:137]   --->   Operation 25 'br' 'br_ln137' <Predicate = (!icmp_ln133)> <Delay = 0.00>
ST_1 : Operation 26 [1/1] (1.23ns)   --->   "%store_ln137 = store i16 0, i11 %reg_file_4_0_addr" [trmm-max-sharing/src/correlation.cpp:137]   --->   Operation 26 'store' 'store_ln137' <Predicate = (!icmp_ln133 & !trunc_ln137)> <Delay = 1.23> <CoreInst = "RAM_T2P_BRAM">   --->   Core 99 'RAM_T2P_BRAM' <Latency = 1> <II = 1> <Delay = 1.23> <Storage> <Opcode : 'load' 'store'> <Ports = 2> <Width = 16> <Depth = 2048> <RAM>
ST_1 : Operation 27 [1/1] (0.00ns)   --->   "%br_ln137 = br void %fpga_resource_limit_hint.for.inc.6_end" [trmm-max-sharing/src/correlation.cpp:137]   --->   Operation 27 'br' 'br_ln137' <Predicate = (!icmp_ln133 & !trunc_ln137)> <Delay = 0.00>
ST_1 : Operation 28 [1/1] (1.23ns)   --->   "%store_ln137 = store i16 0, i11 %reg_file_4_1_addr" [trmm-max-sharing/src/correlation.cpp:137]   --->   Operation 28 'store' 'store_ln137' <Predicate = (!icmp_ln133 & trunc_ln137)> <Delay = 1.23> <CoreInst = "RAM_T2P_BRAM">   --->   Core 99 'RAM_T2P_BRAM' <Latency = 1> <II = 1> <Delay = 1.23> <Storage> <Opcode : 'load' 'store'> <Ports = 2> <Width = 16> <Depth = 2048> <RAM>
ST_1 : Operation 29 [1/1] (0.00ns)   --->   "%br_ln137 = br void %fpga_resource_limit_hint.for.inc.6_end" [trmm-max-sharing/src/correlation.cpp:137]   --->   Operation 29 'br' 'br_ln137' <Predicate = (!icmp_ln133 & trunc_ln137)> <Delay = 0.00>
ST_1 : Operation 30 [1/1] (0.00ns)   --->   "%specresourcelimit_ln137 = specresourcelimit void @_ssdm_op_SpecResourceLimit, i64 1, void @empty_22, void @empty_12, void @empty_12, void @empty_12" [trmm-max-sharing/src/correlation.cpp:137]   --->   Operation 30 'specresourcelimit' 'specresourcelimit_ln137' <Predicate = (!icmp_ln133)> <Delay = 0.00>
ST_1 : Operation 31 [1/1] (0.00ns)   --->   "%rend6 = specregionend i32 @_ssdm_op_SpecRegionEnd, void @empty_4, i32 %rbegin5" [trmm-max-sharing/src/correlation.cpp:137]   --->   Operation 31 'specregionend' 'rend6' <Predicate = (!icmp_ln133)> <Delay = 0.00>
ST_1 : Operation 32 [1/1] (0.00ns)   --->   "%specresourcelimit_ln137 = specresourcelimit void @_ssdm_op_SpecResourceLimit, i64 1, void @empty_10, void @empty_12, void @empty_12, void @empty_12" [trmm-max-sharing/src/correlation.cpp:137]   --->   Operation 32 'specresourcelimit' 'specresourcelimit_ln137' <Predicate = (!icmp_ln133)> <Delay = 0.00>
ST_1 : Operation 33 [1/1] (0.00ns)   --->   "%rend4 = specregionend i32 @_ssdm_op_SpecRegionEnd, void @empty_5, i32 %rbegin3" [trmm-max-sharing/src/correlation.cpp:137]   --->   Operation 33 'specregionend' 'rend4' <Predicate = (!icmp_ln133)> <Delay = 0.00>
ST_1 : Operation 34 [1/1] (0.42ns)   --->   "%store_ln133 = store i7 %add_ln133, i7 %j" [trmm-max-sharing/src/correlation.cpp:133]   --->   Operation 34 'store' 'store_ln133' <Predicate = (!icmp_ln133)> <Delay = 0.42>
ST_1 : Operation 35 [1/1] (0.00ns)   --->   "%br_ln133 = br void %for.inc" [trmm-max-sharing/src/correlation.cpp:133]   --->   Operation 35 'br' 'br_ln133' <Predicate = (!icmp_ln133)> <Delay = 0.00>
ST_1 : Operation 36 [1/1] (0.00ns)   --->   "%ret_ln0 = ret"   --->   Operation 36 'ret' 'ret_ln0' <Predicate = (icmp_ln133)> <Delay = 0.00>


============================================================
+ Verbose Summary: Binding
============================================================
STG Binding: 
---------------- STG Properties BEGIN ----------------
- Is combinational: 0
- Is one-state seq: 0
- Is datapath-only: 0
- Is pipelined: 0
- Is top level: 0
Port [ Return ] is wired: 1; IO mode=ap_ctrl_hs:ce=0
Port [ reg_file_4_1]:  wired=1; compound=1; hidden=0; nouse=0; global=0; static=0; extern=0; dir=1; type=1; pingpong=0; private_global=0; MemPort=[03]; IO mode=ap_memory:ce=0
Port [ reg_file_4_0]:  wired=1; compound=1; hidden=0; nouse=0; global=0; static=0; extern=0; dir=1; type=1; pingpong=0; private_global=0; MemPort=[03]; IO mode=ap_memory:ce=0
Port [ tmp_36]:  wired=1; compound=0; hidden=0; nouse=0; global=0; static=0; extern=0; dir=0; type=0; pingpong=0; private_global=0; IO mode=ap_none:ce=0
---------------- STG Properties END ------------------

---------------- Datapath Model BEGIN ----------------

<LifeTime>
<method=bitvector/>
j                       (alloca           ) [ 01]
specmemcore_ln0         (specmemcore      ) [ 00]
specmemcore_ln0         (specmemcore      ) [ 00]
tmp_36_read             (read             ) [ 00]
store_ln0               (store            ) [ 00]
br_ln0                  (br               ) [ 00]
j_7                     (load             ) [ 00]
icmp_ln133              (icmp             ) [ 01]
empty                   (speclooptripcount) [ 00]
add_ln133               (add              ) [ 00]
br_ln133                (br               ) [ 00]
specpipeline_ln134      (specpipeline     ) [ 00]
specloopname_ln130      (specloopname     ) [ 00]
rbegin3                 (specregionbegin  ) [ 00]
rbegin5                 (specregionbegin  ) [ 00]
lshr_ln                 (partselect       ) [ 00]
add_ln                  (bitconcatenate   ) [ 00]
zext_ln137              (zext             ) [ 00]
reg_file_4_0_addr       (getelementptr    ) [ 00]
reg_file_4_1_addr       (getelementptr    ) [ 00]
trunc_ln137             (trunc            ) [ 01]
br_ln137                (br               ) [ 00]
store_ln137             (store            ) [ 00]
br_ln137                (br               ) [ 00]
store_ln137             (store            ) [ 00]
br_ln137                (br               ) [ 00]
specresourcelimit_ln137 (specresourcelimit) [ 00]
rend6                   (specregionend    ) [ 00]
specresourcelimit_ln137 (specresourcelimit) [ 00]
rend4                   (specregionend    ) [ 00]
store_ln133             (store            ) [ 00]
br_ln133                (br               ) [ 00]
ret_ln0                 (ret              ) [ 00]
</LifeTime>

<model>

<comp_list>
<comp id="0" class="1000" name="reg_file_4_1">
<pin_list>
<pin id="1" dir="1" index="0" bw="1" slack="0"/>
</pin_list>
<bind>
<StgValue><ssdm name="reg_file_4_1"/><MemPortTyVec>0 3 </MemPortTyVec>
</StgValue>
</bind>
</comp>

<comp id="2" class="1000" name="reg_file_4_0">
<pin_list>
<pin id="3" dir="1" index="0" bw="1" slack="0"/>
</pin_list>
<bind>
<StgValue><ssdm name="reg_file_4_0"/><MemPortTyVec>0 3 </MemPortTyVec>
</StgValue>
</bind>
</comp>

<comp id="4" class="1000" name="tmp_36">
<pin_list>
<pin id="5" dir="1" index="0" bw="1" slack="0"/>
</pin_list>
<bind>
<StgValue><ssdm name="tmp_36"/></StgValue>
</bind>
</comp>

<comp id="6" class="1001" name="const_6">
<pin_list>
<pin id="7" dir="1" index="0" bw="1" slack="0"/>
</pin_list>
<bind>
<StgValue><ssdm name=""/></StgValue>
</bind>
</comp>

<comp id="8" class="1001" name="const_8">
<pin_list>
<pin id="9" dir="1" index="0" bw="1" slack="2147483647"/>
</pin_list>
<bind>
<StgValue><ssdm name="_ssdm_op_SpecMemCore"/></StgValue>
</bind>
</comp>

<comp id="10" class="1001" name="const_10">
<pin_list>
<pin id="11" dir="1" index="0" bw="1" slack="2147483647"/>
</pin_list>
<bind>
<StgValue><ssdm name=""/></StgValue>
</bind>
</comp>

<comp id="12" class="1001" name="const_12">
<pin_list>
<pin id="13" dir="1" index="0" bw="1" slack="2147483647"/>
</pin_list>
<bind>
<StgValue><ssdm name=""/></StgValue>
</bind>
</comp>

<comp id="14" class="1001" name="const_14">
<pin_list>
<pin id="15" dir="1" index="0" bw="1" slack="2147483647"/>
</pin_list>
<bind>
<StgValue><ssdm name=""/></StgValue>
</bind>
</comp>

<comp id="16" class="1001" name="const_16">
<pin_list>
<pin id="17" dir="1" index="0" bw="1" slack="0"/>
</pin_list>
<bind>
<StgValue><ssdm name="_ssdm_op_Read.ap_auto.i6"/></StgValue>
</bind>
</comp>

<comp id="18" class="1001" name="const_18">
<pin_list>
<pin id="19" dir="1" index="0" bw="1" slack="0"/>
</pin_list>
<bind>
<StgValue><ssdm name=""/></StgValue>
</bind>
</comp>

<comp id="20" class="1001" name="const_20">
<pin_list>
<pin id="21" dir="1" index="0" bw="1" slack="0"/>
</pin_list>
<bind>
<StgValue><ssdm name=""/></StgValue>
</bind>
</comp>

<comp id="22" class="1001" name="const_22">
<pin_list>
<pin id="23" dir="1" index="0" bw="1" slack="2147483647"/>
</pin_list>
<bind>
<StgValue><ssdm name="_ssdm_op_SpecLoopTripCount"/></StgValue>
</bind>
</comp>

<comp id="24" class="1001" name="const_24">
<pin_list>
<pin id="25" dir="1" index="0" bw="1" slack="2147483647"/>
</pin_list>
<bind>
<StgValue><ssdm name=""/></StgValue>
</bind>
</comp>

<comp id="26" class="1001" name="const_26">
<pin_list>
<pin id="27" dir="1" index="0" bw="1" slack="0"/>
</pin_list>
<bind>
<StgValue><ssdm name=""/></StgValue>
</bind>
</comp>

<comp id="28" class="1001" name="const_28">
<pin_list>
<pin id="29" dir="1" index="0" bw="1" slack="2147483647"/>
</pin_list>
<bind>
<StgValue><ssdm name="_ssdm_op_SpecPipeline"/></StgValue>
</bind>
</comp>

<comp id="30" class="1001" name="const_30">
<pin_list>
<pin id="31" dir="1" index="0" bw="1" slack="2147483647"/>
</pin_list>
<bind>
<StgValue><ssdm name=""/></StgValue>
</bind>
</comp>

<comp id="32" class="1001" name="const_32">
<pin_list>
<pin id="33" dir="1" index="0" bw="1" slack="2147483647"/>
</pin_list>
<bind>
<StgValue><ssdm name=""/></StgValue>
</bind>
</comp>

<comp id="34" class="1001" name="const_34">
<pin_list>
<pin id="35" dir="1" index="0" bw="1" slack="2147483647"/>
</pin_list>
<bind>
<StgValue><ssdm name="empty_12"/></StgValue>
</bind>
</comp>

<comp id="36" class="1001" name="const_36">
<pin_list>
<pin id="37" dir="1" index="0" bw="1" slack="2147483647"/>
</pin_list>
<bind>
<StgValue><ssdm name="_ssdm_op_SpecLoopName"/></StgValue>
</bind>
</comp>

<comp id="38" class="1001" name="const_38">
<pin_list>
<pin id="39" dir="1" index="0" bw="1" slack="2147483647"/>
</pin_list>
<bind>
<StgValue><ssdm name="empty_24"/></StgValue>
</bind>
</comp>

<comp id="40" class="1001" name="const_40">
<pin_list>
<pin id="41" dir="1" index="0" bw="1" slack="2147483647"/>
</pin_list>
<bind>
<StgValue><ssdm name="_ssdm_op_SpecRegionBegin"/></StgValue>
</bind>
</comp>

<comp id="42" class="1001" name="const_42">
<pin_list>
<pin id="43" dir="1" index="0" bw="1" slack="2147483647"/>
</pin_list>
<bind>
<StgValue><ssdm name="empty_5"/></StgValue>
</bind>
</comp>

<comp id="44" class="1001" name="const_44">
<pin_list>
<pin id="45" dir="1" index="0" bw="1" slack="2147483647"/>
</pin_list>
<bind>
<StgValue><ssdm name="empty_4"/></StgValue>
</bind>
</comp>

<comp id="46" class="1001" name="const_46">
<pin_list>
<pin id="47" dir="1" index="0" bw="1" slack="0"/>
</pin_list>
<bind>
<StgValue><ssdm name="_ssdm_op_PartSelect.i5.i7.i32.i32"/></StgValue>
</bind>
</comp>

<comp id="48" class="1001" name="const_48">
<pin_list>
<pin id="49" dir="1" index="0" bw="1" slack="0"/>
</pin_list>
<bind>
<StgValue><ssdm name=""/></StgValue>
</bind>
</comp>

<comp id="50" class="1001" name="const_50">
<pin_list>
<pin id="51" dir="1" index="0" bw="1" slack="0"/>
</pin_list>
<bind>
<StgValue><ssdm name="_ssdm_op_BitConcatenate.i11.i6.i5"/></StgValue>
</bind>
</comp>

<comp id="52" class="1001" name="const_52">
<pin_list>
<pin id="53" dir="1" index="0" bw="1" slack="0"/>
</pin_list>
<bind>
<StgValue><ssdm name=""/></StgValue>
</bind>
</comp>

<comp id="54" class="1001" name="const_54">
<pin_list>
<pin id="55" dir="1" index="0" bw="1" slack="0"/>
</pin_list>
<bind>
<StgValue><ssdm name=""/></StgValue>
</bind>
</comp>

<comp id="56" class="1001" name="const_56">
<pin_list>
<pin id="57" dir="1" index="0" bw="1" slack="2147483647"/>
</pin_list>
<bind>
<StgValue><ssdm name="_ssdm_op_SpecResourceLimit"/></StgValue>
</bind>
</comp>

<comp id="58" class="1001" name="const_58">
<pin_list>
<pin id="59" dir="1" index="0" bw="1" slack="2147483647"/>
</pin_list>
<bind>
<StgValue><ssdm name=""/></StgValue>
</bind>
</comp>

<comp id="60" class="1001" name="const_60">
<pin_list>
<pin id="61" dir="1" index="0" bw="1" slack="2147483647"/>
</pin_list>
<bind>
<StgValue><ssdm name="empty_22"/></StgValue>
</bind>
</comp>

<comp id="62" class="1001" name="const_62">
<pin_list>
<pin id="63" dir="1" index="0" bw="1" slack="2147483647"/>
</pin_list>
<bind>
<StgValue><ssdm name="_ssdm_op_SpecRegionEnd"/></StgValue>
</bind>
</comp>

<comp id="64" class="1001" name="const_64">
<pin_list>
<pin id="65" dir="1" index="0" bw="1" slack="2147483647"/>
</pin_list>
<bind>
<StgValue><ssdm name="empty_10"/></StgValue>
</bind>
</comp>

<comp id="66" class="1004" name="j_fu_66">
<pin_list>
<pin id="67" dir="0" index="0" bw="1" slack="0"/>
<pin id="68" dir="1" index="1" bw="7" slack="0"/>
</pin_list>
<bind>
<opcode="alloca(26) " fcode="alloca"/>
<opset="j/1 "/>
</bind>
</comp>

<comp id="70" class="1004" name="tmp_36_read_read_fu_70">
<pin_list>
<pin id="71" dir="0" index="0" bw="6" slack="0"/>
<pin id="72" dir="0" index="1" bw="6" slack="0"/>
<pin id="73" dir="1" index="2" bw="6" slack="0"/>
</pin_list>
<bind>
<opcode="read(1150) " fcode="read"/>
<opset="tmp_36_read/1 "/>
</bind>
</comp>

<comp id="76" class="1004" name="reg_file_4_0_addr_gep_fu_76">
<pin_list>
<pin id="77" dir="0" index="0" bw="16" slack="0"/>
<pin id="78" dir="0" index="1" bw="1" slack="0"/>
<pin id="79" dir="0" index="2" bw="11" slack="0"/>
<pin id="80" dir="1" index="3" bw="11" slack="0"/>
</pin_list>
<bind>
<opcode="getelementptr(29) " fcode="getelementptr"/>
<opset="reg_file_4_0_addr/1 "/>
</bind>
</comp>

<comp id="83" class="1004" name="reg_file_4_1_addr_gep_fu_83">
<pin_list>
<pin id="84" dir="0" index="0" bw="16" slack="0"/>
<pin id="85" dir="0" index="1" bw="1" slack="0"/>
<pin id="86" dir="0" index="2" bw="11" slack="0"/>
<pin id="87" dir="1" index="3" bw="11" slack="0"/>
</pin_list>
<bind>
<opcode="getelementptr(29) " fcode="getelementptr"/>
<opset="reg_file_4_1_addr/1 "/>
</bind>
</comp>

<comp id="90" class="1004" name="store_ln137_access_fu_90">
<pin_list>
<pin id="91" dir="0" index="0" bw="11" slack="0"/>
<pin id="92" dir="0" index="1" bw="16" slack="0"/>
<pin id="93" dir="0" index="2" bw="0" slack="2147483647"/>
<pin id="94" dir="1" index="3" bw="16" slack="2147483647"/>
</pin_list>
<bind>
<opcode="store(28) " fcode="store"/>
<opset="store_ln137/1 "/>
</bind>
</comp>

<comp id="97" class="1004" name="store_ln137_access_fu_97">
<pin_list>
<pin id="98" dir="0" index="0" bw="11" slack="0"/>
<pin id="99" dir="0" index="1" bw="16" slack="0"/>
<pin id="100" dir="0" index="2" bw="0" slack="2147483647"/>
<pin id="101" dir="1" index="3" bw="16" slack="2147483647"/>
</pin_list>
<bind>
<opcode="store(28) " fcode="store"/>
<opset="store_ln137/1 "/>
</bind>
</comp>

<comp id="104" class="1004" name="store_ln0_store_fu_104">
<pin_list>
<pin id="105" dir="0" index="0" bw="1" slack="0"/>
<pin id="106" dir="0" index="1" bw="7" slack="0"/>
<pin id="107" dir="1" index="2" bw="0" slack="2147483647"/>
</pin_list>
<bind>
<opcode="store(28) " fcode="store"/>
<opset="store_ln0/1 "/>
</bind>
</comp>

<comp id="109" class="1004" name="j_7_load_fu_109">
<pin_list>
<pin id="110" dir="0" index="0" bw="7" slack="0"/>
<pin id="111" dir="1" index="1" bw="7" slack="0"/>
</pin_list>
<bind>
<opcode="load(27) " fcode="load"/>
<opset="j_7/1 "/>
</bind>
</comp>

<comp id="112" class="1004" name="icmp_ln133_fu_112">
<pin_list>
<pin id="113" dir="0" index="0" bw="7" slack="0"/>
<pin id="114" dir="0" index="1" bw="7" slack="0"/>
<pin id="115" dir="1" index="2" bw="1" slack="2147483647"/>
</pin_list>
<bind>
<opcode="icmp(45) " fcode="icmp"/>
<opset="icmp_ln133/1 "/>
</bind>
</comp>

<comp id="118" class="1004" name="add_ln133_fu_118">
<pin_list>
<pin id="119" dir="0" index="0" bw="7" slack="0"/>
<pin id="120" dir="0" index="1" bw="1" slack="0"/>
<pin id="121" dir="1" index="2" bw="7" slack="0"/>
</pin_list>
<bind>
<opcode="add(8) " fcode="add"/>
<opset="add_ln133/1 "/>
</bind>
</comp>

<comp id="124" class="1004" name="lshr_ln_fu_124">
<pin_list>
<pin id="125" dir="0" index="0" bw="5" slack="0"/>
<pin id="126" dir="0" index="1" bw="7" slack="0"/>
<pin id="127" dir="0" index="2" bw="1" slack="0"/>
<pin id="128" dir="0" index="3" bw="4" slack="0"/>
<pin id="129" dir="1" index="4" bw="5" slack="0"/>
</pin_list>
<bind>
<opcode="partselect(1002) " fcode="partselect"/>
<opset="lshr_ln/1 "/>
</bind>
</comp>

<comp id="134" class="1004" name="add_ln_fu_134">
<pin_list>
<pin id="135" dir="0" index="0" bw="11" slack="0"/>
<pin id="136" dir="0" index="1" bw="6" slack="0"/>
<pin id="137" dir="0" index="2" bw="5" slack="0"/>
<pin id="138" dir="1" index="3" bw="11" slack="0"/>
</pin_list>
<bind>
<opcode="bitconcatenate(1004) " fcode="bitconcatenate"/>
<opset="add_ln/1 "/>
</bind>
</comp>

<comp id="142" class="1004" name="zext_ln137_fu_142">
<pin_list>
<pin id="143" dir="0" index="0" bw="11" slack="0"/>
<pin id="144" dir="1" index="1" bw="64" slack="0"/>
</pin_list>
<bind>
<opcode="zext(34) " fcode="zext"/>
<opset="zext_ln137/1 "/>
</bind>
</comp>

<comp id="148" class="1004" name="trunc_ln137_fu_148">
<pin_list>
<pin id="149" dir="0" index="0" bw="7" slack="0"/>
<pin id="150" dir="1" index="1" bw="1" slack="2147483647"/>
</pin_list>
<bind>
<opcode="trunc(33) " fcode="trunc"/>
<opset="trunc_ln137/1 "/>
</bind>
</comp>

<comp id="152" class="1004" name="store_ln133_store_fu_152">
<pin_list>
<pin id="153" dir="0" index="0" bw="7" slack="0"/>
<pin id="154" dir="0" index="1" bw="7" slack="0"/>
<pin id="155" dir="1" index="2" bw="0" slack="2147483647"/>
</pin_list>
<bind>
<opcode="store(28) " fcode="store"/>
<opset="store_ln133/1 "/>
</bind>
</comp>

<comp id="157" class="1005" name="j_reg_157">
<pin_list>
<pin id="158" dir="0" index="0" bw="7" slack="0"/>
<pin id="159" dir="1" index="1" bw="7" slack="0"/>
</pin_list>
<bind>
<opset="j "/>
</bind>
</comp>

</comp_list>

<net_list>
<net id="69"><net_src comp="6" pin="0"/><net_sink comp="66" pin=0"/></net>

<net id="74"><net_src comp="16" pin="0"/><net_sink comp="70" pin=0"/></net>

<net id="75"><net_src comp="4" pin="0"/><net_sink comp="70" pin=1"/></net>

<net id="81"><net_src comp="2" pin="0"/><net_sink comp="76" pin=0"/></net>

<net id="82"><net_src comp="52" pin="0"/><net_sink comp="76" pin=1"/></net>

<net id="88"><net_src comp="0" pin="0"/><net_sink comp="83" pin=0"/></net>

<net id="89"><net_src comp="52" pin="0"/><net_sink comp="83" pin=1"/></net>

<net id="95"><net_src comp="54" pin="0"/><net_sink comp="90" pin=1"/></net>

<net id="96"><net_src comp="76" pin="3"/><net_sink comp="90" pin=0"/></net>

<net id="102"><net_src comp="54" pin="0"/><net_sink comp="97" pin=1"/></net>

<net id="103"><net_src comp="83" pin="3"/><net_sink comp="97" pin=0"/></net>

<net id="108"><net_src comp="18" pin="0"/><net_sink comp="104" pin=0"/></net>

<net id="116"><net_src comp="109" pin="1"/><net_sink comp="112" pin=0"/></net>

<net id="117"><net_src comp="20" pin="0"/><net_sink comp="112" pin=1"/></net>

<net id="122"><net_src comp="109" pin="1"/><net_sink comp="118" pin=0"/></net>

<net id="123"><net_src comp="26" pin="0"/><net_sink comp="118" pin=1"/></net>

<net id="130"><net_src comp="46" pin="0"/><net_sink comp="124" pin=0"/></net>

<net id="131"><net_src comp="109" pin="1"/><net_sink comp="124" pin=1"/></net>

<net id="132"><net_src comp="6" pin="0"/><net_sink comp="124" pin=2"/></net>

<net id="133"><net_src comp="48" pin="0"/><net_sink comp="124" pin=3"/></net>

<net id="139"><net_src comp="50" pin="0"/><net_sink comp="134" pin=0"/></net>

<net id="140"><net_src comp="70" pin="2"/><net_sink comp="134" pin=1"/></net>

<net id="141"><net_src comp="124" pin="4"/><net_sink comp="134" pin=2"/></net>

<net id="145"><net_src comp="134" pin="3"/><net_sink comp="142" pin=0"/></net>

<net id="146"><net_src comp="142" pin="1"/><net_sink comp="76" pin=2"/></net>

<net id="147"><net_src comp="142" pin="1"/><net_sink comp="83" pin=2"/></net>

<net id="151"><net_src comp="109" pin="1"/><net_sink comp="148" pin=0"/></net>

<net id="156"><net_src comp="118" pin="2"/><net_sink comp="152" pin=0"/></net>

<net id="160"><net_src comp="66" pin="1"/><net_sink comp="157" pin=0"/></net>

<net id="161"><net_src comp="157" pin="1"/><net_sink comp="104" pin=1"/></net>

<net id="162"><net_src comp="157" pin="1"/><net_sink comp="109" pin=0"/></net>

<net id="163"><net_src comp="157" pin="1"/><net_sink comp="152" pin=1"/></net>

</net_list>

</model> 
---------------- Datapath Model END ------------------

* FSMD analyzer results:
  - Output states:
	Port: reg_file_4_1 | {1 }
	Port: reg_file_4_0 | {1 }
 - Input state : 
	Port: compute_Pipeline_VITIS_LOOP_133_2 : tmp_36 | {1 }
  - Chain level:
	State 1
		store_ln0 : 1
		j_7 : 1
		icmp_ln133 : 2
		add_ln133 : 2
		br_ln133 : 3
		lshr_ln : 2
		add_ln : 3
		zext_ln137 : 4
		reg_file_4_0_addr : 5
		reg_file_4_1_addr : 5
		trunc_ln137 : 2
		br_ln137 : 3
		store_ln137 : 6
		store_ln137 : 6
		rend6 : 1
		rend4 : 1
		store_ln133 : 3


============================================================
+ Verbose Summary: Datapath Resource usage 
============================================================

* Functional unit list:
|----------|------------------------|---------|---------|
| Operation|     Functional Unit    |    FF   |   LUT   |
|----------|------------------------|---------|---------|
|    add   |    add_ln133_fu_118    |    0    |    14   |
|----------|------------------------|---------|---------|
|   icmp   |    icmp_ln133_fu_112   |    0    |    10   |
|----------|------------------------|---------|---------|
|   read   | tmp_36_read_read_fu_70 |    0    |    0    |
|----------|------------------------|---------|---------|
|partselect|     lshr_ln_fu_124     |    0    |    0    |
|----------|------------------------|---------|---------|
|bitconcatenate|      add_ln_fu_134     |    0    |    0    |
|----------|------------------------|---------|---------|
|   zext   |    zext_ln137_fu_142   |    0    |    0    |
|----------|------------------------|---------|---------|
|   trunc  |   trunc_ln137_fu_148   |    0    |    0    |
|----------|------------------------|---------|---------|
|   Total  |                        |    0    |    24   |
|----------|------------------------|---------|---------|

Memories:
N/A

* Register list:
+---------+--------+
|         |   FF   |
+---------+--------+
|j_reg_157|    7   |
+---------+--------+
|  Total  |    7   |
+---------+--------+

* Multiplexer (MUX) list: 
|--------|------|------|------|--------|
|  Comp  |  Pin | Size |  BW  | S x BW |
|--------|------|------|------|--------|
|  Total |      |      |      |    0   |
|--------|------|------|------|--------|



* Summary:
+-----------+--------+--------+
|           |   FF   |   LUT  |
+-----------+--------+--------+
|  Function |    0   |   24   |
|   Memory  |    -   |    -   |
|Multiplexer|    -   |    -   |
|  Register |    7   |    -   |
+-----------+--------+--------+
|   Total   |    7   |   24   |
+-----------+--------+--------+
