

================================================================
== Vitis HLS Report for 'compute'
================================================================
* Date:           Thu Jan 12 11:46:50 2023

* Version:        2022.2 (Build 3670227 on Oct 13 2022)
* Project:        trmv-max-sharing
* Solution:       zcu104 (Vivado IP Flow Target)
* Product family: zynquplus
* Target device:  xczu7ev-ffvc1156-2-e


================================================================
== Performance Estimates
================================================================
+ Timing: 
    * Summary: 
    +--------+----------+----------+------------+
    |  Clock |  Target  | Estimated| Uncertainty|
    +--------+----------+----------+------------+
    |ap_clk  |  10.00 ns|  7.141 ns|     2.70 ns|
    +--------+----------+----------+------------+

+ Latency: 
    * Summary: 
    +---------+---------+----------+-----------+-----+------+---------+
    |  Latency (cycles) |  Latency (absolute)  |  Interval  | Pipeline|
    |   min   |   max   |    min   |    max    | min |  max |   Type  |
    +---------+---------+----------+-----------+-----+------+---------+
    |      577|     4609|  5.770 us|  46.090 us|  577|  4609|       no|
    +---------+---------+----------+-----------+-----+------+---------+

    + Detail: 
        * Instance: 
        N/A

        * Loop: 
        +--------------------+---------+---------+----------+-----------+-----------+------+----------+
        |                    |  Latency (cycles) | Iteration|  Initiation Interval  | Trip |          |
        |      Loop Name     |   min   |   max   |  Latency |  achieved |   target  | Count| Pipelined|
        +--------------------+---------+---------+----------+-----------+-----------+------+----------+
        |- VITIS_LOOP_131_1  |      576|     4608|    9 ~ 72|          -|          -|    64|        no|
        +--------------------+---------+---------+----------+-----------+-----------+------+----------+

============================================================
+ Verbose Summary: Synthesis Manager
============================================================
InlineROM: 1
ExposeGlobal: 0
============================================================
+ Verbose Summary: CDFG Model
============================================================
IsTopModel: 0
ResetActiveHigh: 1
IsCombinational: 0
IsDatapathOnly: 0
HasWiredReturn: 1
HasMFsm: 0
HasVarLatency: 1
IsPipeline: 0
IsRtlPipelined: 0
IsInstanceOverlapped: 0
IsDontTouch: 0
HasImplIP: 0
IsGatedGlobalClock: 0


============================================================
+ Verbose Summary: Schedule
============================================================
* Number of FSM states : 4
* Pipeline : 0
* Dataflow Pipeline: 0

* FSM state transitions: 
1 --> 2 
2 --> 3 
3 --> 4 
4 --> 2 

* FSM state operations: 

State 1 <SV = 0> <Delay = 0.42>
ST_1 : Operation 5 [1/1] (0.00ns)   --->   "%i = alloca i32 1"   --->   Operation 5 'alloca' 'i' <Predicate = true> <Delay = 0.00>
ST_1 : Operation 6 [1/1] (0.00ns)   --->   "%specmemcore_ln0 = specmemcore void @_ssdm_op_SpecMemCore, i16 %reg_file_2_0, i64 666, i64 30, i64 18446744073709551615"   --->   Operation 6 'specmemcore' 'specmemcore_ln0' <Predicate = true> <Delay = 0.00>
ST_1 : Operation 7 [1/1] (0.00ns)   --->   "%specmemcore_ln0 = specmemcore void @_ssdm_op_SpecMemCore, i16 %reg_file_2_1, i64 666, i64 30, i64 18446744073709551615"   --->   Operation 7 'specmemcore' 'specmemcore_ln0' <Predicate = true> <Delay = 0.00>
ST_1 : Operation 8 [1/1] (0.00ns)   --->   "%specmemcore_ln0 = specmemcore void @_ssdm_op_SpecMemCore, i16 %reg_file_6_0, i64 666, i64 30, i64 18446744073709551615"   --->   Operation 8 'specmemcore' 'specmemcore_ln0' <Predicate = true> <Delay = 0.00>
ST_1 : Operation 9 [1/1] (0.00ns)   --->   "%specmemcore_ln0 = specmemcore void @_ssdm_op_SpecMemCore, i16 %reg_file_6_1, i64 666, i64 30, i64 18446744073709551615"   --->   Operation 9 'specmemcore' 'specmemcore_ln0' <Predicate = true> <Delay = 0.00>
ST_1 : Operation 10 [1/1] (0.00ns)   --->   "%specmemcore_ln0 = specmemcore void @_ssdm_op_SpecMemCore, i16 %reg_file_7_0, i64 666, i64 30, i64 18446744073709551615"   --->   Operation 10 'specmemcore' 'specmemcore_ln0' <Predicate = true> <Delay = 0.00>
ST_1 : Operation 11 [1/1] (0.00ns)   --->   "%specmemcore_ln0 = specmemcore void @_ssdm_op_SpecMemCore, i16 %reg_file_7_1, i64 666, i64 30, i64 18446744073709551615"   --->   Operation 11 'specmemcore' 'specmemcore_ln0' <Predicate = true> <Delay = 0.00>
ST_1 : Operation 12 [1/1] (0.42ns)   --->   "%store_ln131 = store i7 0, i7 %i" [trmv-max-sharing/src/correlation.cpp:131]   --->   Operation 12 'store' 'store_ln131' <Predicate = true> <Delay = 0.42>
ST_1 : Operation 13 [1/1] (0.00ns)   --->   "%br_ln131 = br void %for.body4.lr.ph" [trmv-max-sharing/src/correlation.cpp:131]   --->   Operation 13 'br' 'br_ln131' <Predicate = true> <Delay = 0.00>

State 2 <SV = 1> <Delay = 1.24>
ST_2 : Operation 14 [1/1] (0.00ns)   --->   "%j = load i7 %i" [trmv-max-sharing/src/correlation.cpp:134]   --->   Operation 14 'load' 'j' <Predicate = true> <Delay = 0.00>
ST_2 : Operation 15 [1/1] (0.81ns)   --->   "%icmp_ln131 = icmp_eq  i7 %j, i7 64" [trmv-max-sharing/src/correlation.cpp:131]   --->   Operation 15 'icmp' 'icmp_ln131' <Predicate = true> <Delay = 0.81> <CoreInst = "Cmp">   --->   Core 9 'Cmp' <Latency = 0> <II = 1> <Delay = 0.81> <FuncUnit> <Opcode : 'icmp'> <InPorts = 2> <OutPorts = 1>
ST_2 : Operation 16 [1/1] (0.00ns)   --->   "%empty = speclooptripcount i32 @_ssdm_op_SpecLoopTripCount, i64 64, i64 64, i64 64"   --->   Operation 16 'speclooptripcount' 'empty' <Predicate = true> <Delay = 0.00>
ST_2 : Operation 17 [1/1] (0.77ns)   --->   "%add_ln131 = add i7 %j, i7 1" [trmv-max-sharing/src/correlation.cpp:131]   --->   Operation 17 'add' 'add_ln131' <Predicate = true> <Delay = 0.77> <CoreInst = "Adder">   --->   Core 1 'Adder' <Latency = 0> <II = 1> <Delay = 0.77> <FuncUnit> <Opcode : 'add' 'sub'> <InPorts = 2> <OutPorts = 1>
ST_2 : Operation 18 [1/1] (0.00ns)   --->   "%br_ln131 = br i1 %icmp_ln131, void %fpga_resource_limit_hint.for.body4.lr.ph.1_begin, void %for.end13" [trmv-max-sharing/src/correlation.cpp:131]   --->   Operation 18 'br' 'br_ln131' <Predicate = true> <Delay = 0.00>
ST_2 : Operation 19 [1/1] (0.00ns)   --->   "%lshr_ln = partselect i5 @_ssdm_op_PartSelect.i5.i7.i32.i32, i7 %j, i32 1, i32 5" [trmv-max-sharing/src/correlation.cpp:134]   --->   Operation 19 'partselect' 'lshr_ln' <Predicate = (!icmp_ln131)> <Delay = 0.00>
ST_2 : Operation 20 [1/1] (0.00ns)   --->   "%zext_ln134 = zext i5 %lshr_ln" [trmv-max-sharing/src/correlation.cpp:134]   --->   Operation 20 'zext' 'zext_ln134' <Predicate = (!icmp_ln131)> <Delay = 0.00>
ST_2 : Operation 21 [1/1] (0.00ns)   --->   "%reg_file_6_0_addr = getelementptr i16 %reg_file_6_0, i64 0, i64 %zext_ln134" [trmv-max-sharing/src/correlation.cpp:134]   --->   Operation 21 'getelementptr' 'reg_file_6_0_addr' <Predicate = (!icmp_ln131)> <Delay = 0.00>
ST_2 : Operation 22 [1/1] (0.00ns)   --->   "%reg_file_6_1_addr = getelementptr i16 %reg_file_6_1, i64 0, i64 %zext_ln134" [trmv-max-sharing/src/correlation.cpp:134]   --->   Operation 22 'getelementptr' 'reg_file_6_1_addr' <Predicate = (!icmp_ln131)> <Delay = 0.00>
ST_2 : Operation 23 [2/2] (1.23ns)   --->   "%reg_file_6_0_load = load i11 %reg_file_6_0_addr" [trmv-max-sharing/src/correlation.cpp:134]   --->   Operation 23 'load' 'reg_file_6_0_load' <Predicate = (!icmp_ln131)> <Delay = 1.23> <CoreInst = "RAM_T2P_BRAM">   --->   Core 99 'RAM_T2P_BRAM' <Latency = 1> <II = 1> <Delay = 1.23> <Storage> <Opcode : 'load' 'store'> <Ports = 2> <Width = 16> <Depth = 2048> <RAM>
ST_2 : Operation 24 [2/2] (1.23ns)   --->   "%reg_file_6_1_load = load i11 %reg_file_6_1_addr" [trmv-max-sharing/src/correlation.cpp:134]   --->   Operation 24 'load' 'reg_file_6_1_load' <Predicate = (!icmp_ln131)> <Delay = 1.23> <CoreInst = "RAM_T2P_BRAM">   --->   Core 99 'RAM_T2P_BRAM' <Latency = 1> <II = 1> <Delay = 1.23> <Storage> <Opcode : 'load' 'store'> <Ports = 2> <Width = 16> <Depth = 2048> <RAM>
ST_2 : Operation 25 [1/1] (0.42ns)   --->   "%store_ln131 = store i7 %add_ln131, i7 %i" [trmv-max-sharing/src/correlation.cpp:131]   --->   Operation 25 'store' 'store_ln131' <Predicate = (!icmp_ln131)> <Delay = 0.42>
ST_2 : Operation 26 [1/1] (0.00ns)   --->   "%ret_ln142 = ret" [trmv-max-sharing/src/correlation.cpp:142]   --->   Operation 26 'ret' 'ret_ln142' <Predicate = (icmp_ln131)> <Delay = 0.00>

State 3 <SV = 2> <Delay = 2.09>
ST_3 : Operation 27 [1/1] (0.00ns)   --->   "%trunc_ln130 = trunc i7 %j" [trmv-max-sharing/src/correlation.cpp:130]   --->   Operation 27 'trunc' 'trunc_ln130' <Predicate = true> <Delay = 0.00>
ST_3 : Operation 28 [1/1] (0.00ns)   --->   "%trunc_ln134 = trunc i7 %j" [trmv-max-sharing/src/correlation.cpp:134]   --->   Operation 28 'trunc' 'trunc_ln134' <Predicate = true> <Delay = 0.00>
ST_3 : Operation 29 [1/2] (1.23ns)   --->   "%reg_file_6_0_load = load i11 %reg_file_6_0_addr" [trmv-max-sharing/src/correlation.cpp:134]   --->   Operation 29 'load' 'reg_file_6_0_load' <Predicate = true> <Delay = 1.23> <CoreInst = "RAM_T2P_BRAM">   --->   Core 99 'RAM_T2P_BRAM' <Latency = 1> <II = 1> <Delay = 1.23> <Storage> <Opcode : 'load' 'store'> <Ports = 2> <Width = 16> <Depth = 2048> <RAM>
ST_3 : Operation 30 [1/2] (1.23ns)   --->   "%reg_file_6_1_load = load i11 %reg_file_6_1_addr" [trmv-max-sharing/src/correlation.cpp:134]   --->   Operation 30 'load' 'reg_file_6_1_load' <Predicate = true> <Delay = 1.23> <CoreInst = "RAM_T2P_BRAM">   --->   Core 99 'RAM_T2P_BRAM' <Latency = 1> <II = 1> <Delay = 1.23> <Storage> <Opcode : 'load' 'store'> <Ports = 2> <Width = 16> <Depth = 2048> <RAM>
ST_3 : Operation 31 [1/1] (0.42ns)   --->   "%tmp = mux i16 @_ssdm_op_Mux.ap_auto.2f16.i1, i16 %reg_file_6_0_load, i16 %reg_file_6_1_load, i1 %trunc_ln134" [trmv-max-sharing/src/correlation.cpp:134]   --->   Operation 31 'mux' 'tmp' <Predicate = true> <Delay = 0.42> <CoreInst = "Multiplexer">   --->   Core 76 'Multiplexer' <Latency = 0> <II = 1> <Delay = 0.42> <FuncUnit> <Opcode : 'mux'> <InPorts = 2> <OutPorts = 1>
ST_3 : Operation 32 [2/2] (0.42ns)   --->   "%call_ln130 = call void @compute_Pipeline_VITIS_LOOP_135_2, i6 %trunc_ln130, i16 %reg_file_7_1, i16 %reg_file_7_0, i16 %reg_file_2_1, i16 %reg_file_2_0, i5 %lshr_ln, i1 %trunc_ln134, i16 %tmp" [trmv-max-sharing/src/correlation.cpp:130]   --->   Operation 32 'call' 'call_ln130' <Predicate = true> <Delay = 0.42> <CoreType = "Generic">   --->   Core 0 '' <Latency = 0> <II = 1> <Delay = 1.00> <Generic> <Opcode : >

State 4 <SV = 3> <Delay = 0.00>
ST_4 : Operation 33 [1/1] (0.00ns)   --->   "%specloopname_ln130 = specloopname void @_ssdm_op_SpecLoopName, void @empty_22" [trmv-max-sharing/src/correlation.cpp:130]   --->   Operation 33 'specloopname' 'specloopname_ln130' <Predicate = true> <Delay = 0.00>
ST_4 : Operation 34 [1/1] (0.00ns)   --->   "%rbegin = specregionbegin i32 @_ssdm_op_SpecRegionBegin, void @empty_8" [trmv-max-sharing/src/correlation.cpp:131]   --->   Operation 34 'specregionbegin' 'rbegin' <Predicate = true> <Delay = 0.00>
ST_4 : Operation 35 [1/1] (0.00ns)   --->   "%rbegin1 = specregionbegin i32 @_ssdm_op_SpecRegionBegin, void @empty_17" [trmv-max-sharing/src/correlation.cpp:131]   --->   Operation 35 'specregionbegin' 'rbegin1' <Predicate = true> <Delay = 0.00>
ST_4 : Operation 36 [1/2] (0.00ns)   --->   "%call_ln130 = call void @compute_Pipeline_VITIS_LOOP_135_2, i6 %trunc_ln130, i16 %reg_file_7_1, i16 %reg_file_7_0, i16 %reg_file_2_1, i16 %reg_file_2_0, i5 %lshr_ln, i1 %trunc_ln134, i16 %tmp" [trmv-max-sharing/src/correlation.cpp:130]   --->   Operation 36 'call' 'call_ln130' <Predicate = true> <Delay = 0.00> <CoreType = "Generic">   --->   Core 0 '' <Latency = 0> <II = 1> <Delay = 1.00> <Generic> <Opcode : >
ST_4 : Operation 37 [1/1] (0.00ns)   --->   "%specresourcelimit_ln141 = specresourcelimit void @_ssdm_op_SpecResourceLimit, i64 1, void @empty_15, void @empty_7, void @empty_7, void @empty_7" [trmv-max-sharing/src/correlation.cpp:141]   --->   Operation 37 'specresourcelimit' 'specresourcelimit_ln141' <Predicate = true> <Delay = 0.00>
ST_4 : Operation 38 [1/1] (0.00ns)   --->   "%rend2 = specregionend i32 @_ssdm_op_SpecRegionEnd, void @empty_17, i32 %rbegin1" [trmv-max-sharing/src/correlation.cpp:141]   --->   Operation 38 'specregionend' 'rend2' <Predicate = true> <Delay = 0.00>
ST_4 : Operation 39 [1/1] (0.00ns)   --->   "%specresourcelimit_ln141 = specresourcelimit void @_ssdm_op_SpecResourceLimit, i64 1, void @empty_9, void @empty_7, void @empty_7, void @empty_7" [trmv-max-sharing/src/correlation.cpp:141]   --->   Operation 39 'specresourcelimit' 'specresourcelimit_ln141' <Predicate = true> <Delay = 0.00>
ST_4 : Operation 40 [1/1] (0.00ns)   --->   "%rend = specregionend i32 @_ssdm_op_SpecRegionEnd, void @empty_8, i32 %rbegin" [trmv-max-sharing/src/correlation.cpp:141]   --->   Operation 40 'specregionend' 'rend' <Predicate = true> <Delay = 0.00>
ST_4 : Operation 41 [1/1] (0.00ns)   --->   "%br_ln131 = br void %for.body4.lr.ph" [trmv-max-sharing/src/correlation.cpp:131]   --->   Operation 41 'br' 'br_ln131' <Predicate = true> <Delay = 0.00>


============================================================
+ Verbose Summary: Timing violations
============================================================
Target clock period: 10ns, clock uncertainty: 2.7ns.

 <State 1>: 0.427ns
The critical path consists of the following:
	'alloca' operation ('i') [7]  (0 ns)
	'store' operation ('store_ln131', trmv-max-sharing/src/correlation.cpp:131) of constant 0 on local variable 'i' [14]  (0.427 ns)

 <State 2>: 1.24ns
The critical path consists of the following:
	'load' operation ('j', trmv-max-sharing/src/correlation.cpp:134) on local variable 'i' [17]  (0 ns)
	'getelementptr' operation ('reg_file_6_0_addr', trmv-max-sharing/src/correlation.cpp:134) [29]  (0 ns)
	'load' operation ('reg_file_6_0_load', trmv-max-sharing/src/correlation.cpp:134) on array 'reg_file_6_0' [32]  (1.24 ns)
	blocking operation 0.007 ns on control path)

 <State 3>: 2.09ns
The critical path consists of the following:
	'load' operation ('reg_file_6_0_load', trmv-max-sharing/src/correlation.cpp:134) on array 'reg_file_6_0' [32]  (1.24 ns)
	'mux' operation ('tmp', trmv-max-sharing/src/correlation.cpp:134) [34]  (0.427 ns)
	'call' operation ('call_ln130', trmv-max-sharing/src/correlation.cpp:130) to 'compute_Pipeline_VITIS_LOOP_135_2' [35]  (0.427 ns)

 <State 4>: 0ns
The critical path consists of the following:


============================================================
+ Verbose Summary: Binding
============================================================
N/A
* FSMD analyzer results:
  - Output states:
 - Input state : 
  - Chain level:
	State 1
	State 2
	State 3
	State 4


============================================================
+ Verbose Summary: Datapath Resource usage 
============================================================
N/A
