================================================================
== Vivado RTL Synthesis Results
================================================================
+ General Information:
    * Date:            Sat Nov 19 20:45:58 MST 2022
    * Version:         2022.2 (Build 3670227 on Oct 13 2022)
    * Project:         correlation-max-sharing
    * Solution:        zcu104 (Vivado IP Flow Target)
    * Product family:  zynquplus
    * Target device:   xczu7ev-ffvc1156-2-e


================================================================
== Run Constraints & Options
================================================================
+ Design Constraints & Options:
    * RTL Synthesis target clock:  10 ns
    * C-Synthesis target clock:    10 ns
    * C-Synthesis uncertainty:     27%

+ RTL Synthesis Options:
    * config_export -vivado_synth_strategy:     default
    * config_export -vivado_synth_design_args:  -directive sdx_optimization_effort_high

+ Reporting Options:
    * config_export -vivado_report_level:      2
    * config_export -vivado_max_timing_paths:  10


================================================================
== RTL Synthesis Resource Summary
================================================================
LUT:              2127
FF:               1768
DSP:              4
BRAM:             64
URAM:             0
SRL:              58


================================================================
== RTL Synthesis Timing Summary
================================================================
* Timing was met
+------------+-------------+
| Timing     | Period (ns) |
+------------+-------------+
| Target     | 10.000      |
| Post-Route | 7.345       |
+------------+-------------+


================================================================
== RTL Synthesis Resources
================================================================
+-------------------------------------------------------------------------------------------+------+------+-----+------+------+-----+--------+--------+---------+-------------+-----------------------------------------------------------------------------------------------------------+
| Name                                                                                      | LUT  | FF   | DSP | BRAM | URAM | SRL | Pragma | Impl   | Latency | Variable    | Source                                                                                                    |
+-------------------------------------------------------------------------------------------+------+------+-----+------+------+-----+--------+--------+---------+-------------+-----------------------------------------------------------------------------------------------------------+
| inst                                                                                      | 2127 | 1768 | 4   | 64   |      |     |        |        |         |             |                                                                                                           |
|   (inst)                                                                                  |      | 140  |     |      |      |     |        |        |         |             |                                                                                                           |
|   control_s_axi_U                                                                         | 69   | 183  |     |      |      |     |        |        |         |             |                                                                                                           |
|   grp_compute_fu_291                                                                      | 1605 | 1199 | 4   |      |      |     |        |        |         |             |                                                                                                           |
|     (grp_compute_fu_291)                                                                  | 6    | 76   |     |      |      |     |        |        |         |             |                                                                                                           |
|     grp_compute_Pipeline_VITIS_LOOP_134_1_fu_94                                           | 18   | 9    |     |      |      |     |        |        |         |             |                                                                                                           |
|       (grp_compute_Pipeline_VITIS_LOOP_134_1_fu_94)                                       | 2    | 7    |     |      |      |     |        |        |         |             |                                                                                                           |
|       flow_control_loop_pipe_sequential_init_U                                            | 16   | 2    |     |      |      |     |        |        |         |             |                                                                                                           |
|     grp_compute_Pipeline_VITIS_LOOP_142_2_VITIS_LOOP_143_3_fu_118                         | 50   | 83   |     |      |      |     |        |        |         |             |                                                                                                           |
|       (grp_compute_Pipeline_VITIS_LOOP_142_2_VITIS_LOOP_143_3_fu_118)                     | 11   | 81   |     |      |      |     |        |        |         |             |                                                                                                           |
|       flow_control_loop_pipe_sequential_init_U                                            | 39   | 2    |     |      |      |     |        |        |         |             |                                                                                                           |
|     grp_compute_Pipeline_VITIS_LOOP_154_4_fu_130                                          | 38   | 24   |     |      |      |     |        |        |         |             |                                                                                                           |
|       (grp_compute_Pipeline_VITIS_LOOP_154_4_fu_130)                                      | 16   | 22   |     |      |      |     |        |        |         |             |                                                                                                           |
|       flow_control_loop_pipe_sequential_init_U                                            | 14   | 2    |     |      |      |     |        |        |         |             |                                                                                                           |
|       mux_21_16_1_1_U45                                                                   | 8    |      |     |      |      |     |        |        |         |             |                                                                                                           |
|     grp_compute_Pipeline_VITIS_LOOP_162_5_fu_102                                          | 22   | 9    |     |      |      |     |        |        |         |             |                                                                                                           |
|       (grp_compute_Pipeline_VITIS_LOOP_162_5_fu_102)                                      | 2    | 7    |     |      |      |     |        |        |         |             |                                                                                                           |
|       flow_control_loop_pipe_sequential_init_U                                            | 20   | 2    |     |      |      |     |        |        |         |             |                                                                                                           |
|     grp_compute_Pipeline_VITIS_LOOP_170_6_VITIS_LOOP_171_7_fu_140                         | 43   | 101  |     |      |      |     |        |        |         |             |                                                                                                           |
|       (grp_compute_Pipeline_VITIS_LOOP_170_6_VITIS_LOOP_171_7_fu_140)                     | 11   | 99   |     |      |      |     |        |        |         |             |                                                                                                           |
|       flow_control_loop_pipe_sequential_init_U                                            | 32   | 2    |     |      |      |     |        |        |         |             |                                                                                                           |
|     grp_compute_Pipeline_VITIS_LOOP_182_8_VITIS_LOOP_183_9_fu_152                         | 71   | 55   |     |      |      |     |        |        |         |             |                                                                                                           |
|       (grp_compute_Pipeline_VITIS_LOOP_182_8_VITIS_LOOP_183_9_fu_152)                     | 27   | 53   |     |      |      |     |        |        |         |             |                                                                                                           |
|       flow_control_loop_pipe_sequential_init_U                                            | 36   | 2    |     |      |      |     |        |        |         |             |                                                                                                           |
|       mux_21_16_1_1_U59                                                                   | 8    |      |     |      |      |     |        |        |         |             |                                                                                                           |
|     grp_compute_Pipeline_VITIS_LOOP_193_10_VITIS_LOOP_194_11_fu_164                       | 91   | 83   |     |      |      |     |        |        |         |             |                                                                                                           |
|       (grp_compute_Pipeline_VITIS_LOOP_193_10_VITIS_LOOP_194_11_fu_164)                   | 44   | 81   |     |      |      |     |        |        |         |             |                                                                                                           |
|       flow_control_loop_pipe_sequential_init_U                                            | 47   | 2    |     |      |      |     |        |        |         |             |                                                                                                           |
|     grp_compute_Pipeline_VITIS_LOOP_204_12_fu_176                                         | 45   | 24   |     |      |      |     |        |        |         |             |                                                                                                           |
|       (grp_compute_Pipeline_VITIS_LOOP_204_12_fu_176)                                     | 32   | 22   |     |      |      |     |        |        |         |             |                                                                                                           |
|       flow_control_loop_pipe_sequential_init_U                                            | 13   | 2    |     |      |      |     |        |        |         |             |                                                                                                           |
|     grp_compute_Pipeline_VITIS_LOOP_215_13_fu_185                                         | 164  | 134  |     |      |      |     |        |        |         |             |                                                                                                           |
|       (grp_compute_Pipeline_VITIS_LOOP_215_13_fu_185)                                     | 13   | 43   |     |      |      |     |        |        |         |             |                                                                                                           |
|       flow_control_loop_pipe_sequential_init_U                                            | 14   | 2    |     |      |      |     |        |        |         |             |                                                                                                           |
|       hsqrt_16ns_16_4_no_dsp_1_U76                                                        | 129  | 89   |     |      |      |     |        |        |         |             |                                                                                                           |
|         bind_op hsqrt                                                                     |      |      |     |      |      |     |        | fabric | 3       | tmp_s       | /wrk/ci/prod/2022.2/hls_product/continuous/608/2022.2/src/shared/hls/clib/hlsmath/src/c++/sqrthalf.cpp:19 |
|       mux_21_16_1_1_U77                                                                   | 8    |      |     |      |      |     |        |        |         |             |                                                                                                           |
|     grp_compute_Pipeline_VITIS_LOOP_227_14_fu_193                                         | 144  | 138  |     |      |      |     |        |        |         |             |                                                                                                           |
|       (grp_compute_Pipeline_VITIS_LOOP_227_14_fu_193)                                     | 21   | 104  |     |      |      |     |        |        |         |             |                                                                                                           |
|       fcmp_32ns_32ns_1_2_no_dsp_1_U81                                                     | 72   | 32   |     |      |      |     |        |        |         |             |                                                                                                           |
|         (fcmp_32ns_32ns_1_2_no_dsp_1_U81)                                                 |      | 32   |     |      |      |     |        |        |         |             |                                                                                                           |
|       flow_control_loop_pipe_sequential_init_U                                            | 15   | 2    |     |      |      |     |        |        |         |             |                                                                                                           |
|       hptosp_16ns_32_1_no_dsp_1_U82                                                       | 28   |      |     |      |      |     |        |        |         |             |                                                                                                           |
|       mux_21_16_1_1_U83                                                                   | 8    |      |     |      |      |     |        |        |         |             |                                                                                                           |
|     grp_compute_Pipeline_VITIS_LOOP_235_15_fu_201                                         | 39   | 24   |     |      |      |     |        |        |         |             |                                                                                                           |
|       (grp_compute_Pipeline_VITIS_LOOP_235_15_fu_201)                                     | 21   | 22   |     |      |      |     |        |        |         |             |                                                                                                           |
|       flow_control_loop_pipe_sequential_init_U                                            | 18   | 2    |     |      |      |     |        |        |         |             |                                                                                                           |
|     grp_compute_Pipeline_VITIS_LOOP_243_16_VITIS_LOOP_244_17_fu_215                       | 98   | 55   |     |      |      |     |        |        |         |             |                                                                                                           |
|       (grp_compute_Pipeline_VITIS_LOOP_243_16_VITIS_LOOP_244_17_fu_215)                   | 59   | 53   |     |      |      |     |        |        |         |             |                                                                                                           |
|       flow_control_loop_pipe_sequential_init_U                                            | 39   | 2    |     |      |      |     |        |        |         |             |                                                                                                           |
|     grp_compute_Pipeline_VITIS_LOOP_255_18_VITIS_LOOP_256_19_fu_110                       | 39   | 27   |     |      |      |     |        |        |         |             |                                                                                                           |
|       (grp_compute_Pipeline_VITIS_LOOP_255_18_VITIS_LOOP_256_19_fu_110)                   | 2    | 25   |     |      |      |     |        |        |         |             |                                                                                                           |
|       flow_control_loop_pipe_sequential_init_U                                            | 37   | 2    |     |      |      |     |        |        |         |             |                                                                                                           |
|     grp_compute_Pipeline_VITIS_LOOP_265_20_VITIS_LOOP_266_21_fu_227                       | 46   | 41   |     |      |      |     |        |        |         |             |                                                                                                           |
|       (grp_compute_Pipeline_VITIS_LOOP_265_20_VITIS_LOOP_266_21_fu_227)                   | 8    | 39   |     |      |      |     |        |        |         |             |                                                                                                           |
|       flow_control_loop_pipe_sequential_init_U                                            | 38   | 2    |     |      |      |     |        |        |         |             |                                                                                                           |
|     grp_compute_Pipeline_VITIS_LOOP_274_22_VITIS_LOOP_275_23_VITIS_LOOP_276_24_fu_239     | 152  | 128  |     |      |      |     |        |        |         |             |                                                                                                           |
|       (grp_compute_Pipeline_VITIS_LOOP_274_22_VITIS_LOOP_275_23_VITIS_LOOP_276_24_fu_239) | 141  | 126  |     |      |      |     |        |        |         |             |                                                                                                           |
|       flow_control_loop_pipe_sequential_init_U                                            | 3    | 2    |     |      |      |     |        |        |         |             |                                                                                                           |
|       mux_21_16_1_1_U113                                                                  | 8    |      |     |      |      |     |        |        |         |             |                                                                                                           |
|     grp_compute_Pipeline_VITIS_LOOP_292_25_fu_255                                         | 27   | 8    |     |      |      |     |        |        |         |             |                                                                                                           |
|       (grp_compute_Pipeline_VITIS_LOOP_292_25_fu_255)                                     |      | 6    |     |      |      |     |        |        |         |             |                                                                                                           |
|       flow_control_loop_pipe_sequential_init_U                                            | 27   | 2    |     |      |      |     |        |        |         |             |                                                                                                           |
|     hadd_16ns_16ns_16_2_full_dsp_1_U122                                                   | 147  | 32   | 2   |      |      |     |        |        |         |             |                                                                                                           |
|       (hadd_16ns_16ns_16_2_full_dsp_1_U122)                                               |      | 32   |     |      |      |     |        |        |         |             |                                                                                                           |
|     hdiv_16ns_16ns_16_5_no_dsp_1_U123                                                     | 297  | 116  |     |      |      |     |        |        |         |             |                                                                                                           |
|       (hdiv_16ns_16ns_16_5_no_dsp_1_U123)                                                 |      | 32   |     |      |      |     |        |        |         |             |                                                                                                           |
|     hmul_16ns_16ns_16_2_max_dsp_1_U124                                                    | 68   | 32   | 2   |      |      |     |        |        |         |             |                                                                                                           |
|       (hmul_16ns_16ns_16_2_max_dsp_1_U124)                                                |      | 32   |     |      |      |     |        |        |         |             |                                                                                                           |
|   grp_recv_data_burst_fu_221                                                              | 71   | 105  |     |      |      |     |        |        |         |             |                                                                                                           |
|     (grp_recv_data_burst_fu_221)                                                          | 62   | 103  |     |      |      |     |        |        |         |             |                                                                                                           |
|     flow_control_loop_pipe_sequential_init_U                                              | 9    | 2    |     |      |      |     |        |        |         |             |                                                                                                           |
|   grp_send_data_burst_fu_307                                                              | 333  | 141  |     |      |      |     |        |        |         |             |                                                                                                           |
|     (grp_send_data_burst_fu_307)                                                          | 327  | 139  |     |      |      |     |        |        |         |             |                                                                                                           |
|     flow_control_loop_pipe_sequential_init_U                                              | 6    | 2    |     |      |      |     |        |        |         |             |                                                                                                           |
|   reg_file_10_U                                                                           |      |      |     | 2    |      |     |        |        |         |             |                                                                                                           |
|     bind_storage ram_t2p                                                                  |      |      |     |      |      |     | yes    | bram   | 1       | reg_file_10 | correlation-max-sharing/src/correlation.cpp:316                                                           |
|   reg_file_11_U                                                                           | 8    |      |     | 2    |      |     |        |        |         |             |                                                                                                           |
|     bind_storage ram_t2p                                                                  |      |      |     |      |      |     | yes    | bram   | 1       | reg_file_11 | correlation-max-sharing/src/correlation.cpp:316                                                           |
|   reg_file_12_U                                                                           |      |      |     | 2    |      |     |        |        |         |             |                                                                                                           |
|     bind_storage ram_t2p                                                                  |      |      |     |      |      |     | yes    | bram   | 1       | reg_file_12 | correlation-max-sharing/src/correlation.cpp:316                                                           |
|   reg_file_13_U                                                                           | 8    |      |     | 2    |      |     |        |        |         |             |                                                                                                           |
|     bind_storage ram_t2p                                                                  |      |      |     |      |      |     | yes    | bram   | 1       | reg_file_13 | correlation-max-sharing/src/correlation.cpp:316                                                           |
|   reg_file_14_U                                                                           |      |      |     | 2    |      |     |        |        |         |             |                                                                                                           |
|     bind_storage ram_t2p                                                                  |      |      |     |      |      |     | yes    | bram   | 1       | reg_file_14 | correlation-max-sharing/src/correlation.cpp:316                                                           |
|   reg_file_15_U                                                                           |      |      |     | 2    |      |     |        |        |         |             |                                                                                                           |
|     bind_storage ram_t2p                                                                  |      |      |     |      |      |     | yes    | bram   | 1       | reg_file_15 | correlation-max-sharing/src/correlation.cpp:316                                                           |
|   reg_file_16_U                                                                           |      |      |     | 2    |      |     |        |        |         |             |                                                                                                           |
|     bind_storage ram_t2p                                                                  |      |      |     |      |      |     | yes    | bram   | 1       | reg_file_16 | correlation-max-sharing/src/correlation.cpp:316                                                           |
|   reg_file_17_U                                                                           |      |      |     | 2    |      |     |        |        |         |             |                                                                                                           |
|     bind_storage ram_t2p                                                                  |      |      |     |      |      |     | yes    | bram   | 1       | reg_file_17 | correlation-max-sharing/src/correlation.cpp:316                                                           |
|   reg_file_18_U                                                                           |      |      |     | 2    |      |     |        |        |         |             |                                                                                                           |
|     bind_storage ram_t2p                                                                  |      |      |     |      |      |     | yes    | bram   | 1       | reg_file_18 | correlation-max-sharing/src/correlation.cpp:316                                                           |
|   reg_file_19_U                                                                           |      |      |     | 2    |      |     |        |        |         |             |                                                                                                           |
|     bind_storage ram_t2p                                                                  |      |      |     |      |      |     | yes    | bram   | 1       | reg_file_19 | correlation-max-sharing/src/correlation.cpp:316                                                           |
|   reg_file_1_U                                                                            |      |      |     | 2    |      |     |        |        |         |             |                                                                                                           |
|     bind_storage ram_t2p                                                                  |      |      |     |      |      |     | yes    | bram   | 1       | reg_file_1  | correlation-max-sharing/src/correlation.cpp:316                                                           |
|   reg_file_20_U                                                                           |      |      |     | 2    |      |     |        |        |         |             |                                                                                                           |
|     bind_storage ram_t2p                                                                  |      |      |     |      |      |     | yes    | bram   | 1       | reg_file_20 | correlation-max-sharing/src/correlation.cpp:316                                                           |
|   reg_file_21_U                                                                           |      |      |     | 2    |      |     |        |        |         |             |                                                                                                           |
|     bind_storage ram_t2p                                                                  |      |      |     |      |      |     | yes    | bram   | 1       | reg_file_21 | correlation-max-sharing/src/correlation.cpp:316                                                           |
|   reg_file_22_U                                                                           |      |      |     | 2    |      |     |        |        |         |             |                                                                                                           |
|     bind_storage ram_t2p                                                                  |      |      |     |      |      |     | yes    | bram   | 1       | reg_file_22 | correlation-max-sharing/src/correlation.cpp:316                                                           |
|   reg_file_23_U                                                                           |      |      |     | 2    |      |     |        |        |         |             |                                                                                                           |
|     bind_storage ram_t2p                                                                  |      |      |     |      |      |     | yes    | bram   | 1       | reg_file_23 | correlation-max-sharing/src/correlation.cpp:316                                                           |
|   reg_file_24_U                                                                           |      |      |     | 2    |      |     |        |        |         |             |                                                                                                           |
|     bind_storage ram_t2p                                                                  |      |      |     |      |      |     | yes    | bram   | 1       | reg_file_24 | correlation-max-sharing/src/correlation.cpp:316                                                           |
|   reg_file_25_U                                                                           |      |      |     | 2    |      |     |        |        |         |             |                                                                                                           |
|     bind_storage ram_t2p                                                                  |      |      |     |      |      |     | yes    | bram   | 1       | reg_file_25 | correlation-max-sharing/src/correlation.cpp:316                                                           |
|   reg_file_26_U                                                                           |      |      |     | 2    |      |     |        |        |         |             |                                                                                                           |
|     bind_storage ram_t2p                                                                  |      |      |     |      |      |     | yes    | bram   | 1       | reg_file_26 | correlation-max-sharing/src/correlation.cpp:316                                                           |
|   reg_file_27_U                                                                           |      |      |     | 2    |      |     |        |        |         |             |                                                                                                           |
|     bind_storage ram_t2p                                                                  |      |      |     |      |      |     | yes    | bram   | 1       | reg_file_27 | correlation-max-sharing/src/correlation.cpp:316                                                           |
|   reg_file_28_U                                                                           |      |      |     | 2    |      |     |        |        |         |             |                                                                                                           |
|     bind_storage ram_t2p                                                                  |      |      |     |      |      |     | yes    | bram   | 1       | reg_file_28 | correlation-max-sharing/src/correlation.cpp:316                                                           |
|   reg_file_29_U                                                                           |      |      |     | 2    |      |     |        |        |         |             |                                                                                                           |
|     bind_storage ram_t2p                                                                  |      |      |     |      |      |     | yes    | bram   | 1       | reg_file_29 | correlation-max-sharing/src/correlation.cpp:316                                                           |
|   reg_file_2_U                                                                            |      |      |     | 2    |      |     |        |        |         |             |                                                                                                           |
|     bind_storage ram_t2p                                                                  |      |      |     |      |      |     | yes    | bram   | 1       | reg_file_2  | correlation-max-sharing/src/correlation.cpp:316                                                           |
|   reg_file_30_U                                                                           |      |      |     | 2    |      |     |        |        |         |             |                                                                                                           |
|     bind_storage ram_t2p                                                                  |      |      |     |      |      |     | yes    | bram   | 1       | reg_file_30 | correlation-max-sharing/src/correlation.cpp:316                                                           |
|   reg_file_31_U                                                                           |      |      |     | 2    |      |     |        |        |         |             |                                                                                                           |
|     bind_storage ram_t2p                                                                  |      |      |     |      |      |     | yes    | bram   | 1       | reg_file_31 | correlation-max-sharing/src/correlation.cpp:316                                                           |
|   reg_file_3_U                                                                            |      |      |     | 2    |      |     |        |        |         |             |                                                                                                           |
|     bind_storage ram_t2p                                                                  |      |      |     |      |      |     | yes    | bram   | 1       | reg_file_3  | correlation-max-sharing/src/correlation.cpp:316                                                           |
|   reg_file_4_U                                                                            |      |      |     | 2    |      |     |        |        |         |             |                                                                                                           |
|     bind_storage ram_t2p                                                                  |      |      |     |      |      |     | yes    | bram   | 1       | reg_file_4  | correlation-max-sharing/src/correlation.cpp:316                                                           |
|   reg_file_5_U                                                                            | 17   |      |     | 2    |      |     |        |        |         |             |                                                                                                           |
|     bind_storage ram_t2p                                                                  |      |      |     |      |      |     | yes    | bram   | 1       | reg_file_5  | correlation-max-sharing/src/correlation.cpp:316                                                           |
|   reg_file_6_U                                                                            |      |      |     | 2    |      |     |        |        |         |             |                                                                                                           |
|     bind_storage ram_t2p                                                                  |      |      |     |      |      |     | yes    | bram   | 1       | reg_file_6  | correlation-max-sharing/src/correlation.cpp:316                                                           |
|   reg_file_7_U                                                                            |      |      |     | 2    |      |     |        |        |         |             |                                                                                                           |
|     bind_storage ram_t2p                                                                  |      |      |     |      |      |     | yes    | bram   | 1       | reg_file_7  | correlation-max-sharing/src/correlation.cpp:316                                                           |
|   reg_file_8_U                                                                            |      |      |     | 2    |      |     |        |        |         |             |                                                                                                           |
|     bind_storage ram_t2p                                                                  |      |      |     |      |      |     | yes    | bram   | 1       | reg_file_8  | correlation-max-sharing/src/correlation.cpp:316                                                           |
|   reg_file_9_U                                                                            | 16   |      |     | 2    |      |     |        |        |         |             |                                                                                                           |
|     bind_storage ram_t2p                                                                  |      |      |     |      |      |     | yes    | bram   | 1       | reg_file_9  | correlation-max-sharing/src/correlation.cpp:316                                                           |
|   reg_file_U                                                                              |      |      |     | 2    |      |     |        |        |         |             |                                                                                                           |
|     bind_storage ram_t2p                                                                  |      |      |     |      |      |     | yes    | bram   | 1       | reg_file    | correlation-max-sharing/src/correlation.cpp:316                                                           |
+-------------------------------------------------------------------------------------------+------+------+-----+------+------+-----+--------+--------+---------+-------------+-----------------------------------------------------------------------------------------------------------+


================================================================
== RTL Synthesis Fail Fast
================================================================
+-----------------------------------------------------------+-----------+--------+--------+
| Criteria                                                  | Guideline | Actual | Status |
+-----------------------------------------------------------+-----------+--------+--------+
| LUT                                                       | 70%       | 0.92%  | OK     |
| FD                                                        | 50%       | 0.38%  | OK     |
| LUTRAM+SRL                                                | 25%       | 0.06%  | OK     |
| CARRY8                                                    | 25%       | 0.43%  | OK     |
| MUXF7                                                     | 15%       | 0.11%  | OK     |
| DSP                                                       | 80%       | 0.23%  | OK     |
| RAMB/FIFO                                                 | 80%       | 10.26% | OK     |
| URAM                                                      | 80%       | 0.00%  | OK     |
| DSP+RAMB+URAM (Avg)                                       | 70%       | 5.25%  | OK     |
| BUFGCE* + BUFGCTRL                                        | 24        | 0      | OK     |
| DONT_TOUCH (cells/nets)                                   | 0         | 0      | OK     |
| MARK_DEBUG (nets)                                         | 0         | 0      | OK     |
| Control Sets                                              | 4320      | 68     | OK     |
| Average Fanout for modules > 100k cells                   | 4         | 0      | OK     |
| Non-FD high fanout nets > 10k loads                       | 0         | 0      | OK     |
+-----------------------------------------------------------+-----------+--------+--------+
| TIMING-6 (No common primary clock between related clocks) | 0         | 0      | OK     |
| TIMING-7 (No common node between related clocks)          | 0         | 0      | OK     |
| TIMING-8 (No common period between related clocks)        | 0         | 0      | OK     |
| TIMING-14 (LUT on the clock tree)                         | 0         | 0      | OK     |
| TIMING-35 (No common node in paths with the same clock)   | 0         | 0      | OK     |
+-----------------------------------------------------------+-----------+--------+--------+
| Number of paths above max LUT budgeting (0.300ns)         | 0         | 0      | OK     |
| Number of paths above max Net budgeting (0.208ns)         | 0         | 0      | OK     |
+-----------------------------------------------------------+-----------+--------+--------+


================================================================
== RTL Synthesis Timing Paths
================================================================
* Timing was met
+-------+-------+---------------------------------------------------------------------------+------------------------------------------+--------------+------------+----------------+----------------+--------------+
| Path  | SLACK | STARTPOINT PIN                                                            | ENDPOINT PIN                             | LOGIC LEVELS | MAX FANOUT | DATAPATH DELAY | DATAPATH LOGIC | DATAPATH NET |
|       |       |                                                                           |                                          |              |            |                |          DELAY |        DELAY |
+-------+-------+---------------------------------------------------------------------------+------------------------------------------+--------------+------------+----------------+----------------+--------------+
| Path1 | 2.655 | grp_compute_fu_291/hadd_16ns_16ns_16_2_full_dsp_1_U122/din1_buf1_reg[1]/C | reg_file_11_U/ram_reg_bram_0/DINBDIN[14] |           23 |         14 |          7.051 |          4.293 |        2.758 |
| Path2 | 2.687 | grp_compute_fu_291/hadd_16ns_16ns_16_2_full_dsp_1_U122/din1_buf1_reg[1]/C | reg_file_10_U/ram_reg_bram_0/DINBDIN[14] |           23 |         14 |          7.019 |          4.261 |        2.758 |
| Path3 | 2.802 | grp_compute_fu_291/hadd_16ns_16ns_16_2_full_dsp_1_U122/din1_buf1_reg[1]/C | reg_file_11_U/ram_reg_bram_0/DINBDIN[13] |           23 |         14 |          6.916 |          4.206 |        2.710 |
| Path4 | 2.813 | grp_compute_fu_291/hadd_16ns_16ns_16_2_full_dsp_1_U122/din1_buf1_reg[1]/C | reg_file_11_U/ram_reg_bram_0/DINBDIN[12] |           23 |         14 |          6.907 |          4.206 |        2.701 |
| Path5 | 2.834 | grp_compute_fu_291/hadd_16ns_16ns_16_2_full_dsp_1_U122/din1_buf1_reg[1]/C | reg_file_10_U/ram_reg_bram_0/DINBDIN[13] |           23 |         14 |          6.884 |          4.174 |        2.710 |
+-------+-------+---------------------------------------------------------------------------+------------------------------------------+--------------+------------+----------------+----------------+--------------+

    +---------------------------------------------------------------------------------------------------------------------------------------------------------------------+------------------------+
    | Path1 Cells                                                                                                                                                         | Primitive Type         |
    +---------------------------------------------------------------------------------------------------------------------------------------------------------------------+------------------------+
    | grp_compute_fu_291/hadd_16ns_16ns_16_2_full_dsp_1_U122/din1_buf1_reg[1]                                                                                             | REGISTER.SDR.FDRE      |
    | i_synth/ADDSUB_OP.ADDSUB/DSP.OP/DSP48E1_BODY_HP.EXP/NUMB_CMP/NOT_FAST.CMP/di0                                                                                       | CLB.LUT.LUT4           |
    | i_synth/ADDSUB_OP.ADDSUB/DSP.OP/DSP48E1_BODY_HP.EXP/NUMB_CMP/NOT_FAST.CMP/C_CHAIN/CHAIN_GEN[0].C_MUX.CARRY_MUX_CARRY4_CARRY8                                        | CLB.CARRY.CARRY8       |
    | i_synth/ADDSUB_OP.ADDSUB/DSP.OP/DSP48E1_BODY_HP.ALIGN_ADD/DSP2/i_no_versal_es1_workaround.DSP/DSP_PREADD_DATA_INST                                                  | ARITHMETIC.DSP.DSP48E2 |
    | i_synth/ADDSUB_OP.ADDSUB/DSP.OP/DSP48E1_BODY_HP.ALIGN_ADD/DSP2/i_no_versal_es1_workaround.DSP/DSP_PREADD_INST                                                       | ARITHMETIC.DSP.DSP48E2 |
    | i_synth/ADDSUB_OP.ADDSUB/DSP.OP/DSP48E1_BODY_HP.ALIGN_ADD/DSP2/i_no_versal_es1_workaround.DSP/DSP_MULTIPLIER_INST                                                   | ARITHMETIC.DSP.DSP48E2 |
    | i_synth/ADDSUB_OP.ADDSUB/DSP.OP/DSP48E1_BODY_HP.ALIGN_ADD/DSP2/i_no_versal_es1_workaround.DSP/DSP_M_DATA_INST                                                       | ARITHMETIC.DSP.DSP48E2 |
    | i_synth/ADDSUB_OP.ADDSUB/DSP.OP/DSP48E1_BODY_HP.ALIGN_ADD/DSP2/i_no_versal_es1_workaround.DSP/DSP_ALU_INST                                                          | ARITHMETIC.DSP.DSP48E2 |
    | i_synth/ADDSUB_OP.ADDSUB/DSP.OP/DSP48E1_BODY_HP.ALIGN_ADD/DSP2/i_no_versal_es1_workaround.DSP/DSP_OUTPUT_INST                                                       | ARITHMETIC.DSP.DSP48E2 |
    | i_synth/ADDSUB_OP.ADDSUB/DSP.OP/DSP48E1_BODY_HP.NORM_RND/FULL_USAGE_DSP.LOD/DIST_ENC[0].i_det_lut1                                                                  | CLB.LUT.LUT5           |
    | i_synth/ADDSUB_OP.ADDSUB/DSP.OP/DSP48E1_BODY_HP.NORM_RND/FULL_USAGE_DSP.LOD/DET_GEN[0].CARRY_MUX_CARRY4_CARRY8                                                      | CLB.CARRY.CARRY8       |
    | i_synth/ADDSUB_OP.ADDSUB/DSP.OP/DSP48E1_BODY_HP.NORM_RND/FULL_USAGE_DSP.LOD/gen_lut_pairs[2].lutpairmode1.lutXo6_i_1                                                | CLB.LUT.LUT3           |
    | i_synth/ADDSUB_OP.ADDSUB/DSP.OP/DSP48E1_BODY_HP.NORM_RND/FULL_USAGE_DSP.LOD/LSBaddmode1.lut0o6_i_1                                                                  | CLB.LUT.LUT6           |
    | i_synth/ADDSUB_OP.ADDSUB/DSP.OP/DSP48E1_BODY_HP.EXP/NOT_LOW_LATENCY_NORM_DIST.STRUCT_ADD/LSBaddmode1.lut0o6/LUT5                                                    | CLB.LUT.LUT5           |
    | i_synth/ADDSUB_OP.ADDSUB/DSP.OP/DSP48E1_BODY_HP.EXP/NOT_LOW_LATENCY_NORM_DIST.STRUCT_ADD/gen_lut_pairs[1].lutpairmode1.lutXo6/LUT6                                  | CLB.LUT.LUT6           |
    | i_synth/ADDSUB_OP.ADDSUB/DSP.OP/DSP48E1_BODY_HP.EXP/NOT_LOW_LATENCY_NORM_DIST.STRUCT_ADD/gen_carry4s[0].gen_carry4.y0.mcy00_CARRY4_CARRY8                           | CLB.CARRY.CARRY8       |
    | i_synth/ADDSUB_OP.ADDSUB/DSP.OP/DSP48E1_BODY_HP.NORM_RND/FULL_USAGE_DSP.SHIFT_RND/i_no_versal_es1_workaround.DSP/DSP_C_DATA_INST                                    | ARITHMETIC.DSP.DSP48E2 |
    | i_synth/ADDSUB_OP.ADDSUB/DSP.OP/DSP48E1_BODY_HP.NORM_RND/FULL_USAGE_DSP.SHIFT_RND/i_no_versal_es1_workaround.DSP/DSP_ALU_INST                                       | ARITHMETIC.DSP.DSP48E2 |
    | i_synth/ADDSUB_OP.ADDSUB/DSP.OP/DSP48E1_BODY_HP.NORM_RND/FULL_USAGE_DSP.SHIFT_RND/i_no_versal_es1_workaround.DSP/DSP_OUTPUT_INST                                    | ARITHMETIC.DSP.DSP48E2 |
    | i_synth/ADDSUB_OP.ADDSUB/DSP.OP/DSP48E1_BODY_HP.NORM_RND/FULL_USAGE_DSP.LOD/m_axis_result_tdata[14]_INST_0                                                          | CLB.LUT.LUT6           |
    | grp_compute_fu_291/hdiv_16ns_16ns_16_5_no_dsp_1_U123/corr_accel_hdiv_16ns_16ns_16_5_no_dsp_1_ip_u/ram_reg_bram_0_i_87__0                                            | CLB.LUT.LUT6           |
    | grp_compute_fu_291/grp_compute_Pipeline_VITIS_LOOP_227_14_fu_193/fcmp_32ns_32ns_1_2_no_dsp_1_U81/corr_accel_fcmp_32ns_32ns_1_2_no_dsp_1_ip_u/ram_reg_bram_0_i_54__1 | CLB.LUT.LUT6           |
    | grp_compute_fu_291/grp_compute_Pipeline_VITIS_LOOP_227_14_fu_193/fcmp_32ns_32ns_1_2_no_dsp_1_U81/corr_accel_fcmp_32ns_32ns_1_2_no_dsp_1_ip_u/ram_reg_bram_0_i_2__1  | CLB.LUT.LUT3           |
    | reg_file_11_U/ram_reg_bram_0                                                                                                                                        | BLOCKRAM.BRAM.RAMB36E2 |
    +---------------------------------------------------------------------------------------------------------------------------------------------------------------------+------------------------+

    +---------------------------------------------------------------------------------------------------------------------------------------------------------------------+------------------------+
    | Path2 Cells                                                                                                                                                         | Primitive Type         |
    +---------------------------------------------------------------------------------------------------------------------------------------------------------------------+------------------------+
    | grp_compute_fu_291/hadd_16ns_16ns_16_2_full_dsp_1_U122/din1_buf1_reg[1]                                                                                             | REGISTER.SDR.FDRE      |
    | i_synth/ADDSUB_OP.ADDSUB/DSP.OP/DSP48E1_BODY_HP.EXP/NUMB_CMP/NOT_FAST.CMP/di0                                                                                       | CLB.LUT.LUT4           |
    | i_synth/ADDSUB_OP.ADDSUB/DSP.OP/DSP48E1_BODY_HP.EXP/NUMB_CMP/NOT_FAST.CMP/C_CHAIN/CHAIN_GEN[0].C_MUX.CARRY_MUX_CARRY4_CARRY8                                        | CLB.CARRY.CARRY8       |
    | i_synth/ADDSUB_OP.ADDSUB/DSP.OP/DSP48E1_BODY_HP.ALIGN_ADD/DSP2/i_no_versal_es1_workaround.DSP/DSP_PREADD_DATA_INST                                                  | ARITHMETIC.DSP.DSP48E2 |
    | i_synth/ADDSUB_OP.ADDSUB/DSP.OP/DSP48E1_BODY_HP.ALIGN_ADD/DSP2/i_no_versal_es1_workaround.DSP/DSP_PREADD_INST                                                       | ARITHMETIC.DSP.DSP48E2 |
    | i_synth/ADDSUB_OP.ADDSUB/DSP.OP/DSP48E1_BODY_HP.ALIGN_ADD/DSP2/i_no_versal_es1_workaround.DSP/DSP_MULTIPLIER_INST                                                   | ARITHMETIC.DSP.DSP48E2 |
    | i_synth/ADDSUB_OP.ADDSUB/DSP.OP/DSP48E1_BODY_HP.ALIGN_ADD/DSP2/i_no_versal_es1_workaround.DSP/DSP_M_DATA_INST                                                       | ARITHMETIC.DSP.DSP48E2 |
    | i_synth/ADDSUB_OP.ADDSUB/DSP.OP/DSP48E1_BODY_HP.ALIGN_ADD/DSP2/i_no_versal_es1_workaround.DSP/DSP_ALU_INST                                                          | ARITHMETIC.DSP.DSP48E2 |
    | i_synth/ADDSUB_OP.ADDSUB/DSP.OP/DSP48E1_BODY_HP.ALIGN_ADD/DSP2/i_no_versal_es1_workaround.DSP/DSP_OUTPUT_INST                                                       | ARITHMETIC.DSP.DSP48E2 |
    | i_synth/ADDSUB_OP.ADDSUB/DSP.OP/DSP48E1_BODY_HP.NORM_RND/FULL_USAGE_DSP.LOD/DIST_ENC[0].i_det_lut1                                                                  | CLB.LUT.LUT5           |
    | i_synth/ADDSUB_OP.ADDSUB/DSP.OP/DSP48E1_BODY_HP.NORM_RND/FULL_USAGE_DSP.LOD/DET_GEN[0].CARRY_MUX_CARRY4_CARRY8                                                      | CLB.CARRY.CARRY8       |
    | i_synth/ADDSUB_OP.ADDSUB/DSP.OP/DSP48E1_BODY_HP.NORM_RND/FULL_USAGE_DSP.LOD/gen_lut_pairs[2].lutpairmode1.lutXo6_i_1                                                | CLB.LUT.LUT3           |
    | i_synth/ADDSUB_OP.ADDSUB/DSP.OP/DSP48E1_BODY_HP.NORM_RND/FULL_USAGE_DSP.LOD/LSBaddmode1.lut0o6_i_1                                                                  | CLB.LUT.LUT6           |
    | i_synth/ADDSUB_OP.ADDSUB/DSP.OP/DSP48E1_BODY_HP.EXP/NOT_LOW_LATENCY_NORM_DIST.STRUCT_ADD/LSBaddmode1.lut0o6/LUT5                                                    | CLB.LUT.LUT5           |
    | i_synth/ADDSUB_OP.ADDSUB/DSP.OP/DSP48E1_BODY_HP.EXP/NOT_LOW_LATENCY_NORM_DIST.STRUCT_ADD/gen_lut_pairs[1].lutpairmode1.lutXo6/LUT6                                  | CLB.LUT.LUT6           |
    | i_synth/ADDSUB_OP.ADDSUB/DSP.OP/DSP48E1_BODY_HP.EXP/NOT_LOW_LATENCY_NORM_DIST.STRUCT_ADD/gen_carry4s[0].gen_carry4.y0.mcy00_CARRY4_CARRY8                           | CLB.CARRY.CARRY8       |
    | i_synth/ADDSUB_OP.ADDSUB/DSP.OP/DSP48E1_BODY_HP.NORM_RND/FULL_USAGE_DSP.SHIFT_RND/i_no_versal_es1_workaround.DSP/DSP_C_DATA_INST                                    | ARITHMETIC.DSP.DSP48E2 |
    | i_synth/ADDSUB_OP.ADDSUB/DSP.OP/DSP48E1_BODY_HP.NORM_RND/FULL_USAGE_DSP.SHIFT_RND/i_no_versal_es1_workaround.DSP/DSP_ALU_INST                                       | ARITHMETIC.DSP.DSP48E2 |
    | i_synth/ADDSUB_OP.ADDSUB/DSP.OP/DSP48E1_BODY_HP.NORM_RND/FULL_USAGE_DSP.SHIFT_RND/i_no_versal_es1_workaround.DSP/DSP_OUTPUT_INST                                    | ARITHMETIC.DSP.DSP48E2 |
    | i_synth/ADDSUB_OP.ADDSUB/DSP.OP/DSP48E1_BODY_HP.NORM_RND/FULL_USAGE_DSP.LOD/m_axis_result_tdata[14]_INST_0                                                          | CLB.LUT.LUT6           |
    | grp_compute_fu_291/hdiv_16ns_16ns_16_5_no_dsp_1_U123/corr_accel_hdiv_16ns_16ns_16_5_no_dsp_1_ip_u/ram_reg_bram_0_i_87__0                                            | CLB.LUT.LUT6           |
    | grp_compute_fu_291/grp_compute_Pipeline_VITIS_LOOP_227_14_fu_193/fcmp_32ns_32ns_1_2_no_dsp_1_U81/corr_accel_fcmp_32ns_32ns_1_2_no_dsp_1_ip_u/ram_reg_bram_0_i_54__1 | CLB.LUT.LUT6           |
    | grp_compute_fu_291/grp_compute_Pipeline_VITIS_LOOP_227_14_fu_193/fcmp_32ns_32ns_1_2_no_dsp_1_U81/corr_accel_fcmp_32ns_32ns_1_2_no_dsp_1_ip_u/ram_reg_bram_0_i_14__2 | CLB.LUT.LUT3           |
    | reg_file_10_U/ram_reg_bram_0                                                                                                                                        | BLOCKRAM.BRAM.RAMB36E2 |
    +---------------------------------------------------------------------------------------------------------------------------------------------------------------------+------------------------+

    +---------------------------------------------------------------------------------------------------------------------------------------------------------------------+------------------------+
    | Path3 Cells                                                                                                                                                         | Primitive Type         |
    +---------------------------------------------------------------------------------------------------------------------------------------------------------------------+------------------------+
    | grp_compute_fu_291/hadd_16ns_16ns_16_2_full_dsp_1_U122/din1_buf1_reg[1]                                                                                             | REGISTER.SDR.FDRE      |
    | i_synth/ADDSUB_OP.ADDSUB/DSP.OP/DSP48E1_BODY_HP.EXP/NUMB_CMP/NOT_FAST.CMP/di0                                                                                       | CLB.LUT.LUT4           |
    | i_synth/ADDSUB_OP.ADDSUB/DSP.OP/DSP48E1_BODY_HP.EXP/NUMB_CMP/NOT_FAST.CMP/C_CHAIN/CHAIN_GEN[0].C_MUX.CARRY_MUX_CARRY4_CARRY8                                        | CLB.CARRY.CARRY8       |
    | i_synth/ADDSUB_OP.ADDSUB/DSP.OP/DSP48E1_BODY_HP.ALIGN_ADD/DSP2/i_no_versal_es1_workaround.DSP/DSP_PREADD_DATA_INST                                                  | ARITHMETIC.DSP.DSP48E2 |
    | i_synth/ADDSUB_OP.ADDSUB/DSP.OP/DSP48E1_BODY_HP.ALIGN_ADD/DSP2/i_no_versal_es1_workaround.DSP/DSP_PREADD_INST                                                       | ARITHMETIC.DSP.DSP48E2 |
    | i_synth/ADDSUB_OP.ADDSUB/DSP.OP/DSP48E1_BODY_HP.ALIGN_ADD/DSP2/i_no_versal_es1_workaround.DSP/DSP_MULTIPLIER_INST                                                   | ARITHMETIC.DSP.DSP48E2 |
    | i_synth/ADDSUB_OP.ADDSUB/DSP.OP/DSP48E1_BODY_HP.ALIGN_ADD/DSP2/i_no_versal_es1_workaround.DSP/DSP_M_DATA_INST                                                       | ARITHMETIC.DSP.DSP48E2 |
    | i_synth/ADDSUB_OP.ADDSUB/DSP.OP/DSP48E1_BODY_HP.ALIGN_ADD/DSP2/i_no_versal_es1_workaround.DSP/DSP_ALU_INST                                                          | ARITHMETIC.DSP.DSP48E2 |
    | i_synth/ADDSUB_OP.ADDSUB/DSP.OP/DSP48E1_BODY_HP.ALIGN_ADD/DSP2/i_no_versal_es1_workaround.DSP/DSP_OUTPUT_INST                                                       | ARITHMETIC.DSP.DSP48E2 |
    | i_synth/ADDSUB_OP.ADDSUB/DSP.OP/DSP48E1_BODY_HP.NORM_RND/FULL_USAGE_DSP.LOD/DIST_ENC[0].i_det_lut1                                                                  | CLB.LUT.LUT5           |
    | i_synth/ADDSUB_OP.ADDSUB/DSP.OP/DSP48E1_BODY_HP.NORM_RND/FULL_USAGE_DSP.LOD/DET_GEN[0].CARRY_MUX_CARRY4_CARRY8                                                      | CLB.CARRY.CARRY8       |
    | i_synth/ADDSUB_OP.ADDSUB/DSP.OP/DSP48E1_BODY_HP.NORM_RND/FULL_USAGE_DSP.LOD/gen_lut_pairs[2].lutpairmode1.lutXo6_i_1                                                | CLB.LUT.LUT3           |
    | i_synth/ADDSUB_OP.ADDSUB/DSP.OP/DSP48E1_BODY_HP.NORM_RND/FULL_USAGE_DSP.LOD/LSBaddmode1.lut0o6_i_1                                                                  | CLB.LUT.LUT6           |
    | i_synth/ADDSUB_OP.ADDSUB/DSP.OP/DSP48E1_BODY_HP.EXP/NOT_LOW_LATENCY_NORM_DIST.STRUCT_ADD/LSBaddmode1.lut0o6/LUT5                                                    | CLB.LUT.LUT5           |
    | i_synth/ADDSUB_OP.ADDSUB/DSP.OP/DSP48E1_BODY_HP.EXP/NOT_LOW_LATENCY_NORM_DIST.STRUCT_ADD/gen_lut_pairs[1].lutpairmode1.lutXo6/LUT6                                  | CLB.LUT.LUT6           |
    | i_synth/ADDSUB_OP.ADDSUB/DSP.OP/DSP48E1_BODY_HP.EXP/NOT_LOW_LATENCY_NORM_DIST.STRUCT_ADD/gen_carry4s[0].gen_carry4.y0.mcy00_CARRY4_CARRY8                           | CLB.CARRY.CARRY8       |
    | i_synth/ADDSUB_OP.ADDSUB/DSP.OP/DSP48E1_BODY_HP.NORM_RND/FULL_USAGE_DSP.SHIFT_RND/i_no_versal_es1_workaround.DSP/DSP_C_DATA_INST                                    | ARITHMETIC.DSP.DSP48E2 |
    | i_synth/ADDSUB_OP.ADDSUB/DSP.OP/DSP48E1_BODY_HP.NORM_RND/FULL_USAGE_DSP.SHIFT_RND/i_no_versal_es1_workaround.DSP/DSP_ALU_INST                                       | ARITHMETIC.DSP.DSP48E2 |
    | i_synth/ADDSUB_OP.ADDSUB/DSP.OP/DSP48E1_BODY_HP.NORM_RND/FULL_USAGE_DSP.SHIFT_RND/i_no_versal_es1_workaround.DSP/DSP_OUTPUT_INST                                    | ARITHMETIC.DSP.DSP48E2 |
    | i_synth/ADDSUB_OP.ADDSUB/DSP.OP/DSP48E1_BODY_HP.NORM_RND/FULL_USAGE_DSP.LOD/m_axis_result_tdata[13]_INST_0                                                          | CLB.LUT.LUT6           |
    | grp_compute_fu_291/hdiv_16ns_16ns_16_5_no_dsp_1_U123/corr_accel_hdiv_16ns_16ns_16_5_no_dsp_1_ip_u/ram_reg_bram_0_i_89__0                                            | CLB.LUT.LUT6           |
    | grp_compute_fu_291/grp_compute_Pipeline_VITIS_LOOP_227_14_fu_193/fcmp_32ns_32ns_1_2_no_dsp_1_U81/corr_accel_fcmp_32ns_32ns_1_2_no_dsp_1_ip_u/ram_reg_bram_0_i_55__1 | CLB.LUT.LUT6           |
    | grp_compute_fu_291/grp_compute_Pipeline_VITIS_LOOP_227_14_fu_193/fcmp_32ns_32ns_1_2_no_dsp_1_U81/corr_accel_fcmp_32ns_32ns_1_2_no_dsp_1_ip_u/ram_reg_bram_0_i_3__8  | CLB.LUT.LUT3           |
    | reg_file_11_U/ram_reg_bram_0                                                                                                                                        | BLOCKRAM.BRAM.RAMB36E2 |
    +---------------------------------------------------------------------------------------------------------------------------------------------------------------------+------------------------+

    +---------------------------------------------------------------------------------------------------------------------------------------------------------------------+------------------------+
    | Path4 Cells                                                                                                                                                         | Primitive Type         |
    +---------------------------------------------------------------------------------------------------------------------------------------------------------------------+------------------------+
    | grp_compute_fu_291/hadd_16ns_16ns_16_2_full_dsp_1_U122/din1_buf1_reg[1]                                                                                             | REGISTER.SDR.FDRE      |
    | i_synth/ADDSUB_OP.ADDSUB/DSP.OP/DSP48E1_BODY_HP.EXP/NUMB_CMP/NOT_FAST.CMP/di0                                                                                       | CLB.LUT.LUT4           |
    | i_synth/ADDSUB_OP.ADDSUB/DSP.OP/DSP48E1_BODY_HP.EXP/NUMB_CMP/NOT_FAST.CMP/C_CHAIN/CHAIN_GEN[0].C_MUX.CARRY_MUX_CARRY4_CARRY8                                        | CLB.CARRY.CARRY8       |
    | i_synth/ADDSUB_OP.ADDSUB/DSP.OP/DSP48E1_BODY_HP.ALIGN_ADD/DSP2/i_no_versal_es1_workaround.DSP/DSP_PREADD_DATA_INST                                                  | ARITHMETIC.DSP.DSP48E2 |
    | i_synth/ADDSUB_OP.ADDSUB/DSP.OP/DSP48E1_BODY_HP.ALIGN_ADD/DSP2/i_no_versal_es1_workaround.DSP/DSP_PREADD_INST                                                       | ARITHMETIC.DSP.DSP48E2 |
    | i_synth/ADDSUB_OP.ADDSUB/DSP.OP/DSP48E1_BODY_HP.ALIGN_ADD/DSP2/i_no_versal_es1_workaround.DSP/DSP_MULTIPLIER_INST                                                   | ARITHMETIC.DSP.DSP48E2 |
    | i_synth/ADDSUB_OP.ADDSUB/DSP.OP/DSP48E1_BODY_HP.ALIGN_ADD/DSP2/i_no_versal_es1_workaround.DSP/DSP_M_DATA_INST                                                       | ARITHMETIC.DSP.DSP48E2 |
    | i_synth/ADDSUB_OP.ADDSUB/DSP.OP/DSP48E1_BODY_HP.ALIGN_ADD/DSP2/i_no_versal_es1_workaround.DSP/DSP_ALU_INST                                                          | ARITHMETIC.DSP.DSP48E2 |
    | i_synth/ADDSUB_OP.ADDSUB/DSP.OP/DSP48E1_BODY_HP.ALIGN_ADD/DSP2/i_no_versal_es1_workaround.DSP/DSP_OUTPUT_INST                                                       | ARITHMETIC.DSP.DSP48E2 |
    | i_synth/ADDSUB_OP.ADDSUB/DSP.OP/DSP48E1_BODY_HP.NORM_RND/FULL_USAGE_DSP.LOD/DIST_ENC[0].i_det_lut1                                                                  | CLB.LUT.LUT5           |
    | i_synth/ADDSUB_OP.ADDSUB/DSP.OP/DSP48E1_BODY_HP.NORM_RND/FULL_USAGE_DSP.LOD/DET_GEN[0].CARRY_MUX_CARRY4_CARRY8                                                      | CLB.CARRY.CARRY8       |
    | i_synth/ADDSUB_OP.ADDSUB/DSP.OP/DSP48E1_BODY_HP.NORM_RND/FULL_USAGE_DSP.LOD/gen_lut_pairs[2].lutpairmode1.lutXo6_i_1                                                | CLB.LUT.LUT3           |
    | i_synth/ADDSUB_OP.ADDSUB/DSP.OP/DSP48E1_BODY_HP.NORM_RND/FULL_USAGE_DSP.LOD/LSBaddmode1.lut0o6_i_1                                                                  | CLB.LUT.LUT6           |
    | i_synth/ADDSUB_OP.ADDSUB/DSP.OP/DSP48E1_BODY_HP.EXP/NOT_LOW_LATENCY_NORM_DIST.STRUCT_ADD/LSBaddmode1.lut0o6/LUT5                                                    | CLB.LUT.LUT5           |
    | i_synth/ADDSUB_OP.ADDSUB/DSP.OP/DSP48E1_BODY_HP.EXP/NOT_LOW_LATENCY_NORM_DIST.STRUCT_ADD/gen_lut_pairs[1].lutpairmode1.lutXo6/LUT6                                  | CLB.LUT.LUT6           |
    | i_synth/ADDSUB_OP.ADDSUB/DSP.OP/DSP48E1_BODY_HP.EXP/NOT_LOW_LATENCY_NORM_DIST.STRUCT_ADD/gen_carry4s[0].gen_carry4.y0.mcy00_CARRY4_CARRY8                           | CLB.CARRY.CARRY8       |
    | i_synth/ADDSUB_OP.ADDSUB/DSP.OP/DSP48E1_BODY_HP.NORM_RND/FULL_USAGE_DSP.SHIFT_RND/i_no_versal_es1_workaround.DSP/DSP_C_DATA_INST                                    | ARITHMETIC.DSP.DSP48E2 |
    | i_synth/ADDSUB_OP.ADDSUB/DSP.OP/DSP48E1_BODY_HP.NORM_RND/FULL_USAGE_DSP.SHIFT_RND/i_no_versal_es1_workaround.DSP/DSP_ALU_INST                                       | ARITHMETIC.DSP.DSP48E2 |
    | i_synth/ADDSUB_OP.ADDSUB/DSP.OP/DSP48E1_BODY_HP.NORM_RND/FULL_USAGE_DSP.SHIFT_RND/i_no_versal_es1_workaround.DSP/DSP_OUTPUT_INST                                    | ARITHMETIC.DSP.DSP48E2 |
    | i_synth/ADDSUB_OP.ADDSUB/DSP.OP/DSP48E1_BODY_HP.NORM_RND/FULL_USAGE_DSP.LOD/m_axis_result_tdata[12]_INST_0                                                          | CLB.LUT.LUT6           |
    | grp_compute_fu_291/hdiv_16ns_16ns_16_5_no_dsp_1_U123/corr_accel_hdiv_16ns_16ns_16_5_no_dsp_1_ip_u/ram_reg_bram_0_i_91__0                                            | CLB.LUT.LUT6           |
    | grp_compute_fu_291/grp_compute_Pipeline_VITIS_LOOP_227_14_fu_193/fcmp_32ns_32ns_1_2_no_dsp_1_U81/corr_accel_fcmp_32ns_32ns_1_2_no_dsp_1_ip_u/ram_reg_bram_0_i_56__1 | CLB.LUT.LUT6           |
    | grp_compute_fu_291/grp_compute_Pipeline_VITIS_LOOP_227_14_fu_193/fcmp_32ns_32ns_1_2_no_dsp_1_U81/corr_accel_fcmp_32ns_32ns_1_2_no_dsp_1_ip_u/ram_reg_bram_0_i_4__4  | CLB.LUT.LUT3           |
    | reg_file_11_U/ram_reg_bram_0                                                                                                                                        | BLOCKRAM.BRAM.RAMB36E2 |
    +---------------------------------------------------------------------------------------------------------------------------------------------------------------------+------------------------+

    +---------------------------------------------------------------------------------------------------------------------------------------------------------------------+------------------------+
    | Path5 Cells                                                                                                                                                         | Primitive Type         |
    +---------------------------------------------------------------------------------------------------------------------------------------------------------------------+------------------------+
    | grp_compute_fu_291/hadd_16ns_16ns_16_2_full_dsp_1_U122/din1_buf1_reg[1]                                                                                             | REGISTER.SDR.FDRE      |
    | i_synth/ADDSUB_OP.ADDSUB/DSP.OP/DSP48E1_BODY_HP.EXP/NUMB_CMP/NOT_FAST.CMP/di0                                                                                       | CLB.LUT.LUT4           |
    | i_synth/ADDSUB_OP.ADDSUB/DSP.OP/DSP48E1_BODY_HP.EXP/NUMB_CMP/NOT_FAST.CMP/C_CHAIN/CHAIN_GEN[0].C_MUX.CARRY_MUX_CARRY4_CARRY8                                        | CLB.CARRY.CARRY8       |
    | i_synth/ADDSUB_OP.ADDSUB/DSP.OP/DSP48E1_BODY_HP.ALIGN_ADD/DSP2/i_no_versal_es1_workaround.DSP/DSP_PREADD_DATA_INST                                                  | ARITHMETIC.DSP.DSP48E2 |
    | i_synth/ADDSUB_OP.ADDSUB/DSP.OP/DSP48E1_BODY_HP.ALIGN_ADD/DSP2/i_no_versal_es1_workaround.DSP/DSP_PREADD_INST                                                       | ARITHMETIC.DSP.DSP48E2 |
    | i_synth/ADDSUB_OP.ADDSUB/DSP.OP/DSP48E1_BODY_HP.ALIGN_ADD/DSP2/i_no_versal_es1_workaround.DSP/DSP_MULTIPLIER_INST                                                   | ARITHMETIC.DSP.DSP48E2 |
    | i_synth/ADDSUB_OP.ADDSUB/DSP.OP/DSP48E1_BODY_HP.ALIGN_ADD/DSP2/i_no_versal_es1_workaround.DSP/DSP_M_DATA_INST                                                       | ARITHMETIC.DSP.DSP48E2 |
    | i_synth/ADDSUB_OP.ADDSUB/DSP.OP/DSP48E1_BODY_HP.ALIGN_ADD/DSP2/i_no_versal_es1_workaround.DSP/DSP_ALU_INST                                                          | ARITHMETIC.DSP.DSP48E2 |
    | i_synth/ADDSUB_OP.ADDSUB/DSP.OP/DSP48E1_BODY_HP.ALIGN_ADD/DSP2/i_no_versal_es1_workaround.DSP/DSP_OUTPUT_INST                                                       | ARITHMETIC.DSP.DSP48E2 |
    | i_synth/ADDSUB_OP.ADDSUB/DSP.OP/DSP48E1_BODY_HP.NORM_RND/FULL_USAGE_DSP.LOD/DIST_ENC[0].i_det_lut1                                                                  | CLB.LUT.LUT5           |
    | i_synth/ADDSUB_OP.ADDSUB/DSP.OP/DSP48E1_BODY_HP.NORM_RND/FULL_USAGE_DSP.LOD/DET_GEN[0].CARRY_MUX_CARRY4_CARRY8                                                      | CLB.CARRY.CARRY8       |
    | i_synth/ADDSUB_OP.ADDSUB/DSP.OP/DSP48E1_BODY_HP.NORM_RND/FULL_USAGE_DSP.LOD/gen_lut_pairs[2].lutpairmode1.lutXo6_i_1                                                | CLB.LUT.LUT3           |
    | i_synth/ADDSUB_OP.ADDSUB/DSP.OP/DSP48E1_BODY_HP.NORM_RND/FULL_USAGE_DSP.LOD/LSBaddmode1.lut0o6_i_1                                                                  | CLB.LUT.LUT6           |
    | i_synth/ADDSUB_OP.ADDSUB/DSP.OP/DSP48E1_BODY_HP.EXP/NOT_LOW_LATENCY_NORM_DIST.STRUCT_ADD/LSBaddmode1.lut0o6/LUT5                                                    | CLB.LUT.LUT5           |
    | i_synth/ADDSUB_OP.ADDSUB/DSP.OP/DSP48E1_BODY_HP.EXP/NOT_LOW_LATENCY_NORM_DIST.STRUCT_ADD/gen_lut_pairs[1].lutpairmode1.lutXo6/LUT6                                  | CLB.LUT.LUT6           |
    | i_synth/ADDSUB_OP.ADDSUB/DSP.OP/DSP48E1_BODY_HP.EXP/NOT_LOW_LATENCY_NORM_DIST.STRUCT_ADD/gen_carry4s[0].gen_carry4.y0.mcy00_CARRY4_CARRY8                           | CLB.CARRY.CARRY8       |
    | i_synth/ADDSUB_OP.ADDSUB/DSP.OP/DSP48E1_BODY_HP.NORM_RND/FULL_USAGE_DSP.SHIFT_RND/i_no_versal_es1_workaround.DSP/DSP_C_DATA_INST                                    | ARITHMETIC.DSP.DSP48E2 |
    | i_synth/ADDSUB_OP.ADDSUB/DSP.OP/DSP48E1_BODY_HP.NORM_RND/FULL_USAGE_DSP.SHIFT_RND/i_no_versal_es1_workaround.DSP/DSP_ALU_INST                                       | ARITHMETIC.DSP.DSP48E2 |
    | i_synth/ADDSUB_OP.ADDSUB/DSP.OP/DSP48E1_BODY_HP.NORM_RND/FULL_USAGE_DSP.SHIFT_RND/i_no_versal_es1_workaround.DSP/DSP_OUTPUT_INST                                    | ARITHMETIC.DSP.DSP48E2 |
    | i_synth/ADDSUB_OP.ADDSUB/DSP.OP/DSP48E1_BODY_HP.NORM_RND/FULL_USAGE_DSP.LOD/m_axis_result_tdata[13]_INST_0                                                          | CLB.LUT.LUT6           |
    | grp_compute_fu_291/hdiv_16ns_16ns_16_5_no_dsp_1_U123/corr_accel_hdiv_16ns_16ns_16_5_no_dsp_1_ip_u/ram_reg_bram_0_i_89__0                                            | CLB.LUT.LUT6           |
    | grp_compute_fu_291/grp_compute_Pipeline_VITIS_LOOP_227_14_fu_193/fcmp_32ns_32ns_1_2_no_dsp_1_U81/corr_accel_fcmp_32ns_32ns_1_2_no_dsp_1_ip_u/ram_reg_bram_0_i_55__1 | CLB.LUT.LUT6           |
    | grp_compute_fu_291/grp_compute_Pipeline_VITIS_LOOP_227_14_fu_193/fcmp_32ns_32ns_1_2_no_dsp_1_U81/corr_accel_fcmp_32ns_32ns_1_2_no_dsp_1_ip_u/ram_reg_bram_0_i_15__2 | CLB.LUT.LUT3           |
    | reg_file_10_U/ram_reg_bram_0                                                                                                                                        | BLOCKRAM.BRAM.RAMB36E2 |
    +---------------------------------------------------------------------------------------------------------------------------------------------------------------------+------------------------+


================================================================
== RTL Synthesis Vivado Reports
================================================================
+--------------------------+-------------------------------------------------------------------+
| Report Type              | Report Location                                                   |
+--------------------------+-------------------------------------------------------------------+
| design_analysis          | impl/verilog/report/corr_accel_design_analysis_synth.rpt          |
| failfast                 | impl/verilog/report/corr_accel_failfast_synth.rpt                 |
| timing                   | impl/verilog/report/corr_accel_timing_synth.rpt                   |
| timing_paths             | impl/verilog/report/corr_accel_timing_paths_synth.rpt             |
| utilization              | impl/verilog/report/corr_accel_utilization_synth.rpt              |
| utilization_hierarchical | impl/verilog/report/corr_accel_utilization_hierarchical_synth.rpt |
+--------------------------+-------------------------------------------------------------------+


