

================================================================
== Vitis HLS Report for 'compute_Pipeline_VITIS_LOOP_133_2'
================================================================
* Date:           Sun Nov 20 13:42:07 2022

* Version:        2022.2 (Build 3670227 on Oct 13 2022)
* Project:        gemm-max-sharing
* Solution:       zcu104 (Vivado IP Flow Target)
* Product family: zynquplus
* Target device:  xczu7ev-ffvc1156-2-e


================================================================
== Performance Estimates
================================================================
+ Timing: 
    * Summary: 
    +--------+----------+----------+------------+
    |  Clock |  Target  | Estimated| Uncertainty|
    +--------+----------+----------+------------+
    |ap_clk  |  10.00 ns|  6.387 ns|     2.70 ns|
    +--------+----------+----------+------------+

+ Latency: 
    * Summary: 
    +---------+---------+----------+----------+-----+-----+---------+
    |  Latency (cycles) |  Latency (absolute) |  Interval | Pipeline|
    |   min   |   max   |    min   |    max   | min | max |   Type  |
    +---------+---------+----------+----------+-----+-----+---------+
    |       67|       67|  0.670 us|  0.670 us|   67|   67|       no|
    +---------+---------+----------+----------+-----+-----+---------+

    + Detail: 
        * Instance: 
        N/A

        * Loop: 
        +--------------------+---------+---------+----------+-----------+-----------+------+----------+
        |                    |  Latency (cycles) | Iteration|  Initiation Interval  | Trip |          |
        |      Loop Name     |   min   |   max   |  Latency |  achieved |   target  | Count| Pipelined|
        +--------------------+---------+---------+----------+-----------+-----------+------+----------+
        |- VITIS_LOOP_133_2  |       65|       65|         3|          1|          1|    64|       yes|
        +--------------------+---------+---------+----------+-----------+-----------+------+----------+

============================================================
+ Verbose Summary: Synthesis Manager
============================================================
InlineROM: 1
ExposeGlobal: 0
============================================================
+ Verbose Summary: CDFG Model
============================================================
IsTopModel: 0
ResetActiveHigh: 1
IsCombinational: 0
IsDatapathOnly: 0
HasWiredReturn: 1
HasMFsm: 2
HasVarLatency: 1
IsPipeline: 0
IsRtlPipelined: 0
IsInstanceOverlapped: 0
IsDontTouch: 0
HasImplIP: 0
IsGatedGlobalClock: 0

+ Individual pipeline summary: 
  * Pipeline-0: initiation interval (II) = 1, depth = 3


============================================================
+ Verbose Summary: Schedule
============================================================
* Number of FSM states : 3
* Pipeline : 1
  Pipeline-0 : II = 1, D = 3, States = { 1 2 3 }
* Dataflow Pipeline: 0

* FSM state transitions: 
1 --> 2 
2 --> 3 
3 --> 

* FSM state operations: 

State 1 <SV = 0> <Delay = 1.24>
ST_1 : Operation 6 [1/1] (0.00ns)   --->   "%j = alloca i32 1"   --->   Operation 6 'alloca' 'j' <Predicate = true> <Delay = 0.00>
ST_1 : Operation 7 [1/1] (0.00ns)   --->   "%reg_file_1_0_load_read = read i16 @_ssdm_op_Read.ap_auto.half, i16 %reg_file_1_0_load"   --->   Operation 7 'read' 'reg_file_1_0_load_read' <Predicate = true> <Delay = 0.00>
ST_1 : Operation 8 [1/1] (0.00ns)   --->   "%i_read = read i6 @_ssdm_op_Read.ap_auto.i6, i6 %i"   --->   Operation 8 'read' 'i_read' <Predicate = true> <Delay = 0.00>
ST_1 : Operation 9 [1/1] (0.00ns)   --->   "%specmemcore_ln0 = specmemcore void @_ssdm_op_SpecMemCore, i16 %reg_file_4_1, i64 666, i64 30, i64 18446744073709551615"   --->   Operation 9 'specmemcore' 'specmemcore_ln0' <Predicate = true> <Delay = 0.00>
ST_1 : Operation 10 [1/1] (0.00ns)   --->   "%specmemcore_ln0 = specmemcore void @_ssdm_op_SpecMemCore, i16 %reg_file_4_0, i64 666, i64 30, i64 18446744073709551615"   --->   Operation 10 'specmemcore' 'specmemcore_ln0' <Predicate = true> <Delay = 0.00>
ST_1 : Operation 11 [1/1] (0.42ns)   --->   "%store_ln0 = store i7 0, i7 %j"   --->   Operation 11 'store' 'store_ln0' <Predicate = true> <Delay = 0.42>
ST_1 : Operation 12 [1/1] (0.00ns)   --->   "%br_ln0 = br void %for.inc"   --->   Operation 12 'br' 'br_ln0' <Predicate = true> <Delay = 0.00>
ST_1 : Operation 13 [1/1] (0.00ns)   --->   "%j_7 = load i7 %j" [gemm-max-sharing/src/correlation.cpp:137]   --->   Operation 13 'load' 'j_7' <Predicate = true> <Delay = 0.00>
ST_1 : Operation 14 [1/1] (0.81ns)   --->   "%icmp_ln133 = icmp_eq  i7 %j_7, i7 64" [gemm-max-sharing/src/correlation.cpp:133]   --->   Operation 14 'icmp' 'icmp_ln133' <Predicate = true> <Delay = 0.81> <CoreInst = "Cmp">   --->   Core 9 'Cmp' <Latency = 0> <II = 1> <Delay = 0.81> <FuncUnit> <Opcode : 'icmp'> <InPorts = 2> <OutPorts = 1>
ST_1 : Operation 15 [1/1] (0.00ns)   --->   "%empty = speclooptripcount i32 @_ssdm_op_SpecLoopTripCount, i64 64, i64 64, i64 64"   --->   Operation 15 'speclooptripcount' 'empty' <Predicate = true> <Delay = 0.00>
ST_1 : Operation 16 [1/1] (0.77ns)   --->   "%add_ln133 = add i7 %j_7, i7 1" [gemm-max-sharing/src/correlation.cpp:133]   --->   Operation 16 'add' 'add_ln133' <Predicate = true> <Delay = 0.77> <CoreInst = "Adder">   --->   Core 1 'Adder' <Latency = 0> <II = 1> <Delay = 0.77> <FuncUnit> <Opcode : 'add' 'sub'> <InPorts = 2> <OutPorts = 1>
ST_1 : Operation 17 [1/1] (0.00ns)   --->   "%br_ln133 = br i1 %icmp_ln133, void %fpga_resource_limit_hint.for.inc.5_begin, void %VITIS_LOOP_142_4.preheader.exitStub" [gemm-max-sharing/src/correlation.cpp:133]   --->   Operation 17 'br' 'br_ln133' <Predicate = true> <Delay = 0.00>
ST_1 : Operation 18 [1/1] (0.00ns)   --->   "%rbegin3 = specregionbegin i32 @_ssdm_op_SpecRegionBegin, void @empty_5" [gemm-max-sharing/src/correlation.cpp:133]   --->   Operation 18 'specregionbegin' 'rbegin3' <Predicate = (!icmp_ln133)> <Delay = 0.00>
ST_1 : Operation 19 [1/1] (0.00ns)   --->   "%rbegin5 = specregionbegin i32 @_ssdm_op_SpecRegionBegin, void @empty_4" [gemm-max-sharing/src/correlation.cpp:133]   --->   Operation 19 'specregionbegin' 'rbegin5' <Predicate = (!icmp_ln133)> <Delay = 0.00>
ST_1 : Operation 20 [1/1] (0.00ns)   --->   "%lshr_ln = partselect i5 @_ssdm_op_PartSelect.i5.i7.i32.i32, i7 %j_7, i32 1, i32 5" [gemm-max-sharing/src/correlation.cpp:137]   --->   Operation 20 'partselect' 'lshr_ln' <Predicate = (!icmp_ln133)> <Delay = 0.00>
ST_1 : Operation 21 [1/1] (0.00ns)   --->   "%add_ln = bitconcatenate i11 @_ssdm_op_BitConcatenate.i11.i6.i5, i6 %i_read, i5 %lshr_ln" [gemm-max-sharing/src/correlation.cpp:137]   --->   Operation 21 'bitconcatenate' 'add_ln' <Predicate = (!icmp_ln133)> <Delay = 0.00>
ST_1 : Operation 22 [1/1] (0.00ns)   --->   "%zext_ln137 = zext i11 %add_ln" [gemm-max-sharing/src/correlation.cpp:137]   --->   Operation 22 'zext' 'zext_ln137' <Predicate = (!icmp_ln133)> <Delay = 0.00>
ST_1 : Operation 23 [1/1] (0.00ns)   --->   "%reg_file_4_0_addr = getelementptr i16 %reg_file_4_0, i64 0, i64 %zext_ln137" [gemm-max-sharing/src/correlation.cpp:137]   --->   Operation 23 'getelementptr' 'reg_file_4_0_addr' <Predicate = (!icmp_ln133)> <Delay = 0.00>
ST_1 : Operation 24 [1/1] (0.00ns)   --->   "%reg_file_4_1_addr = getelementptr i16 %reg_file_4_1, i64 0, i64 %zext_ln137" [gemm-max-sharing/src/correlation.cpp:137]   --->   Operation 24 'getelementptr' 'reg_file_4_1_addr' <Predicate = (!icmp_ln133)> <Delay = 0.00>
ST_1 : Operation 25 [1/1] (0.00ns)   --->   "%trunc_ln137 = trunc i7 %j_7" [gemm-max-sharing/src/correlation.cpp:137]   --->   Operation 25 'trunc' 'trunc_ln137' <Predicate = (!icmp_ln133)> <Delay = 0.00>
ST_1 : Operation 26 [2/2] (1.23ns)   --->   "%reg_file_4_0_load = load i11 %reg_file_4_0_addr" [gemm-max-sharing/src/correlation.cpp:137]   --->   Operation 26 'load' 'reg_file_4_0_load' <Predicate = (!icmp_ln133)> <Delay = 1.23> <CoreInst = "RAM_T2P_BRAM">   --->   Core 99 'RAM_T2P_BRAM' <Latency = 1> <II = 1> <Delay = 1.23> <Storage> <Opcode : 'load' 'store'> <Ports = 2> <Width = 16> <Depth = 2048> <RAM>
ST_1 : Operation 27 [2/2] (1.23ns)   --->   "%reg_file_4_1_load = load i11 %reg_file_4_1_addr" [gemm-max-sharing/src/correlation.cpp:137]   --->   Operation 27 'load' 'reg_file_4_1_load' <Predicate = (!icmp_ln133)> <Delay = 1.23> <CoreInst = "RAM_T2P_BRAM">   --->   Core 99 'RAM_T2P_BRAM' <Latency = 1> <II = 1> <Delay = 1.23> <Storage> <Opcode : 'load' 'store'> <Ports = 2> <Width = 16> <Depth = 2048> <RAM>
ST_1 : Operation 28 [1/1] (0.00ns)   --->   "%br_ln137 = br i1 %trunc_ln137, void %arrayidx453.case.0, void %arrayidx453.case.1" [gemm-max-sharing/src/correlation.cpp:137]   --->   Operation 28 'br' 'br_ln137' <Predicate = (!icmp_ln133)> <Delay = 0.00>
ST_1 : Operation 29 [1/1] (0.00ns)   --->   "%specresourcelimit_ln137 = specresourcelimit void @_ssdm_op_SpecResourceLimit, i64 1, void @empty_22, void @empty_12, void @empty_12, void @empty_12" [gemm-max-sharing/src/correlation.cpp:137]   --->   Operation 29 'specresourcelimit' 'specresourcelimit_ln137' <Predicate = (!icmp_ln133)> <Delay = 0.00>
ST_1 : Operation 30 [1/1] (0.00ns)   --->   "%rend6 = specregionend i32 @_ssdm_op_SpecRegionEnd, void @empty_4, i32 %rbegin5" [gemm-max-sharing/src/correlation.cpp:137]   --->   Operation 30 'specregionend' 'rend6' <Predicate = (!icmp_ln133)> <Delay = 0.00>
ST_1 : Operation 31 [1/1] (0.00ns)   --->   "%specresourcelimit_ln137 = specresourcelimit void @_ssdm_op_SpecResourceLimit, i64 1, void @empty_10, void @empty_12, void @empty_12, void @empty_12" [gemm-max-sharing/src/correlation.cpp:137]   --->   Operation 31 'specresourcelimit' 'specresourcelimit_ln137' <Predicate = (!icmp_ln133)> <Delay = 0.00>
ST_1 : Operation 32 [1/1] (0.00ns)   --->   "%rend4 = specregionend i32 @_ssdm_op_SpecRegionEnd, void @empty_5, i32 %rbegin3" [gemm-max-sharing/src/correlation.cpp:137]   --->   Operation 32 'specregionend' 'rend4' <Predicate = (!icmp_ln133)> <Delay = 0.00>
ST_1 : Operation 33 [1/1] (0.42ns)   --->   "%store_ln133 = store i7 %add_ln133, i7 %j" [gemm-max-sharing/src/correlation.cpp:133]   --->   Operation 33 'store' 'store_ln133' <Predicate = (!icmp_ln133)> <Delay = 0.42>
ST_1 : Operation 34 [1/1] (0.00ns)   --->   "%br_ln133 = br void %for.inc" [gemm-max-sharing/src/correlation.cpp:133]   --->   Operation 34 'br' 'br_ln133' <Predicate = (!icmp_ln133)> <Delay = 0.00>

State 2 <SV = 1> <Delay = 6.38>
ST_2 : Operation 35 [1/2] (1.23ns)   --->   "%reg_file_4_0_load = load i11 %reg_file_4_0_addr" [gemm-max-sharing/src/correlation.cpp:137]   --->   Operation 35 'load' 'reg_file_4_0_load' <Predicate = true> <Delay = 1.23> <CoreInst = "RAM_T2P_BRAM">   --->   Core 99 'RAM_T2P_BRAM' <Latency = 1> <II = 1> <Delay = 1.23> <Storage> <Opcode : 'load' 'store'> <Ports = 2> <Width = 16> <Depth = 2048> <RAM>
ST_2 : Operation 36 [1/2] (1.23ns)   --->   "%reg_file_4_1_load = load i11 %reg_file_4_1_addr" [gemm-max-sharing/src/correlation.cpp:137]   --->   Operation 36 'load' 'reg_file_4_1_load' <Predicate = true> <Delay = 1.23> <CoreInst = "RAM_T2P_BRAM">   --->   Core 99 'RAM_T2P_BRAM' <Latency = 1> <II = 1> <Delay = 1.23> <Storage> <Opcode : 'load' 'store'> <Ports = 2> <Width = 16> <Depth = 2048> <RAM>
ST_2 : Operation 37 [1/1] (0.42ns)   --->   "%tmp = mux i16 @_ssdm_op_Mux.ap_auto.2f16.i1, i16 %reg_file_4_0_load, i16 %reg_file_4_1_load, i1 %trunc_ln137" [gemm-max-sharing/src/correlation.cpp:137]   --->   Operation 37 'mux' 'tmp' <Predicate = true> <Delay = 0.42> <CoreInst = "Multiplexer">   --->   Core 76 'Multiplexer' <Latency = 0> <II = 1> <Delay = 0.42> <FuncUnit> <Opcode : 'mux'> <InPorts = 2> <OutPorts = 1>
ST_2 : Operation 38 [2/2] (4.72ns)   --->   "%mul = hmul i16 %tmp, i16 %reg_file_1_0_load_read" [gemm-max-sharing/src/correlation.cpp:137]   --->   Operation 38 'hmul' 'mul' <Predicate = true> <Delay = 4.72> <CoreInst = "HMul_maxdsp">   --->   Core 60 'HMul_maxdsp' <Latency = 1> <II = 1> <Delay = 4.72> <FuncUnit> <Opcode : 'hmul'> <InPorts = 2> <OutPorts = 1>
ST_2 : Operation 46 [1/1] (0.00ns)   --->   "%ret_ln0 = ret"   --->   Operation 46 'ret' 'ret_ln0' <Predicate = (icmp_ln133)> <Delay = 0.00>

State 3 <SV = 2> <Delay = 5.96>
ST_3 : Operation 39 [1/1] (0.00ns)   --->   "%specpipeline_ln134 = specpipeline void @_ssdm_op_SpecPipeline, i32 4294967295, i32 0, i32 0, i32 0, void @empty_12" [gemm-max-sharing/src/correlation.cpp:134]   --->   Operation 39 'specpipeline' 'specpipeline_ln134' <Predicate = true> <Delay = 0.00>
ST_3 : Operation 40 [1/1] (0.00ns)   --->   "%specloopname_ln130 = specloopname void @_ssdm_op_SpecLoopName, void @empty_24" [gemm-max-sharing/src/correlation.cpp:130]   --->   Operation 40 'specloopname' 'specloopname_ln130' <Predicate = true> <Delay = 0.00>
ST_3 : Operation 41 [1/2] (4.72ns)   --->   "%mul = hmul i16 %tmp, i16 %reg_file_1_0_load_read" [gemm-max-sharing/src/correlation.cpp:137]   --->   Operation 41 'hmul' 'mul' <Predicate = true> <Delay = 4.72> <CoreInst = "HMul_maxdsp">   --->   Core 60 'HMul_maxdsp' <Latency = 1> <II = 1> <Delay = 4.72> <FuncUnit> <Opcode : 'hmul'> <InPorts = 2> <OutPorts = 1>
ST_3 : Operation 42 [1/1] (1.23ns)   --->   "%store_ln137 = store i16 %mul, i11 %reg_file_4_0_addr" [gemm-max-sharing/src/correlation.cpp:137]   --->   Operation 42 'store' 'store_ln137' <Predicate = (!trunc_ln137)> <Delay = 1.23> <CoreInst = "RAM_T2P_BRAM">   --->   Core 99 'RAM_T2P_BRAM' <Latency = 1> <II = 1> <Delay = 1.23> <Storage> <Opcode : 'load' 'store'> <Ports = 2> <Width = 16> <Depth = 2048> <RAM>
ST_3 : Operation 43 [1/1] (0.00ns)   --->   "%br_ln137 = br void %fpga_resource_limit_hint.for.inc.6_end" [gemm-max-sharing/src/correlation.cpp:137]   --->   Operation 43 'br' 'br_ln137' <Predicate = (!trunc_ln137)> <Delay = 0.00>
ST_3 : Operation 44 [1/1] (1.23ns)   --->   "%store_ln137 = store i16 %mul, i11 %reg_file_4_1_addr" [gemm-max-sharing/src/correlation.cpp:137]   --->   Operation 44 'store' 'store_ln137' <Predicate = (trunc_ln137)> <Delay = 1.23> <CoreInst = "RAM_T2P_BRAM">   --->   Core 99 'RAM_T2P_BRAM' <Latency = 1> <II = 1> <Delay = 1.23> <Storage> <Opcode : 'load' 'store'> <Ports = 2> <Width = 16> <Depth = 2048> <RAM>
ST_3 : Operation 45 [1/1] (0.00ns)   --->   "%br_ln137 = br void %fpga_resource_limit_hint.for.inc.6_end" [gemm-max-sharing/src/correlation.cpp:137]   --->   Operation 45 'br' 'br_ln137' <Predicate = (trunc_ln137)> <Delay = 0.00>


============================================================
+ Verbose Summary: Timing violations
============================================================
Target clock period: 10ns, clock uncertainty: 2.7ns.

 <State 1>: 1.24ns
The critical path consists of the following:
	'alloca' operation ('j') [5]  (0 ns)
	'load' operation ('j', gemm-max-sharing/src/correlation.cpp:137) on local variable 'j' [13]  (0 ns)
	'getelementptr' operation ('reg_file_4_0_addr', gemm-max-sharing/src/correlation.cpp:137) [26]  (0 ns)
	'load' operation ('reg_file_4_0_load', gemm-max-sharing/src/correlation.cpp:137) on array 'reg_file_4_0' [29]  (1.24 ns)
	blocking operation 0.007 ns on control path)

 <State 2>: 6.39ns
The critical path consists of the following:
	'load' operation ('reg_file_4_0_load', gemm-max-sharing/src/correlation.cpp:137) on array 'reg_file_4_0' [29]  (1.24 ns)
	'mux' operation ('tmp', gemm-max-sharing/src/correlation.cpp:137) [31]  (0.427 ns)
	'hmul' operation ('mul', gemm-max-sharing/src/correlation.cpp:137) [32]  (4.72 ns)

 <State 3>: 5.96ns
The critical path consists of the following:
	'hmul' operation ('mul', gemm-max-sharing/src/correlation.cpp:137) [32]  (4.72 ns)
	'store' operation ('store_ln137', gemm-max-sharing/src/correlation.cpp:137) of variable 'mul', gemm-max-sharing/src/correlation.cpp:137 on array 'reg_file_4_0' [35]  (1.24 ns)


============================================================
+ Verbose Summary: Binding
============================================================
N/A
* FSMD analyzer results:
  - Output states:
 - Input state : 
  - Chain level:
	State 1
	State 2
	State 3


============================================================
+ Verbose Summary: Datapath Resource usage 
============================================================
N/A
