

================================================================
== Vitis HLS Report for 'compute'
================================================================
* Date:           Sat Nov 19 15:17:12 2022

* Version:        2022.2 (Build 3670227 on Oct 13 2022)
* Project:        center-reduced-max-throughput
* Solution:       zcu104 (Vivado IP Flow Target)
* Product family: zynquplus
* Target device:  xczu7ev-ffvc1156-2-e


================================================================
== Performance Estimates
================================================================
+ Timing: 
    * Summary: 
    +--------+----------+----------+------------+
    |  Clock |  Target  | Estimated| Uncertainty|
    +--------+----------+----------+------------+
    |ap_clk  |  10.00 ns|  7.141 ns|     2.70 ns|
    +--------+----------+----------+------------+

+ Latency: 
    * Summary: 
    +---------+---------+----------+----------+-------+-------+---------+
    |  Latency (cycles) |  Latency (absolute) |    Interval   | Pipeline|
    |   min   |   max   |    min   |    max   |  min  |  max  |   Type  |
    +---------+---------+----------+----------+-------+-------+---------+
    |    10486|    10486|  0.105 ms|  0.105 ms|  10486|  10486|       no|
    +---------+---------+----------+----------+-------+-------+---------+

    + Detail: 
        * Instance: 
        +-----------------------------------------------------------------+------------------------------------------------------+---------+---------+-----------+-----------+------+------+---------+
        |                                                                 |                                                      |  Latency (cycles) |   Latency (absolute)  |   Interval  | Pipeline|
        |                             Instance                            |                        Module                        |   min   |   max   |    min    |    max    |  min |  max |   Type  |
        +-----------------------------------------------------------------+------------------------------------------------------+---------+---------+-----------+-----------+------+------+---------+
        |grp_compute_Pipeline_VITIS_LOOP_134_1_fu_82                      |compute_Pipeline_VITIS_LOOP_134_1                     |       18|       18|   0.180 us|   0.180 us|    18|    18|       no|
        |grp_compute_Pipeline_VITIS_LOOP_156_5_fu_90                      |compute_Pipeline_VITIS_LOOP_156_5                     |       34|       34|   0.340 us|   0.340 us|    34|    34|       no|
        |grp_compute_Pipeline_VITIS_LOOP_140_2_VITIS_LOOP_141_3_fu_98     |compute_Pipeline_VITIS_LOOP_140_2_VITIS_LOOP_141_3    |     2051|     2051|  20.510 us|  20.510 us|  2051|  2051|       no|
        |grp_compute_Pipeline_VITIS_LOOP_150_4_fu_110                     |compute_Pipeline_VITIS_LOOP_150_4                     |       38|       38|   0.380 us|   0.380 us|    38|    38|       no|
        |grp_compute_Pipeline_VITIS_LOOP_162_6_VITIS_LOOP_163_7_fu_120    |compute_Pipeline_VITIS_LOOP_162_6_VITIS_LOOP_163_7    |     2052|     2052|  20.520 us|  20.520 us|  2052|  2052|       no|
        |grp_compute_Pipeline_VITIS_LOOP_172_8_VITIS_LOOP_173_9_fu_132    |compute_Pipeline_VITIS_LOOP_172_8_VITIS_LOOP_173_9    |     2052|     2052|  20.520 us|  20.520 us|  2052|  2052|       no|
        |grp_compute_Pipeline_VITIS_LOOP_181_10_VITIS_LOOP_182_11_fu_144  |compute_Pipeline_VITIS_LOOP_181_10_VITIS_LOOP_182_11  |     2051|     2051|  20.510 us|  20.510 us|  2051|  2051|       no|
        |grp_compute_Pipeline_VITIS_LOOP_190_12_fu_156                    |compute_Pipeline_VITIS_LOOP_190_12                    |       38|       38|   0.380 us|   0.380 us|    38|    38|       no|
        |grp_compute_Pipeline_VITIS_LOOP_199_13_fu_165                    |compute_Pipeline_VITIS_LOOP_199_13                    |       39|       39|   0.390 us|   0.390 us|    39|    39|       no|
        |grp_compute_Pipeline_VITIS_LOOP_210_14_fu_173                    |compute_Pipeline_VITIS_LOOP_210_14                    |       37|       37|   0.370 us|   0.370 us|    37|    37|       no|
        |grp_compute_Pipeline_VITIS_LOOP_216_15_fu_181                    |compute_Pipeline_VITIS_LOOP_216_15                    |       19|       19|   0.190 us|   0.190 us|    19|    19|       no|
        |grp_compute_Pipeline_VITIS_LOOP_222_16_VITIS_LOOP_223_17_fu_195  |compute_Pipeline_VITIS_LOOP_222_16_VITIS_LOOP_223_17  |     2054|     2054|  20.540 us|  20.540 us|  2054|  2054|       no|
        +-----------------------------------------------------------------+------------------------------------------------------+---------+---------+-----------+-----------+------+------+---------+

        * Loop: 
        N/A



================================================================
== Utilization Estimates
================================================================
* Summary: 
+-----------------+---------+------+--------+--------+-----+
|       Name      | BRAM_18K|  DSP |   FF   |   LUT  | URAM|
+-----------------+---------+------+--------+--------+-----+
|DSP              |        -|     -|       -|       -|    -|
|Expression       |        -|     -|       0|       2|    -|
|FIFO             |        -|     -|       -|       -|    -|
|Instance         |        -|    12|    2005|    2079|    -|
|Memory           |        -|     -|       -|       -|    -|
|Multiplexer      |        -|     -|       -|    1630|    -|
|Register         |        -|     -|      66|       -|    -|
+-----------------+---------+------+--------+--------+-----+
|Total            |        0|    12|    2071|    3711|    0|
+-----------------+---------+------+--------+--------+-----+
|Available        |      624|  1728|  460800|  230400|   96|
+-----------------+---------+------+--------+--------+-----+
|Utilization (%)  |        0|    ~0|      ~0|       1|    0|
+-----------------+---------+------+--------+--------+-----+

+ Detail: 
    * Instance: 
    +-----------------------------------------------------------------+------------------------------------------------------+---------+----+-----+-----+-----+
    |                             Instance                            |                        Module                        | BRAM_18K| DSP|  FF | LUT | URAM|
    +-----------------------------------------------------------------+------------------------------------------------------+---------+----+-----+-----+-----+
    |grp_compute_Pipeline_VITIS_LOOP_134_1_fu_82                      |compute_Pipeline_VITIS_LOOP_134_1                     |        0|   0|    9|   50|    0|
    |grp_compute_Pipeline_VITIS_LOOP_140_2_VITIS_LOOP_141_3_fu_98     |compute_Pipeline_VITIS_LOOP_140_2_VITIS_LOOP_141_3    |        0|   0|   51|  155|    0|
    |grp_compute_Pipeline_VITIS_LOOP_150_4_fu_110                     |compute_Pipeline_VITIS_LOOP_150_4                     |        0|   0|  156|  116|    0|
    |grp_compute_Pipeline_VITIS_LOOP_156_5_fu_90                      |compute_Pipeline_VITIS_LOOP_156_5                     |        0|   0|    9|   41|    0|
    |grp_compute_Pipeline_VITIS_LOOP_162_6_VITIS_LOOP_163_7_fu_120    |compute_Pipeline_VITIS_LOOP_162_6_VITIS_LOOP_163_7    |        0|   0|  115|  180|    0|
    |grp_compute_Pipeline_VITIS_LOOP_172_8_VITIS_LOOP_173_9_fu_132    |compute_Pipeline_VITIS_LOOP_172_8_VITIS_LOOP_173_9    |        0|   0|  193|  234|    0|
    |grp_compute_Pipeline_VITIS_LOOP_181_10_VITIS_LOOP_182_11_fu_144  |compute_Pipeline_VITIS_LOOP_181_10_VITIS_LOOP_182_11  |        0|   0|   51|  155|    0|
    |grp_compute_Pipeline_VITIS_LOOP_190_12_fu_156                    |compute_Pipeline_VITIS_LOOP_190_12                    |        0|   0|  156|  116|    0|
    |grp_compute_Pipeline_VITIS_LOOP_199_13_fu_165                    |compute_Pipeline_VITIS_LOOP_199_13                    |        0|   0|  222|  116|    0|
    |grp_compute_Pipeline_VITIS_LOOP_210_14_fu_173                    |compute_Pipeline_VITIS_LOOP_210_14                    |        0|   0|  382|  274|    0|
    |grp_compute_Pipeline_VITIS_LOOP_216_15_fu_181                    |compute_Pipeline_VITIS_LOOP_216_15                    |        0|   4|  158|  129|    0|
    |grp_compute_Pipeline_VITIS_LOOP_222_16_VITIS_LOOP_223_17_fu_195  |compute_Pipeline_VITIS_LOOP_222_16_VITIS_LOOP_223_17  |        0|   0|  187|  219|    0|
    |hadd_16ns_16ns_16_2_full_dsp_1_U103                              |hadd_16ns_16ns_16_2_full_dsp_1                        |        0|   2|   94|  113|    0|
    |hadd_16ns_16ns_16_2_full_dsp_1_U104                              |hadd_16ns_16ns_16_2_full_dsp_1                        |        0|   2|   94|  113|    0|
    |hdiv_16ns_16ns_16_5_no_dsp_1_U105                                |hdiv_16ns_16ns_16_5_no_dsp_1                          |        0|   0|    0|    0|    0|
    |hdiv_16ns_16ns_16_5_no_dsp_1_U106                                |hdiv_16ns_16ns_16_5_no_dsp_1                          |        0|   0|    0|    0|    0|
    |hmul_16ns_16ns_16_2_max_dsp_1_U107                               |hmul_16ns_16ns_16_2_max_dsp_1                         |        0|   2|   64|   34|    0|
    |hmul_16ns_16ns_16_2_max_dsp_1_U108                               |hmul_16ns_16ns_16_2_max_dsp_1                         |        0|   2|   64|   34|    0|
    +-----------------------------------------------------------------+------------------------------------------------------+---------+----+-----+-----+-----+
    |Total                                                            |                                                      |        0|  12| 2005| 2079|    0|
    +-----------------------------------------------------------------+------------------------------------------------------+---------+----+-----+-----+-----+

    * DSP: 
    N/A

    * Memory: 
    N/A

    * FIFO: 
    N/A

    * Expression: 
    +---------------------------------+----------+----+---+----+------------+------------+
    |          Variable Name          | Operation| DSP| FF| LUT| Bitwidth P0| Bitwidth P1|
    +---------------------------------+----------+----+---+----+------------+------------+
    |ap_block_state2_on_subcall_done  |        or|   0|  0|   2|           1|           1|
    +---------------------------------+----------+----+---+----+------------+------------+
    |Total                            |          |   0|  0|   2|           1|           1|
    +---------------------------------+----------+----+---+----+------------+------------+

    * Multiplexer: 
    +-----------------------+-----+-----------+-----+-----------+
    |          Name         | LUT | Input Size| Bits| Total Bits|
    +-----------------------+-----+-----------+-----+-----------+
    |ap_NS_fsm              |  116|         23|    1|         23|
    |grp_fu_228_ce          |   20|          4|    1|          4|
    |grp_fu_228_p0          |   20|          4|   16|         64|
    |grp_fu_228_p1          |   20|          4|   16|         64|
    |grp_fu_232_ce          |   20|          4|    1|          4|
    |grp_fu_232_p0          |   20|          4|   16|         64|
    |grp_fu_232_p1          |   20|          4|   16|         64|
    |grp_fu_236_ce          |   20|          4|    1|          4|
    |grp_fu_236_p0          |   20|          4|   16|         64|
    |grp_fu_236_p1          |   20|          4|   16|         64|
    |grp_fu_240_ce          |   20|          4|    1|          4|
    |grp_fu_240_p0          |   20|          4|   16|         64|
    |grp_fu_240_p1          |   20|          4|   16|         64|
    |grp_fu_244_ce          |   14|          3|    1|          3|
    |grp_fu_244_p0          |   14|          3|   16|         48|
    |grp_fu_244_p1          |   14|          3|   16|         48|
    |grp_fu_248_ce          |   14|          3|    1|          3|
    |grp_fu_248_p0          |   14|          3|   16|         48|
    |grp_fu_248_p1          |   14|          3|   16|         48|
    |reg_file_2_0_address0  |   26|          5|   11|         55|
    |reg_file_2_0_address1  |   20|          4|   11|         44|
    |reg_file_2_0_ce0       |   26|          5|    1|          5|
    |reg_file_2_0_ce1       |   20|          4|    1|          4|
    |reg_file_2_0_d0        |   14|          3|   16|         48|
    |reg_file_2_0_we0       |   14|          3|    1|          3|
    |reg_file_2_1_address0  |   26|          5|   11|         55|
    |reg_file_2_1_address1  |   20|          4|   11|         44|
    |reg_file_2_1_ce0       |   26|          5|    1|          5|
    |reg_file_2_1_ce1       |   20|          4|    1|          4|
    |reg_file_2_1_d0        |   14|          3|   16|         48|
    |reg_file_2_1_we0       |   14|          3|    1|          3|
    |reg_file_4_0_address0  |   26|          5|   11|         55|
    |reg_file_4_0_address1  |   20|          4|   11|         44|
    |reg_file_4_0_ce0       |   26|          5|    1|          5|
    |reg_file_4_0_ce1       |   20|          4|    1|          4|
    |reg_file_4_0_d0        |   20|          4|   16|         64|
    |reg_file_4_0_we0       |   20|          4|    1|          4|
    |reg_file_4_0_we1       |    9|          2|    1|          2|
    |reg_file_4_1_address0  |   26|          5|   11|         55|
    |reg_file_4_1_address1  |   20|          4|   11|         44|
    |reg_file_4_1_ce0       |   26|          5|    1|          5|
    |reg_file_4_1_ce1       |   20|          4|    1|          4|
    |reg_file_4_1_d0        |   20|          4|   16|         64|
    |reg_file_4_1_we0       |   20|          4|    1|          4|
    |reg_file_4_1_we1       |    9|          2|    1|          2|
    |reg_file_5_0_address0  |   37|          7|   11|         77|
    |reg_file_5_0_address1  |   31|          6|   11|         66|
    |reg_file_5_0_ce0       |   37|          7|    1|          7|
    |reg_file_5_0_ce1       |   31|          6|    1|          6|
    |reg_file_5_0_d0        |   31|          6|   16|         96|
    |reg_file_5_0_we0       |   31|          6|    1|          6|
    |reg_file_5_1_address0  |   37|          7|   11|         77|
    |reg_file_5_1_address1  |   31|          6|   11|         66|
    |reg_file_5_1_ce0       |   37|          7|    1|          7|
    |reg_file_5_1_ce1       |   31|          6|    1|          6|
    |reg_file_5_1_d0        |   31|          6|   16|         96|
    |reg_file_5_1_we0       |   31|          6|    1|          6|
    |reg_file_6_0_address0  |   26|          5|   11|         55|
    |reg_file_6_0_address1  |   14|          3|   11|         33|
    |reg_file_6_0_ce0       |   26|          5|    1|          5|
    |reg_file_6_0_ce1       |   14|          3|    1|          3|
    |reg_file_6_0_d0        |   14|          3|   16|         48|
    |reg_file_6_0_d1        |   14|          3|   16|         48|
    |reg_file_6_0_we0       |   14|          3|    1|          3|
    |reg_file_6_0_we1       |   14|          3|    1|          3|
    |reg_file_6_1_address0  |   26|          5|   11|         55|
    |reg_file_6_1_address1  |   14|          3|   11|         33|
    |reg_file_6_1_ce0       |   26|          5|    1|          5|
    |reg_file_6_1_ce1       |   14|          3|    1|          3|
    |reg_file_6_1_d0        |   14|          3|   16|         48|
    |reg_file_6_1_d1        |   14|          3|   16|         48|
    |reg_file_6_1_we0       |   14|          3|    1|          3|
    |reg_file_6_1_we1       |   14|          3|    1|          3|
    +-----------------------+-----+-----------+-----+-----------+
    |Total                  | 1630|        325|  563|       2335|
    +-----------------------+-----+-----------+-----+-----------+

    * Register: 
    +------------------------------------------------------------------------------+----+----+-----+-----------+
    |                                     Name                                     | FF | LUT| Bits| Const Bits|
    +------------------------------------------------------------------------------+----+----+-----+-----------+
    |ap_CS_fsm                                                                     |  22|   0|   22|          0|
    |grp_compute_Pipeline_VITIS_LOOP_134_1_fu_82_ap_start_reg                      |   1|   0|    1|          0|
    |grp_compute_Pipeline_VITIS_LOOP_140_2_VITIS_LOOP_141_3_fu_98_ap_start_reg     |   1|   0|    1|          0|
    |grp_compute_Pipeline_VITIS_LOOP_150_4_fu_110_ap_start_reg                     |   1|   0|    1|          0|
    |grp_compute_Pipeline_VITIS_LOOP_156_5_fu_90_ap_start_reg                      |   1|   0|    1|          0|
    |grp_compute_Pipeline_VITIS_LOOP_162_6_VITIS_LOOP_163_7_fu_120_ap_start_reg    |   1|   0|    1|          0|
    |grp_compute_Pipeline_VITIS_LOOP_172_8_VITIS_LOOP_173_9_fu_132_ap_start_reg    |   1|   0|    1|          0|
    |grp_compute_Pipeline_VITIS_LOOP_181_10_VITIS_LOOP_182_11_fu_144_ap_start_reg  |   1|   0|    1|          0|
    |grp_compute_Pipeline_VITIS_LOOP_190_12_fu_156_ap_start_reg                    |   1|   0|    1|          0|
    |grp_compute_Pipeline_VITIS_LOOP_199_13_fu_165_ap_start_reg                    |   1|   0|    1|          0|
    |grp_compute_Pipeline_VITIS_LOOP_210_14_fu_173_ap_start_reg                    |   1|   0|    1|          0|
    |grp_compute_Pipeline_VITIS_LOOP_216_15_fu_181_ap_start_reg                    |   1|   0|    1|          0|
    |grp_compute_Pipeline_VITIS_LOOP_222_16_VITIS_LOOP_223_17_fu_195_ap_start_reg  |   1|   0|    1|          0|
    |reg_file_0_0_load_reg_212                                                     |  16|   0|   16|          0|
    |reg_file_1_0_load_reg_223                                                     |  16|   0|   16|          0|
    +------------------------------------------------------------------------------+----+----+-----+-----------+
    |Total                                                                         |  66|   0|   66|          0|
    +------------------------------------------------------------------------------+----+----+-----+-----------+



================================================================
== Interface
================================================================
* Summary: 
+-----------------------+-----+-----+------------+--------------+--------------+
|       RTL Ports       | Dir | Bits|  Protocol  | Source Object|    C Type    |
+-----------------------+-----+-----+------------+--------------+--------------+
|ap_clk                 |   in|    1|  ap_ctrl_hs|       compute|  return value|
|ap_rst                 |   in|    1|  ap_ctrl_hs|       compute|  return value|
|ap_start               |   in|    1|  ap_ctrl_hs|       compute|  return value|
|ap_done                |  out|    1|  ap_ctrl_hs|       compute|  return value|
|ap_idle                |  out|    1|  ap_ctrl_hs|       compute|  return value|
|ap_ready               |  out|    1|  ap_ctrl_hs|       compute|  return value|
|reg_file_0_0_address0  |  out|   11|   ap_memory|  reg_file_0_0|         array|
|reg_file_0_0_ce0       |  out|    1|   ap_memory|  reg_file_0_0|         array|
|reg_file_0_0_q0        |   in|   16|   ap_memory|  reg_file_0_0|         array|
|reg_file_1_0_address0  |  out|   11|   ap_memory|  reg_file_1_0|         array|
|reg_file_1_0_ce0       |  out|    1|   ap_memory|  reg_file_1_0|         array|
|reg_file_1_0_q0        |   in|   16|   ap_memory|  reg_file_1_0|         array|
|reg_file_2_0_address0  |  out|   11|   ap_memory|  reg_file_2_0|         array|
|reg_file_2_0_ce0       |  out|    1|   ap_memory|  reg_file_2_0|         array|
|reg_file_2_0_we0       |  out|    1|   ap_memory|  reg_file_2_0|         array|
|reg_file_2_0_d0        |  out|   16|   ap_memory|  reg_file_2_0|         array|
|reg_file_2_0_q0        |   in|   16|   ap_memory|  reg_file_2_0|         array|
|reg_file_2_0_address1  |  out|   11|   ap_memory|  reg_file_2_0|         array|
|reg_file_2_0_ce1       |  out|    1|   ap_memory|  reg_file_2_0|         array|
|reg_file_2_0_q1        |   in|   16|   ap_memory|  reg_file_2_0|         array|
|reg_file_2_1_address0  |  out|   11|   ap_memory|  reg_file_2_1|         array|
|reg_file_2_1_ce0       |  out|    1|   ap_memory|  reg_file_2_1|         array|
|reg_file_2_1_we0       |  out|    1|   ap_memory|  reg_file_2_1|         array|
|reg_file_2_1_d0        |  out|   16|   ap_memory|  reg_file_2_1|         array|
|reg_file_2_1_q0        |   in|   16|   ap_memory|  reg_file_2_1|         array|
|reg_file_2_1_address1  |  out|   11|   ap_memory|  reg_file_2_1|         array|
|reg_file_2_1_ce1       |  out|    1|   ap_memory|  reg_file_2_1|         array|
|reg_file_2_1_q1        |   in|   16|   ap_memory|  reg_file_2_1|         array|
|reg_file_4_0_address0  |  out|   11|   ap_memory|  reg_file_4_0|         array|
|reg_file_4_0_ce0       |  out|    1|   ap_memory|  reg_file_4_0|         array|
|reg_file_4_0_we0       |  out|    1|   ap_memory|  reg_file_4_0|         array|
|reg_file_4_0_d0        |  out|   16|   ap_memory|  reg_file_4_0|         array|
|reg_file_4_0_q0        |   in|   16|   ap_memory|  reg_file_4_0|         array|
|reg_file_4_0_address1  |  out|   11|   ap_memory|  reg_file_4_0|         array|
|reg_file_4_0_ce1       |  out|    1|   ap_memory|  reg_file_4_0|         array|
|reg_file_4_0_we1       |  out|    1|   ap_memory|  reg_file_4_0|         array|
|reg_file_4_0_d1        |  out|   16|   ap_memory|  reg_file_4_0|         array|
|reg_file_4_0_q1        |   in|   16|   ap_memory|  reg_file_4_0|         array|
|reg_file_4_1_address0  |  out|   11|   ap_memory|  reg_file_4_1|         array|
|reg_file_4_1_ce0       |  out|    1|   ap_memory|  reg_file_4_1|         array|
|reg_file_4_1_we0       |  out|    1|   ap_memory|  reg_file_4_1|         array|
|reg_file_4_1_d0        |  out|   16|   ap_memory|  reg_file_4_1|         array|
|reg_file_4_1_q0        |   in|   16|   ap_memory|  reg_file_4_1|         array|
|reg_file_4_1_address1  |  out|   11|   ap_memory|  reg_file_4_1|         array|
|reg_file_4_1_ce1       |  out|    1|   ap_memory|  reg_file_4_1|         array|
|reg_file_4_1_we1       |  out|    1|   ap_memory|  reg_file_4_1|         array|
|reg_file_4_1_d1        |  out|   16|   ap_memory|  reg_file_4_1|         array|
|reg_file_4_1_q1        |   in|   16|   ap_memory|  reg_file_4_1|         array|
|reg_file_5_0_address0  |  out|   11|   ap_memory|  reg_file_5_0|         array|
|reg_file_5_0_ce0       |  out|    1|   ap_memory|  reg_file_5_0|         array|
|reg_file_5_0_we0       |  out|    1|   ap_memory|  reg_file_5_0|         array|
|reg_file_5_0_d0        |  out|   16|   ap_memory|  reg_file_5_0|         array|
|reg_file_5_0_q0        |   in|   16|   ap_memory|  reg_file_5_0|         array|
|reg_file_5_0_address1  |  out|   11|   ap_memory|  reg_file_5_0|         array|
|reg_file_5_0_ce1       |  out|    1|   ap_memory|  reg_file_5_0|         array|
|reg_file_5_0_q1        |   in|   16|   ap_memory|  reg_file_5_0|         array|
|reg_file_5_1_address0  |  out|   11|   ap_memory|  reg_file_5_1|         array|
|reg_file_5_1_ce0       |  out|    1|   ap_memory|  reg_file_5_1|         array|
|reg_file_5_1_we0       |  out|    1|   ap_memory|  reg_file_5_1|         array|
|reg_file_5_1_d0        |  out|   16|   ap_memory|  reg_file_5_1|         array|
|reg_file_5_1_q0        |   in|   16|   ap_memory|  reg_file_5_1|         array|
|reg_file_5_1_address1  |  out|   11|   ap_memory|  reg_file_5_1|         array|
|reg_file_5_1_ce1       |  out|    1|   ap_memory|  reg_file_5_1|         array|
|reg_file_5_1_q1        |   in|   16|   ap_memory|  reg_file_5_1|         array|
|reg_file_6_0_address0  |  out|   11|   ap_memory|  reg_file_6_0|         array|
|reg_file_6_0_ce0       |  out|    1|   ap_memory|  reg_file_6_0|         array|
|reg_file_6_0_we0       |  out|    1|   ap_memory|  reg_file_6_0|         array|
|reg_file_6_0_d0        |  out|   16|   ap_memory|  reg_file_6_0|         array|
|reg_file_6_0_q0        |   in|   16|   ap_memory|  reg_file_6_0|         array|
|reg_file_6_0_address1  |  out|   11|   ap_memory|  reg_file_6_0|         array|
|reg_file_6_0_ce1       |  out|    1|   ap_memory|  reg_file_6_0|         array|
|reg_file_6_0_we1       |  out|    1|   ap_memory|  reg_file_6_0|         array|
|reg_file_6_0_d1        |  out|   16|   ap_memory|  reg_file_6_0|         array|
|reg_file_6_1_address0  |  out|   11|   ap_memory|  reg_file_6_1|         array|
|reg_file_6_1_ce0       |  out|    1|   ap_memory|  reg_file_6_1|         array|
|reg_file_6_1_we0       |  out|    1|   ap_memory|  reg_file_6_1|         array|
|reg_file_6_1_d0        |  out|   16|   ap_memory|  reg_file_6_1|         array|
|reg_file_6_1_q0        |   in|   16|   ap_memory|  reg_file_6_1|         array|
|reg_file_6_1_address1  |  out|   11|   ap_memory|  reg_file_6_1|         array|
|reg_file_6_1_ce1       |  out|    1|   ap_memory|  reg_file_6_1|         array|
|reg_file_6_1_we1       |  out|    1|   ap_memory|  reg_file_6_1|         array|
|reg_file_6_1_d1        |  out|   16|   ap_memory|  reg_file_6_1|         array|
+-----------------------+-----+-----+------------+--------------+--------------+

