================================================================
== Vivado RTL Synthesis Results
================================================================
+ General Information:
    * Date:            Sat Nov 19 15:52:51 MST 2022
    * Version:         2022.2 (Build 3670227 on Oct 13 2022)
    * Project:         center-reduced-max-throughput
    * Solution:        zcu104 (Vivado IP Flow Target)
    * Product family:  zynquplus
    * Target device:   xczu7ev-ffvc1156-2-e


================================================================
== Run Constraints & Options
================================================================
+ Design Constraints & Options:
    * RTL Synthesis target clock:  10 ns
    * C-Synthesis target clock:    10 ns
    * C-Synthesis uncertainty:     27%

+ RTL Synthesis Options:
    * config_export -vivado_synth_strategy:     default
    * config_export -vivado_synth_design_args:  -directive sdx_optimization_effort_high

+ Reporting Options:
    * config_export -vivado_report_level:      2
    * config_export -vivado_max_timing_paths:  10


================================================================
== RTL Synthesis Resource Summary
================================================================
LUT:              2518
FF:               1908
DSP:              12
BRAM:             64
URAM:             0
SRL:              40


================================================================
== RTL Synthesis Timing Summary
================================================================
* Timing was met
+------------+-------------+
| Timing     | Period (ns) |
+------------+-------------+
| Target     | 10.000      |
| Post-Route | 7.054       |
+------------+-------------+


================================================================
== RTL Synthesis Resources
================================================================
+-------------------------------------------------------------------------+------+------+-----+------+------+-----+--------+--------+---------+-------------+-----------------------------------------------------------------------------------------------------------+
| Name                                                                    | LUT  | FF   | DSP | BRAM | URAM | SRL | Pragma | Impl   | Latency | Variable    | Source                                                                                                    |
+-------------------------------------------------------------------------+------+------+-----+------+------+-----+--------+--------+---------+-------------+-----------------------------------------------------------------------------------------------------------+
| inst                                                                    | 2518 | 1908 | 12  | 64   |      |     |        |        |         |             |                                                                                                           |
|   (inst)                                                                |      | 141  |     |      |      |     |        |        |         |             |                                                                                                           |
|   control_s_axi_U                                                       | 70   | 183  |     |      |      |     |        |        |         |             |                                                                                                           |
|   grp_compute_fu_291                                                    | 2028 | 1338 | 12  |      |      |     |        |        |         |             |                                                                                                           |
|     (grp_compute_fu_291)                                                | 9    | 66   |     |      |      |     |        |        |         |             |                                                                                                           |
|     grp_compute_Pipeline_VITIS_LOOP_134_1_fu_82                         | 20   | 8    |     |      |      |     |        |        |         |             |                                                                                                           |
|       (grp_compute_Pipeline_VITIS_LOOP_134_1_fu_82)                     |      | 6    |     |      |      |     |        |        |         |             |                                                                                                           |
|       flow_control_loop_pipe_sequential_init_U                          | 20   | 2    |     |      |      |     |        |        |         |             |                                                                                                           |
|     grp_compute_Pipeline_VITIS_LOOP_140_2_VITIS_LOOP_141_3_fu_98        | 50   | 39   |     |      |      |     |        |        |         |             |                                                                                                           |
|       (grp_compute_Pipeline_VITIS_LOOP_140_2_VITIS_LOOP_141_3_fu_98)    | 2    | 37   |     |      |      |     |        |        |         |             |                                                                                                           |
|       flow_control_loop_pipe_sequential_init_U                          | 48   | 2    |     |      |      |     |        |        |         |             |                                                                                                           |
|     grp_compute_Pipeline_VITIS_LOOP_150_4_fu_110                        | 29   | 22   |     |      |      |     |        |        |         |             |                                                                                                           |
|       (grp_compute_Pipeline_VITIS_LOOP_150_4_fu_110)                    | 10   | 20   |     |      |      |     |        |        |         |             |                                                                                                           |
|       flow_control_loop_pipe_sequential_init_U                          | 19   | 2    |     |      |      |     |        |        |         |             |                                                                                                           |
|     grp_compute_Pipeline_VITIS_LOOP_156_5_fu_90                         | 13   | 8    |     |      |      |     |        |        |         |             |                                                                                                           |
|       (grp_compute_Pipeline_VITIS_LOOP_156_5_fu_90)                     |      | 6    |     |      |      |     |        |        |         |             |                                                                                                           |
|       flow_control_loop_pipe_sequential_init_U                          | 13   | 2    |     |      |      |     |        |        |         |             |                                                                                                           |
|     grp_compute_Pipeline_VITIS_LOOP_162_6_VITIS_LOOP_163_7_fu_120       | 77   | 91   |     |      |      |     |        |        |         |             |                                                                                                           |
|       (grp_compute_Pipeline_VITIS_LOOP_162_6_VITIS_LOOP_163_7_fu_120)   | 42   | 89   |     |      |      |     |        |        |         |             |                                                                                                           |
|       flow_control_loop_pipe_sequential_init_U                          | 35   | 2    |     |      |      |     |        |        |         |             |                                                                                                           |
|     grp_compute_Pipeline_VITIS_LOOP_172_8_VITIS_LOOP_173_9_fu_132       | 132  | 78   |     |      |      |     |        |        |         |             |                                                                                                           |
|       (grp_compute_Pipeline_VITIS_LOOP_172_8_VITIS_LOOP_173_9_fu_132)   | 80   | 76   |     |      |      |     |        |        |         |             |                                                                                                           |
|       flow_control_loop_pipe_sequential_init_U                          | 52   | 2    |     |      |      |     |        |        |         |             |                                                                                                           |
|     grp_compute_Pipeline_VITIS_LOOP_181_10_VITIS_LOOP_182_11_fu_144     | 44   | 39   |     |      |      |     |        |        |         |             |                                                                                                           |
|       (grp_compute_Pipeline_VITIS_LOOP_181_10_VITIS_LOOP_182_11_fu_144) | 1    | 37   |     |      |      |     |        |        |         |             |                                                                                                           |
|       flow_control_loop_pipe_sequential_init_U                          | 43   | 2    |     |      |      |     |        |        |         |             |                                                                                                           |
|     grp_compute_Pipeline_VITIS_LOOP_190_12_fu_156                       | 26   | 22   |     |      |      |     |        |        |         |             |                                                                                                           |
|       (grp_compute_Pipeline_VITIS_LOOP_190_12_fu_156)                   | 9    | 20   |     |      |      |     |        |        |         |             |                                                                                                           |
|       flow_control_loop_pipe_sequential_init_U                          | 17   | 2    |     |      |      |     |        |        |         |             |                                                                                                           |
|     grp_compute_Pipeline_VITIS_LOOP_199_13_fu_165                       | 314  | 236  |     |      |      |     |        |        |         |             |                                                                                                           |
|       (grp_compute_Pipeline_VITIS_LOOP_199_13_fu_165)                   | 20   | 56   |     |      |      |     |        |        |         |             |                                                                                                           |
|       flow_control_loop_pipe_sequential_init_U                          | 12   | 2    |     |      |      |     |        |        |         |             |                                                                                                           |
|       hsqrt_16ns_16_4_no_dsp_1_U75                                      | 141  | 89   |     |      |      |     |        |        |         |             |                                                                                                           |
|         bind_op hsqrt                                                   |      |      |     |      |      |     |        | fabric | 3       | tmp         | /wrk/ci/prod/2022.2/hls_product/continuous/608/2022.2/src/shared/hls/clib/hlsmath/src/c++/sqrthalf.cpp:19 |
|       hsqrt_16ns_16_4_no_dsp_1_U76                                      | 141  | 89   |     |      |      |     |        |        |         |             |                                                                                                           |
|         bind_op hsqrt                                                   |      |      |     |      |      |     |        | fabric | 3       | tmp_s       | /wrk/ci/prod/2022.2/hls_product/continuous/608/2022.2/src/shared/hls/clib/hlsmath/src/c++/sqrthalf.cpp:19 |
|     grp_compute_Pipeline_VITIS_LOOP_210_14_fu_173                       | 184  | 251  |     |      |      |     |        |        |         |             |                                                                                                           |
|       (grp_compute_Pipeline_VITIS_LOOP_210_14_fu_173)                   | 22   | 185  |     |      |      |     |        |        |         |             |                                                                                                           |
|       fcmp_32ns_32ns_1_2_no_dsp_1_U80                                   | 42   | 32   |     |      |      |     |        |        |         |             |                                                                                                           |
|         (fcmp_32ns_32ns_1_2_no_dsp_1_U80)                               |      | 32   |     |      |      |     |        |        |         |             |                                                                                                           |
|       fcmp_32ns_32ns_1_2_no_dsp_1_U81                                   | 42   | 32   |     |      |      |     |        |        |         |             |                                                                                                           |
|         (fcmp_32ns_32ns_1_2_no_dsp_1_U81)                               |      | 32   |     |      |      |     |        |        |         |             |                                                                                                           |
|       flow_control_loop_pipe_sequential_init_U                          | 22   | 2    |     |      |      |     |        |        |         |             |                                                                                                           |
|       hptosp_16ns_32_1_no_dsp_1_U82                                     | 28   |      |     |      |      |     |        |        |         |             |                                                                                                           |
|       hptosp_16ns_32_1_no_dsp_1_U83                                     | 28   |      |     |      |      |     |        |        |         |             |                                                                                                           |
|     grp_compute_Pipeline_VITIS_LOOP_216_15_fu_181                       | 122  | 66   | 4   |      |      |     |        |        |         |             |                                                                                                           |
|       (grp_compute_Pipeline_VITIS_LOOP_216_15_fu_181)                   | 7    | 16   |     |      |      |     |        |        |         |             |                                                                                                           |
|       flow_control_loop_pipe_sequential_init_U                          | 11   | 2    |     |      |      |     |        |        |         |             |                                                                                                           |
|       hmul_16ns_16ns_16_2_max_dsp_1_U90                                 | 52   | 32   | 2   |      |      |     |        |        |         |             |                                                                                                           |
|         bind_op hmul                                                    |      |      |     |      |      |     |        | maxdsp | 1       | mul167_2    | center-reduced-max-throughput/src/correlation.cpp:220                                                     |
|       hmul_16ns_16ns_16_2_max_dsp_1_U91                                 | 52   | 16   | 2   |      |      |     |        |        |         |             |                                                                                                           |
|         bind_op hmul                                                    |      |      |     |      |      |     |        | maxdsp | 1       | mul167_3    | center-reduced-max-throughput/src/correlation.cpp:220                                                     |
|     grp_compute_Pipeline_VITIS_LOOP_222_16_VITIS_LOOP_223_17_fu_195     | 82   | 52   |     |      |      |     |        |        |         |             |                                                                                                           |
|       (grp_compute_Pipeline_VITIS_LOOP_222_16_VITIS_LOOP_223_17_fu_195) | 26   | 50   |     |      |      |     |        |        |         |             |                                                                                                           |
|       flow_control_loop_pipe_sequential_init_U                          | 56   | 2    |     |      |      |     |        |        |         |             |                                                                                                           |
|     hadd_16ns_16ns_16_2_full_dsp_1_U103                                 | 126  | 32   | 2   |      |      |     |        |        |         |             |                                                                                                           |
|       (hadd_16ns_16ns_16_2_full_dsp_1_U103)                             | 16   | 32   |     |      |      |     |        |        |         |             |                                                                                                           |
|     hadd_16ns_16ns_16_2_full_dsp_1_U104                                 | 126  | 32   | 2   |      |      |     |        |        |         |             |                                                                                                           |
|       (hadd_16ns_16ns_16_2_full_dsp_1_U104)                             | 16   | 32   |     |      |      |     |        |        |         |             |                                                                                                           |
|     hdiv_16ns_16ns_16_5_no_dsp_1_U105                                   | 289  | 116  |     |      |      |     |        |        |         |             |                                                                                                           |
|       (hdiv_16ns_16ns_16_5_no_dsp_1_U105)                               | 24   | 32   |     |      |      |     |        |        |         |             |                                                                                                           |
|     hdiv_16ns_16ns_16_5_no_dsp_1_U106                                   | 289  | 116  |     |      |      |     |        |        |         |             |                                                                                                           |
|       (hdiv_16ns_16ns_16_5_no_dsp_1_U106)                               | 24   | 32   |     |      |      |     |        |        |         |             |                                                                                                           |
|     hmul_16ns_16ns_16_2_max_dsp_1_U107                                  | 44   | 32   | 2   |      |      |     |        |        |         |             |                                                                                                           |
|       (hmul_16ns_16ns_16_2_max_dsp_1_U107)                              |      | 32   |     |      |      |     |        |        |         |             |                                                                                                           |
|     hmul_16ns_16ns_16_2_max_dsp_1_U108                                  | 52   | 32   | 2   |      |      |     |        |        |         |             |                                                                                                           |
|       (hmul_16ns_16ns_16_2_max_dsp_1_U108)                              |      | 32   |     |      |      |     |        |        |         |             |                                                                                                           |
|   grp_recv_data_burst_fu_221                                            | 60   | 105  |     |      |      |     |        |        |         |             |                                                                                                           |
|     (grp_recv_data_burst_fu_221)                                        | 51   | 103  |     |      |      |     |        |        |         |             |                                                                                                           |
|     flow_control_loop_pipe_sequential_init_U                            | 9    | 2    |     |      |      |     |        |        |         |             |                                                                                                           |
|   grp_send_data_burst_fu_305                                            | 342  | 141  |     |      |      |     |        |        |         |             |                                                                                                           |
|     (grp_send_data_burst_fu_305)                                        | 336  | 139  |     |      |      |     |        |        |         |             |                                                                                                           |
|     flow_control_loop_pipe_sequential_init_U                            | 6    | 2    |     |      |      |     |        |        |         |             |                                                                                                           |
|   reg_file_10_U                                                         |      |      |     | 2    |      |     |        |        |         |             |                                                                                                           |
|     bind_storage ram_t2p                                                |      |      |     |      |      |     | yes    | bram   | 1       | reg_file_10 | center-reduced-max-throughput/src/correlation.cpp:248                                                     |
|   reg_file_11_U                                                         | 1    |      |     | 2    |      |     |        |        |         |             |                                                                                                           |
|     bind_storage ram_t2p                                                |      |      |     |      |      |     | yes    | bram   | 1       | reg_file_11 | center-reduced-max-throughput/src/correlation.cpp:248                                                     |
|   reg_file_12_U                                                         |      |      |     | 2    |      |     |        |        |         |             |                                                                                                           |
|     bind_storage ram_t2p                                                |      |      |     |      |      |     | yes    | bram   | 1       | reg_file_12 | center-reduced-max-throughput/src/correlation.cpp:248                                                     |
|   reg_file_13_U                                                         |      |      |     | 2    |      |     |        |        |         |             |                                                                                                           |
|     bind_storage ram_t2p                                                |      |      |     |      |      |     | yes    | bram   | 1       | reg_file_13 | center-reduced-max-throughput/src/correlation.cpp:248                                                     |
|   reg_file_14_U                                                         |      |      |     | 2    |      |     |        |        |         |             |                                                                                                           |
|     bind_storage ram_t2p                                                |      |      |     |      |      |     | yes    | bram   | 1       | reg_file_14 | center-reduced-max-throughput/src/correlation.cpp:248                                                     |
|   reg_file_15_U                                                         |      |      |     | 2    |      |     |        |        |         |             |                                                                                                           |
|     bind_storage ram_t2p                                                |      |      |     |      |      |     | yes    | bram   | 1       | reg_file_15 | center-reduced-max-throughput/src/correlation.cpp:248                                                     |
|   reg_file_16_U                                                         |      |      |     | 2    |      |     |        |        |         |             |                                                                                                           |
|     bind_storage ram_t2p                                                |      |      |     |      |      |     | yes    | bram   | 1       | reg_file_16 | center-reduced-max-throughput/src/correlation.cpp:248                                                     |
|   reg_file_17_U                                                         |      |      |     | 2    |      |     |        |        |         |             |                                                                                                           |
|     bind_storage ram_t2p                                                |      |      |     |      |      |     | yes    | bram   | 1       | reg_file_17 | center-reduced-max-throughput/src/correlation.cpp:248                                                     |
|   reg_file_18_U                                                         |      |      |     | 2    |      |     |        |        |         |             |                                                                                                           |
|     bind_storage ram_t2p                                                |      |      |     |      |      |     | yes    | bram   | 1       | reg_file_18 | center-reduced-max-throughput/src/correlation.cpp:248                                                     |
|   reg_file_19_U                                                         |      |      |     | 2    |      |     |        |        |         |             |                                                                                                           |
|     bind_storage ram_t2p                                                |      |      |     |      |      |     | yes    | bram   | 1       | reg_file_19 | center-reduced-max-throughput/src/correlation.cpp:248                                                     |
|   reg_file_1_U                                                          |      |      |     | 2    |      |     |        |        |         |             |                                                                                                           |
|     bind_storage ram_t2p                                                |      |      |     |      |      |     | yes    | bram   | 1       | reg_file_1  | center-reduced-max-throughput/src/correlation.cpp:248                                                     |
|   reg_file_20_U                                                         |      |      |     | 2    |      |     |        |        |         |             |                                                                                                           |
|     bind_storage ram_t2p                                                |      |      |     |      |      |     | yes    | bram   | 1       | reg_file_20 | center-reduced-max-throughput/src/correlation.cpp:248                                                     |
|   reg_file_21_U                                                         |      |      |     | 2    |      |     |        |        |         |             |                                                                                                           |
|     bind_storage ram_t2p                                                |      |      |     |      |      |     | yes    | bram   | 1       | reg_file_21 | center-reduced-max-throughput/src/correlation.cpp:248                                                     |
|   reg_file_22_U                                                         |      |      |     | 2    |      |     |        |        |         |             |                                                                                                           |
|     bind_storage ram_t2p                                                |      |      |     |      |      |     | yes    | bram   | 1       | reg_file_22 | center-reduced-max-throughput/src/correlation.cpp:248                                                     |
|   reg_file_23_U                                                         |      |      |     | 2    |      |     |        |        |         |             |                                                                                                           |
|     bind_storage ram_t2p                                                |      |      |     |      |      |     | yes    | bram   | 1       | reg_file_23 | center-reduced-max-throughput/src/correlation.cpp:248                                                     |
|   reg_file_24_U                                                         |      |      |     | 2    |      |     |        |        |         |             |                                                                                                           |
|     bind_storage ram_t2p                                                |      |      |     |      |      |     | yes    | bram   | 1       | reg_file_24 | center-reduced-max-throughput/src/correlation.cpp:248                                                     |
|   reg_file_25_U                                                         |      |      |     | 2    |      |     |        |        |         |             |                                                                                                           |
|     bind_storage ram_t2p                                                |      |      |     |      |      |     | yes    | bram   | 1       | reg_file_25 | center-reduced-max-throughput/src/correlation.cpp:248                                                     |
|   reg_file_26_U                                                         |      |      |     | 2    |      |     |        |        |         |             |                                                                                                           |
|     bind_storage ram_t2p                                                |      |      |     |      |      |     | yes    | bram   | 1       | reg_file_26 | center-reduced-max-throughput/src/correlation.cpp:248                                                     |
|   reg_file_27_U                                                         |      |      |     | 2    |      |     |        |        |         |             |                                                                                                           |
|     bind_storage ram_t2p                                                |      |      |     |      |      |     | yes    | bram   | 1       | reg_file_27 | center-reduced-max-throughput/src/correlation.cpp:248                                                     |
|   reg_file_28_U                                                         |      |      |     | 2    |      |     |        |        |         |             |                                                                                                           |
|     bind_storage ram_t2p                                                |      |      |     |      |      |     | yes    | bram   | 1       | reg_file_28 | center-reduced-max-throughput/src/correlation.cpp:248                                                     |
|   reg_file_29_U                                                         |      |      |     | 2    |      |     |        |        |         |             |                                                                                                           |
|     bind_storage ram_t2p                                                |      |      |     |      |      |     | yes    | bram   | 1       | reg_file_29 | center-reduced-max-throughput/src/correlation.cpp:248                                                     |
|   reg_file_2_U                                                          | 1    |      |     | 2    |      |     |        |        |         |             |                                                                                                           |
|     bind_storage ram_t2p                                                |      |      |     |      |      |     | yes    | bram   | 1       | reg_file_2  | center-reduced-max-throughput/src/correlation.cpp:248                                                     |
|   reg_file_30_U                                                         |      |      |     | 2    |      |     |        |        |         |             |                                                                                                           |
|     bind_storage ram_t2p                                                |      |      |     |      |      |     | yes    | bram   | 1       | reg_file_30 | center-reduced-max-throughput/src/correlation.cpp:248                                                     |
|   reg_file_31_U                                                         |      |      |     | 2    |      |     |        |        |         |             |                                                                                                           |
|     bind_storage ram_t2p                                                |      |      |     |      |      |     | yes    | bram   | 1       | reg_file_31 | center-reduced-max-throughput/src/correlation.cpp:248                                                     |
|   reg_file_3_U                                                          |      |      |     | 2    |      |     |        |        |         |             |                                                                                                           |
|     bind_storage ram_t2p                                                |      |      |     |      |      |     | yes    | bram   | 1       | reg_file_3  | center-reduced-max-throughput/src/correlation.cpp:248                                                     |
|   reg_file_4_U                                                          |      |      |     | 2    |      |     |        |        |         |             |                                                                                                           |
|     bind_storage ram_t2p                                                |      |      |     |      |      |     | yes    | bram   | 1       | reg_file_4  | center-reduced-max-throughput/src/correlation.cpp:248                                                     |
|   reg_file_5_U                                                          |      |      |     | 2    |      |     |        |        |         |             |                                                                                                           |
|     bind_storage ram_t2p                                                |      |      |     |      |      |     | yes    | bram   | 1       | reg_file_5  | center-reduced-max-throughput/src/correlation.cpp:248                                                     |
|   reg_file_6_U                                                          |      |      |     | 2    |      |     |        |        |         |             |                                                                                                           |
|     bind_storage ram_t2p                                                |      |      |     |      |      |     | yes    | bram   | 1       | reg_file_6  | center-reduced-max-throughput/src/correlation.cpp:248                                                     |
|   reg_file_7_U                                                          |      |      |     | 2    |      |     |        |        |         |             |                                                                                                           |
|     bind_storage ram_t2p                                                |      |      |     |      |      |     | yes    | bram   | 1       | reg_file_7  | center-reduced-max-throughput/src/correlation.cpp:248                                                     |
|   reg_file_8_U                                                          | 8    |      |     | 2    |      |     |        |        |         |             |                                                                                                           |
|     bind_storage ram_t2p                                                |      |      |     |      |      |     | yes    | bram   | 1       | reg_file_8  | center-reduced-max-throughput/src/correlation.cpp:248                                                     |
|   reg_file_9_U                                                          | 8    |      |     | 2    |      |     |        |        |         |             |                                                                                                           |
|     bind_storage ram_t2p                                                |      |      |     |      |      |     | yes    | bram   | 1       | reg_file_9  | center-reduced-max-throughput/src/correlation.cpp:248                                                     |
|   reg_file_U                                                            |      |      |     | 2    |      |     |        |        |         |             |                                                                                                           |
|     bind_storage ram_t2p                                                |      |      |     |      |      |     | yes    | bram   | 1       | reg_file    | center-reduced-max-throughput/src/correlation.cpp:248                                                     |
+-------------------------------------------------------------------------+------+------+-----+------+------+-----+--------+--------+---------+-------------+-----------------------------------------------------------------------------------------------------------+


================================================================
== RTL Synthesis Fail Fast
================================================================
+-----------------------------------------------------------+-----------+--------+--------+
| Criteria                                                  | Guideline | Actual | Status |
+-----------------------------------------------------------+-----------+--------+--------+
| LUT                                                       | 70%       | 1.09%  | OK     |
| FD                                                        | 50%       | 0.41%  | OK     |
| LUTRAM+SRL                                                | 25%       | 0.04%  | OK     |
| CARRY8                                                    | 25%       | 0.69%  | OK     |
| MUXF7                                                     | 15%       | 0.11%  | OK     |
| DSP                                                       | 80%       | 0.69%  | OK     |
| RAMB/FIFO                                                 | 80%       | 10.26% | OK     |
| URAM                                                      | 80%       | 0.00%  | OK     |
| DSP+RAMB+URAM (Avg)                                       | 70%       | 5.47%  | OK     |
| BUFGCE* + BUFGCTRL                                        | 24        | 0      | OK     |
| DONT_TOUCH (cells/nets)                                   | 0         | 0      | OK     |
| MARK_DEBUG (nets)                                         | 0         | 0      | OK     |
| Control Sets                                              | 4320      | 56     | OK     |
| Average Fanout for modules > 100k cells                   | 4         | 0      | OK     |
| Non-FD high fanout nets > 10k loads                       | 0         | 0      | OK     |
+-----------------------------------------------------------+-----------+--------+--------+
| TIMING-6 (No common primary clock between related clocks) | 0         | 0      | OK     |
| TIMING-7 (No common node between related clocks)          | 0         | 0      | OK     |
| TIMING-8 (No common period between related clocks)        | 0         | 0      | OK     |
| TIMING-14 (LUT on the clock tree)                         | 0         | 0      | OK     |
| TIMING-35 (No common node in paths with the same clock)   | 0         | 0      | OK     |
+-----------------------------------------------------------+-----------+--------+--------+
| Number of paths above max LUT budgeting (0.300ns)         | 0         | 0      | OK     |
| Number of paths above max Net budgeting (0.208ns)         | 0         | 0      | OK     |
+-----------------------------------------------------------+-----------+--------+--------+


================================================================
== RTL Synthesis Timing Paths
================================================================
* Timing was met
+-------+-------+---------------------------------------------------------------------------+------------------------------------------+--------------+------------+----------------+----------------+--------------+
| Path  | SLACK | STARTPOINT PIN                                                            | ENDPOINT PIN                             | LOGIC LEVELS | MAX FANOUT | DATAPATH DELAY | DATAPATH LOGIC | DATAPATH NET |
|       |       |                                                                           |                                          |              |            |                |          DELAY |        DELAY |
+-------+-------+---------------------------------------------------------------------------+------------------------------------------+--------------+------------+----------------+----------------+--------------+
| Path1 | 2.946 | grp_compute_fu_291/hadd_16ns_16ns_16_2_full_dsp_1_U103/din1_buf1_reg[1]/C | reg_file_10_U/ram_reg_bram_0/DINBDIN[11] |           23 |         13 |          6.764 |          4.085 |        2.679 |
| Path2 | 2.946 | grp_compute_fu_291/hadd_16ns_16ns_16_2_full_dsp_1_U104/din1_buf1_reg[1]/C | reg_file_11_U/ram_reg_bram_0/DINBDIN[11] |           23 |         13 |          6.764 |          4.085 |        2.679 |
| Path3 | 2.956 | grp_compute_fu_291/hadd_16ns_16ns_16_2_full_dsp_1_U103/din1_buf1_reg[1]/C | reg_file_10_U/ram_reg_bram_0/DINBDIN[13] |           23 |         13 |          6.762 |          4.136 |        2.626 |
| Path4 | 2.956 | grp_compute_fu_291/hadd_16ns_16ns_16_2_full_dsp_1_U104/din1_buf1_reg[1]/C | reg_file_11_U/ram_reg_bram_0/DINBDIN[13] |           23 |         13 |          6.762 |          4.136 |        2.626 |
| Path5 | 2.970 | grp_compute_fu_291/hadd_16ns_16ns_16_2_full_dsp_1_U103/din1_buf1_reg[1]/C | reg_file_10_U/ram_reg_bram_0/DINBDIN[12] |           23 |         13 |          6.750 |          4.136 |        2.614 |
+-------+-------+---------------------------------------------------------------------------+------------------------------------------+--------------+------------+----------------+----------------+--------------+

    +---------------------------------------------------------------------------------------------------------------------------------------------------------------------+------------------------+
    | Path1 Cells                                                                                                                                                         | Primitive Type         |
    +---------------------------------------------------------------------------------------------------------------------------------------------------------------------+------------------------+
    | grp_compute_fu_291/hadd_16ns_16ns_16_2_full_dsp_1_U103/din1_buf1_reg[1]                                                                                             | REGISTER.SDR.FDRE      |
    | i_synth/ADDSUB_OP.ADDSUB/DSP.OP/DSP48E1_BODY_HP.EXP/NUMB_CMP/NOT_FAST.CMP/C_CHAIN/CHAIN_GEN[0].C_MUX.CARRY_MUX_i_2                                                  | CLB.LUT.LUT4           |
    | i_synth/ADDSUB_OP.ADDSUB/DSP.OP/DSP48E1_BODY_HP.EXP/NUMB_CMP/NOT_FAST.CMP/C_CHAIN/CHAIN_GEN[0].C_MUX.CARRY_MUX_CARRY4_CARRY8                                        | CLB.CARRY.CARRY8       |
    | i_synth/ADDSUB_OP.ADDSUB/DSP.OP/DSP48E1_BODY_HP.ALIGN_ADD/DSP2/i_no_versal_es1_workaround.DSP/DSP_PREADD_DATA_INST                                                  | ARITHMETIC.DSP.DSP48E2 |
    | i_synth/ADDSUB_OP.ADDSUB/DSP.OP/DSP48E1_BODY_HP.ALIGN_ADD/DSP2/i_no_versal_es1_workaround.DSP/DSP_PREADD_INST                                                       | ARITHMETIC.DSP.DSP48E2 |
    | i_synth/ADDSUB_OP.ADDSUB/DSP.OP/DSP48E1_BODY_HP.ALIGN_ADD/DSP2/i_no_versal_es1_workaround.DSP/DSP_MULTIPLIER_INST                                                   | ARITHMETIC.DSP.DSP48E2 |
    | i_synth/ADDSUB_OP.ADDSUB/DSP.OP/DSP48E1_BODY_HP.ALIGN_ADD/DSP2/i_no_versal_es1_workaround.DSP/DSP_M_DATA_INST                                                       | ARITHMETIC.DSP.DSP48E2 |
    | i_synth/ADDSUB_OP.ADDSUB/DSP.OP/DSP48E1_BODY_HP.ALIGN_ADD/DSP2/i_no_versal_es1_workaround.DSP/DSP_ALU_INST                                                          | ARITHMETIC.DSP.DSP48E2 |
    | i_synth/ADDSUB_OP.ADDSUB/DSP.OP/DSP48E1_BODY_HP.ALIGN_ADD/DSP2/i_no_versal_es1_workaround.DSP/DSP_OUTPUT_INST                                                       | ARITHMETIC.DSP.DSP48E2 |
    | i_synth/ADDSUB_OP.ADDSUB/DSP.OP/DSP48E1_BODY_HP.NORM_RND/FULL_USAGE_DSP.LOD/DIST_ENC[0].i_det_lut1                                                                  | CLB.LUT.LUT5           |
    | i_synth/ADDSUB_OP.ADDSUB/DSP.OP/DSP48E1_BODY_HP.NORM_RND/FULL_USAGE_DSP.LOD/DET_GEN[0].CARRY_MUX_CARRY4_CARRY8                                                      | CLB.CARRY.CARRY8       |
    | i_synth/ADDSUB_OP.ADDSUB/DSP.OP/DSP48E1_BODY_HP.NORM_RND/FULL_USAGE_DSP.LOD/gen_lut_pairs[2].lutpairmode1.lutXo6_i_1                                                | CLB.LUT.LUT3           |
    | i_synth/ADDSUB_OP.ADDSUB/DSP.OP/DSP48E1_BODY_HP.NORM_RND/FULL_USAGE_DSP.LOD/LSBaddmode1.lut0o6_i_1                                                                  | CLB.LUT.LUT6           |
    | i_synth/ADDSUB_OP.ADDSUB/DSP.OP/DSP48E1_BODY_HP.EXP/NOT_LOW_LATENCY_NORM_DIST.STRUCT_ADD/LSBaddmode1.lut0o6/LUT5                                                    | CLB.LUT.LUT5           |
    | i_synth/ADDSUB_OP.ADDSUB/DSP.OP/DSP48E1_BODY_HP.EXP/NOT_LOW_LATENCY_NORM_DIST.STRUCT_ADD/gen_lut_pairs[1].lutpairmode1.lutXo6/LUT6                                  | CLB.LUT.LUT6           |
    | i_synth/ADDSUB_OP.ADDSUB/DSP.OP/DSP48E1_BODY_HP.EXP/NOT_LOW_LATENCY_NORM_DIST.STRUCT_ADD/gen_carry4s[0].gen_carry4.y0.mcy00_CARRY4_CARRY8                           | CLB.CARRY.CARRY8       |
    | i_synth/ADDSUB_OP.ADDSUB/DSP.OP/DSP48E1_BODY_HP.NORM_RND/FULL_USAGE_DSP.SHIFT_RND/i_no_versal_es1_workaround.DSP/DSP_C_DATA_INST                                    | ARITHMETIC.DSP.DSP48E2 |
    | i_synth/ADDSUB_OP.ADDSUB/DSP.OP/DSP48E1_BODY_HP.NORM_RND/FULL_USAGE_DSP.SHIFT_RND/i_no_versal_es1_workaround.DSP/DSP_ALU_INST                                       | ARITHMETIC.DSP.DSP48E2 |
    | i_synth/ADDSUB_OP.ADDSUB/DSP.OP/DSP48E1_BODY_HP.NORM_RND/FULL_USAGE_DSP.SHIFT_RND/i_no_versal_es1_workaround.DSP/DSP_OUTPUT_INST                                    | ARITHMETIC.DSP.DSP48E2 |
    | i_synth/ADDSUB_OP.ADDSUB/DSP.OP/OP/m_axis_result_tdata[11]_INST_0                                                                                                   | CLB.LUT.LUT3           |
    | grp_compute_fu_291/hdiv_16ns_16ns_16_5_no_dsp_1_U105/corr_accel_hdiv_16ns_16ns_16_5_no_dsp_1_ip_u/ram_reg_bram_0_i_90                                               | CLB.LUT.LUT6           |
    | grp_compute_fu_291/grp_compute_Pipeline_VITIS_LOOP_210_14_fu_173/fcmp_32ns_32ns_1_2_no_dsp_1_U80/corr_accel_fcmp_32ns_32ns_1_2_no_dsp_1_ip_u/ram_reg_bram_0_i_58__1 | CLB.LUT.LUT6           |
    | grp_compute_fu_291/grp_compute_Pipeline_VITIS_LOOP_210_14_fu_173/fcmp_32ns_32ns_1_2_no_dsp_1_U80/corr_accel_fcmp_32ns_32ns_1_2_no_dsp_1_ip_u/ram_reg_bram_0_i_17__3 | CLB.LUT.LUT3           |
    | reg_file_10_U/ram_reg_bram_0                                                                                                                                        | BLOCKRAM.BRAM.RAMB36E2 |
    +---------------------------------------------------------------------------------------------------------------------------------------------------------------------+------------------------+

    +--------------------------------------------------------------------------------------------------------------------------------------------------------------------+------------------------+
    | Path2 Cells                                                                                                                                                        | Primitive Type         |
    +--------------------------------------------------------------------------------------------------------------------------------------------------------------------+------------------------+
    | grp_compute_fu_291/hadd_16ns_16ns_16_2_full_dsp_1_U104/din1_buf1_reg[1]                                                                                            | REGISTER.SDR.FDRE      |
    | i_synth/ADDSUB_OP.ADDSUB/DSP.OP/DSP48E1_BODY_HP.EXP/NUMB_CMP/NOT_FAST.CMP/C_CHAIN/CHAIN_GEN[0].C_MUX.CARRY_MUX_i_2                                                 | CLB.LUT.LUT4           |
    | i_synth/ADDSUB_OP.ADDSUB/DSP.OP/DSP48E1_BODY_HP.EXP/NUMB_CMP/NOT_FAST.CMP/C_CHAIN/CHAIN_GEN[0].C_MUX.CARRY_MUX_CARRY4_CARRY8                                       | CLB.CARRY.CARRY8       |
    | i_synth/ADDSUB_OP.ADDSUB/DSP.OP/DSP48E1_BODY_HP.ALIGN_ADD/DSP2/i_no_versal_es1_workaround.DSP/DSP_PREADD_DATA_INST                                                 | ARITHMETIC.DSP.DSP48E2 |
    | i_synth/ADDSUB_OP.ADDSUB/DSP.OP/DSP48E1_BODY_HP.ALIGN_ADD/DSP2/i_no_versal_es1_workaround.DSP/DSP_PREADD_INST                                                      | ARITHMETIC.DSP.DSP48E2 |
    | i_synth/ADDSUB_OP.ADDSUB/DSP.OP/DSP48E1_BODY_HP.ALIGN_ADD/DSP2/i_no_versal_es1_workaround.DSP/DSP_MULTIPLIER_INST                                                  | ARITHMETIC.DSP.DSP48E2 |
    | i_synth/ADDSUB_OP.ADDSUB/DSP.OP/DSP48E1_BODY_HP.ALIGN_ADD/DSP2/i_no_versal_es1_workaround.DSP/DSP_M_DATA_INST                                                      | ARITHMETIC.DSP.DSP48E2 |
    | i_synth/ADDSUB_OP.ADDSUB/DSP.OP/DSP48E1_BODY_HP.ALIGN_ADD/DSP2/i_no_versal_es1_workaround.DSP/DSP_ALU_INST                                                         | ARITHMETIC.DSP.DSP48E2 |
    | i_synth/ADDSUB_OP.ADDSUB/DSP.OP/DSP48E1_BODY_HP.ALIGN_ADD/DSP2/i_no_versal_es1_workaround.DSP/DSP_OUTPUT_INST                                                      | ARITHMETIC.DSP.DSP48E2 |
    | i_synth/ADDSUB_OP.ADDSUB/DSP.OP/DSP48E1_BODY_HP.NORM_RND/FULL_USAGE_DSP.LOD/DIST_ENC[0].i_det_lut1                                                                 | CLB.LUT.LUT5           |
    | i_synth/ADDSUB_OP.ADDSUB/DSP.OP/DSP48E1_BODY_HP.NORM_RND/FULL_USAGE_DSP.LOD/DET_GEN[0].CARRY_MUX_CARRY4_CARRY8                                                     | CLB.CARRY.CARRY8       |
    | i_synth/ADDSUB_OP.ADDSUB/DSP.OP/DSP48E1_BODY_HP.NORM_RND/FULL_USAGE_DSP.LOD/gen_lut_pairs[2].lutpairmode1.lutXo6_i_1                                               | CLB.LUT.LUT3           |
    | i_synth/ADDSUB_OP.ADDSUB/DSP.OP/DSP48E1_BODY_HP.NORM_RND/FULL_USAGE_DSP.LOD/LSBaddmode1.lut0o6_i_1                                                                 | CLB.LUT.LUT6           |
    | i_synth/ADDSUB_OP.ADDSUB/DSP.OP/DSP48E1_BODY_HP.EXP/NOT_LOW_LATENCY_NORM_DIST.STRUCT_ADD/LSBaddmode1.lut0o6/LUT5                                                   | CLB.LUT.LUT5           |
    | i_synth/ADDSUB_OP.ADDSUB/DSP.OP/DSP48E1_BODY_HP.EXP/NOT_LOW_LATENCY_NORM_DIST.STRUCT_ADD/gen_lut_pairs[1].lutpairmode1.lutXo6/LUT6                                 | CLB.LUT.LUT6           |
    | i_synth/ADDSUB_OP.ADDSUB/DSP.OP/DSP48E1_BODY_HP.EXP/NOT_LOW_LATENCY_NORM_DIST.STRUCT_ADD/gen_carry4s[0].gen_carry4.y0.mcy00_CARRY4_CARRY8                          | CLB.CARRY.CARRY8       |
    | i_synth/ADDSUB_OP.ADDSUB/DSP.OP/DSP48E1_BODY_HP.NORM_RND/FULL_USAGE_DSP.SHIFT_RND/i_no_versal_es1_workaround.DSP/DSP_C_DATA_INST                                   | ARITHMETIC.DSP.DSP48E2 |
    | i_synth/ADDSUB_OP.ADDSUB/DSP.OP/DSP48E1_BODY_HP.NORM_RND/FULL_USAGE_DSP.SHIFT_RND/i_no_versal_es1_workaround.DSP/DSP_ALU_INST                                      | ARITHMETIC.DSP.DSP48E2 |
    | i_synth/ADDSUB_OP.ADDSUB/DSP.OP/DSP48E1_BODY_HP.NORM_RND/FULL_USAGE_DSP.SHIFT_RND/i_no_versal_es1_workaround.DSP/DSP_OUTPUT_INST                                   | ARITHMETIC.DSP.DSP48E2 |
    | i_synth/ADDSUB_OP.ADDSUB/DSP.OP/OP/m_axis_result_tdata[11]_INST_0                                                                                                  | CLB.LUT.LUT3           |
    | grp_compute_fu_291/hdiv_16ns_16ns_16_5_no_dsp_1_U106/corr_accel_hdiv_16ns_16ns_16_5_no_dsp_1_ip_u/ram_reg_bram_0_i_48__1                                           | CLB.LUT.LUT6           |
    | grp_compute_fu_291/grp_compute_Pipeline_VITIS_LOOP_210_14_fu_173/fcmp_32ns_32ns_1_2_no_dsp_1_U81/corr_accel_fcmp_32ns_32ns_1_2_no_dsp_1_ip_u/ram_reg_bram_0_i_23   | CLB.LUT.LUT6           |
    | grp_compute_fu_291/grp_compute_Pipeline_VITIS_LOOP_210_14_fu_173/fcmp_32ns_32ns_1_2_no_dsp_1_U81/corr_accel_fcmp_32ns_32ns_1_2_no_dsp_1_ip_u/ram_reg_bram_0_i_5__2 | CLB.LUT.LUT3           |
    | reg_file_11_U/ram_reg_bram_0                                                                                                                                       | BLOCKRAM.BRAM.RAMB36E2 |
    +--------------------------------------------------------------------------------------------------------------------------------------------------------------------+------------------------+

    +---------------------------------------------------------------------------------------------------------------------------------------------------------------------+------------------------+
    | Path3 Cells                                                                                                                                                         | Primitive Type         |
    +---------------------------------------------------------------------------------------------------------------------------------------------------------------------+------------------------+
    | grp_compute_fu_291/hadd_16ns_16ns_16_2_full_dsp_1_U103/din1_buf1_reg[1]                                                                                             | REGISTER.SDR.FDRE      |
    | i_synth/ADDSUB_OP.ADDSUB/DSP.OP/DSP48E1_BODY_HP.EXP/NUMB_CMP/NOT_FAST.CMP/C_CHAIN/CHAIN_GEN[0].C_MUX.CARRY_MUX_i_2                                                  | CLB.LUT.LUT4           |
    | i_synth/ADDSUB_OP.ADDSUB/DSP.OP/DSP48E1_BODY_HP.EXP/NUMB_CMP/NOT_FAST.CMP/C_CHAIN/CHAIN_GEN[0].C_MUX.CARRY_MUX_CARRY4_CARRY8                                        | CLB.CARRY.CARRY8       |
    | i_synth/ADDSUB_OP.ADDSUB/DSP.OP/DSP48E1_BODY_HP.ALIGN_ADD/DSP2/i_no_versal_es1_workaround.DSP/DSP_PREADD_DATA_INST                                                  | ARITHMETIC.DSP.DSP48E2 |
    | i_synth/ADDSUB_OP.ADDSUB/DSP.OP/DSP48E1_BODY_HP.ALIGN_ADD/DSP2/i_no_versal_es1_workaround.DSP/DSP_PREADD_INST                                                       | ARITHMETIC.DSP.DSP48E2 |
    | i_synth/ADDSUB_OP.ADDSUB/DSP.OP/DSP48E1_BODY_HP.ALIGN_ADD/DSP2/i_no_versal_es1_workaround.DSP/DSP_MULTIPLIER_INST                                                   | ARITHMETIC.DSP.DSP48E2 |
    | i_synth/ADDSUB_OP.ADDSUB/DSP.OP/DSP48E1_BODY_HP.ALIGN_ADD/DSP2/i_no_versal_es1_workaround.DSP/DSP_M_DATA_INST                                                       | ARITHMETIC.DSP.DSP48E2 |
    | i_synth/ADDSUB_OP.ADDSUB/DSP.OP/DSP48E1_BODY_HP.ALIGN_ADD/DSP2/i_no_versal_es1_workaround.DSP/DSP_ALU_INST                                                          | ARITHMETIC.DSP.DSP48E2 |
    | i_synth/ADDSUB_OP.ADDSUB/DSP.OP/DSP48E1_BODY_HP.ALIGN_ADD/DSP2/i_no_versal_es1_workaround.DSP/DSP_OUTPUT_INST                                                       | ARITHMETIC.DSP.DSP48E2 |
    | i_synth/ADDSUB_OP.ADDSUB/DSP.OP/DSP48E1_BODY_HP.NORM_RND/FULL_USAGE_DSP.LOD/DIST_ENC[0].i_det_lut1                                                                  | CLB.LUT.LUT5           |
    | i_synth/ADDSUB_OP.ADDSUB/DSP.OP/DSP48E1_BODY_HP.NORM_RND/FULL_USAGE_DSP.LOD/DET_GEN[0].CARRY_MUX_CARRY4_CARRY8                                                      | CLB.CARRY.CARRY8       |
    | i_synth/ADDSUB_OP.ADDSUB/DSP.OP/DSP48E1_BODY_HP.NORM_RND/FULL_USAGE_DSP.LOD/gen_lut_pairs[2].lutpairmode1.lutXo6_i_1                                                | CLB.LUT.LUT3           |
    | i_synth/ADDSUB_OP.ADDSUB/DSP.OP/DSP48E1_BODY_HP.NORM_RND/FULL_USAGE_DSP.LOD/LSBaddmode1.lut0o6_i_1                                                                  | CLB.LUT.LUT6           |
    | i_synth/ADDSUB_OP.ADDSUB/DSP.OP/DSP48E1_BODY_HP.EXP/NOT_LOW_LATENCY_NORM_DIST.STRUCT_ADD/LSBaddmode1.lut0o6/LUT5                                                    | CLB.LUT.LUT5           |
    | i_synth/ADDSUB_OP.ADDSUB/DSP.OP/DSP48E1_BODY_HP.EXP/NOT_LOW_LATENCY_NORM_DIST.STRUCT_ADD/gen_lut_pairs[1].lutpairmode1.lutXo6/LUT6                                  | CLB.LUT.LUT6           |
    | i_synth/ADDSUB_OP.ADDSUB/DSP.OP/DSP48E1_BODY_HP.EXP/NOT_LOW_LATENCY_NORM_DIST.STRUCT_ADD/gen_carry4s[0].gen_carry4.y0.mcy00_CARRY4_CARRY8                           | CLB.CARRY.CARRY8       |
    | i_synth/ADDSUB_OP.ADDSUB/DSP.OP/DSP48E1_BODY_HP.NORM_RND/FULL_USAGE_DSP.SHIFT_RND/i_no_versal_es1_workaround.DSP/DSP_C_DATA_INST                                    | ARITHMETIC.DSP.DSP48E2 |
    | i_synth/ADDSUB_OP.ADDSUB/DSP.OP/DSP48E1_BODY_HP.NORM_RND/FULL_USAGE_DSP.SHIFT_RND/i_no_versal_es1_workaround.DSP/DSP_ALU_INST                                       | ARITHMETIC.DSP.DSP48E2 |
    | i_synth/ADDSUB_OP.ADDSUB/DSP.OP/DSP48E1_BODY_HP.NORM_RND/FULL_USAGE_DSP.SHIFT_RND/i_no_versal_es1_workaround.DSP/DSP_OUTPUT_INST                                    | ARITHMETIC.DSP.DSP48E2 |
    | i_synth/ADDSUB_OP.ADDSUB/DSP.OP/OP/m_axis_result_tdata[13]_INST_0                                                                                                   | CLB.LUT.LUT3           |
    | grp_compute_fu_291/hdiv_16ns_16ns_16_5_no_dsp_1_U105/corr_accel_hdiv_16ns_16ns_16_5_no_dsp_1_ip_u/ram_reg_bram_0_i_87                                               | CLB.LUT.LUT6           |
    | grp_compute_fu_291/grp_compute_Pipeline_VITIS_LOOP_210_14_fu_173/fcmp_32ns_32ns_1_2_no_dsp_1_U80/corr_accel_fcmp_32ns_32ns_1_2_no_dsp_1_ip_u/ram_reg_bram_0_i_56__1 | CLB.LUT.LUT6           |
    | grp_compute_fu_291/grp_compute_Pipeline_VITIS_LOOP_210_14_fu_173/fcmp_32ns_32ns_1_2_no_dsp_1_U80/corr_accel_fcmp_32ns_32ns_1_2_no_dsp_1_ip_u/ram_reg_bram_0_i_15__2 | CLB.LUT.LUT3           |
    | reg_file_10_U/ram_reg_bram_0                                                                                                                                        | BLOCKRAM.BRAM.RAMB36E2 |
    +---------------------------------------------------------------------------------------------------------------------------------------------------------------------+------------------------+

    +--------------------------------------------------------------------------------------------------------------------------------------------------------------------+------------------------+
    | Path4 Cells                                                                                                                                                        | Primitive Type         |
    +--------------------------------------------------------------------------------------------------------------------------------------------------------------------+------------------------+
    | grp_compute_fu_291/hadd_16ns_16ns_16_2_full_dsp_1_U104/din1_buf1_reg[1]                                                                                            | REGISTER.SDR.FDRE      |
    | i_synth/ADDSUB_OP.ADDSUB/DSP.OP/DSP48E1_BODY_HP.EXP/NUMB_CMP/NOT_FAST.CMP/C_CHAIN/CHAIN_GEN[0].C_MUX.CARRY_MUX_i_2                                                 | CLB.LUT.LUT4           |
    | i_synth/ADDSUB_OP.ADDSUB/DSP.OP/DSP48E1_BODY_HP.EXP/NUMB_CMP/NOT_FAST.CMP/C_CHAIN/CHAIN_GEN[0].C_MUX.CARRY_MUX_CARRY4_CARRY8                                       | CLB.CARRY.CARRY8       |
    | i_synth/ADDSUB_OP.ADDSUB/DSP.OP/DSP48E1_BODY_HP.ALIGN_ADD/DSP2/i_no_versal_es1_workaround.DSP/DSP_PREADD_DATA_INST                                                 | ARITHMETIC.DSP.DSP48E2 |
    | i_synth/ADDSUB_OP.ADDSUB/DSP.OP/DSP48E1_BODY_HP.ALIGN_ADD/DSP2/i_no_versal_es1_workaround.DSP/DSP_PREADD_INST                                                      | ARITHMETIC.DSP.DSP48E2 |
    | i_synth/ADDSUB_OP.ADDSUB/DSP.OP/DSP48E1_BODY_HP.ALIGN_ADD/DSP2/i_no_versal_es1_workaround.DSP/DSP_MULTIPLIER_INST                                                  | ARITHMETIC.DSP.DSP48E2 |
    | i_synth/ADDSUB_OP.ADDSUB/DSP.OP/DSP48E1_BODY_HP.ALIGN_ADD/DSP2/i_no_versal_es1_workaround.DSP/DSP_M_DATA_INST                                                      | ARITHMETIC.DSP.DSP48E2 |
    | i_synth/ADDSUB_OP.ADDSUB/DSP.OP/DSP48E1_BODY_HP.ALIGN_ADD/DSP2/i_no_versal_es1_workaround.DSP/DSP_ALU_INST                                                         | ARITHMETIC.DSP.DSP48E2 |
    | i_synth/ADDSUB_OP.ADDSUB/DSP.OP/DSP48E1_BODY_HP.ALIGN_ADD/DSP2/i_no_versal_es1_workaround.DSP/DSP_OUTPUT_INST                                                      | ARITHMETIC.DSP.DSP48E2 |
    | i_synth/ADDSUB_OP.ADDSUB/DSP.OP/DSP48E1_BODY_HP.NORM_RND/FULL_USAGE_DSP.LOD/DIST_ENC[0].i_det_lut1                                                                 | CLB.LUT.LUT5           |
    | i_synth/ADDSUB_OP.ADDSUB/DSP.OP/DSP48E1_BODY_HP.NORM_RND/FULL_USAGE_DSP.LOD/DET_GEN[0].CARRY_MUX_CARRY4_CARRY8                                                     | CLB.CARRY.CARRY8       |
    | i_synth/ADDSUB_OP.ADDSUB/DSP.OP/DSP48E1_BODY_HP.NORM_RND/FULL_USAGE_DSP.LOD/gen_lut_pairs[2].lutpairmode1.lutXo6_i_1                                               | CLB.LUT.LUT3           |
    | i_synth/ADDSUB_OP.ADDSUB/DSP.OP/DSP48E1_BODY_HP.NORM_RND/FULL_USAGE_DSP.LOD/LSBaddmode1.lut0o6_i_1                                                                 | CLB.LUT.LUT6           |
    | i_synth/ADDSUB_OP.ADDSUB/DSP.OP/DSP48E1_BODY_HP.EXP/NOT_LOW_LATENCY_NORM_DIST.STRUCT_ADD/LSBaddmode1.lut0o6/LUT5                                                   | CLB.LUT.LUT5           |
    | i_synth/ADDSUB_OP.ADDSUB/DSP.OP/DSP48E1_BODY_HP.EXP/NOT_LOW_LATENCY_NORM_DIST.STRUCT_ADD/gen_lut_pairs[1].lutpairmode1.lutXo6/LUT6                                 | CLB.LUT.LUT6           |
    | i_synth/ADDSUB_OP.ADDSUB/DSP.OP/DSP48E1_BODY_HP.EXP/NOT_LOW_LATENCY_NORM_DIST.STRUCT_ADD/gen_carry4s[0].gen_carry4.y0.mcy00_CARRY4_CARRY8                          | CLB.CARRY.CARRY8       |
    | i_synth/ADDSUB_OP.ADDSUB/DSP.OP/DSP48E1_BODY_HP.NORM_RND/FULL_USAGE_DSP.SHIFT_RND/i_no_versal_es1_workaround.DSP/DSP_C_DATA_INST                                   | ARITHMETIC.DSP.DSP48E2 |
    | i_synth/ADDSUB_OP.ADDSUB/DSP.OP/DSP48E1_BODY_HP.NORM_RND/FULL_USAGE_DSP.SHIFT_RND/i_no_versal_es1_workaround.DSP/DSP_ALU_INST                                      | ARITHMETIC.DSP.DSP48E2 |
    | i_synth/ADDSUB_OP.ADDSUB/DSP.OP/DSP48E1_BODY_HP.NORM_RND/FULL_USAGE_DSP.SHIFT_RND/i_no_versal_es1_workaround.DSP/DSP_OUTPUT_INST                                   | ARITHMETIC.DSP.DSP48E2 |
    | i_synth/ADDSUB_OP.ADDSUB/DSP.OP/OP/m_axis_result_tdata[13]_INST_0                                                                                                  | CLB.LUT.LUT3           |
    | grp_compute_fu_291/hdiv_16ns_16ns_16_5_no_dsp_1_U106/corr_accel_hdiv_16ns_16ns_16_5_no_dsp_1_ip_u/ram_reg_bram_0_i_45__0                                           | CLB.LUT.LUT6           |
    | grp_compute_fu_291/grp_compute_Pipeline_VITIS_LOOP_210_14_fu_173/fcmp_32ns_32ns_1_2_no_dsp_1_U81/corr_accel_fcmp_32ns_32ns_1_2_no_dsp_1_ip_u/ram_reg_bram_0_i_21   | CLB.LUT.LUT6           |
    | grp_compute_fu_291/grp_compute_Pipeline_VITIS_LOOP_210_14_fu_173/fcmp_32ns_32ns_1_2_no_dsp_1_U81/corr_accel_fcmp_32ns_32ns_1_2_no_dsp_1_ip_u/ram_reg_bram_0_i_3__7 | CLB.LUT.LUT3           |
    | reg_file_11_U/ram_reg_bram_0                                                                                                                                       | BLOCKRAM.BRAM.RAMB36E2 |
    +--------------------------------------------------------------------------------------------------------------------------------------------------------------------+------------------------+

    +---------------------------------------------------------------------------------------------------------------------------------------------------------------------+------------------------+
    | Path5 Cells                                                                                                                                                         | Primitive Type         |
    +---------------------------------------------------------------------------------------------------------------------------------------------------------------------+------------------------+
    | grp_compute_fu_291/hadd_16ns_16ns_16_2_full_dsp_1_U103/din1_buf1_reg[1]                                                                                             | REGISTER.SDR.FDRE      |
    | i_synth/ADDSUB_OP.ADDSUB/DSP.OP/DSP48E1_BODY_HP.EXP/NUMB_CMP/NOT_FAST.CMP/C_CHAIN/CHAIN_GEN[0].C_MUX.CARRY_MUX_i_2                                                  | CLB.LUT.LUT4           |
    | i_synth/ADDSUB_OP.ADDSUB/DSP.OP/DSP48E1_BODY_HP.EXP/NUMB_CMP/NOT_FAST.CMP/C_CHAIN/CHAIN_GEN[0].C_MUX.CARRY_MUX_CARRY4_CARRY8                                        | CLB.CARRY.CARRY8       |
    | i_synth/ADDSUB_OP.ADDSUB/DSP.OP/DSP48E1_BODY_HP.ALIGN_ADD/DSP2/i_no_versal_es1_workaround.DSP/DSP_PREADD_DATA_INST                                                  | ARITHMETIC.DSP.DSP48E2 |
    | i_synth/ADDSUB_OP.ADDSUB/DSP.OP/DSP48E1_BODY_HP.ALIGN_ADD/DSP2/i_no_versal_es1_workaround.DSP/DSP_PREADD_INST                                                       | ARITHMETIC.DSP.DSP48E2 |
    | i_synth/ADDSUB_OP.ADDSUB/DSP.OP/DSP48E1_BODY_HP.ALIGN_ADD/DSP2/i_no_versal_es1_workaround.DSP/DSP_MULTIPLIER_INST                                                   | ARITHMETIC.DSP.DSP48E2 |
    | i_synth/ADDSUB_OP.ADDSUB/DSP.OP/DSP48E1_BODY_HP.ALIGN_ADD/DSP2/i_no_versal_es1_workaround.DSP/DSP_M_DATA_INST                                                       | ARITHMETIC.DSP.DSP48E2 |
    | i_synth/ADDSUB_OP.ADDSUB/DSP.OP/DSP48E1_BODY_HP.ALIGN_ADD/DSP2/i_no_versal_es1_workaround.DSP/DSP_ALU_INST                                                          | ARITHMETIC.DSP.DSP48E2 |
    | i_synth/ADDSUB_OP.ADDSUB/DSP.OP/DSP48E1_BODY_HP.ALIGN_ADD/DSP2/i_no_versal_es1_workaround.DSP/DSP_OUTPUT_INST                                                       | ARITHMETIC.DSP.DSP48E2 |
    | i_synth/ADDSUB_OP.ADDSUB/DSP.OP/DSP48E1_BODY_HP.NORM_RND/FULL_USAGE_DSP.LOD/DIST_ENC[0].i_det_lut1                                                                  | CLB.LUT.LUT5           |
    | i_synth/ADDSUB_OP.ADDSUB/DSP.OP/DSP48E1_BODY_HP.NORM_RND/FULL_USAGE_DSP.LOD/DET_GEN[0].CARRY_MUX_CARRY4_CARRY8                                                      | CLB.CARRY.CARRY8       |
    | i_synth/ADDSUB_OP.ADDSUB/DSP.OP/DSP48E1_BODY_HP.NORM_RND/FULL_USAGE_DSP.LOD/gen_lut_pairs[2].lutpairmode1.lutXo6_i_1                                                | CLB.LUT.LUT3           |
    | i_synth/ADDSUB_OP.ADDSUB/DSP.OP/DSP48E1_BODY_HP.NORM_RND/FULL_USAGE_DSP.LOD/LSBaddmode1.lut0o6_i_1                                                                  | CLB.LUT.LUT6           |
    | i_synth/ADDSUB_OP.ADDSUB/DSP.OP/DSP48E1_BODY_HP.EXP/NOT_LOW_LATENCY_NORM_DIST.STRUCT_ADD/LSBaddmode1.lut0o6/LUT5                                                    | CLB.LUT.LUT5           |
    | i_synth/ADDSUB_OP.ADDSUB/DSP.OP/DSP48E1_BODY_HP.EXP/NOT_LOW_LATENCY_NORM_DIST.STRUCT_ADD/gen_lut_pairs[1].lutpairmode1.lutXo6/LUT6                                  | CLB.LUT.LUT6           |
    | i_synth/ADDSUB_OP.ADDSUB/DSP.OP/DSP48E1_BODY_HP.EXP/NOT_LOW_LATENCY_NORM_DIST.STRUCT_ADD/gen_carry4s[0].gen_carry4.y0.mcy00_CARRY4_CARRY8                           | CLB.CARRY.CARRY8       |
    | i_synth/ADDSUB_OP.ADDSUB/DSP.OP/DSP48E1_BODY_HP.NORM_RND/FULL_USAGE_DSP.SHIFT_RND/i_no_versal_es1_workaround.DSP/DSP_C_DATA_INST                                    | ARITHMETIC.DSP.DSP48E2 |
    | i_synth/ADDSUB_OP.ADDSUB/DSP.OP/DSP48E1_BODY_HP.NORM_RND/FULL_USAGE_DSP.SHIFT_RND/i_no_versal_es1_workaround.DSP/DSP_ALU_INST                                       | ARITHMETIC.DSP.DSP48E2 |
    | i_synth/ADDSUB_OP.ADDSUB/DSP.OP/DSP48E1_BODY_HP.NORM_RND/FULL_USAGE_DSP.SHIFT_RND/i_no_versal_es1_workaround.DSP/DSP_OUTPUT_INST                                    | ARITHMETIC.DSP.DSP48E2 |
    | i_synth/ADDSUB_OP.ADDSUB/DSP.OP/OP/m_axis_result_tdata[12]_INST_0                                                                                                   | CLB.LUT.LUT3           |
    | grp_compute_fu_291/hdiv_16ns_16ns_16_5_no_dsp_1_U105/corr_accel_hdiv_16ns_16ns_16_5_no_dsp_1_ip_u/ram_reg_bram_0_i_89                                               | CLB.LUT.LUT6           |
    | grp_compute_fu_291/grp_compute_Pipeline_VITIS_LOOP_210_14_fu_173/fcmp_32ns_32ns_1_2_no_dsp_1_U80/corr_accel_fcmp_32ns_32ns_1_2_no_dsp_1_ip_u/ram_reg_bram_0_i_57__1 | CLB.LUT.LUT6           |
    | grp_compute_fu_291/grp_compute_Pipeline_VITIS_LOOP_210_14_fu_173/fcmp_32ns_32ns_1_2_no_dsp_1_U80/corr_accel_fcmp_32ns_32ns_1_2_no_dsp_1_ip_u/ram_reg_bram_0_i_16__2 | CLB.LUT.LUT3           |
    | reg_file_10_U/ram_reg_bram_0                                                                                                                                        | BLOCKRAM.BRAM.RAMB36E2 |
    +---------------------------------------------------------------------------------------------------------------------------------------------------------------------+------------------------+


================================================================
== RTL Synthesis Vivado Reports
================================================================
+--------------------------+-------------------------------------------------------------------+
| Report Type              | Report Location                                                   |
+--------------------------+-------------------------------------------------------------------+
| design_analysis          | impl/verilog/report/corr_accel_design_analysis_synth.rpt          |
| failfast                 | impl/verilog/report/corr_accel_failfast_synth.rpt                 |
| timing                   | impl/verilog/report/corr_accel_timing_synth.rpt                   |
| timing_paths             | impl/verilog/report/corr_accel_timing_paths_synth.rpt             |
| utilization              | impl/verilog/report/corr_accel_utilization_synth.rpt              |
| utilization_hierarchical | impl/verilog/report/corr_accel_utilization_hierarchical_synth.rpt |
+--------------------------+-------------------------------------------------------------------+


