

================================================================
== Vitis HLS Report for 'compute'
================================================================
* Date:           Sun Nov 20 09:08:40 2022

* Version:        2022.2 (Build 3670227 on Oct 13 2022)
* Project:        sscale-max-throughput
* Solution:       zcu104 (Vivado IP Flow Target)
* Product family: zynquplus
* Target device:  xczu7ev-ffvc1156-2-e


================================================================
== Performance Estimates
================================================================
+ Timing: 
    * Summary: 
    +--------+----------+----------+------------+
    |  Clock |  Target  | Estimated| Uncertainty|
    +--------+----------+----------+------------+
    |ap_clk  |  10.00 ns|  7.141 ns|     2.70 ns|
    +--------+----------+----------+------------+

+ Latency: 
    * Summary: 
    +---------+---------+-----------+-----------+------+------+---------+
    |  Latency (cycles) |   Latency (absolute)  |   Interval  | Pipeline|
    |   min   |   max   |    min    |    max    |  min |  max |   Type  |
    +---------+---------+-----------+-----------+------+------+---------+
    |     2055|     2055|  20.550 us|  20.550 us|  2055|  2055|       no|
    +---------+---------+-----------+-----------+------+------+---------+

    + Detail: 
        * Instance: 
        +--------------------------------------------------------------+----------------------------------------------------+---------+---------+-----------+-----------+------+------+---------+
        |                                                              |                                                    |  Latency (cycles) |   Latency (absolute)  |   Interval  | Pipeline|
        |                           Instance                           |                       Module                       |   min   |   max   |    min    |    max    |  min |  max |   Type  |
        +--------------------------------------------------------------+----------------------------------------------------+---------+---------+-----------+-----------+------+------+---------+
        |grp_compute_Pipeline_VITIS_LOOP_133_1_VITIS_LOOP_134_2_fu_36  |compute_Pipeline_VITIS_LOOP_133_1_VITIS_LOOP_134_2  |     2053|     2053|  20.530 us|  20.530 us|  2053|  2053|       no|
        +--------------------------------------------------------------+----------------------------------------------------+---------+---------+-----------+-----------+------+------+---------+

        * Loop: 
        N/A



================================================================
== Utilization Estimates
================================================================
* Summary: 
+-----------------+---------+------+--------+--------+-----+
|       Name      | BRAM_18K|  DSP |   FF   |   LUT  | URAM|
+-----------------+---------+------+--------+--------+-----+
|DSP              |        -|     -|       -|       -|    -|
|Expression       |        -|     -|       -|       -|    -|
|FIFO             |        -|     -|       -|       -|    -|
|Instance         |        -|     8|     555|     505|    -|
|Memory           |        -|     -|       -|       -|    -|
|Multiplexer      |        -|     -|       -|      20|    -|
|Register         |        -|     -|      20|       -|    -|
+-----------------+---------+------+--------+--------+-----+
|Total            |        0|     8|     575|     525|    0|
+-----------------+---------+------+--------+--------+-----+
|Available        |      624|  1728|  460800|  230400|   96|
+-----------------+---------+------+--------+--------+-----+
|Utilization (%)  |        0|    ~0|      ~0|      ~0|    0|
+-----------------+---------+------+--------+--------+-----+

+ Detail: 
    * Instance: 
    +--------------------------------------------------------------+----------------------------------------------------+---------+----+-----+-----+-----+
    |                           Instance                           |                       Module                       | BRAM_18K| DSP|  FF | LUT | URAM|
    +--------------------------------------------------------------+----------------------------------------------------+---------+----+-----+-----+-----+
    |grp_compute_Pipeline_VITIS_LOOP_133_1_VITIS_LOOP_134_2_fu_36  |compute_Pipeline_VITIS_LOOP_133_1_VITIS_LOOP_134_2  |        0|   8|  555|  505|    0|
    +--------------------------------------------------------------+----------------------------------------------------+---------+----+-----+-----+-----+
    |Total                                                         |                                                    |        0|   8|  555|  505|    0|
    +--------------------------------------------------------------+----------------------------------------------------+---------+----+-----+-----+-----+

    * DSP: 
    N/A

    * Memory: 
    N/A

    * FIFO: 
    N/A

    * Expression: 
    N/A

    * Multiplexer: 
    +-----------+----+-----------+-----+-----------+
    |    Name   | LUT| Input Size| Bits| Total Bits|
    +-----------+----+-----------+-----+-----------+
    |ap_NS_fsm  |  20|          4|    1|          4|
    +-----------+----+-----------+-----+-----------+
    |Total      |  20|          4|    1|          4|
    +-----------+----+-----------+-----+-----------+

    * Register: 
    +---------------------------------------------------------------------------+----+----+-----+-----------+
    |                                    Name                                   | FF | LUT| Bits| Const Bits|
    +---------------------------------------------------------------------------+----+----+-----+-----------+
    |ap_CS_fsm                                                                  |   3|   0|    3|          0|
    |grp_compute_Pipeline_VITIS_LOOP_133_1_VITIS_LOOP_134_2_fu_36_ap_start_reg  |   1|   0|    1|          0|
    |reg_file_0_0_load_reg_55                                                   |  16|   0|   16|          0|
    +---------------------------------------------------------------------------+----+----+-----+-----------+
    |Total                                                                      |  20|   0|   20|          0|
    +---------------------------------------------------------------------------+----+----+-----+-----------+



================================================================
== Interface
================================================================
* Summary: 
+-----------------------+-----+-----+------------+--------------+--------------+
|       RTL Ports       | Dir | Bits|  Protocol  | Source Object|    C Type    |
+-----------------------+-----+-----+------------+--------------+--------------+
|ap_clk                 |   in|    1|  ap_ctrl_hs|       compute|  return value|
|ap_rst                 |   in|    1|  ap_ctrl_hs|       compute|  return value|
|ap_start               |   in|    1|  ap_ctrl_hs|       compute|  return value|
|ap_done                |  out|    1|  ap_ctrl_hs|       compute|  return value|
|ap_idle                |  out|    1|  ap_ctrl_hs|       compute|  return value|
|ap_ready               |  out|    1|  ap_ctrl_hs|       compute|  return value|
|reg_file_0_0_address0  |  out|   11|   ap_memory|  reg_file_0_0|         array|
|reg_file_0_0_ce0       |  out|    1|   ap_memory|  reg_file_0_0|         array|
|reg_file_0_0_q0        |   in|   16|   ap_memory|  reg_file_0_0|         array|
|reg_file_2_0_address0  |  out|   11|   ap_memory|  reg_file_2_0|         array|
|reg_file_2_0_ce0       |  out|    1|   ap_memory|  reg_file_2_0|         array|
|reg_file_2_0_we0       |  out|    1|   ap_memory|  reg_file_2_0|         array|
|reg_file_2_0_d0        |  out|   16|   ap_memory|  reg_file_2_0|         array|
|reg_file_2_0_address1  |  out|   11|   ap_memory|  reg_file_2_0|         array|
|reg_file_2_0_ce1       |  out|    1|   ap_memory|  reg_file_2_0|         array|
|reg_file_2_0_q1        |   in|   16|   ap_memory|  reg_file_2_0|         array|
|reg_file_2_1_address0  |  out|   11|   ap_memory|  reg_file_2_1|         array|
|reg_file_2_1_ce0       |  out|    1|   ap_memory|  reg_file_2_1|         array|
|reg_file_2_1_we0       |  out|    1|   ap_memory|  reg_file_2_1|         array|
|reg_file_2_1_d0        |  out|   16|   ap_memory|  reg_file_2_1|         array|
|reg_file_2_1_address1  |  out|   11|   ap_memory|  reg_file_2_1|         array|
|reg_file_2_1_ce1       |  out|    1|   ap_memory|  reg_file_2_1|         array|
|reg_file_2_1_q1        |   in|   16|   ap_memory|  reg_file_2_1|         array|
|reg_file_3_0_address0  |  out|   11|   ap_memory|  reg_file_3_0|         array|
|reg_file_3_0_ce0       |  out|    1|   ap_memory|  reg_file_3_0|         array|
|reg_file_3_0_q0        |   in|   16|   ap_memory|  reg_file_3_0|         array|
|reg_file_3_1_address0  |  out|   11|   ap_memory|  reg_file_3_1|         array|
|reg_file_3_1_ce0       |  out|    1|   ap_memory|  reg_file_3_1|         array|
|reg_file_3_1_q0        |   in|   16|   ap_memory|  reg_file_3_1|         array|
+-----------------------+-----+-----+------------+--------------+--------------+

