

Implementation tool: Xilinx Vivado v.2022.2
Project:             sscale-max-throughput
Solution:            zcu104
Device target:       xczu7ev-ffvc1156-2-e
Report date:         Sun Nov 20 09:19:56 MST 2022

#=== Post-Implementation Resource usage ===
SLICE:            0
LUT:           1944
FF:            2927
DSP:              8
BRAM:            36
URAM:             0
LATCH:            0
SRL:            147
CLB:            519

#=== Final timing ===
CP required:                     10.000
CP achieved post-synthesis:      6.737
CP achieved post-implementation: 8.097
Timing met
