================================================================
== Vivado Place & Route Results
================================================================
+ General Information:
    * Date:            Sun Nov 20 17:18:11 MST 2022
    * Version:         2022.2 (Build 3670227 on Oct 13 2022)
    * Project:         gemv-max-sharing
    * Solution:        zcu104 (Vivado IP Flow Target)
    * Product family:  zynquplus
    * Target device:   xczu7ev-ffvc1156-2-e


================================================================
== Run Constraints & Options
================================================================
+ Design Constraints & Options:
    * Place & Route target clock:  10 ns
    * C-Synthesis target clock:    10 ns
    * C-Synthesis uncertainty:     27%

+ RTL Synthesis Options:
    * config_export -vivado_synth_strategy:     default
    * config_export -vivado_synth_design_args:  -directive sdx_optimization_effort_high

+ Place & Route Options:
    * config_export -vivado_impl_strategy:  default
    * config_export -vivado_phys_opt:       all

+ Reporting Options:
    * config_export -vivado_report_level:      2
    * config_export -vivado_max_timing_paths:  10


================================================================
== Place & Route Resource Summary
================================================================
LUT:              3214
FF:               4615
DSP:              4
BRAM:             36
URAM:             0
SRL:              146


================================================================
== Place & Route Timing Summary
================================================================
* Timing was met
+----------------+-------------+
| Timing         | Period (ns) |
+----------------+-------------+
| Target         | 10.000      |
| Post-Synthesis | 7.137       |
| Post-Route     | 8.230       |
+----------------+-------------+


================================================================
== Place & Route Resources
================================================================
+------------------------------------------------------------+------+------+-----+------+------+-----+--------+---------+---------+-------------+------------------------------------------+
| Name                                                       | LUT  | FF   | DSP | BRAM | URAM | SRL | Pragma | Impl    | Latency | Variable    | Source                                   |
+------------------------------------------------------------+------+------+-----+------+------+-----+--------+---------+---------+-------------+------------------------------------------+
| inst                                                       | 3214 | 4615 | 4   | 36   |      |     |        |         |         |             |                                          |
|   (inst)                                                   | 1    | 262  |     |      |      |     |        |         |         |             |                                          |
|   control_s_axi_U                                          | 198  | 312  |     |      |      |     |        |         |         |             |                                          |
|   data_m_axi_U                                             | 1106 | 1752 |     | 4    |      |     |        |         |         |             |                                          |
|   grp_compute_fu_208                                       | 1533 | 1927 | 4   |      |      |     |        |         |         |             |                                          |
|     (grp_compute_fu_208)                                   | 1    | 39   |     |      |      |     |        |         |         |             |                                          |
|     grp_compute_Pipeline_VITIS_LOOP_132_1_fu_58            | 37   | 24   |     |      |      |     |        |         |         |             |                                          |
|       (grp_compute_Pipeline_VITIS_LOOP_132_1_fu_58)        | 23   | 22   |     |      |      |     |        |         |         |             |                                          |
|       flow_control_loop_pipe_sequential_init_U             | 14   | 2    |     |      |      |     |        |         |         |             |                                          |
|     grp_compute_Pipeline_VITIS_LOOP_139_2_fu_68            | 1461 | 1832 | 2   |      |      |     |        |         |         |             |                                          |
|       (grp_compute_Pipeline_VITIS_LOOP_139_2_fu_68)        | 743  | 1798 |     |      |      |     |        |         |         |             |                                          |
|       flow_control_loop_pipe_sequential_init_U             | 66   | 2    |     |      |      |     |        |         |         |             |                                          |
|       hadd_16ns_16ns_16_2_full_dsp_1_U43                   | 664  | 32   | 2   |      |      |     |        |         |         |             |                                          |
|         bind_op hadd                                       |      |      |     |      |      |     |        | fulldsp | 1       | add         | gemv-max-sharing/src/correlation.cpp:145 |
|         bind_op hadd                                       |      |      |     |      |      |     |        | fulldsp | 1       | add_1       | gemv-max-sharing/src/correlation.cpp:145 |
|         bind_op hadd                                       |      |      |     |      |      |     |        | fulldsp | 1       | add_2       | gemv-max-sharing/src/correlation.cpp:145 |
|         bind_op hadd                                       |      |      |     |      |      |     |        | fulldsp | 1       | add_3       | gemv-max-sharing/src/correlation.cpp:145 |
|         bind_op hadd                                       |      |      |     |      |      |     |        | fulldsp | 1       | add_4       | gemv-max-sharing/src/correlation.cpp:145 |
|         bind_op hadd                                       |      |      |     |      |      |     |        | fulldsp | 1       | add_5       | gemv-max-sharing/src/correlation.cpp:145 |
|         bind_op hadd                                       |      |      |     |      |      |     |        | fulldsp | 1       | add_6       | gemv-max-sharing/src/correlation.cpp:145 |
|         bind_op hadd                                       |      |      |     |      |      |     |        | fulldsp | 1       | add_7       | gemv-max-sharing/src/correlation.cpp:145 |
|         bind_op hadd                                       |      |      |     |      |      |     |        | fulldsp | 1       | add_8       | gemv-max-sharing/src/correlation.cpp:145 |
|         bind_op hadd                                       |      |      |     |      |      |     |        | fulldsp | 1       | add_9       | gemv-max-sharing/src/correlation.cpp:145 |
|         bind_op hadd                                       |      |      |     |      |      |     |        | fulldsp | 1       | add_s       | gemv-max-sharing/src/correlation.cpp:145 |
|         bind_op hadd                                       |      |      |     |      |      |     |        | fulldsp | 1       | add_10      | gemv-max-sharing/src/correlation.cpp:145 |
|         bind_op hadd                                       |      |      |     |      |      |     |        | fulldsp | 1       | add_11      | gemv-max-sharing/src/correlation.cpp:145 |
|         bind_op hadd                                       |      |      |     |      |      |     |        | fulldsp | 1       | add_12      | gemv-max-sharing/src/correlation.cpp:145 |
|         bind_op hadd                                       |      |      |     |      |      |     |        | fulldsp | 1       | add_13      | gemv-max-sharing/src/correlation.cpp:145 |
|         bind_op hadd                                       |      |      |     |      |      |     |        | fulldsp | 1       | add_14      | gemv-max-sharing/src/correlation.cpp:145 |
|         bind_op hadd                                       |      |      |     |      |      |     |        | fulldsp | 1       | add_15      | gemv-max-sharing/src/correlation.cpp:145 |
|         bind_op hadd                                       |      |      |     |      |      |     |        | fulldsp | 1       | add_16      | gemv-max-sharing/src/correlation.cpp:145 |
|         bind_op hadd                                       |      |      |     |      |      |     |        | fulldsp | 1       | add_17      | gemv-max-sharing/src/correlation.cpp:145 |
|         bind_op hadd                                       |      |      |     |      |      |     |        | fulldsp | 1       | add_18      | gemv-max-sharing/src/correlation.cpp:145 |
|         bind_op hadd                                       |      |      |     |      |      |     |        | fulldsp | 1       | add_19      | gemv-max-sharing/src/correlation.cpp:145 |
|         bind_op hadd                                       |      |      |     |      |      |     |        | fulldsp | 1       | add_20      | gemv-max-sharing/src/correlation.cpp:145 |
|         bind_op hadd                                       |      |      |     |      |      |     |        | fulldsp | 1       | add_21      | gemv-max-sharing/src/correlation.cpp:145 |
|         bind_op hadd                                       |      |      |     |      |      |     |        | fulldsp | 1       | add_22      | gemv-max-sharing/src/correlation.cpp:145 |
|         bind_op hadd                                       |      |      |     |      |      |     |        | fulldsp | 1       | add_23      | gemv-max-sharing/src/correlation.cpp:145 |
|         bind_op hadd                                       |      |      |     |      |      |     |        | fulldsp | 1       | add_24      | gemv-max-sharing/src/correlation.cpp:145 |
|         bind_op hadd                                       |      |      |     |      |      |     |        | fulldsp | 1       | add_25      | gemv-max-sharing/src/correlation.cpp:145 |
|         bind_op hadd                                       |      |      |     |      |      |     |        | fulldsp | 1       | add_26      | gemv-max-sharing/src/correlation.cpp:145 |
|         bind_op hadd                                       |      |      |     |      |      |     |        | fulldsp | 1       | add_27      | gemv-max-sharing/src/correlation.cpp:145 |
|         bind_op hadd                                       |      |      |     |      |      |     |        | fulldsp | 1       | add_28      | gemv-max-sharing/src/correlation.cpp:145 |
|         bind_op hadd                                       |      |      |     |      |      |     |        | fulldsp | 1       | add_29      | gemv-max-sharing/src/correlation.cpp:145 |
|         bind_op hadd                                       |      |      |     |      |      |     |        | fulldsp | 1       | add_30      | gemv-max-sharing/src/correlation.cpp:145 |
|         bind_op hadd                                       |      |      |     |      |      |     |        | fulldsp | 1       | add_31      | gemv-max-sharing/src/correlation.cpp:145 |
|         bind_op hadd                                       |      |      |     |      |      |     |        | fulldsp | 1       | add_32      | gemv-max-sharing/src/correlation.cpp:145 |
|         bind_op hadd                                       |      |      |     |      |      |     |        | fulldsp | 1       | add_33      | gemv-max-sharing/src/correlation.cpp:145 |
|         bind_op hadd                                       |      |      |     |      |      |     |        | fulldsp | 1       | add_34      | gemv-max-sharing/src/correlation.cpp:145 |
|         bind_op hadd                                       |      |      |     |      |      |     |        | fulldsp | 1       | add_35      | gemv-max-sharing/src/correlation.cpp:145 |
|         bind_op hadd                                       |      |      |     |      |      |     |        | fulldsp | 1       | add_36      | gemv-max-sharing/src/correlation.cpp:145 |
|         bind_op hadd                                       |      |      |     |      |      |     |        | fulldsp | 1       | add_37      | gemv-max-sharing/src/correlation.cpp:145 |
|         bind_op hadd                                       |      |      |     |      |      |     |        | fulldsp | 1       | add_38      | gemv-max-sharing/src/correlation.cpp:145 |
|         bind_op hadd                                       |      |      |     |      |      |     |        | fulldsp | 1       | add_39      | gemv-max-sharing/src/correlation.cpp:145 |
|         bind_op hadd                                       |      |      |     |      |      |     |        | fulldsp | 1       | add_40      | gemv-max-sharing/src/correlation.cpp:145 |
|         bind_op hadd                                       |      |      |     |      |      |     |        | fulldsp | 1       | add_41      | gemv-max-sharing/src/correlation.cpp:145 |
|         bind_op hadd                                       |      |      |     |      |      |     |        | fulldsp | 1       | add_42      | gemv-max-sharing/src/correlation.cpp:145 |
|         bind_op hadd                                       |      |      |     |      |      |     |        | fulldsp | 1       | add_43      | gemv-max-sharing/src/correlation.cpp:145 |
|         bind_op hadd                                       |      |      |     |      |      |     |        | fulldsp | 1       | add_44      | gemv-max-sharing/src/correlation.cpp:145 |
|         bind_op hadd                                       |      |      |     |      |      |     |        | fulldsp | 1       | add_45      | gemv-max-sharing/src/correlation.cpp:145 |
|         bind_op hadd                                       |      |      |     |      |      |     |        | fulldsp | 1       | add_46      | gemv-max-sharing/src/correlation.cpp:145 |
|         bind_op hadd                                       |      |      |     |      |      |     |        | fulldsp | 1       | add_47      | gemv-max-sharing/src/correlation.cpp:145 |
|         bind_op hadd                                       |      |      |     |      |      |     |        | fulldsp | 1       | add_48      | gemv-max-sharing/src/correlation.cpp:145 |
|         bind_op hadd                                       |      |      |     |      |      |     |        | fulldsp | 1       | add_49      | gemv-max-sharing/src/correlation.cpp:145 |
|         bind_op hadd                                       |      |      |     |      |      |     |        | fulldsp | 1       | add_50      | gemv-max-sharing/src/correlation.cpp:145 |
|         bind_op hadd                                       |      |      |     |      |      |     |        | fulldsp | 1       | add_51      | gemv-max-sharing/src/correlation.cpp:145 |
|         bind_op hadd                                       |      |      |     |      |      |     |        | fulldsp | 1       | add_52      | gemv-max-sharing/src/correlation.cpp:145 |
|         bind_op hadd                                       |      |      |     |      |      |     |        | fulldsp | 1       | add_53      | gemv-max-sharing/src/correlation.cpp:145 |
|         bind_op hadd                                       |      |      |     |      |      |     |        | fulldsp | 1       | add_54      | gemv-max-sharing/src/correlation.cpp:145 |
|         bind_op hadd                                       |      |      |     |      |      |     |        | fulldsp | 1       | add_55      | gemv-max-sharing/src/correlation.cpp:145 |
|         bind_op hadd                                       |      |      |     |      |      |     |        | fulldsp | 1       | add_56      | gemv-max-sharing/src/correlation.cpp:145 |
|         bind_op hadd                                       |      |      |     |      |      |     |        | fulldsp | 1       | add_57      | gemv-max-sharing/src/correlation.cpp:145 |
|         bind_op hadd                                       |      |      |     |      |      |     |        | fulldsp | 1       | add_58      | gemv-max-sharing/src/correlation.cpp:145 |
|         bind_op hadd                                       |      |      |     |      |      |     |        | fulldsp | 1       | add_59      | gemv-max-sharing/src/correlation.cpp:145 |
|         bind_op hadd                                       |      |      |     |      |      |     |        | fulldsp | 1       | add_60      | gemv-max-sharing/src/correlation.cpp:145 |
|         bind_op hadd                                       |      |      |     |      |      |     |        | fulldsp | 1       | add_61      | gemv-max-sharing/src/correlation.cpp:145 |
|         bind_op hadd                                       |      |      |     |      |      |     |        | fulldsp | 1       | add_62      | gemv-max-sharing/src/correlation.cpp:145 |
|     hmul_16ns_16ns_16_2_max_dsp_1_U56                      | 34   | 32   | 2   |      |      |     |        |         |         |             |                                          |
|       (hmul_16ns_16ns_16_2_max_dsp_1_U56)                  |      | 32   |     |      |      |     |        |         |         |             |                                          |
|   grp_recv_data_burst_fu_185                               | 106  | 178  |     |      |      |     |        |         |         |             |                                          |
|     (grp_recv_data_burst_fu_185)                           | 33   | 10   |     |      |      |     |        |         |         |             |                                          |
|     grp_recv_data_burst_Pipeline_VITIS_LOOP_40_1_fu_87     | 73   | 168  |     |      |      |     |        |         |         |             |                                          |
|       (grp_recv_data_burst_Pipeline_VITIS_LOOP_40_1_fu_87) | 41   | 166  |     |      |      |     |        |         |         |             |                                          |
|       flow_control_loop_pipe_sequential_init_U             | 32   | 2    |     |      |      |     |        |         |         |             |                                          |
|   grp_send_data_burst_fu_220                               | 216  | 184  |     |      |      |     |        |         |         |             |                                          |
|     (grp_send_data_burst_fu_220)                           | 6    | 9    |     |      |      |     |        |         |         |             |                                          |
|     grp_send_data_burst_Pipeline_VITIS_LOOP_85_1_fu_90     | 210  | 175  |     |      |      |     |        |         |         |             |                                          |
|       (grp_send_data_burst_Pipeline_VITIS_LOOP_85_1_fu_90) | 205  | 173  |     |      |      |     |        |         |         |             |                                          |
|       flow_control_loop_pipe_sequential_init_U             | 6    | 2    |     |      |      |     |        |         |         |             |                                          |
|   reg_file_10_U                                            |      |      |     | 2    |      |     |        |         |         |             |                                          |
|     bind_storage ram_t2p                                   |      |      |     |      |      |     | yes    | bram    | 1       | reg_file_10 | gemv-max-sharing/src/correlation.cpp:162 |
|   reg_file_11_U                                            |      |      |     | 2    |      |     |        |         |         |             |                                          |
|     bind_storage ram_t2p                                   |      |      |     |      |      |     | yes    | bram    | 1       | reg_file_11 | gemv-max-sharing/src/correlation.cpp:162 |
|   reg_file_12_U                                            |      |      |     | 2    |      |     |        |         |         |             |                                          |
|     bind_storage ram_t2p                                   |      |      |     |      |      |     | yes    | bram    | 1       | reg_file_12 | gemv-max-sharing/src/correlation.cpp:162 |
|   reg_file_13_U                                            |      |      |     | 2    |      |     |        |         |         |             |                                          |
|     bind_storage ram_t2p                                   |      |      |     |      |      |     | yes    | bram    | 1       | reg_file_13 | gemv-max-sharing/src/correlation.cpp:162 |
|   reg_file_14_U                                            | 24   |      |     | 2    |      |     |        |         |         |             |                                          |
|     bind_storage ram_t2p                                   |      |      |     |      |      |     | yes    | bram    | 1       | reg_file_14 | gemv-max-sharing/src/correlation.cpp:162 |
|   reg_file_15_U                                            | 16   |      |     | 2    |      |     |        |         |         |             |                                          |
|     bind_storage ram_t2p                                   |      |      |     |      |      |     | yes    | bram    | 1       | reg_file_15 | gemv-max-sharing/src/correlation.cpp:162 |
|   reg_file_1_U                                             |      |      |     | 2    |      |     |        |         |         |             |                                          |
|     bind_storage ram_t2p                                   |      |      |     |      |      |     | yes    | bram    | 1       | reg_file_1  | gemv-max-sharing/src/correlation.cpp:162 |
|   reg_file_2_U                                             | 1    |      |     | 2    |      |     |        |         |         |             |                                          |
|     bind_storage ram_t2p                                   |      |      |     |      |      |     | yes    | bram    | 1       | reg_file_2  | gemv-max-sharing/src/correlation.cpp:162 |
|   reg_file_3_U                                             |      |      |     | 2    |      |     |        |         |         |             |                                          |
|     bind_storage ram_t2p                                   |      |      |     |      |      |     | yes    | bram    | 1       | reg_file_3  | gemv-max-sharing/src/correlation.cpp:162 |
|   reg_file_4_U                                             |      |      |     | 2    |      |     |        |         |         |             |                                          |
|     bind_storage ram_t2p                                   |      |      |     |      |      |     | yes    | bram    | 1       | reg_file_4  | gemv-max-sharing/src/correlation.cpp:162 |
|   reg_file_5_U                                             | 16   |      |     | 2    |      |     |        |         |         |             |                                          |
|     bind_storage ram_t2p                                   |      |      |     |      |      |     | yes    | bram    | 1       | reg_file_5  | gemv-max-sharing/src/correlation.cpp:162 |
|   reg_file_6_U                                             |      |      |     | 2    |      |     |        |         |         |             |                                          |
|     bind_storage ram_t2p                                   |      |      |     |      |      |     | yes    | bram    | 1       | reg_file_6  | gemv-max-sharing/src/correlation.cpp:162 |
|   reg_file_7_U                                             |      |      |     | 2    |      |     |        |         |         |             |                                          |
|     bind_storage ram_t2p                                   |      |      |     |      |      |     | yes    | bram    | 1       | reg_file_7  | gemv-max-sharing/src/correlation.cpp:162 |
|   reg_file_8_U                                             |      |      |     | 2    |      |     |        |         |         |             |                                          |
|     bind_storage ram_t2p                                   |      |      |     |      |      |     | yes    | bram    | 1       | reg_file_8  | gemv-max-sharing/src/correlation.cpp:162 |
|   reg_file_9_U                                             |      |      |     | 2    |      |     |        |         |         |             |                                          |
|     bind_storage ram_t2p                                   |      |      |     |      |      |     | yes    | bram    | 1       | reg_file_9  | gemv-max-sharing/src/correlation.cpp:162 |
|   reg_file_U                                               |      |      |     | 2    |      |     |        |         |         |             |                                          |
|     bind_storage ram_t2p                                   |      |      |     |      |      |     | yes    | bram    | 1       | reg_file    | gemv-max-sharing/src/correlation.cpp:162 |
+------------------------------------------------------------+------+------+-----+------+------+-----+--------+---------+---------+-------------+------------------------------------------+


================================================================
== Place & Route Fail Fast
================================================================
+-----------------------------------------------------------+-----------+--------+--------+
| Criteria                                                  | Guideline | Actual | Status |
+-----------------------------------------------------------+-----------+--------+--------+
| LUT                                                       | 70%       | 1.39%  | OK     |
| FD                                                        | 50%       | 1.00%  | OK     |
| LUTRAM+SRL                                                | 25%       | 0.14%  | OK     |
| CARRY8                                                    | 25%       | 0.38%  | OK     |
| MUXF7                                                     | 15%       | 0.06%  | OK     |
| DSP                                                       | 80%       | 0.23%  | OK     |
| RAMB/FIFO                                                 | 80%       | 5.77%  | OK     |
| URAM                                                      | 80%       | 0.00%  | OK     |
| DSP+RAMB+URAM (Avg)                                       | 70%       | 3.00%  | OK     |
| BUFGCE* + BUFGCTRL                                        | 24        | 0      | OK     |
| DONT_TOUCH (cells/nets)                                   | 0         | 0      | OK     |
| MARK_DEBUG (nets)                                         | 0         | 0      | OK     |
| Control Sets                                              | 4320      | 161    | OK     |
| Average Fanout for modules > 100k cells                   | 4         | 0      | OK     |
| Non-FD high fanout nets > 10k loads                       | 0         | 0      | OK     |
+-----------------------------------------------------------+-----------+--------+--------+
| TIMING-6 (No common primary clock between related clocks) | 0         | 0      | OK     |
| TIMING-7 (No common node between related clocks)          | 0         | 0      | OK     |
| TIMING-8 (No common period between related clocks)        | 0         | 0      | OK     |
| TIMING-14 (LUT on the clock tree)                         | 0         | 0      | OK     |
| TIMING-35 (No common node in paths with the same clock)   | 0         | 0      | OK     |
+-----------------------------------------------------------+-----------+--------+--------+
| Number of paths above max LUT budgeting (0.300ns)         | 0         | 0      | OK     |
| Number of paths above max Net budgeting (0.208ns)         | 0         | 0      | OK     |
+-----------------------------------------------------------+-----------+--------+--------+


================================================================
== Place & Route Timing Paths
================================================================
* Timing was met
+-------+-------+----------------------------------------------------------------------------------------------------------------------+------------------------------------------+--------------+------------+----------------+----------------+--------------+
| Path  | SLACK | STARTPOINT PIN                                                                                                       | ENDPOINT PIN                             | LOGIC LEVELS | MAX FANOUT | DATAPATH DELAY | DATAPATH LOGIC | DATAPATH NET |
|       |       |                                                                                                                      |                                          |              |            |                |          DELAY |        DELAY |
+-------+-------+----------------------------------------------------------------------------------------------------------------------+------------------------------------------+--------------+------------+----------------+----------------+--------------+
| Path1 | 1.770 | grp_compute_fu_208/grp_compute_Pipeline_VITIS_LOOP_139_2_fu_68/hadd_16ns_16ns_16_2_full_dsp_1_U43/din0_buf1_reg[8]/C | reg_file_15_U/ram_reg_bram_0/DINBDIN[7]  |           21 |         14 |          7.926 |          4.844 |        3.082 |
| Path2 | 1.827 | grp_compute_fu_208/grp_compute_Pipeline_VITIS_LOOP_139_2_fu_68/hadd_16ns_16ns_16_2_full_dsp_1_U43/din0_buf1_reg[8]/C | reg_file_15_U/ram_reg_bram_0/DINBDIN[14] |           22 |         14 |          7.880 |          4.268 |        3.612 |
| Path3 | 1.859 | grp_compute_fu_208/grp_compute_Pipeline_VITIS_LOOP_139_2_fu_68/hadd_16ns_16ns_16_2_full_dsp_1_U43/din0_buf1_reg[8]/C | reg_file_15_U/ram_reg_bram_0/DINBDIN[8]  |           21 |         14 |          7.879 |          4.790 |        3.089 |
| Path4 | 1.874 | grp_compute_fu_208/grp_compute_Pipeline_VITIS_LOOP_139_2_fu_68/hadd_16ns_16ns_16_2_full_dsp_1_U43/din0_buf1_reg[8]/C | reg_file_14_U/ram_reg_bram_0/DINBDIN[14] |           22 |         14 |          7.832 |          4.326 |        3.506 |
| Path5 | 1.879 | grp_compute_fu_208/grp_compute_Pipeline_VITIS_LOOP_139_2_fu_68/hadd_16ns_16ns_16_2_full_dsp_1_U43/din0_buf1_reg[8]/C | reg_file_15_U/ram_reg_bram_0/DINBDIN[2]  |           21 |         14 |          7.834 |          4.667 |        3.167 |
+-------+-------+----------------------------------------------------------------------------------------------------------------------+------------------------------------------+--------------+------------+----------------+----------------+--------------+

    +-------------------------------------------------------------------------------------------------------------------------------------------------------------------------+------------------------+
    | Path1 Cells                                                                                                                                                             | Primitive Type         |
    +-------------------------------------------------------------------------------------------------------------------------------------------------------------------------+------------------------+
    | grp_compute_fu_208/grp_compute_Pipeline_VITIS_LOOP_139_2_fu_68/hadd_16ns_16ns_16_2_full_dsp_1_U43/din0_buf1_reg[8]                                                      | REGISTER.SDR.FDRE      |
    | i_synth/ADDSUB_OP.ADDSUB/DSP.OP/DSP48E1_BODY_HP.EXP/NUMB_CMP/NOT_FAST.CMP/lut_op0_inferred__3/i_                                                                        | CLB.LUT.LUT4           |
    | i_synth/ADDSUB_OP.ADDSUB/DSP.OP/DSP48E1_BODY_HP.EXP/NUMB_CMP/NOT_FAST.CMP/C_CHAIN/CHAIN_GEN[0].C_MUX.CARRY_MUX_CARRY4_CARRY8                                            | CLB.CARRY.CARRY8       |
    | i_synth/ADDSUB_OP.ADDSUB/DSP.OP/DSP48E1_BODY_HP.ALIGN_ADD/DSP2/i_no_versal_es1_workaround.DSP/DSP_PREADD_DATA_INST                                                      | ARITHMETIC.DSP.DSP48E2 |
    | i_synth/ADDSUB_OP.ADDSUB/DSP.OP/DSP48E1_BODY_HP.ALIGN_ADD/DSP2/i_no_versal_es1_workaround.DSP/DSP_PREADD_INST                                                           | ARITHMETIC.DSP.DSP48E2 |
    | i_synth/ADDSUB_OP.ADDSUB/DSP.OP/DSP48E1_BODY_HP.ALIGN_ADD/DSP2/i_no_versal_es1_workaround.DSP/DSP_MULTIPLIER_INST                                                       | ARITHMETIC.DSP.DSP48E2 |
    | i_synth/ADDSUB_OP.ADDSUB/DSP.OP/DSP48E1_BODY_HP.ALIGN_ADD/DSP2/i_no_versal_es1_workaround.DSP/DSP_M_DATA_INST                                                           | ARITHMETIC.DSP.DSP48E2 |
    | i_synth/ADDSUB_OP.ADDSUB/DSP.OP/DSP48E1_BODY_HP.ALIGN_ADD/DSP2/i_no_versal_es1_workaround.DSP/DSP_ALU_INST                                                              | ARITHMETIC.DSP.DSP48E2 |
    | i_synth/ADDSUB_OP.ADDSUB/DSP.OP/DSP48E1_BODY_HP.ALIGN_ADD/DSP2/i_no_versal_es1_workaround.DSP/DSP_OUTPUT_INST                                                           | ARITHMETIC.DSP.DSP48E2 |
    | i_synth/ADDSUB_OP.ADDSUB/DSP.OP/DSP48E1_BODY_HP.NORM_RND/FULL_USAGE_DSP.LOD/DIST_ENC[0].i_det_lut1                                                                      | CLB.LUT.LUT4           |
    | i_synth/ADDSUB_OP.ADDSUB/DSP.OP/DSP48E1_BODY_HP.NORM_RND/FULL_USAGE_DSP.LOD/DET_GEN[0].CARRY_MUX_CARRY4_CARRY8                                                          | CLB.CARRY.CARRY8       |
    | i_synth/ADDSUB_OP.ADDSUB/DSP.OP/DSP48E1_BODY_HP.NORM_RND/FULL_USAGE_DSP.LOD/i_no_versal_es1_workaround.DSP_i_6                                                          | CLB.LUT.LUT4           |
    | i_synth/ADDSUB_OP.ADDSUB/DSP.OP/DSP48E1_BODY_HP.NORM_RND/FULL_USAGE_DSP.SHIFT_RND/i_no_versal_es1_workaround.DSP/DSP_A_B_DATA_INST                                      | ARITHMETIC.DSP.DSP48E2 |
    | i_synth/ADDSUB_OP.ADDSUB/DSP.OP/DSP48E1_BODY_HP.NORM_RND/FULL_USAGE_DSP.SHIFT_RND/i_no_versal_es1_workaround.DSP/DSP_PREADD_DATA_INST                                   | ARITHMETIC.DSP.DSP48E2 |
    | i_synth/ADDSUB_OP.ADDSUB/DSP.OP/DSP48E1_BODY_HP.NORM_RND/FULL_USAGE_DSP.SHIFT_RND/i_no_versal_es1_workaround.DSP/DSP_MULTIPLIER_INST                                    | ARITHMETIC.DSP.DSP48E2 |
    | i_synth/ADDSUB_OP.ADDSUB/DSP.OP/DSP48E1_BODY_HP.NORM_RND/FULL_USAGE_DSP.SHIFT_RND/i_no_versal_es1_workaround.DSP/DSP_M_DATA_INST                                        | ARITHMETIC.DSP.DSP48E2 |
    | i_synth/ADDSUB_OP.ADDSUB/DSP.OP/DSP48E1_BODY_HP.NORM_RND/FULL_USAGE_DSP.SHIFT_RND/i_no_versal_es1_workaround.DSP/DSP_ALU_INST                                           | ARITHMETIC.DSP.DSP48E2 |
    | i_synth/ADDSUB_OP.ADDSUB/DSP.OP/DSP48E1_BODY_HP.NORM_RND/FULL_USAGE_DSP.SHIFT_RND/i_no_versal_es1_workaround.DSP/DSP_OUTPUT_INST                                        | ARITHMETIC.DSP.DSP48E2 |
    | i_synth/ADDSUB_OP.ADDSUB/DSP.OP/DSP48E1_BODY_HP.EXP/NOT_LOW_LATENCY_NORM_DIST.STRUCT_ADD/mant_op_inferred_i_3                                                           | CLB.LUT.LUT6           |
    | grp_compute_fu_208/grp_compute_Pipeline_VITIS_LOOP_139_2_fu_68/hadd_16ns_16ns_16_2_full_dsp_1_U43/corr_accel_hadd_16ns_16ns_16_2_full_dsp_1_ip_u/ram_reg_bram_0_i_83__1 | CLB.LUT.LUT5           |
    | grp_compute_fu_208/grp_compute_Pipeline_VITIS_LOOP_139_2_fu_68/hadd_16ns_16ns_16_2_full_dsp_1_U43/corr_accel_hadd_16ns_16ns_16_2_full_dsp_1_ip_u/ram_reg_bram_0_i_37__1 | CLB.LUT.LUT3           |
    | reg_file_15_U/ram_reg_bram_0                                                                                                                                            | BLOCKRAM.BRAM.RAMB36E2 |
    +-------------------------------------------------------------------------------------------------------------------------------------------------------------------------+------------------------+

    +-------------------------------------------------------------------------------------------------------------------------------------------------------------------------+------------------------+
    | Path2 Cells                                                                                                                                                             | Primitive Type         |
    +-------------------------------------------------------------------------------------------------------------------------------------------------------------------------+------------------------+
    | grp_compute_fu_208/grp_compute_Pipeline_VITIS_LOOP_139_2_fu_68/hadd_16ns_16ns_16_2_full_dsp_1_U43/din0_buf1_reg[8]                                                      | REGISTER.SDR.FDRE      |
    | i_synth/ADDSUB_OP.ADDSUB/DSP.OP/DSP48E1_BODY_HP.EXP/NUMB_CMP/NOT_FAST.CMP/lut_op0_inferred__3/i_                                                                        | CLB.LUT.LUT4           |
    | i_synth/ADDSUB_OP.ADDSUB/DSP.OP/DSP48E1_BODY_HP.EXP/NUMB_CMP/NOT_FAST.CMP/C_CHAIN/CHAIN_GEN[0].C_MUX.CARRY_MUX_CARRY4_CARRY8                                            | CLB.CARRY.CARRY8       |
    | i_synth/ADDSUB_OP.ADDSUB/DSP.OP/DSP48E1_BODY_HP.ALIGN_ADD/DSP2/i_no_versal_es1_workaround.DSP/DSP_PREADD_DATA_INST                                                      | ARITHMETIC.DSP.DSP48E2 |
    | i_synth/ADDSUB_OP.ADDSUB/DSP.OP/DSP48E1_BODY_HP.ALIGN_ADD/DSP2/i_no_versal_es1_workaround.DSP/DSP_PREADD_INST                                                           | ARITHMETIC.DSP.DSP48E2 |
    | i_synth/ADDSUB_OP.ADDSUB/DSP.OP/DSP48E1_BODY_HP.ALIGN_ADD/DSP2/i_no_versal_es1_workaround.DSP/DSP_MULTIPLIER_INST                                                       | ARITHMETIC.DSP.DSP48E2 |
    | i_synth/ADDSUB_OP.ADDSUB/DSP.OP/DSP48E1_BODY_HP.ALIGN_ADD/DSP2/i_no_versal_es1_workaround.DSP/DSP_M_DATA_INST                                                           | ARITHMETIC.DSP.DSP48E2 |
    | i_synth/ADDSUB_OP.ADDSUB/DSP.OP/DSP48E1_BODY_HP.ALIGN_ADD/DSP2/i_no_versal_es1_workaround.DSP/DSP_ALU_INST                                                              | ARITHMETIC.DSP.DSP48E2 |
    | i_synth/ADDSUB_OP.ADDSUB/DSP.OP/DSP48E1_BODY_HP.ALIGN_ADD/DSP2/i_no_versal_es1_workaround.DSP/DSP_OUTPUT_INST                                                           | ARITHMETIC.DSP.DSP48E2 |
    | i_synth/ADDSUB_OP.ADDSUB/DSP.OP/DSP48E1_BODY_HP.NORM_RND/FULL_USAGE_DSP.LOD/DIST_ENC[0].i_det_lut1                                                                      | CLB.LUT.LUT4           |
    | i_synth/ADDSUB_OP.ADDSUB/DSP.OP/DSP48E1_BODY_HP.NORM_RND/FULL_USAGE_DSP.LOD/DET_GEN[0].CARRY_MUX_CARRY4_CARRY8                                                          | CLB.CARRY.CARRY8       |
    | i_synth/ADDSUB_OP.ADDSUB/DSP.OP/DSP48E1_BODY_HP.NORM_RND/FULL_USAGE_DSP.LOD/gen_lut_pairs[2].lutpairmode1.lutXo6_i_1                                                    | CLB.LUT.LUT3           |
    | i_synth/ADDSUB_OP.ADDSUB/DSP.OP/DSP48E1_BODY_HP.NORM_RND/FULL_USAGE_DSP.LOD/LSBaddmode1.lut0o6_i_1                                                                      | CLB.LUT.LUT6           |
    | i_synth/ADDSUB_OP.ADDSUB/DSP.OP/DSP48E1_BODY_HP.EXP/NOT_LOW_LATENCY_NORM_DIST.STRUCT_ADD/LSBaddmode1.lut0o6/LUT5                                                        | CLB.LUT.LUT5           |
    | i_synth/ADDSUB_OP.ADDSUB/DSP.OP/DSP48E1_BODY_HP.EXP/NOT_LOW_LATENCY_NORM_DIST.STRUCT_ADD/gen_lut_pairs[1].lutpairmode1.lutXo6/LUT6                                      | CLB.LUT.LUT6           |
    | i_synth/ADDSUB_OP.ADDSUB/DSP.OP/DSP48E1_BODY_HP.EXP/NOT_LOW_LATENCY_NORM_DIST.STRUCT_ADD/gen_carry4s[0].gen_carry4.y0.mcy00_CARRY4_CARRY8                               | CLB.CARRY.CARRY8       |
    | i_synth/ADDSUB_OP.ADDSUB/DSP.OP/DSP48E1_BODY_HP.NORM_RND/FULL_USAGE_DSP.SHIFT_RND/i_no_versal_es1_workaround.DSP/DSP_C_DATA_INST                                        | ARITHMETIC.DSP.DSP48E2 |
    | i_synth/ADDSUB_OP.ADDSUB/DSP.OP/DSP48E1_BODY_HP.NORM_RND/FULL_USAGE_DSP.SHIFT_RND/i_no_versal_es1_workaround.DSP/DSP_ALU_INST                                           | ARITHMETIC.DSP.DSP48E2 |
    | i_synth/ADDSUB_OP.ADDSUB/DSP.OP/DSP48E1_BODY_HP.NORM_RND/FULL_USAGE_DSP.SHIFT_RND/i_no_versal_es1_workaround.DSP/DSP_OUTPUT_INST                                        | ARITHMETIC.DSP.DSP48E2 |
    | i_synth/ADDSUB_OP.ADDSUB/DSP.OP/DSP48E1_BODY_HP.NORM_RND/FULL_USAGE_DSP.LOD/m_axis_result_tdata[14]_INST_0                                                              | CLB.LUT.LUT6           |
    | grp_compute_fu_208/grp_compute_Pipeline_VITIS_LOOP_139_2_fu_68/hadd_16ns_16ns_16_2_full_dsp_1_U43/corr_accel_hadd_16ns_16ns_16_2_full_dsp_1_ip_u/ram_reg_bram_0_i_76__0 | CLB.LUT.LUT5           |
    | grp_compute_fu_208/grp_compute_Pipeline_VITIS_LOOP_139_2_fu_68/hadd_16ns_16ns_16_2_full_dsp_1_U43/corr_accel_hadd_16ns_16ns_16_2_full_dsp_1_ip_u/ram_reg_bram_0_i_30__1 | CLB.LUT.LUT3           |
    | reg_file_15_U/ram_reg_bram_0                                                                                                                                            | BLOCKRAM.BRAM.RAMB36E2 |
    +-------------------------------------------------------------------------------------------------------------------------------------------------------------------------+------------------------+

    +-------------------------------------------------------------------------------------------------------------------------------------------------------------------------+------------------------+
    | Path3 Cells                                                                                                                                                             | Primitive Type         |
    +-------------------------------------------------------------------------------------------------------------------------------------------------------------------------+------------------------+
    | grp_compute_fu_208/grp_compute_Pipeline_VITIS_LOOP_139_2_fu_68/hadd_16ns_16ns_16_2_full_dsp_1_U43/din0_buf1_reg[8]                                                      | REGISTER.SDR.FDRE      |
    | i_synth/ADDSUB_OP.ADDSUB/DSP.OP/DSP48E1_BODY_HP.EXP/NUMB_CMP/NOT_FAST.CMP/lut_op0_inferred__3/i_                                                                        | CLB.LUT.LUT4           |
    | i_synth/ADDSUB_OP.ADDSUB/DSP.OP/DSP48E1_BODY_HP.EXP/NUMB_CMP/NOT_FAST.CMP/C_CHAIN/CHAIN_GEN[0].C_MUX.CARRY_MUX_CARRY4_CARRY8                                            | CLB.CARRY.CARRY8       |
    | i_synth/ADDSUB_OP.ADDSUB/DSP.OP/DSP48E1_BODY_HP.ALIGN_ADD/DSP2/i_no_versal_es1_workaround.DSP/DSP_PREADD_DATA_INST                                                      | ARITHMETIC.DSP.DSP48E2 |
    | i_synth/ADDSUB_OP.ADDSUB/DSP.OP/DSP48E1_BODY_HP.ALIGN_ADD/DSP2/i_no_versal_es1_workaround.DSP/DSP_PREADD_INST                                                           | ARITHMETIC.DSP.DSP48E2 |
    | i_synth/ADDSUB_OP.ADDSUB/DSP.OP/DSP48E1_BODY_HP.ALIGN_ADD/DSP2/i_no_versal_es1_workaround.DSP/DSP_MULTIPLIER_INST                                                       | ARITHMETIC.DSP.DSP48E2 |
    | i_synth/ADDSUB_OP.ADDSUB/DSP.OP/DSP48E1_BODY_HP.ALIGN_ADD/DSP2/i_no_versal_es1_workaround.DSP/DSP_M_DATA_INST                                                           | ARITHMETIC.DSP.DSP48E2 |
    | i_synth/ADDSUB_OP.ADDSUB/DSP.OP/DSP48E1_BODY_HP.ALIGN_ADD/DSP2/i_no_versal_es1_workaround.DSP/DSP_ALU_INST                                                              | ARITHMETIC.DSP.DSP48E2 |
    | i_synth/ADDSUB_OP.ADDSUB/DSP.OP/DSP48E1_BODY_HP.ALIGN_ADD/DSP2/i_no_versal_es1_workaround.DSP/DSP_OUTPUT_INST                                                           | ARITHMETIC.DSP.DSP48E2 |
    | i_synth/ADDSUB_OP.ADDSUB/DSP.OP/DSP48E1_BODY_HP.NORM_RND/FULL_USAGE_DSP.LOD/DIST_ENC[0].i_det_lut1                                                                      | CLB.LUT.LUT4           |
    | i_synth/ADDSUB_OP.ADDSUB/DSP.OP/DSP48E1_BODY_HP.NORM_RND/FULL_USAGE_DSP.LOD/DET_GEN[0].CARRY_MUX_CARRY4_CARRY8                                                          | CLB.CARRY.CARRY8       |
    | i_synth/ADDSUB_OP.ADDSUB/DSP.OP/DSP48E1_BODY_HP.NORM_RND/FULL_USAGE_DSP.LOD/i_no_versal_es1_workaround.DSP_i_6                                                          | CLB.LUT.LUT4           |
    | i_synth/ADDSUB_OP.ADDSUB/DSP.OP/DSP48E1_BODY_HP.NORM_RND/FULL_USAGE_DSP.SHIFT_RND/i_no_versal_es1_workaround.DSP/DSP_A_B_DATA_INST                                      | ARITHMETIC.DSP.DSP48E2 |
    | i_synth/ADDSUB_OP.ADDSUB/DSP.OP/DSP48E1_BODY_HP.NORM_RND/FULL_USAGE_DSP.SHIFT_RND/i_no_versal_es1_workaround.DSP/DSP_PREADD_DATA_INST                                   | ARITHMETIC.DSP.DSP48E2 |
    | i_synth/ADDSUB_OP.ADDSUB/DSP.OP/DSP48E1_BODY_HP.NORM_RND/FULL_USAGE_DSP.SHIFT_RND/i_no_versal_es1_workaround.DSP/DSP_MULTIPLIER_INST                                    | ARITHMETIC.DSP.DSP48E2 |
    | i_synth/ADDSUB_OP.ADDSUB/DSP.OP/DSP48E1_BODY_HP.NORM_RND/FULL_USAGE_DSP.SHIFT_RND/i_no_versal_es1_workaround.DSP/DSP_M_DATA_INST                                        | ARITHMETIC.DSP.DSP48E2 |
    | i_synth/ADDSUB_OP.ADDSUB/DSP.OP/DSP48E1_BODY_HP.NORM_RND/FULL_USAGE_DSP.SHIFT_RND/i_no_versal_es1_workaround.DSP/DSP_ALU_INST                                           | ARITHMETIC.DSP.DSP48E2 |
    | i_synth/ADDSUB_OP.ADDSUB/DSP.OP/DSP48E1_BODY_HP.NORM_RND/FULL_USAGE_DSP.SHIFT_RND/i_no_versal_es1_workaround.DSP/DSP_OUTPUT_INST                                        | ARITHMETIC.DSP.DSP48E2 |
    | i_synth/ADDSUB_OP.ADDSUB/DSP.OP/DSP48E1_BODY_HP.EXP/NOT_LOW_LATENCY_NORM_DIST.STRUCT_ADD/mant_op_inferred_i_2                                                           | CLB.LUT.LUT6           |
    | grp_compute_fu_208/grp_compute_Pipeline_VITIS_LOOP_139_2_fu_68/hadd_16ns_16ns_16_2_full_dsp_1_U43/corr_accel_hadd_16ns_16ns_16_2_full_dsp_1_ip_u/ram_reg_bram_0_i_82__1 | CLB.LUT.LUT5           |
    | grp_compute_fu_208/grp_compute_Pipeline_VITIS_LOOP_139_2_fu_68/hadd_16ns_16ns_16_2_full_dsp_1_U43/corr_accel_hadd_16ns_16ns_16_2_full_dsp_1_ip_u/ram_reg_bram_0_i_36__1 | CLB.LUT.LUT3           |
    | reg_file_15_U/ram_reg_bram_0                                                                                                                                            | BLOCKRAM.BRAM.RAMB36E2 |
    +-------------------------------------------------------------------------------------------------------------------------------------------------------------------------+------------------------+

    +-------------------------------------------------------------------------------------------------------------------------------------------------------------------------+------------------------+
    | Path4 Cells                                                                                                                                                             | Primitive Type         |
    +-------------------------------------------------------------------------------------------------------------------------------------------------------------------------+------------------------+
    | grp_compute_fu_208/grp_compute_Pipeline_VITIS_LOOP_139_2_fu_68/hadd_16ns_16ns_16_2_full_dsp_1_U43/din0_buf1_reg[8]                                                      | REGISTER.SDR.FDRE      |
    | i_synth/ADDSUB_OP.ADDSUB/DSP.OP/DSP48E1_BODY_HP.EXP/NUMB_CMP/NOT_FAST.CMP/lut_op0_inferred__3/i_                                                                        | CLB.LUT.LUT4           |
    | i_synth/ADDSUB_OP.ADDSUB/DSP.OP/DSP48E1_BODY_HP.EXP/NUMB_CMP/NOT_FAST.CMP/C_CHAIN/CHAIN_GEN[0].C_MUX.CARRY_MUX_CARRY4_CARRY8                                            | CLB.CARRY.CARRY8       |
    | i_synth/ADDSUB_OP.ADDSUB/DSP.OP/DSP48E1_BODY_HP.ALIGN_ADD/DSP2/i_no_versal_es1_workaround.DSP/DSP_PREADD_DATA_INST                                                      | ARITHMETIC.DSP.DSP48E2 |
    | i_synth/ADDSUB_OP.ADDSUB/DSP.OP/DSP48E1_BODY_HP.ALIGN_ADD/DSP2/i_no_versal_es1_workaround.DSP/DSP_PREADD_INST                                                           | ARITHMETIC.DSP.DSP48E2 |
    | i_synth/ADDSUB_OP.ADDSUB/DSP.OP/DSP48E1_BODY_HP.ALIGN_ADD/DSP2/i_no_versal_es1_workaround.DSP/DSP_MULTIPLIER_INST                                                       | ARITHMETIC.DSP.DSP48E2 |
    | i_synth/ADDSUB_OP.ADDSUB/DSP.OP/DSP48E1_BODY_HP.ALIGN_ADD/DSP2/i_no_versal_es1_workaround.DSP/DSP_M_DATA_INST                                                           | ARITHMETIC.DSP.DSP48E2 |
    | i_synth/ADDSUB_OP.ADDSUB/DSP.OP/DSP48E1_BODY_HP.ALIGN_ADD/DSP2/i_no_versal_es1_workaround.DSP/DSP_ALU_INST                                                              | ARITHMETIC.DSP.DSP48E2 |
    | i_synth/ADDSUB_OP.ADDSUB/DSP.OP/DSP48E1_BODY_HP.ALIGN_ADD/DSP2/i_no_versal_es1_workaround.DSP/DSP_OUTPUT_INST                                                           | ARITHMETIC.DSP.DSP48E2 |
    | i_synth/ADDSUB_OP.ADDSUB/DSP.OP/DSP48E1_BODY_HP.NORM_RND/FULL_USAGE_DSP.LOD/DIST_ENC[0].i_det_lut1                                                                      | CLB.LUT.LUT4           |
    | i_synth/ADDSUB_OP.ADDSUB/DSP.OP/DSP48E1_BODY_HP.NORM_RND/FULL_USAGE_DSP.LOD/DET_GEN[0].CARRY_MUX_CARRY4_CARRY8                                                          | CLB.CARRY.CARRY8       |
    | i_synth/ADDSUB_OP.ADDSUB/DSP.OP/DSP48E1_BODY_HP.NORM_RND/FULL_USAGE_DSP.LOD/gen_lut_pairs[2].lutpairmode1.lutXo6_i_1                                                    | CLB.LUT.LUT3           |
    | i_synth/ADDSUB_OP.ADDSUB/DSP.OP/DSP48E1_BODY_HP.NORM_RND/FULL_USAGE_DSP.LOD/LSBaddmode1.lut0o6_i_1                                                                      | CLB.LUT.LUT6           |
    | i_synth/ADDSUB_OP.ADDSUB/DSP.OP/DSP48E1_BODY_HP.EXP/NOT_LOW_LATENCY_NORM_DIST.STRUCT_ADD/LSBaddmode1.lut0o6/LUT5                                                        | CLB.LUT.LUT5           |
    | i_synth/ADDSUB_OP.ADDSUB/DSP.OP/DSP48E1_BODY_HP.EXP/NOT_LOW_LATENCY_NORM_DIST.STRUCT_ADD/gen_lut_pairs[1].lutpairmode1.lutXo6/LUT6                                      | CLB.LUT.LUT6           |
    | i_synth/ADDSUB_OP.ADDSUB/DSP.OP/DSP48E1_BODY_HP.EXP/NOT_LOW_LATENCY_NORM_DIST.STRUCT_ADD/gen_carry4s[0].gen_carry4.y0.mcy00_CARRY4_CARRY8                               | CLB.CARRY.CARRY8       |
    | i_synth/ADDSUB_OP.ADDSUB/DSP.OP/DSP48E1_BODY_HP.NORM_RND/FULL_USAGE_DSP.SHIFT_RND/i_no_versal_es1_workaround.DSP/DSP_C_DATA_INST                                        | ARITHMETIC.DSP.DSP48E2 |
    | i_synth/ADDSUB_OP.ADDSUB/DSP.OP/DSP48E1_BODY_HP.NORM_RND/FULL_USAGE_DSP.SHIFT_RND/i_no_versal_es1_workaround.DSP/DSP_ALU_INST                                           | ARITHMETIC.DSP.DSP48E2 |
    | i_synth/ADDSUB_OP.ADDSUB/DSP.OP/DSP48E1_BODY_HP.NORM_RND/FULL_USAGE_DSP.SHIFT_RND/i_no_versal_es1_workaround.DSP/DSP_OUTPUT_INST                                        | ARITHMETIC.DSP.DSP48E2 |
    | i_synth/ADDSUB_OP.ADDSUB/DSP.OP/DSP48E1_BODY_HP.NORM_RND/FULL_USAGE_DSP.LOD/m_axis_result_tdata[14]_INST_0                                                              | CLB.LUT.LUT6           |
    | grp_compute_fu_208/grp_compute_Pipeline_VITIS_LOOP_139_2_fu_68/hadd_16ns_16ns_16_2_full_dsp_1_U43/corr_accel_hadd_16ns_16ns_16_2_full_dsp_1_ip_u/ram_reg_bram_0_i_84__0 | CLB.LUT.LUT5           |
    | grp_compute_fu_208/grp_compute_Pipeline_VITIS_LOOP_139_2_fu_68/hadd_16ns_16ns_16_2_full_dsp_1_U43/corr_accel_hadd_16ns_16ns_16_2_full_dsp_1_ip_u/ram_reg_bram_0_i_30__0 | CLB.LUT.LUT3           |
    | reg_file_14_U/ram_reg_bram_0                                                                                                                                            | BLOCKRAM.BRAM.RAMB36E2 |
    +-------------------------------------------------------------------------------------------------------------------------------------------------------------------------+------------------------+

    +-------------------------------------------------------------------------------------------------------------------------------------------------------------------------+------------------------+
    | Path5 Cells                                                                                                                                                             | Primitive Type         |
    +-------------------------------------------------------------------------------------------------------------------------------------------------------------------------+------------------------+
    | grp_compute_fu_208/grp_compute_Pipeline_VITIS_LOOP_139_2_fu_68/hadd_16ns_16ns_16_2_full_dsp_1_U43/din0_buf1_reg[8]                                                      | REGISTER.SDR.FDRE      |
    | i_synth/ADDSUB_OP.ADDSUB/DSP.OP/DSP48E1_BODY_HP.EXP/NUMB_CMP/NOT_FAST.CMP/lut_op0_inferred__3/i_                                                                        | CLB.LUT.LUT4           |
    | i_synth/ADDSUB_OP.ADDSUB/DSP.OP/DSP48E1_BODY_HP.EXP/NUMB_CMP/NOT_FAST.CMP/C_CHAIN/CHAIN_GEN[0].C_MUX.CARRY_MUX_CARRY4_CARRY8                                            | CLB.CARRY.CARRY8       |
    | i_synth/ADDSUB_OP.ADDSUB/DSP.OP/DSP48E1_BODY_HP.ALIGN_ADD/DSP2/i_no_versal_es1_workaround.DSP/DSP_PREADD_DATA_INST                                                      | ARITHMETIC.DSP.DSP48E2 |
    | i_synth/ADDSUB_OP.ADDSUB/DSP.OP/DSP48E1_BODY_HP.ALIGN_ADD/DSP2/i_no_versal_es1_workaround.DSP/DSP_PREADD_INST                                                           | ARITHMETIC.DSP.DSP48E2 |
    | i_synth/ADDSUB_OP.ADDSUB/DSP.OP/DSP48E1_BODY_HP.ALIGN_ADD/DSP2/i_no_versal_es1_workaround.DSP/DSP_MULTIPLIER_INST                                                       | ARITHMETIC.DSP.DSP48E2 |
    | i_synth/ADDSUB_OP.ADDSUB/DSP.OP/DSP48E1_BODY_HP.ALIGN_ADD/DSP2/i_no_versal_es1_workaround.DSP/DSP_M_DATA_INST                                                           | ARITHMETIC.DSP.DSP48E2 |
    | i_synth/ADDSUB_OP.ADDSUB/DSP.OP/DSP48E1_BODY_HP.ALIGN_ADD/DSP2/i_no_versal_es1_workaround.DSP/DSP_ALU_INST                                                              | ARITHMETIC.DSP.DSP48E2 |
    | i_synth/ADDSUB_OP.ADDSUB/DSP.OP/DSP48E1_BODY_HP.ALIGN_ADD/DSP2/i_no_versal_es1_workaround.DSP/DSP_OUTPUT_INST                                                           | ARITHMETIC.DSP.DSP48E2 |
    | i_synth/ADDSUB_OP.ADDSUB/DSP.OP/DSP48E1_BODY_HP.NORM_RND/FULL_USAGE_DSP.LOD/DIST_ENC[0].i_det_lut1                                                                      | CLB.LUT.LUT4           |
    | i_synth/ADDSUB_OP.ADDSUB/DSP.OP/DSP48E1_BODY_HP.NORM_RND/FULL_USAGE_DSP.LOD/DET_GEN[0].CARRY_MUX_CARRY4_CARRY8                                                          | CLB.CARRY.CARRY8       |
    | i_synth/ADDSUB_OP.ADDSUB/DSP.OP/DSP48E1_BODY_HP.NORM_RND/FULL_USAGE_DSP.LOD/i_no_versal_es1_workaround.DSP_i_10                                                         | CLB.LUT.LUT4           |
    | i_synth/ADDSUB_OP.ADDSUB/DSP.OP/DSP48E1_BODY_HP.NORM_RND/FULL_USAGE_DSP.SHIFT_RND/i_no_versal_es1_workaround.DSP/DSP_A_B_DATA_INST                                      | ARITHMETIC.DSP.DSP48E2 |
    | i_synth/ADDSUB_OP.ADDSUB/DSP.OP/DSP48E1_BODY_HP.NORM_RND/FULL_USAGE_DSP.SHIFT_RND/i_no_versal_es1_workaround.DSP/DSP_PREADD_DATA_INST                                   | ARITHMETIC.DSP.DSP48E2 |
    | i_synth/ADDSUB_OP.ADDSUB/DSP.OP/DSP48E1_BODY_HP.NORM_RND/FULL_USAGE_DSP.SHIFT_RND/i_no_versal_es1_workaround.DSP/DSP_MULTIPLIER_INST                                    | ARITHMETIC.DSP.DSP48E2 |
    | i_synth/ADDSUB_OP.ADDSUB/DSP.OP/DSP48E1_BODY_HP.NORM_RND/FULL_USAGE_DSP.SHIFT_RND/i_no_versal_es1_workaround.DSP/DSP_M_DATA_INST                                        | ARITHMETIC.DSP.DSP48E2 |
    | i_synth/ADDSUB_OP.ADDSUB/DSP.OP/DSP48E1_BODY_HP.NORM_RND/FULL_USAGE_DSP.SHIFT_RND/i_no_versal_es1_workaround.DSP/DSP_ALU_INST                                           | ARITHMETIC.DSP.DSP48E2 |
    | i_synth/ADDSUB_OP.ADDSUB/DSP.OP/DSP48E1_BODY_HP.NORM_RND/FULL_USAGE_DSP.SHIFT_RND/i_no_versal_es1_workaround.DSP/DSP_OUTPUT_INST                                        | ARITHMETIC.DSP.DSP48E2 |
    | i_synth/ADDSUB_OP.ADDSUB/DSP.OP/DSP48E1_BODY_HP.EXP/NOT_LOW_LATENCY_NORM_DIST.STRUCT_ADD/mant_op_inferred_i_8                                                           | CLB.LUT.LUT6           |
    | grp_compute_fu_208/grp_compute_Pipeline_VITIS_LOOP_139_2_fu_68/hadd_16ns_16ns_16_2_full_dsp_1_U43/corr_accel_hadd_16ns_16ns_16_2_full_dsp_1_ip_u/ram_reg_bram_0_i_88__1 | CLB.LUT.LUT5           |
    | grp_compute_fu_208/grp_compute_Pipeline_VITIS_LOOP_139_2_fu_68/hadd_16ns_16ns_16_2_full_dsp_1_U43/corr_accel_hadd_16ns_16ns_16_2_full_dsp_1_ip_u/ram_reg_bram_0_i_42__1 | CLB.LUT.LUT3           |
    | reg_file_15_U/ram_reg_bram_0                                                                                                                                            | BLOCKRAM.BRAM.RAMB36E2 |
    +-------------------------------------------------------------------------------------------------------------------------------------------------------------------------+------------------------+


================================================================
== Place & Route Vivado Reports
================================================================
+--------------------------+--------------------------------------------------------------------+
| Report Type              | Report Location                                                    |
+--------------------------+--------------------------------------------------------------------+
| design_analysis          | impl/verilog/report/corr_accel_design_analysis_routed.rpt          |
| failfast                 | impl/verilog/report/corr_accel_failfast_routed.rpt                 |
| status                   | impl/verilog/report/corr_accel_status_routed.rpt                   |
| timing                   | impl/verilog/report/corr_accel_timing_routed.rpt                   |
| timing_paths             | impl/verilog/report/corr_accel_timing_paths_routed.rpt             |
| utilization              | impl/verilog/report/corr_accel_utilization_routed.rpt              |
| utilization_hierarchical | impl/verilog/report/corr_accel_utilization_hierarchical_routed.rpt |
+--------------------------+--------------------------------------------------------------------+


