

================================================================
== Vitis HLS Report for 'compute'
================================================================
* Date:           Thu Jan 12 14:50:58 2023

* Version:        2022.2 (Build 3670227 on Oct 13 2022)
* Project:        asum-max-sharing
* Solution:       zcu104 (Vivado IP Flow Target)
* Product family: zynquplus
* Target device:  xczu7ev-ffvc1156-2-e


================================================================
== Performance Estimates
================================================================
+ Timing: 
    * Summary: 
    +--------+----------+----------+------------+
    |  Clock |  Target  | Estimated| Uncertainty|
    +--------+----------+----------+------------+
    |ap_clk  |  10.00 ns|  6.331 ns|     2.70 ns|
    +--------+----------+----------+------------+

+ Latency: 
    * Summary: 
    +---------+---------+----------+----------+-----+-----+---------+
    |  Latency (cycles) |  Latency (absolute) |  Interval | Pipeline|
    |   min   |   max   |    min   |    max   | min | max |   Type  |
    +---------+---------+----------+----------+-----+-----+---------+
    |       70|       70|  0.700 us|  0.700 us|   70|   70|       no|
    +---------+---------+----------+----------+-----+-----+---------+

    + Detail: 
        * Instance: 
        +---------------------------------------------+-----------------------------------+---------+---------+----------+----------+-----+-----+---------+
        |                                             |                                   |  Latency (cycles) |  Latency (absolute) |  Interval | Pipeline|
        |                   Instance                  |               Module              |   min   |   max   |    min   |    max   | min | max |   Type  |
        +---------------------------------------------+-----------------------------------+---------+---------+----------+----------+-----+-----+---------+
        |grp_compute_Pipeline_VITIS_LOOP_139_1_fu_38  |compute_Pipeline_VITIS_LOOP_139_1  |       68|       68|  0.680 us|  0.680 us|   68|   68|       no|
        +---------------------------------------------+-----------------------------------+---------+---------+----------+----------+-----+-----+---------+

        * Loop: 
        N/A



================================================================
== Utilization Estimates
================================================================
* Summary: 
+-----------------+---------+------+--------+--------+-----+
|       Name      | BRAM_18K|  DSP |   FF   |   LUT  | URAM|
+-----------------+---------+------+--------+--------+-----+
|DSP              |        -|     -|       -|       -|    -|
|Expression       |        -|     -|       -|       -|    -|
|FIFO             |        -|     -|       -|       -|    -|
|Instance         |        -|     2|     142|     203|    -|
|Memory           |        -|     -|       -|       -|    -|
|Multiplexer      |        -|     -|       -|      20|    -|
|Register         |        -|     -|       4|       -|    -|
+-----------------+---------+------+--------+--------+-----+
|Total            |        0|     2|     146|     223|    0|
+-----------------+---------+------+--------+--------+-----+
|Available        |      624|  1728|  460800|  230400|   96|
+-----------------+---------+------+--------+--------+-----+
|Utilization (%)  |        0|    ~0|      ~0|      ~0|    0|
+-----------------+---------+------+--------+--------+-----+

+ Detail: 
    * Instance: 
    +---------------------------------------------+-----------------------------------+---------+----+-----+-----+-----+
    |                   Instance                  |               Module              | BRAM_18K| DSP|  FF | LUT | URAM|
    +---------------------------------------------+-----------------------------------+---------+----+-----+-----+-----+
    |grp_compute_Pipeline_VITIS_LOOP_139_1_fu_38  |compute_Pipeline_VITIS_LOOP_139_1  |        0|   2|  142|  203|    0|
    +---------------------------------------------+-----------------------------------+---------+----+-----+-----+-----+
    |Total                                        |                                   |        0|   2|  142|  203|    0|
    +---------------------------------------------+-----------------------------------+---------+----+-----+-----+-----+

    * DSP: 
    N/A

    * Memory: 
    N/A

    * FIFO: 
    N/A

    * Expression: 
    N/A

    * Multiplexer: 
    +-----------+----+-----------+-----+-----------+
    |    Name   | LUT| Input Size| Bits| Total Bits|
    +-----------+----+-----------+-----+-----------+
    |ap_NS_fsm  |  20|          4|    1|          4|
    +-----------+----+-----------+-----+-----------+
    |Total      |  20|          4|    1|          4|
    +-----------+----+-----------+-----+-----------+

    * Register: 
    +----------------------------------------------------------+---+----+-----+-----------+
    |                           Name                           | FF| LUT| Bits| Const Bits|
    +----------------------------------------------------------+---+----+-----+-----------+
    |ap_CS_fsm                                                 |  3|   0|    3|          0|
    |grp_compute_Pipeline_VITIS_LOOP_139_1_fu_38_ap_start_reg  |  1|   0|    1|          0|
    +----------------------------------------------------------+---+----+-----+-----------+
    |Total                                                     |  4|   0|    4|          0|
    +----------------------------------------------------------+---+----+-----+-----------+



================================================================
== Interface
================================================================
* Summary: 
+-----------------------+-----+-----+------------+--------------+--------------+
|       RTL Ports       | Dir | Bits|  Protocol  | Source Object|    C Type    |
+-----------------------+-----+-----+------------+--------------+--------------+
|ap_clk                 |   in|    1|  ap_ctrl_hs|       compute|  return value|
|ap_rst                 |   in|    1|  ap_ctrl_hs|       compute|  return value|
|ap_start               |   in|    1|  ap_ctrl_hs|       compute|  return value|
|ap_done                |  out|    1|  ap_ctrl_hs|       compute|  return value|
|ap_idle                |  out|    1|  ap_ctrl_hs|       compute|  return value|
|ap_ready               |  out|    1|  ap_ctrl_hs|       compute|  return value|
|reg_file_2_0_address0  |  out|   11|   ap_memory|  reg_file_2_0|         array|
|reg_file_2_0_ce0       |  out|    1|   ap_memory|  reg_file_2_0|         array|
|reg_file_2_0_q0        |   in|   16|   ap_memory|  reg_file_2_0|         array|
|reg_file_2_1_address0  |  out|   11|   ap_memory|  reg_file_2_1|         array|
|reg_file_2_1_ce0       |  out|    1|   ap_memory|  reg_file_2_1|         array|
|reg_file_2_1_q0        |   in|   16|   ap_memory|  reg_file_2_1|         array|
|reg_file_3_0_address0  |  out|   11|   ap_memory|  reg_file_3_0|         array|
|reg_file_3_0_ce0       |  out|    1|   ap_memory|  reg_file_3_0|         array|
|reg_file_3_0_we0       |  out|    1|   ap_memory|  reg_file_3_0|         array|
|reg_file_3_0_d0        |  out|   16|   ap_memory|  reg_file_3_0|         array|
+-----------------------+-----+-----+------------+--------------+--------------+

============================================================
+ Verbose Summary: Synthesis Manager
============================================================
InlineROM: 1
ExposeGlobal: 0
============================================================
+ Verbose Summary: CDFG Model
============================================================
IsTopModel: 0
ResetActiveHigh: 1
IsCombinational: 2
IsDatapathOnly: 2
HasWiredReturn: 1
HasMFsm: 0
HasVarLatency: 1
IsPipeline: 0
IsRtlPipelined: 0
IsInstanceOverlapped: 0
IsDontTouch: 0
HasImplIP: 0
IsGatedGlobalClock: 0


============================================================
+ Verbose Summary: Schedule
============================================================
* Number of FSM states : 3
* Pipeline : 0
* Dataflow Pipeline: 0

* FSM state transitions: 
1 --> 2 
2 --> 3 
3 --> 

* FSM state operations: 

State 1 <SV = 0> <Delay = 0.00>
ST_1 : Operation 4 [1/1] (0.00ns)   --->   "%ret_loc = alloca i64 1"   --->   Operation 4 'alloca' 'ret_loc' <Predicate = true> <Delay = 0.00>
ST_1 : Operation 5 [2/2] (0.00ns)   --->   "%call_ln0 = call void @compute_Pipeline_VITIS_LOOP_139_1, i16 %reg_file_2_0, i16 %reg_file_2_1, i16 %ret_loc"   --->   Operation 5 'call' 'call_ln0' <Predicate = true> <Delay = 0.00> <CoreType = "Generic">   --->   Core 0 '' <Latency = 0> <II = 1> <Delay = 1.00> <Generic> <Opcode : >

State 2 <SV = 1> <Delay = 0.00>
ST_2 : Operation 6 [1/2] (0.00ns)   --->   "%call_ln0 = call void @compute_Pipeline_VITIS_LOOP_139_1, i16 %reg_file_2_0, i16 %reg_file_2_1, i16 %ret_loc"   --->   Operation 6 'call' 'call_ln0' <Predicate = true> <Delay = 0.00> <CoreType = "Generic">   --->   Core 0 '' <Latency = 0> <II = 1> <Delay = 1.00> <Generic> <Opcode : >

State 3 <SV = 2> <Delay = 1.23>
ST_3 : Operation 7 [1/1] (0.00ns)   --->   "%specmemcore_ln0 = specmemcore void @_ssdm_op_SpecMemCore, i16 %reg_file_2_0, i64 666, i64 30, i64 18446744073709551615"   --->   Operation 7 'specmemcore' 'specmemcore_ln0' <Predicate = true> <Delay = 0.00>
ST_3 : Operation 8 [1/1] (0.00ns)   --->   "%specmemcore_ln0 = specmemcore void @_ssdm_op_SpecMemCore, i16 %reg_file_2_1, i64 666, i64 30, i64 18446744073709551615"   --->   Operation 8 'specmemcore' 'specmemcore_ln0' <Predicate = true> <Delay = 0.00>
ST_3 : Operation 9 [1/1] (0.00ns)   --->   "%specmemcore_ln0 = specmemcore void @_ssdm_op_SpecMemCore, i16 %reg_file_3_0, i64 666, i64 30, i64 18446744073709551615"   --->   Operation 9 'specmemcore' 'specmemcore_ln0' <Predicate = true> <Delay = 0.00>
ST_3 : Operation 10 [1/1] (0.00ns)   --->   "%ret_loc_load = load i16 %ret_loc"   --->   Operation 10 'load' 'ret_loc_load' <Predicate = true> <Delay = 0.00>
ST_3 : Operation 11 [1/1] (0.00ns)   --->   "%reg_file_3_0_addr = getelementptr i16 %reg_file_3_0, i64 0, i64 0" [asum-max-sharing/src/correlation.cpp:147]   --->   Operation 11 'getelementptr' 'reg_file_3_0_addr' <Predicate = true> <Delay = 0.00>
ST_3 : Operation 12 [1/1] (1.23ns)   --->   "%store_ln147 = store i16 %ret_loc_load, i11 %reg_file_3_0_addr" [asum-max-sharing/src/correlation.cpp:147]   --->   Operation 12 'store' 'store_ln147' <Predicate = true> <Delay = 1.23> <CoreInst = "RAM_T2P_BRAM">   --->   Core 99 'RAM_T2P_BRAM' <Latency = 1> <II = 1> <Delay = 1.23> <Storage> <Opcode : 'load' 'store'> <Ports = 2> <Width = 16> <Depth = 2048> <RAM>
ST_3 : Operation 13 [1/1] (0.00ns)   --->   "%ret_ln148 = ret" [asum-max-sharing/src/correlation.cpp:148]   --->   Operation 13 'ret' 'ret_ln148' <Predicate = true> <Delay = 0.00>


============================================================
+ Verbose Summary: Binding
============================================================
STG Binding: 
---------------- STG Properties BEGIN ----------------
- Is combinational: 0
- Is one-state seq: 0
- Is datapath-only: 0
- Is pipelined: 0
- Is top level: 0
Port [ Return ] is wired: 1; IO mode=ap_ctrl_hs:ce=0
Port [ reg_file_2_0]:  wired=1; compound=1; hidden=0; nouse=0; global=0; static=0; extern=0; dir=0; type=1; pingpong=0; private_global=0; MemPort=[13]; IO mode=ap_memory:ce=0
Port [ reg_file_2_1]:  wired=1; compound=1; hidden=0; nouse=0; global=0; static=0; extern=0; dir=0; type=1; pingpong=0; private_global=0; MemPort=[13]; IO mode=ap_memory:ce=0
Port [ reg_file_3_0]:  wired=1; compound=1; hidden=0; nouse=0; global=0; static=0; extern=0; dir=1; type=1; pingpong=0; private_global=0; MemPort=[03]; IO mode=ap_memory:ce=0
---------------- STG Properties END ------------------

---------------- Datapath Model BEGIN ----------------

<LifeTime>
<method=bitvector/>
ret_loc           (alloca       ) [ 0111]
call_ln0          (call         ) [ 0000]
specmemcore_ln0   (specmemcore  ) [ 0000]
specmemcore_ln0   (specmemcore  ) [ 0000]
specmemcore_ln0   (specmemcore  ) [ 0000]
ret_loc_load      (load         ) [ 0000]
reg_file_3_0_addr (getelementptr) [ 0000]
store_ln147       (store        ) [ 0000]
ret_ln148         (ret          ) [ 0000]
</LifeTime>

<model>

<comp_list>
<comp id="0" class="1000" name="reg_file_2_0">
<pin_list>
<pin id="1" dir="1" index="0" bw="1" slack="0"/>
</pin_list>
<bind>
<StgValue><ssdm name="reg_file_2_0"/><MemPortTyVec>1 3 </MemPortTyVec>
</StgValue>
</bind>
</comp>

<comp id="2" class="1000" name="reg_file_2_1">
<pin_list>
<pin id="3" dir="1" index="0" bw="1" slack="0"/>
</pin_list>
<bind>
<StgValue><ssdm name="reg_file_2_1"/><MemPortTyVec>1 3 </MemPortTyVec>
</StgValue>
</bind>
</comp>

<comp id="4" class="1000" name="reg_file_3_0">
<pin_list>
<pin id="5" dir="1" index="0" bw="1" slack="0"/>
</pin_list>
<bind>
<StgValue><ssdm name="reg_file_3_0"/><MemPortTyVec>0 3 </MemPortTyVec>
</StgValue>
</bind>
</comp>

<comp id="6" class="1001" name="const_6">
<pin_list>
<pin id="7" dir="1" index="0" bw="1" slack="0"/>
</pin_list>
<bind>
<StgValue><ssdm name=""/></StgValue>
</bind>
</comp>

<comp id="8" class="1001" name="const_8">
<pin_list>
<pin id="9" dir="1" index="0" bw="1" slack="0"/>
</pin_list>
<bind>
<StgValue><ssdm name="compute_Pipeline_VITIS_LOOP_139_1"/></StgValue>
</bind>
</comp>

<comp id="10" class="1001" name="const_10">
<pin_list>
<pin id="11" dir="1" index="0" bw="1" slack="2147483647"/>
</pin_list>
<bind>
<StgValue><ssdm name="_ssdm_op_SpecMemCore"/></StgValue>
</bind>
</comp>

<comp id="12" class="1001" name="const_12">
<pin_list>
<pin id="13" dir="1" index="0" bw="1" slack="2147483647"/>
</pin_list>
<bind>
<StgValue><ssdm name=""/></StgValue>
</bind>
</comp>

<comp id="14" class="1001" name="const_14">
<pin_list>
<pin id="15" dir="1" index="0" bw="1" slack="2147483647"/>
</pin_list>
<bind>
<StgValue><ssdm name=""/></StgValue>
</bind>
</comp>

<comp id="16" class="1001" name="const_16">
<pin_list>
<pin id="17" dir="1" index="0" bw="1" slack="2147483647"/>
</pin_list>
<bind>
<StgValue><ssdm name=""/></StgValue>
</bind>
</comp>

<comp id="18" class="1001" name="const_18">
<pin_list>
<pin id="19" dir="1" index="0" bw="1" slack="0"/>
</pin_list>
<bind>
<StgValue><ssdm name=""/></StgValue>
</bind>
</comp>

<comp id="20" class="1004" name="ret_loc_fu_20">
<pin_list>
<pin id="21" dir="0" index="0" bw="1" slack="0"/>
<pin id="22" dir="1" index="1" bw="16" slack="0"/>
</pin_list>
<bind>
<opcode="alloca(26) " fcode="alloca"/>
<opset="ret_loc/1 "/>
</bind>
</comp>

<comp id="24" class="1004" name="reg_file_3_0_addr_gep_fu_24">
<pin_list>
<pin id="25" dir="0" index="0" bw="16" slack="0"/>
<pin id="26" dir="0" index="1" bw="1" slack="0"/>
<pin id="27" dir="0" index="2" bw="1" slack="0"/>
<pin id="28" dir="1" index="3" bw="11" slack="0"/>
</pin_list>
<bind>
<opcode="getelementptr(29) " fcode="getelementptr"/>
<opset="reg_file_3_0_addr/3 "/>
</bind>
</comp>

<comp id="32" class="1004" name="store_ln147_access_fu_32">
<pin_list>
<pin id="33" dir="0" index="0" bw="11" slack="0"/>
<pin id="34" dir="0" index="1" bw="16" slack="0"/>
<pin id="35" dir="0" index="2" bw="0" slack="2147483647"/>
<pin id="36" dir="1" index="3" bw="16" slack="2147483647"/>
</pin_list>
<bind>
<opcode="store(28) " fcode="store"/>
<opset="store_ln147/3 "/>
</bind>
</comp>

<comp id="38" class="1004" name="grp_compute_Pipeline_VITIS_LOOP_139_1_fu_38">
<pin_list>
<pin id="39" dir="0" index="0" bw="0" slack="0"/>
<pin id="40" dir="0" index="1" bw="16" slack="0"/>
<pin id="41" dir="0" index="2" bw="16" slack="0"/>
<pin id="42" dir="0" index="3" bw="16" slack="0"/>
<pin id="43" dir="1" index="4" bw="0" slack="2147483647"/>
</pin_list>
<bind>
<opcode="call(48) " fcode="call"/>
<opset="call_ln0/1 "/>
</bind>
</comp>

<comp id="47" class="1004" name="ret_loc_load_load_fu_47">
<pin_list>
<pin id="48" dir="0" index="0" bw="16" slack="2"/>
<pin id="49" dir="1" index="1" bw="16" slack="0"/>
</pin_list>
<bind>
<opcode="load(27) " fcode="load"/>
<opset="ret_loc_load/3 "/>
</bind>
</comp>

<comp id="51" class="1005" name="ret_loc_reg_51">
<pin_list>
<pin id="52" dir="0" index="0" bw="16" slack="0"/>
<pin id="53" dir="1" index="1" bw="16" slack="0"/>
</pin_list>
<bind>
<opset="ret_loc "/>
</bind>
</comp>

</comp_list>

<net_list>
<net id="23"><net_src comp="6" pin="0"/><net_sink comp="20" pin=0"/></net>

<net id="29"><net_src comp="4" pin="0"/><net_sink comp="24" pin=0"/></net>

<net id="30"><net_src comp="18" pin="0"/><net_sink comp="24" pin=1"/></net>

<net id="31"><net_src comp="18" pin="0"/><net_sink comp="24" pin=2"/></net>

<net id="37"><net_src comp="24" pin="3"/><net_sink comp="32" pin=0"/></net>

<net id="44"><net_src comp="8" pin="0"/><net_sink comp="38" pin=0"/></net>

<net id="45"><net_src comp="0" pin="0"/><net_sink comp="38" pin=1"/></net>

<net id="46"><net_src comp="2" pin="0"/><net_sink comp="38" pin=2"/></net>

<net id="50"><net_src comp="47" pin="1"/><net_sink comp="32" pin=1"/></net>

<net id="54"><net_src comp="20" pin="1"/><net_sink comp="51" pin=0"/></net>

<net id="55"><net_src comp="51" pin="1"/><net_sink comp="38" pin=3"/></net>

<net id="56"><net_src comp="51" pin="1"/><net_sink comp="47" pin=0"/></net>

</net_list>

</model> 
---------------- Datapath Model END ------------------

* FSMD analyzer results:
  - Output states:
	Port: reg_file_3_0 | {3 }
 - Input state : 
	Port: compute : reg_file_2_0 | {1 2 }
	Port: compute : reg_file_2_1 | {1 2 }
  - Chain level:
	State 1
		call_ln0 : 1
	State 2
	State 3
		store_ln147 : 1


============================================================
+ Verbose Summary: Datapath Resource usage 
============================================================

* Functional unit list:
|----------|---------------------------------------------|---------|---------|---------|---------|
| Operation|               Functional Unit               |   DSP   |  Delay  |    FF   |   LUT   |
|----------|---------------------------------------------|---------|---------|---------|---------|
|   call   | grp_compute_Pipeline_VITIS_LOOP_139_1_fu_38 |    2    |  1.708  |   188   |   182   |
|----------|---------------------------------------------|---------|---------|---------|---------|
|   Total  |                                             |    2    |  1.708  |   188   |   182   |
|----------|---------------------------------------------|---------|---------|---------|---------|

Memories:
N/A

* Register list:
+--------------+--------+
|              |   FF   |
+--------------+--------+
|ret_loc_reg_51|   16   |
+--------------+--------+
|     Total    |   16   |
+--------------+--------+

* Multiplexer (MUX) list: 
|--------|------|------|------|--------|
|  Comp  |  Pin | Size |  BW  | S x BW |
|--------|------|------|------|--------|
|  Total |      |      |      |    0   |
|--------|------|------|------|--------|



* Summary:
+-----------+--------+--------+--------+--------+
|           |   DSP  |  Delay |   FF   |   LUT  |
+-----------+--------+--------+--------+--------+
|  Function |    2   |    1   |   188  |   182  |
|   Memory  |    -   |    -   |    -   |    -   |
|Multiplexer|    -   |    -   |    -   |    -   |
|  Register |    -   |    -   |   16   |    -   |
+-----------+--------+--------+--------+--------+
|   Total   |    2   |    1   |   204  |   182  |
+-----------+--------+--------+--------+--------+
