

Implementation tool: Xilinx Vivado v.2022.2
Project:             vscale-max-sharing
Solution:            zcu104
Device target:       xczu7ev-ffvc1156-2-e
Report date:         Sat Nov 19 22:11:51 MST 2022

#=== Post-Implementation Resource usage ===
SLICE:            0
LUT:           1956
FF:            2917
DSP:              4
BRAM:            36
URAM:             0
LATCH:            0
SRL:            146
CLB:            510

#=== Final timing ===
CP required:                     10.000
CP achieved post-synthesis:      6.878
CP achieved post-implementation: 7.931
Timing met
