Copyright 1986-2022 Xilinx, Inc. All Rights Reserved.
-------------------------------------------------------------------------------------------------------------------------------------
| Tool Version : Vivado v.2022.2 (lin64) Build 3671981 Fri Oct 14 04:59:54 MDT 2022
| Date         : Thu Jan 12 11:21:46 2023
| Host         : liara running 64-bit Arch Linux
| Command      : report_utilization -hierarchical -hierarchical_depth 7 -file ./report/corr_accel_utilization_hierarchical_synth.rpt
| Design       : bd_0_wrapper
| Device       : xczu7ev-ffvc1156-2-e
| Speed File   : -2
| Design State : Synthesized
-------------------------------------------------------------------------------------------------------------------------------------

Utilization Design Information

Table of Contents
-----------------
1. Utilization by Hierarchy

1. Utilization by Hierarchy
---------------------------

+----------------------------------------------------------------------------+-------------------------------------------------------------------------------+------------+------------+---------+------+------+--------+--------+------+------------+
|                                  Instance                                  |                                     Module                                    | Total LUTs | Logic LUTs | LUTRAMs | SRLs |  FFs | RAMB36 | RAMB18 | URAM | DSP Blocks |
+----------------------------------------------------------------------------+-------------------------------------------------------------------------------+------------+------------+---------+------+------+--------+--------+------+------------+
| bd_0_wrapper                                                               |                                                                         (top) |       2140 |       1859 |       0 |  281 | 2987 |     18 |      0 |    0 |          6 |
|   bd_0_i                                                                   |                                                                          bd_0 |       2140 |       1859 |       0 |  281 | 2987 |     18 |      0 |    0 |          6 |
|     hls_inst                                                               |                                                               bd_0_hls_inst_0 |       2140 |       1859 |       0 |  281 | 2987 |     18 |      0 |    0 |          6 |
|       (hls_inst)                                                           |                                                               bd_0_hls_inst_0 |          0 |          0 |       0 |    0 |    0 |      0 |      0 |    0 |          0 |
|       inst                                                                 |                                                    bd_0_hls_inst_0_corr_accel |       2140 |       1859 |       0 |  281 | 2987 |     18 |      0 |    0 |          6 |
|         (inst)                                                             |                                                    bd_0_hls_inst_0_corr_accel |          1 |          1 |       0 |    0 |  262 |      0 |      0 |    0 |          0 |
|         control_s_axi_U                                                    |                                      bd_0_hls_inst_0_corr_accel_control_s_axi |        201 |        201 |       0 |    0 |  312 |      0 |      0 |    0 |          0 |
|         data_m_axi_U                                                       |                                         bd_0_hls_inst_0_corr_accel_data_m_axi |       1240 |        971 |       0 |  269 | 1752 |      2 |      0 |    0 |          0 |
|           bus_read                                                         |                                    bd_0_hls_inst_0_corr_accel_data_m_axi_read |        382 |        381 |       0 |    1 |  606 |      0 |      0 |    0 |          0 |
|             (bus_read)                                                     |                                    bd_0_hls_inst_0_corr_accel_data_m_axi_read |        173 |        173 |       0 |    0 |  319 |      0 |      0 |    0 |          0 |
|             fifo_burst                                                     |                 bd_0_hls_inst_0_corr_accel_data_m_axi_fifo__parameterized1_53 |         19 |         18 |       0 |    1 |   13 |      0 |      0 |    0 |          0 |
|               (fifo_burst)                                                 |                 bd_0_hls_inst_0_corr_accel_data_m_axi_fifo__parameterized1_53 |         15 |         15 |       0 |    0 |   12 |      0 |      0 |    0 |          0 |
|               U_fifo_srl                                                   |                  bd_0_hls_inst_0_corr_accel_data_m_axi_srl__parameterized0_56 |          4 |          3 |       0 |    1 |    1 |      0 |      0 |    0 |          0 |
|             fifo_rctl                                                      |                 bd_0_hls_inst_0_corr_accel_data_m_axi_fifo__parameterized1_54 |         20 |         20 |       0 |    0 |    8 |      0 |      0 |    0 |          0 |
|             rs_rdata                                                       |               bd_0_hls_inst_0_corr_accel_data_m_axi_reg_slice__parameterized2 |         72 |         72 |       0 |    0 |  135 |      0 |      0 |    0 |          0 |
|             rs_rreq                                                        |                            bd_0_hls_inst_0_corr_accel_data_m_axi_reg_slice_55 |         98 |         98 |       0 |    0 |  131 |      0 |      0 |    0 |          0 |
|           bus_write                                                        |                                   bd_0_hls_inst_0_corr_accel_data_m_axi_write |        594 |        451 |       0 |  143 |  797 |      0 |      0 |    0 |          0 |
|             (bus_write)                                                    |                                   bd_0_hls_inst_0_corr_accel_data_m_axi_write |        179 |        179 |       0 |    0 |  329 |      0 |      0 |    0 |          0 |
|             fifo_burst                                                     |                    bd_0_hls_inst_0_corr_accel_data_m_axi_fifo__parameterized4 |         37 |         33 |       0 |    4 |   16 |      0 |      0 |    0 |          0 |
|               (fifo_burst)                                                 |                    bd_0_hls_inst_0_corr_accel_data_m_axi_fifo__parameterized4 |         14 |         14 |       0 |    0 |   12 |      0 |      0 |    0 |          0 |
|               U_fifo_srl                                                   |                     bd_0_hls_inst_0_corr_accel_data_m_axi_srl__parameterized2 |         23 |         19 |       0 |    4 |    4 |      0 |      0 |    0 |          0 |
|             fifo_resp                                                      |                 bd_0_hls_inst_0_corr_accel_data_m_axi_fifo__parameterized1_51 |         19 |         18 |       0 |    1 |   13 |      0 |      0 |    0 |          0 |
|               (fifo_resp)                                                  |                 bd_0_hls_inst_0_corr_accel_data_m_axi_fifo__parameterized1_51 |         14 |         14 |       0 |    0 |   12 |      0 |      0 |    0 |          0 |
|               U_fifo_srl                                                   |                  bd_0_hls_inst_0_corr_accel_data_m_axi_srl__parameterized0_52 |          5 |          4 |       0 |    1 |    1 |      0 |      0 |    0 |          0 |
|             rs_resp                                                        |               bd_0_hls_inst_0_corr_accel_data_m_axi_reg_slice__parameterized1 |          4 |          4 |       0 |    0 |    5 |      0 |      0 |    0 |          0 |
|             rs_wreq                                                        |                               bd_0_hls_inst_0_corr_accel_data_m_axi_reg_slice |         96 |         96 |       0 |    0 |  131 |      0 |      0 |    0 |          0 |
|             wreq_throttle                                                  |                                bd_0_hls_inst_0_corr_accel_data_m_axi_throttle |        259 |        121 |       0 |  138 |  303 |      0 |      0 |    0 |          0 |
|               (wreq_throttle)                                              |                                bd_0_hls_inst_0_corr_accel_data_m_axi_throttle |          1 |          1 |       0 |    0 |    6 |      0 |      0 |    0 |          0 |
|               data_fifo                                                    |                    bd_0_hls_inst_0_corr_accel_data_m_axi_fifo__parameterized6 |        103 |         30 |       0 |   73 |   85 |      0 |      0 |    0 |          0 |
|               req_fifo                                                     |                    bd_0_hls_inst_0_corr_accel_data_m_axi_fifo__parameterized5 |         83 |         18 |       0 |   65 |   77 |      0 |      0 |    0 |          0 |
|               rs_req                                                       |               bd_0_hls_inst_0_corr_accel_data_m_axi_reg_slice__parameterized0 |         72 |         72 |       0 |    0 |  135 |      0 |      0 |    0 |          0 |
|           load_unit                                                        |                                    bd_0_hls_inst_0_corr_accel_data_m_axi_load |        115 |         53 |       0 |   62 |  173 |      1 |      0 |    0 |          0 |
|             (load_unit)                                                    |                                    bd_0_hls_inst_0_corr_accel_data_m_axi_load |          1 |          1 |       0 |    0 |   65 |      0 |      0 |    0 |          0 |
|             buff_rdata                                                     |                    bd_0_hls_inst_0_corr_accel_data_m_axi_fifo__parameterized3 |         37 |         37 |       0 |    0 |   36 |      1 |      0 |    0 |          0 |
|               (buff_rdata)                                                 |                    bd_0_hls_inst_0_corr_accel_data_m_axi_fifo__parameterized3 |         26 |         26 |       0 |    0 |   28 |      0 |      0 |    0 |          0 |
|               U_fifo_mem                                                   |                     bd_0_hls_inst_0_corr_accel_data_m_axi_mem__parameterized0 |         11 |         11 |       0 |    0 |    8 |      1 |      0 |    0 |          0 |
|             fifo_rreq                                                      |                                 bd_0_hls_inst_0_corr_accel_data_m_axi_fifo_49 |         77 |         15 |       0 |   62 |   72 |      0 |      0 |    0 |          0 |
|               (fifo_rreq)                                                  |                                 bd_0_hls_inst_0_corr_accel_data_m_axi_fifo_49 |         12 |         12 |       0 |    0 |   10 |      0 |      0 |    0 |          0 |
|               U_fifo_srl                                                   |                                  bd_0_hls_inst_0_corr_accel_data_m_axi_srl_50 |         65 |          3 |       0 |   62 |   62 |      0 |      0 |    0 |          0 |
|           store_unit                                                       |                                   bd_0_hls_inst_0_corr_accel_data_m_axi_store |        149 |         86 |       0 |   63 |  176 |      1 |      0 |    0 |          0 |
|             (store_unit)                                                   |                                   bd_0_hls_inst_0_corr_accel_data_m_axi_store |          1 |          1 |       0 |    0 |   64 |      0 |      0 |    0 |          0 |
|             buff_wdata                                                     |                    bd_0_hls_inst_0_corr_accel_data_m_axi_fifo__parameterized0 |         11 |         11 |       0 |    0 |   20 |      1 |      0 |    0 |          0 |
|               (buff_wdata)                                                 |                    bd_0_hls_inst_0_corr_accel_data_m_axi_fifo__parameterized0 |          9 |          9 |       0 |    0 |   16 |      0 |      0 |    0 |          0 |
|               U_fifo_mem                                                   |                                     bd_0_hls_inst_0_corr_accel_data_m_axi_mem |          2 |          2 |       0 |    0 |    4 |      1 |      0 |    0 |          0 |
|             fifo_wreq                                                      |                                    bd_0_hls_inst_0_corr_accel_data_m_axi_fifo |        107 |         45 |       0 |   62 |   72 |      0 |      0 |    0 |          0 |
|               (fifo_wreq)                                                  |                                    bd_0_hls_inst_0_corr_accel_data_m_axi_fifo |         11 |         11 |       0 |    0 |   10 |      0 |      0 |    0 |          0 |
|               U_fifo_srl                                                   |                                     bd_0_hls_inst_0_corr_accel_data_m_axi_srl |         96 |         34 |       0 |   62 |   62 |      0 |      0 |    0 |          0 |
|             fifo_wrsp                                                      |                    bd_0_hls_inst_0_corr_accel_data_m_axi_fifo__parameterized1 |         20 |         19 |       0 |    1 |   13 |      0 |      0 |    0 |          0 |
|               (fifo_wrsp)                                                  |                    bd_0_hls_inst_0_corr_accel_data_m_axi_fifo__parameterized1 |          5 |          5 |       0 |    0 |   12 |      0 |      0 |    0 |          0 |
|               U_fifo_srl                                                   |                     bd_0_hls_inst_0_corr_accel_data_m_axi_srl__parameterized0 |         15 |         14 |       0 |    1 |    1 |      0 |      0 |    0 |          0 |
|             user_resp                                                      |                    bd_0_hls_inst_0_corr_accel_data_m_axi_fifo__parameterized2 |         10 |         10 |       0 |    0 |    7 |      0 |      0 |    0 |          0 |
|         grp_compute_fu_208                                                 |                                            bd_0_hls_inst_0_corr_accel_compute |        340 |        328 |       0 |   12 |  299 |      0 |      0 |    0 |          6 |
|           (grp_compute_fu_208)                                             |                                            bd_0_hls_inst_0_corr_accel_compute |         16 |         16 |       0 |    0 |   57 |      0 |      0 |    0 |          0 |
|           grp_compute_Pipeline_VITIS_LOOP_132_2_fu_76                      |                  bd_0_hls_inst_0_corr_accel_compute_Pipeline_VITIS_LOOP_132_2 |         14 |         14 |       0 |    0 |    8 |      0 |      0 |    0 |          0 |
|             (grp_compute_Pipeline_VITIS_LOOP_132_2_fu_76)                  |                  bd_0_hls_inst_0_corr_accel_compute_Pipeline_VITIS_LOOP_132_2 |          0 |          0 |       0 |    0 |    6 |      0 |      0 |    0 |          0 |
|             flow_control_loop_pipe_sequential_init_U                       |          bd_0_hls_inst_0_corr_accel_flow_control_loop_pipe_sequential_init_48 |         14 |         14 |       0 |    0 |    2 |      0 |      0 |    0 |          0 |
|           grp_compute_Pipeline_VITIS_LOOP_138_3_VITIS_LOOP_141_4_fu_85     | bd_0_hls_inst_0_corr_accel_compute_Pipeline_VITIS_LOOP_138_3_VITIS_LOOP_141_4 |        310 |        298 |       0 |   12 |  234 |      0 |      0 |    0 |          6 |
|             (grp_compute_Pipeline_VITIS_LOOP_138_3_VITIS_LOOP_141_4_fu_85) | bd_0_hls_inst_0_corr_accel_compute_Pipeline_VITIS_LOOP_138_3_VITIS_LOOP_141_4 |         81 |         69 |       0 |   12 |  104 |      0 |      0 |    0 |          0 |
|             flow_control_loop_pipe_sequential_init_U                       |          bd_0_hls_inst_0_corr_accel_flow_control_loop_pipe_sequential_init_16 |         10 |         10 |       0 |    0 |    2 |      0 |      0 |    0 |          0 |
|             hadd_16ns_16ns_16_2_full_dsp_1_U40                             |                     bd_0_hls_inst_0_corr_accel_hadd_16ns_16ns_16_2_full_dsp_1 |        131 |        131 |       0 |    0 |   32 |      0 |      0 |    0 |          2 |
|               (hadd_16ns_16ns_16_2_full_dsp_1_U40)                         |                     bd_0_hls_inst_0_corr_accel_hadd_16ns_16ns_16_2_full_dsp_1 |          0 |          0 |       0 |    0 |   32 |      0 |      0 |    0 |          0 |
|               corr_accel_hadd_16ns_16ns_16_2_full_dsp_1_ip_u               |                  bd_0_hls_inst_0_corr_accel_hadd_16ns_16ns_16_2_full_dsp_1_ip |        131 |        131 |       0 |    0 |    0 |      0 |      0 |    0 |          2 |
|             hmul_16ns_16ns_16_2_max_dsp_1_U41                              |                      bd_0_hls_inst_0_corr_accel_hmul_16ns_16ns_16_2_max_dsp_1 |         36 |         36 |       0 |    0 |   48 |      0 |      0 |    0 |          2 |
|               (hmul_16ns_16ns_16_2_max_dsp_1_U41)                          |                      bd_0_hls_inst_0_corr_accel_hmul_16ns_16ns_16_2_max_dsp_1 |          0 |          0 |       0 |    0 |   48 |      0 |      0 |    0 |          0 |
|               corr_accel_hmul_16ns_16ns_16_2_max_dsp_1_ip_u                |                bd_0_hls_inst_0_corr_accel_hmul_16ns_16ns_16_2_max_dsp_1_ip_22 |         36 |         36 |       0 |    0 |    0 |      0 |      0 |    0 |          2 |
|             hmul_16ns_16ns_16_2_max_dsp_1_U42                              |                   bd_0_hls_inst_0_corr_accel_hmul_16ns_16ns_16_2_max_dsp_1_17 |         36 |         36 |       0 |    0 |   48 |      0 |      0 |    0 |          2 |
|               (hmul_16ns_16ns_16_2_max_dsp_1_U42)                          |                   bd_0_hls_inst_0_corr_accel_hmul_16ns_16ns_16_2_max_dsp_1_17 |          0 |          0 |       0 |    0 |   48 |      0 |      0 |    0 |          0 |
|               corr_accel_hmul_16ns_16ns_16_2_max_dsp_1_ip_u                |                   bd_0_hls_inst_0_corr_accel_hmul_16ns_16ns_16_2_max_dsp_1_ip |         36 |         36 |       0 |    0 |    0 |      0 |      0 |    0 |          2 |
|             mux_21_16_1_1_U45                                              |                                      bd_0_hls_inst_0_corr_accel_mux_21_16_1_1 |          8 |          8 |       0 |    0 |    0 |      0 |      0 |    0 |          0 |
|             mux_21_16_1_1_U46                                              |                                   bd_0_hls_inst_0_corr_accel_mux_21_16_1_1_18 |          8 |          8 |       0 |    0 |    0 |      0 |      0 |    0 |          0 |
|         grp_recv_data_burst_fu_185                                         |                                    bd_0_hls_inst_0_corr_accel_recv_data_burst |        110 |        110 |       0 |    0 |  178 |      0 |      0 |    0 |          0 |
|           (grp_recv_data_burst_fu_185)                                     |                                    bd_0_hls_inst_0_corr_accel_recv_data_burst |         33 |         33 |       0 |    0 |   10 |      0 |      0 |    0 |          0 |
|           grp_recv_data_burst_Pipeline_VITIS_LOOP_40_1_fu_87               |           bd_0_hls_inst_0_corr_accel_recv_data_burst_Pipeline_VITIS_LOOP_40_1 |         77 |         77 |       0 |    0 |  168 |      0 |      0 |    0 |          0 |
|             (grp_recv_data_burst_Pipeline_VITIS_LOOP_40_1_fu_87)           |           bd_0_hls_inst_0_corr_accel_recv_data_burst_Pipeline_VITIS_LOOP_40_1 |         45 |         45 |       0 |    0 |  166 |      0 |      0 |    0 |          0 |
|             flow_control_loop_pipe_sequential_init_U                       |          bd_0_hls_inst_0_corr_accel_flow_control_loop_pipe_sequential_init_15 |         32 |         32 |       0 |    0 |    2 |      0 |      0 |    0 |          0 |
|         grp_send_data_burst_fu_219                                         |                                    bd_0_hls_inst_0_corr_accel_send_data_burst |        247 |        247 |       0 |    0 |  184 |      0 |      0 |    0 |          0 |
|           (grp_send_data_burst_fu_219)                                     |                                    bd_0_hls_inst_0_corr_accel_send_data_burst |          6 |          6 |       0 |    0 |    9 |      0 |      0 |    0 |          0 |
|           grp_send_data_burst_Pipeline_VITIS_LOOP_85_1_fu_90               |           bd_0_hls_inst_0_corr_accel_send_data_burst_Pipeline_VITIS_LOOP_85_1 |        241 |        241 |       0 |    0 |  175 |      0 |      0 |    0 |          0 |
|             (grp_send_data_burst_Pipeline_VITIS_LOOP_85_1_fu_90)           |           bd_0_hls_inst_0_corr_accel_send_data_burst_Pipeline_VITIS_LOOP_85_1 |        234 |        234 |       0 |    0 |  173 |      0 |      0 |    0 |          0 |
|             flow_control_loop_pipe_sequential_init_U                       |             bd_0_hls_inst_0_corr_accel_flow_control_loop_pipe_sequential_init |          7 |          7 |       0 |    0 |    2 |      0 |      0 |    0 |          0 |
|         reg_file_10_U                                                      |                         bd_0_hls_inst_0_corr_accel_reg_file_RAM_T2P_BRAM_1R1W |          0 |          0 |       0 |    0 |    0 |      1 |      0 |    0 |          0 |
|         reg_file_11_U                                                      |                       bd_0_hls_inst_0_corr_accel_reg_file_RAM_T2P_BRAM_1R1W_0 |          0 |          0 |       0 |    0 |    0 |      1 |      0 |    0 |          0 |
|         reg_file_12_U                                                      |                       bd_0_hls_inst_0_corr_accel_reg_file_RAM_T2P_BRAM_1R1W_1 |          0 |          0 |       0 |    0 |    0 |      1 |      0 |    0 |          0 |
|         reg_file_13_U                                                      |                       bd_0_hls_inst_0_corr_accel_reg_file_RAM_T2P_BRAM_1R1W_2 |          0 |          0 |       0 |    0 |    0 |      1 |      0 |    0 |          0 |
|         reg_file_14_U                                                      |                       bd_0_hls_inst_0_corr_accel_reg_file_RAM_T2P_BRAM_1R1W_3 |          0 |          0 |       0 |    0 |    0 |      1 |      0 |    0 |          0 |
|         reg_file_15_U                                                      |                       bd_0_hls_inst_0_corr_accel_reg_file_RAM_T2P_BRAM_1R1W_4 |          0 |          0 |       0 |    0 |    0 |      1 |      0 |    0 |          0 |
|         reg_file_1_U                                                       |                       bd_0_hls_inst_0_corr_accel_reg_file_RAM_T2P_BRAM_1R1W_5 |          0 |          0 |       0 |    0 |    0 |      1 |      0 |    0 |          0 |
|         reg_file_2_U                                                       |                       bd_0_hls_inst_0_corr_accel_reg_file_RAM_T2P_BRAM_1R1W_6 |          0 |          0 |       0 |    0 |    0 |      1 |      0 |    0 |          0 |
|         reg_file_3_U                                                       |                       bd_0_hls_inst_0_corr_accel_reg_file_RAM_T2P_BRAM_1R1W_7 |          0 |          0 |       0 |    0 |    0 |      1 |      0 |    0 |          0 |
|         reg_file_4_U                                                       |                       bd_0_hls_inst_0_corr_accel_reg_file_RAM_T2P_BRAM_1R1W_8 |          0 |          0 |       0 |    0 |    0 |      1 |      0 |    0 |          0 |
|         reg_file_5_U                                                       |                       bd_0_hls_inst_0_corr_accel_reg_file_RAM_T2P_BRAM_1R1W_9 |          0 |          0 |       0 |    0 |    0 |      1 |      0 |    0 |          0 |
|         reg_file_6_U                                                       |                      bd_0_hls_inst_0_corr_accel_reg_file_RAM_T2P_BRAM_1R1W_10 |          0 |          0 |       0 |    0 |    0 |      1 |      0 |    0 |          0 |
|         reg_file_7_U                                                       |                      bd_0_hls_inst_0_corr_accel_reg_file_RAM_T2P_BRAM_1R1W_11 |          0 |          0 |       0 |    0 |    0 |      1 |      0 |    0 |          0 |
|         reg_file_8_U                                                       |                      bd_0_hls_inst_0_corr_accel_reg_file_RAM_T2P_BRAM_1R1W_12 |          0 |          0 |       0 |    0 |    0 |      1 |      0 |    0 |          0 |
|         reg_file_9_U                                                       |                      bd_0_hls_inst_0_corr_accel_reg_file_RAM_T2P_BRAM_1R1W_13 |          0 |          0 |       0 |    0 |    0 |      1 |      0 |    0 |          0 |
|         reg_file_U                                                         |                      bd_0_hls_inst_0_corr_accel_reg_file_RAM_T2P_BRAM_1R1W_14 |          1 |          1 |       0 |    0 |    0 |      1 |      0 |    0 |          0 |
+----------------------------------------------------------------------------+-------------------------------------------------------------------------------+------------+------------+---------+------+------+--------+--------+------+------------+


