

================================================================
== Vitis HLS Report for 'compute_Pipeline_VITIS_LOOP_190_12'
================================================================
* Date:           Sat Nov 19 16:30:28 2022

* Version:        2022.2 (Build 3670227 on Oct 13 2022)
* Project:        stddev-max-throughput
* Solution:       zcu104 (Vivado IP Flow Target)
* Product family: zynquplus
* Target device:  xczu7ev-ffvc1156-2-e


================================================================
== Performance Estimates
================================================================
+ Timing: 
    * Summary: 
    +--------+----------+----------+------------+
    |  Clock |  Target  | Estimated| Uncertainty|
    +--------+----------+----------+------------+
    |ap_clk  |  10.00 ns|  5.434 ns|     2.70 ns|
    +--------+----------+----------+------------+

+ Latency: 
    * Summary: 
    +---------+---------+----------+----------+-----+-----+---------+
    |  Latency (cycles) |  Latency (absolute) |  Interval | Pipeline|
    |   min   |   max   |    min   |    max   | min | max |   Type  |
    +---------+---------+----------+----------+-----+-----+---------+
    |       38|       38|  0.380 us|  0.380 us|   38|   38|       no|
    +---------+---------+----------+----------+-----+-----+---------+

    + Detail: 
        * Instance: 
        N/A

        * Loop: 
        +---------------------+---------+---------+----------+-----------+-----------+------+----------+
        |                     |  Latency (cycles) | Iteration|  Initiation Interval  | Trip |          |
        |      Loop Name      |   min   |   max   |  Latency |  achieved |   target  | Count| Pipelined|
        +---------------------+---------+---------+----------+-----------+-----------+------+----------+
        |- VITIS_LOOP_190_12  |       36|       36|         6|          1|          1|    32|       yes|
        +---------------------+---------+---------+----------+-----------+-----------+------+----------+

============================================================
+ Verbose Summary: Synthesis Manager
============================================================
InlineROM: 1
ExposeGlobal: 0
============================================================
+ Verbose Summary: CDFG Model
============================================================
IsTopModel: 0
ResetActiveHigh: 1
IsCombinational: 0
IsDatapathOnly: 0
HasWiredReturn: 1
HasMFsm: 2
HasVarLatency: 1
IsPipeline: 0
IsRtlPipelined: 0
IsInstanceOverlapped: 0
IsDontTouch: 0
HasImplIP: 0
IsGatedGlobalClock: 0

+ Individual pipeline summary: 
  * Pipeline-0: initiation interval (II) = 1, depth = 6


============================================================
+ Verbose Summary: Schedule
============================================================
* Number of FSM states : 6
* Pipeline : 1
  Pipeline-0 : II = 1, D = 6, States = { 1 2 3 4 5 6 }
* Dataflow Pipeline: 0

* FSM state transitions: 
1 --> 2 
2 --> 3 
3 --> 4 
4 --> 5 
5 --> 6 
6 --> 

* FSM state operations: 

State 1 <SV = 0> <Delay = 1.23>
ST_1 : Operation 9 [1/1] (0.00ns)   --->   "%j = alloca i32 1"   --->   Operation 9 'alloca' 'j' <Predicate = true> <Delay = 0.00>
ST_1 : Operation 10 [1/1] (0.00ns)   --->   "%specmemcore_ln0 = specmemcore void @_ssdm_op_SpecMemCore, i16 %reg_file_5_1, i64 666, i64 30, i64 18446744073709551615"   --->   Operation 10 'specmemcore' 'specmemcore_ln0' <Predicate = true> <Delay = 0.00>
ST_1 : Operation 11 [1/1] (0.00ns)   --->   "%specmemcore_ln0 = specmemcore void @_ssdm_op_SpecMemCore, i16 %reg_file_5_0, i64 666, i64 30, i64 18446744073709551615"   --->   Operation 11 'specmemcore' 'specmemcore_ln0' <Predicate = true> <Delay = 0.00>
ST_1 : Operation 12 [1/1] (0.00ns)   --->   "%val2_4_read = read i16 @_ssdm_op_Read.ap_auto.half, i16 %val2_4"   --->   Operation 12 'read' 'val2_4_read' <Predicate = true> <Delay = 0.00>
ST_1 : Operation 13 [1/1] (0.42ns)   --->   "%store_ln0 = store i7 0, i7 %j"   --->   Operation 13 'store' 'store_ln0' <Predicate = true> <Delay = 0.42>
ST_1 : Operation 14 [1/1] (0.00ns)   --->   "%br_ln0 = br void %for.inc125"   --->   Operation 14 'br' 'br_ln0' <Predicate = true> <Delay = 0.00>
ST_1 : Operation 15 [1/1] (0.00ns)   --->   "%j_8 = load i7 %j" [stddev-max-throughput/src/correlation.cpp:190]   --->   Operation 15 'load' 'j_8' <Predicate = true> <Delay = 0.00>
ST_1 : Operation 16 [1/1] (0.00ns)   --->   "%tmp = bitselect i1 @_ssdm_op_BitSelect.i1.i7.i32, i7 %j_8, i32 6" [stddev-max-throughput/src/correlation.cpp:190]   --->   Operation 16 'bitselect' 'tmp' <Predicate = true> <Delay = 0.00>
ST_1 : Operation 17 [1/1] (0.00ns)   --->   "%empty = speclooptripcount i32 @_ssdm_op_SpecLoopTripCount, i64 32, i64 32, i64 32"   --->   Operation 17 'speclooptripcount' 'empty' <Predicate = true> <Delay = 0.00>
ST_1 : Operation 18 [1/1] (0.00ns)   --->   "%br_ln190 = br i1 %tmp, void %for.inc125.split, void %for.inc138.preheader.exitStub" [stddev-max-throughput/src/correlation.cpp:190]   --->   Operation 18 'br' 'br_ln190' <Predicate = true> <Delay = 0.00>
ST_1 : Operation 19 [1/1] (0.00ns)   --->   "%lshr_ln = partselect i5 @_ssdm_op_PartSelect.i5.i7.i32.i32, i7 %j_8, i32 1, i32 5" [stddev-max-throughput/src/correlation.cpp:194]   --->   Operation 19 'partselect' 'lshr_ln' <Predicate = (!tmp)> <Delay = 0.00>
ST_1 : Operation 20 [1/1] (0.00ns)   --->   "%zext_ln194 = zext i5 %lshr_ln" [stddev-max-throughput/src/correlation.cpp:194]   --->   Operation 20 'zext' 'zext_ln194' <Predicate = (!tmp)> <Delay = 0.00>
ST_1 : Operation 21 [1/1] (0.00ns)   --->   "%reg_file_5_0_addr = getelementptr i16 %reg_file_5_0, i64 0, i64 %zext_ln194" [stddev-max-throughput/src/correlation.cpp:194]   --->   Operation 21 'getelementptr' 'reg_file_5_0_addr' <Predicate = (!tmp)> <Delay = 0.00>
ST_1 : Operation 22 [2/2] (1.23ns)   --->   "%val1 = load i11 %reg_file_5_0_addr" [stddev-max-throughput/src/correlation.cpp:194]   --->   Operation 22 'load' 'val1' <Predicate = (!tmp)> <Delay = 1.23> <CoreInst = "RAM_T2P_BRAM">   --->   Core 99 'RAM_T2P_BRAM' <Latency = 1> <II = 1> <Delay = 1.23> <Storage> <Opcode : 'load' 'store'> <Ports = 2> <Width = 16> <Depth = 2048> <RAM>
ST_1 : Operation 23 [1/1] (0.00ns)   --->   "%reg_file_5_1_addr = getelementptr i16 %reg_file_5_1, i64 0, i64 %zext_ln194" [stddev-max-throughput/src/correlation.cpp:194]   --->   Operation 23 'getelementptr' 'reg_file_5_1_addr' <Predicate = (!tmp)> <Delay = 0.00>
ST_1 : Operation 24 [2/2] (1.23ns)   --->   "%val1_1 = load i11 %reg_file_5_1_addr" [stddev-max-throughput/src/correlation.cpp:194]   --->   Operation 24 'load' 'val1_1' <Predicate = (!tmp)> <Delay = 1.23> <CoreInst = "RAM_T2P_BRAM">   --->   Core 99 'RAM_T2P_BRAM' <Latency = 1> <II = 1> <Delay = 1.23> <Storage> <Opcode : 'load' 'store'> <Ports = 2> <Width = 16> <Depth = 2048> <RAM>
ST_1 : Operation 25 [1/1] (0.77ns)   --->   "%add_ln190 = add i7 %j_8, i7 2" [stddev-max-throughput/src/correlation.cpp:190]   --->   Operation 25 'add' 'add_ln190' <Predicate = (!tmp)> <Delay = 0.77> <CoreInst = "Adder">   --->   Core 1 'Adder' <Latency = 0> <II = 1> <Delay = 0.77> <FuncUnit> <Opcode : 'add' 'sub'> <InPorts = 2> <OutPorts = 1>
ST_1 : Operation 26 [1/1] (0.42ns)   --->   "%store_ln190 = store i7 %add_ln190, i7 %j" [stddev-max-throughput/src/correlation.cpp:190]   --->   Operation 26 'store' 'store_ln190' <Predicate = (!tmp)> <Delay = 0.42>

State 2 <SV = 1> <Delay = 5.43>
ST_2 : Operation 27 [1/2] (1.23ns)   --->   "%val1 = load i11 %reg_file_5_0_addr" [stddev-max-throughput/src/correlation.cpp:194]   --->   Operation 27 'load' 'val1' <Predicate = true> <Delay = 1.23> <CoreInst = "RAM_T2P_BRAM">   --->   Core 99 'RAM_T2P_BRAM' <Latency = 1> <II = 1> <Delay = 1.23> <Storage> <Opcode : 'load' 'store'> <Ports = 2> <Width = 16> <Depth = 2048> <RAM>
ST_2 : Operation 28 [5/5] (4.19ns)   --->   "%div1 = hdiv i16 %val1, i16 %val2_4_read" [stddev-max-throughput/src/correlation.cpp:196]   --->   Operation 28 'hdiv' 'div1' <Predicate = true> <Delay = 4.19> <CoreInst = "HDiv">   --->   Core 57 'HDiv' <Latency = 4> <II = 1> <Delay = 4.19> <FuncUnit> <Opcode : 'hdiv'> <InPorts = 2> <OutPorts = 1>
ST_2 : Operation 29 [1/2] (1.23ns)   --->   "%val1_1 = load i11 %reg_file_5_1_addr" [stddev-max-throughput/src/correlation.cpp:194]   --->   Operation 29 'load' 'val1_1' <Predicate = true> <Delay = 1.23> <CoreInst = "RAM_T2P_BRAM">   --->   Core 99 'RAM_T2P_BRAM' <Latency = 1> <II = 1> <Delay = 1.23> <Storage> <Opcode : 'load' 'store'> <Ports = 2> <Width = 16> <Depth = 2048> <RAM>
ST_2 : Operation 30 [5/5] (4.19ns)   --->   "%div121_1 = hdiv i16 %val1_1, i16 %val2_4_read" [stddev-max-throughput/src/correlation.cpp:196]   --->   Operation 30 'hdiv' 'div121_1' <Predicate = true> <Delay = 4.19> <CoreInst = "HDiv">   --->   Core 57 'HDiv' <Latency = 4> <II = 1> <Delay = 4.19> <FuncUnit> <Opcode : 'hdiv'> <InPorts = 2> <OutPorts = 1>

State 3 <SV = 2> <Delay = 4.19>
ST_3 : Operation 31 [4/5] (4.19ns)   --->   "%div1 = hdiv i16 %val1, i16 %val2_4_read" [stddev-max-throughput/src/correlation.cpp:196]   --->   Operation 31 'hdiv' 'div1' <Predicate = true> <Delay = 4.19> <CoreInst = "HDiv">   --->   Core 57 'HDiv' <Latency = 4> <II = 1> <Delay = 4.19> <FuncUnit> <Opcode : 'hdiv'> <InPorts = 2> <OutPorts = 1>
ST_3 : Operation 32 [4/5] (4.19ns)   --->   "%div121_1 = hdiv i16 %val1_1, i16 %val2_4_read" [stddev-max-throughput/src/correlation.cpp:196]   --->   Operation 32 'hdiv' 'div121_1' <Predicate = true> <Delay = 4.19> <CoreInst = "HDiv">   --->   Core 57 'HDiv' <Latency = 4> <II = 1> <Delay = 4.19> <FuncUnit> <Opcode : 'hdiv'> <InPorts = 2> <OutPorts = 1>

State 4 <SV = 3> <Delay = 4.19>
ST_4 : Operation 33 [3/5] (4.19ns)   --->   "%div1 = hdiv i16 %val1, i16 %val2_4_read" [stddev-max-throughput/src/correlation.cpp:196]   --->   Operation 33 'hdiv' 'div1' <Predicate = true> <Delay = 4.19> <CoreInst = "HDiv">   --->   Core 57 'HDiv' <Latency = 4> <II = 1> <Delay = 4.19> <FuncUnit> <Opcode : 'hdiv'> <InPorts = 2> <OutPorts = 1>
ST_4 : Operation 34 [3/5] (4.19ns)   --->   "%div121_1 = hdiv i16 %val1_1, i16 %val2_4_read" [stddev-max-throughput/src/correlation.cpp:196]   --->   Operation 34 'hdiv' 'div121_1' <Predicate = true> <Delay = 4.19> <CoreInst = "HDiv">   --->   Core 57 'HDiv' <Latency = 4> <II = 1> <Delay = 4.19> <FuncUnit> <Opcode : 'hdiv'> <InPorts = 2> <OutPorts = 1>

State 5 <SV = 4> <Delay = 4.19>
ST_5 : Operation 35 [2/5] (4.19ns)   --->   "%div1 = hdiv i16 %val1, i16 %val2_4_read" [stddev-max-throughput/src/correlation.cpp:196]   --->   Operation 35 'hdiv' 'div1' <Predicate = true> <Delay = 4.19> <CoreInst = "HDiv">   --->   Core 57 'HDiv' <Latency = 4> <II = 1> <Delay = 4.19> <FuncUnit> <Opcode : 'hdiv'> <InPorts = 2> <OutPorts = 1>
ST_5 : Operation 36 [2/5] (4.19ns)   --->   "%div121_1 = hdiv i16 %val1_1, i16 %val2_4_read" [stddev-max-throughput/src/correlation.cpp:196]   --->   Operation 36 'hdiv' 'div121_1' <Predicate = true> <Delay = 4.19> <CoreInst = "HDiv">   --->   Core 57 'HDiv' <Latency = 4> <II = 1> <Delay = 4.19> <FuncUnit> <Opcode : 'hdiv'> <InPorts = 2> <OutPorts = 1>
ST_5 : Operation 44 [1/1] (0.00ns)   --->   "%ret_ln0 = ret"   --->   Operation 44 'ret' 'ret_ln0' <Predicate = (tmp)> <Delay = 0.00>

State 6 <SV = 5> <Delay = 5.43>
ST_6 : Operation 37 [1/1] (0.00ns)   --->   "%specpipeline_ln193 = specpipeline void @_ssdm_op_SpecPipeline, i32 1, i32 0, i32 0, i32 0, void @empty_2" [stddev-max-throughput/src/correlation.cpp:193]   --->   Operation 37 'specpipeline' 'specpipeline_ln193' <Predicate = true> <Delay = 0.00>
ST_6 : Operation 38 [1/1] (0.00ns)   --->   "%specloopname_ln132 = specloopname void @_ssdm_op_SpecLoopName, void @empty_10" [stddev-max-throughput/src/correlation.cpp:132]   --->   Operation 38 'specloopname' 'specloopname_ln132' <Predicate = true> <Delay = 0.00>
ST_6 : Operation 39 [1/5] (4.19ns)   --->   "%div1 = hdiv i16 %val1, i16 %val2_4_read" [stddev-max-throughput/src/correlation.cpp:196]   --->   Operation 39 'hdiv' 'div1' <Predicate = true> <Delay = 4.19> <CoreInst = "HDiv">   --->   Core 57 'HDiv' <Latency = 4> <II = 1> <Delay = 4.19> <FuncUnit> <Opcode : 'hdiv'> <InPorts = 2> <OutPorts = 1>
ST_6 : Operation 40 [1/1] (1.23ns)   --->   "%store_ln196 = store i16 %div1, i11 %reg_file_5_0_addr" [stddev-max-throughput/src/correlation.cpp:196]   --->   Operation 40 'store' 'store_ln196' <Predicate = true> <Delay = 1.23> <CoreInst = "RAM_T2P_BRAM">   --->   Core 99 'RAM_T2P_BRAM' <Latency = 1> <II = 1> <Delay = 1.23> <Storage> <Opcode : 'load' 'store'> <Ports = 2> <Width = 16> <Depth = 2048> <RAM>
ST_6 : Operation 41 [1/5] (4.19ns)   --->   "%div121_1 = hdiv i16 %val1_1, i16 %val2_4_read" [stddev-max-throughput/src/correlation.cpp:196]   --->   Operation 41 'hdiv' 'div121_1' <Predicate = true> <Delay = 4.19> <CoreInst = "HDiv">   --->   Core 57 'HDiv' <Latency = 4> <II = 1> <Delay = 4.19> <FuncUnit> <Opcode : 'hdiv'> <InPorts = 2> <OutPorts = 1>
ST_6 : Operation 42 [1/1] (1.23ns)   --->   "%store_ln196 = store i16 %div121_1, i11 %reg_file_5_1_addr" [stddev-max-throughput/src/correlation.cpp:196]   --->   Operation 42 'store' 'store_ln196' <Predicate = true> <Delay = 1.23> <CoreInst = "RAM_T2P_BRAM">   --->   Core 99 'RAM_T2P_BRAM' <Latency = 1> <II = 1> <Delay = 1.23> <Storage> <Opcode : 'load' 'store'> <Ports = 2> <Width = 16> <Depth = 2048> <RAM>
ST_6 : Operation 43 [1/1] (0.00ns)   --->   "%br_ln190 = br void %for.inc125" [stddev-max-throughput/src/correlation.cpp:190]   --->   Operation 43 'br' 'br_ln190' <Predicate = true> <Delay = 0.00>


============================================================
+ Verbose Summary: Timing violations
============================================================
Target clock period: 10ns, clock uncertainty: 2.7ns.

 <State 1>: 1.24ns
The critical path consists of the following:
	'alloca' operation ('j') [4]  (0 ns)
	'load' operation ('j', stddev-max-throughput/src/correlation.cpp:190) on local variable 'j' [11]  (0 ns)
	'getelementptr' operation ('reg_file_5_0_addr', stddev-max-throughput/src/correlation.cpp:194) [20]  (0 ns)
	'load' operation ('val1', stddev-max-throughput/src/correlation.cpp:194) on array 'reg_file_5_0' [21]  (1.24 ns)

 <State 2>: 5.43ns
The critical path consists of the following:
	'load' operation ('val1', stddev-max-throughput/src/correlation.cpp:194) on array 'reg_file_5_0' [21]  (1.24 ns)
	'hdiv' operation ('div1', stddev-max-throughput/src/correlation.cpp:196) [22]  (4.2 ns)

 <State 3>: 4.2ns
The critical path consists of the following:
	'hdiv' operation ('div1', stddev-max-throughput/src/correlation.cpp:196) [22]  (4.2 ns)

 <State 4>: 4.2ns
The critical path consists of the following:
	'hdiv' operation ('div1', stddev-max-throughput/src/correlation.cpp:196) [22]  (4.2 ns)

 <State 5>: 4.2ns
The critical path consists of the following:
	'hdiv' operation ('div1', stddev-max-throughput/src/correlation.cpp:196) [22]  (4.2 ns)

 <State 6>: 5.43ns
The critical path consists of the following:
	'hdiv' operation ('div1', stddev-max-throughput/src/correlation.cpp:196) [22]  (4.2 ns)
	'store' operation ('store_ln196', stddev-max-throughput/src/correlation.cpp:196) of variable 'div1', stddev-max-throughput/src/correlation.cpp:196 on array 'reg_file_5_0' [23]  (1.24 ns)


============================================================
+ Verbose Summary: Binding
============================================================
N/A
* FSMD analyzer results:
  - Output states:
 - Input state : 
  - Chain level:
	State 1
	State 2
	State 3
	State 4
	State 5
	State 6


============================================================
+ Verbose Summary: Datapath Resource usage 
============================================================
N/A
