

================================================================
== Synthesis Summary Report of 'corr_accel'
================================================================
+ General Information: 
    * Date:           Sat Nov 19 16:30:37 2022
    * Version:        2022.2 (Build 3670227 on Oct 13 2022)
    * Project:        stddev-max-throughput
    * Solution:       zcu104 (Vivado IP Flow Target)
    * Product family: zynquplus
    * Target device:  xczu7ev-ffvc1156-2-e
    

+ Performance & Resource Estimates: 
    
    PS: '+' for module; 'o' for loop; '*' for dataflow
    +----------------------------------------------------------+------+------+---------+-----------+----------+---------+-------+----------+----------+---------+------------+------------+-----+
    |                          Modules                         | Issue|      | Latency |  Latency  | Iteration|         |  Trip |          |          |         |            |            |     |
    |                          & Loops                         | Type | Slack| (cycles)|    (ns)   |  Latency | Interval| Count | Pipelined|   BRAM   |   DSP   |     FF     |     LUT    | URAM|
    +----------------------------------------------------------+------+------+---------+-----------+----------+---------+-------+----------+----------+---------+------------+------------+-----+
    |+ corr_accel                                              |     -|  0.16|    41150|  4.115e+05|         -|    41151|      -|        no|  64 (10%)|  8 (~0%)|  1947 (~0%)|  10367 (4%)|    -|
    | + recv_data_burst                                        |     -|  4.42|    16386|  1.639e+05|         -|    16386|      -|        no|         -|        -|   138 (~0%)|   2385 (1%)|    -|
    |  o VITIS_LOOP_39_1                                       |     -|  7.30|    16384|  1.638e+05|         2|        1|  16384|       yes|         -|        -|           -|           -|    -|
    | + compute                                                |     -|  0.16|     8370|  8.370e+04|         -|     8370|      -|        no|         -|  8 (~0%)|  1319 (~0%)|   2578 (1%)|    -|
    |  + compute_Pipeline_VITIS_LOOP_134_1                     |     -|  6.06|       18|    180.000|         -|       18|      -|        no|         -|        -|     9 (~0%)|    50 (~0%)|    -|
    |   o VITIS_LOOP_134_1                                     |     -|  7.30|       16|    160.000|         1|        1|     16|       yes|         -|        -|           -|           -|    -|
    |  + compute_Pipeline_VITIS_LOOP_156_5                     |     -|  6.06|       34|    340.000|         -|       34|      -|        no|         -|        -|     9 (~0%)|    41 (~0%)|    -|
    |   o VITIS_LOOP_156_5                                     |     -|  7.30|       32|    320.000|         1|        1|     32|       yes|         -|        -|           -|           -|    -|
    |  + compute_Pipeline_VITIS_LOOP_140_2_VITIS_LOOP_141_3    |     -|  0.16|     2051|  2.051e+04|         -|     2051|      -|        no|         -|        -|    51 (~0%)|   155 (~0%)|    -|
    |   o VITIS_LOOP_140_2_VITIS_LOOP_141_3                    |     -|  7.30|     2049|  2.049e+04|         3|        1|   2048|       yes|         -|        -|           -|           -|    -|
    |  + compute_Pipeline_VITIS_LOOP_150_4                     |     -|  1.87|       38|    380.000|         -|       38|      -|        no|         -|        -|   156 (~0%)|   116 (~0%)|    -|
    |   o VITIS_LOOP_150_4                                     |     -|  7.30|       36|    360.000|         6|        1|     32|       yes|         -|        -|           -|           -|    -|
    |  + compute_Pipeline_VITIS_LOOP_162_6_VITIS_LOOP_163_7    |     -|  0.16|     2052|  2.052e+04|         -|     2052|      -|        no|         -|        -|   115 (~0%)|   180 (~0%)|    -|
    |   o VITIS_LOOP_162_6_VITIS_LOOP_163_7                    |     -|  7.30|     2050|  2.050e+04|         4|        1|   2048|       yes|         -|        -|           -|           -|    -|
    |  + compute_Pipeline_VITIS_LOOP_172_8_VITIS_LOOP_173_9    |     -|  0.91|     2052|  2.052e+04|         -|     2052|      -|        no|         -|  4 (~0%)|   321 (~0%)|   302 (~0%)|    -|
    |   o VITIS_LOOP_172_8_VITIS_LOOP_173_9                    |     -|  7.30|     2050|  2.050e+04|         4|        1|   2048|       yes|         -|        -|           -|           -|    -|
    |  + compute_Pipeline_VITIS_LOOP_181_10_VITIS_LOOP_182_11  |     -|  0.16|     2051|  2.051e+04|         -|     2051|      -|        no|         -|        -|    51 (~0%)|   155 (~0%)|    -|
    |   o VITIS_LOOP_181_10_VITIS_LOOP_182_11                  |     -|  7.30|     2049|  2.049e+04|         3|        1|   2048|       yes|         -|        -|           -|           -|    -|
    |  + compute_Pipeline_VITIS_LOOP_190_12                    |     -|  1.87|       38|    380.000|         -|       38|      -|        no|         -|        -|   156 (~0%)|   116 (~0%)|    -|
    |   o VITIS_LOOP_190_12                                    |     -|  7.30|       36|    360.000|         6|        1|     32|       yes|         -|        -|           -|           -|    -|
    |  + compute_Pipeline_VITIS_LOOP_199_13                    |     -|  0.62|       39|    390.000|         -|       39|      -|        no|         -|        -|   222 (~0%)|   116 (~0%)|    -|
    |   o VITIS_LOOP_199_13                                    |     -|  7.30|       37|    370.000|         7|        1|     32|       yes|         -|        -|           -|           -|    -|
    | + send_data_burst                                        |     -|  3.91|    16387|  1.639e+05|         -|    16387|      -|        no|         -|        -|   175 (~0%)|  2257 (~0%)|    -|
    |  o VITIS_LOOP_83_1                                       |     -|  7.30|    16385|  1.638e+05|         3|        1|  16384|       yes|         -|        -|           -|           -|    -|
    +----------------------------------------------------------+------+------+---------+-----------+----------+---------+-------+----------+----------+---------+------------+------------+-----+


================================================================
== HW Interfaces
================================================================
* S_AXILITE Interfaces
+---------------+------------+---------------+--------+----------+
| Interface     | Data Width | Address Width | Offset | Register |
+---------------+------------+---------------+--------+----------+
| s_axi_control | 32         | 6             | 16     | 1        |
+---------------+------------+---------------+--------+----------+

* S_AXILITE Registers
+---------------+--------------+--------+-------+--------+----------------------------------+----------------------------------------------------------------------+
| Interface     | Register     | Offset | Width | Access | Description                      | Bit Fields                                                           |
+---------------+--------------+--------+-------+--------+----------------------------------+----------------------------------------------------------------------+
| s_axi_control | CTRL         | 0x00   | 32    | RW     | Control signals                  | 0=AP_START 1=AP_DONE 2=AP_IDLE 3=AP_READY 7=AUTO_RESTART 9=INTERRUPT |
| s_axi_control | GIER         | 0x04   | 32    | RW     | Global Interrupt Enable Register | 0=Enable                                                             |
| s_axi_control | IP_IER       | 0x08   | 32    | RW     | IP Interrupt Enable Register     | 0=CHAN0_INT_EN 1=CHAN1_INT_EN                                        |
| s_axi_control | IP_ISR       | 0x0c   | 32    | RW     | IP Interrupt Status Register     | 0=CHAN0_INT_ST 1=CHAN1_INT_ST                                        |
| s_axi_control | start_time_1 | 0x10   | 32    | R      | Data signal of start_time        |                                                                      |
| s_axi_control | start_time_2 | 0x14   | 32    | R      | Data signal of start_time        |                                                                      |
| s_axi_control | end_time_1   | 0x28   | 32    | R      | Data signal of end_time          |                                                                      |
| s_axi_control | end_time_2   | 0x2c   | 32    | R      | Data signal of end_time          |                                                                      |
+---------------+--------------+--------+-------+--------+----------------------------------+----------------------------------------------------------------------+

* AP_MEMORY
+-------------------+----------+
| Interface         | Bitwidth |
+-------------------+----------+
| data_in_address0  | 14       |
| data_in_q0        | 64       |
| data_out_address0 | 14       |
| data_out_d0       | 64       |
+-------------------+----------+

* Other Ports
+-----------+---------+----------+
| Interface | Mode    | Bitwidth |
+-----------+---------+----------+
| counter   | ap_none | 64       |
+-----------+---------+----------+

* TOP LEVEL CONTROL
+-----------+------------+-----------+
| Interface | Type       | Ports     |
+-----------+------------+-----------+
| ap_clk    | clock      | ap_clk    |
| ap_rst_n  | reset      | ap_rst_n  |
| interrupt | interrupt  | interrupt |
| ap_ctrl   | ap_ctrl_hs |           |
+-----------+------------+-----------+


================================================================
== SW I/O Information
================================================================
* Top Function Arguments
+------------+-----------+--------------+
| Argument   | Direction | Datatype     |
+------------+-----------+--------------+
| data_in    | in        | ap_uint<64>* |
| data_out   | out       | ap_uint<64>* |
| counter    | in        | pointer      |
| start_time | out       | ap_uint<64>* |
| end_time   | out       | ap_uint<64>* |
+------------+-----------+--------------+

* SW-to-HW Mapping
+------------+-------------------+----------+----------+----------------------------------------+
| Argument   | HW Interface      | HW Type  | HW Usage | HW Info                                |
+------------+-------------------+----------+----------+----------------------------------------+
| data_in    | data_in_address0  | port     | offset   |                                        |
| data_in    | data_in_ce0       | port     |          |                                        |
| data_in    | data_in_q0        | port     |          |                                        |
| data_out   | data_out_address0 | port     | offset   |                                        |
| data_out   | data_out_ce0      | port     |          |                                        |
| data_out   | data_out_we0      | port     |          |                                        |
| data_out   | data_out_d0       | port     |          |                                        |
| counter    | counter           | port     |          |                                        |
| start_time | s_axi_control     | register |          | name=start_time_1 offset=0x10 range=32 |
| start_time | s_axi_control     | register |          | name=start_time_2 offset=0x14 range=32 |
| end_time   | s_axi_control     | register |          | name=end_time_1 offset=0x28 range=32   |
| end_time   | s_axi_control     | register |          | name=end_time_2 offset=0x2c range=32   |
+------------+-------------------+----------+----------+----------------------------------------+


================================================================
== Bind Op Report
================================================================
+----------------------------------------------------------+-----+--------+-------------------+---------+--------+---------+
| Name                                                     | DSP | Pragma | Variable          | Op      | Impl   | Latency |
+----------------------------------------------------------+-----+--------+-------------------+---------+--------+---------+
| + corr_accel                                             | 8   |        |                   |         |        |         |
|  + recv_data_burst                                       | 0   |        |                   |         |        |         |
|    add_ln39_fu_1542_p2                                   | -   |        | add_ln39          | add     | fabric | 0       |
|    addr_fu_1672_p2                                       | -   |        | addr              | add     | fabric | 0       |
|    add_ln47_fu_1809_p2                                   | -   |        | add_ln47          | add     | fabric | 0       |
|    add_ln48_fu_1907_p2                                   | -   |        | add_ln48          | add     | fabric | 0       |
|    add_ln49_fu_2005_p2                                   | -   |        | add_ln49          | add     | fabric | 0       |
|    j_fu_1575_p2                                          | -   |        | j                 | add     | fabric | 0       |
|    i_fu_1587_p2                                          | -   |        | i                 | add     | fabric | 0       |
|    add_ln67_fu_1599_p2                                   | -   |        | add_ln67          | add     | fabric | 0       |
|  + compute                                               | 8   |        |                   |         |        |         |
|    hdiv_16ns_16ns_16_5_no_dsp_1_U83                      | -   |        | reg_file_0_0_load | ram_t2p | bram   | 1       |
|   + compute_Pipeline_VITIS_LOOP_134_1                    | 0   |        |                   |         |        |         |
|     add_ln134_fu_148_p2                                  | -   |        | add_ln134         | add     | fabric | 0       |
|   + compute_Pipeline_VITIS_LOOP_156_5                    | 0   |        |                   |         |        |         |
|     add_ln156_fu_108_p2                                  | -   |        | add_ln156         | add     | fabric | 0       |
|   + compute_Pipeline_VITIS_LOOP_140_2_VITIS_LOOP_141_3   | 0   |        |                   |         |        |         |
|     add_ln140_fu_168_p2                                  | -   |        | add_ln140         | add     | fabric | 0       |
|     add_ln140_1_fu_196_p2                                | -   |        | add_ln140_1       | add     | fabric | 0       |
|     add_ln141_fu_244_p2                                  | -   |        | add_ln141         | add     | fabric | 0       |
|   + compute_Pipeline_VITIS_LOOP_150_4                    | 0   |        |                   |         |        |         |
|     add_ln150_fu_134_p2                                  | -   |        | add_ln150         | add     | fabric | 0       |
|   + compute_Pipeline_VITIS_LOOP_162_6_VITIS_LOOP_163_7   | 0   |        |                   |         |        |         |
|     add_ln162_fu_168_p2                                  | -   |        | add_ln162         | add     | fabric | 0       |
|     add_ln162_1_fu_228_p2                                | -   |        | add_ln162_1       | add     | fabric | 0       |
|     add_ln163_fu_209_p2                                  | -   |        | add_ln163         | add     | fabric | 0       |
|   + compute_Pipeline_VITIS_LOOP_172_8_VITIS_LOOP_173_9   | 4   |        |                   |         |        |         |
|     add_ln172_fu_214_p2                                  | -   |        | add_ln172         | add     | fabric | 0       |
|     add_ln172_1_fu_242_p2                                | -   |        | add_ln172_1       | add     | fabric | 0       |
|     hmul_16ns_16ns_16_2_max_dsp_1_U55                    | 2   |        | mul               | hmul    | maxdsp | 1       |
|     add_ln11_fu_322_p2                                   | -   |        | add_ln11          | add     | fabric | 0       |
|     hmul_16ns_16ns_16_2_max_dsp_1_U56                    | 2   |        | mul_1             | hmul    | maxdsp | 1       |
|     add_ln173_fu_338_p2                                  | -   |        | add_ln173         | add     | fabric | 0       |
|   + compute_Pipeline_VITIS_LOOP_181_10_VITIS_LOOP_182_11 | 0   |        |                   |         |        |         |
|     add_ln181_fu_168_p2                                  | -   |        | add_ln181         | add     | fabric | 0       |
|     add_ln181_1_fu_196_p2                                | -   |        | add_ln181_1       | add     | fabric | 0       |
|     add_ln182_fu_244_p2                                  | -   |        | add_ln182         | add     | fabric | 0       |
|   + compute_Pipeline_VITIS_LOOP_190_12                   | 0   |        |                   |         |        |         |
|     add_ln190_fu_134_p2                                  | -   |        | add_ln190         | add     | fabric | 0       |
|   + compute_Pipeline_VITIS_LOOP_199_13                   | 0   |        |                   |         |        |         |
|     hsqrt_16ns_16_4_no_dsp_1_U76                         | -   |        | tmp               | hsqrt   | fabric | 3       |
|     hsqrt_16ns_16_4_no_dsp_1_U77                         | -   |        | tmp_s             | hsqrt   | fabric | 3       |
|     add_ln199_fu_124_p2                                  | -   |        | add_ln199         | add     | fabric | 0       |
|  + send_data_burst                                       | 0   |        |                   |         |        |         |
|    add_ln83_fu_1498_p2                                   | -   |        | add_ln83          | add     | fabric | 0       |
|    addr_fu_1626_p2                                       | -   |        | addr              | add     | fabric | 0       |
|    add_ln97_fu_1677_p2                                   | -   |        | add_ln97          | add     | fabric | 0       |
|    add_ln98_fu_1729_p2                                   | -   |        | add_ln98          | add     | fabric | 0       |
|    add_ln99_fu_1781_p2                                   | -   |        | add_ln99          | add     | fabric | 0       |
|    j_1_fu_1529_p2                                        | -   |        | j_1               | add     | fabric | 0       |
|    i_1_fu_1541_p2                                        | -   |        | i_1               | add     | fabric | 0       |
|    add_ln108_fu_1553_p2                                  | -   |        | add_ln108         | add     | fabric | 0       |
+----------------------------------------------------------+-----+--------+-------------------+---------+--------+---------+


================================================================
== Bind Storage Report
================================================================
+-----------------+------+------+--------+-------------+---------+------+---------+
| Name            | BRAM | URAM | Pragma | Variable    | Storage | Impl | Latency |
+-----------------+------+------+--------+-------------+---------+------+---------+
| + corr_accel    | 64   | 0    |        |             |         |      |         |
|   reg_file_U    | 2    | -    | yes    | reg_file    | ram_t2p | bram | 1       |
|   reg_file_1_U  | 2    | -    | yes    | reg_file_1  | ram_t2p | bram | 1       |
|   reg_file_2_U  | 2    | -    | yes    | reg_file_2  | ram_t2p | bram | 1       |
|   reg_file_3_U  | 2    | -    | yes    | reg_file_3  | ram_t2p | bram | 1       |
|   reg_file_4_U  | 2    | -    | yes    | reg_file_4  | ram_t2p | bram | 1       |
|   reg_file_5_U  | 2    | -    | yes    | reg_file_5  | ram_t2p | bram | 1       |
|   reg_file_6_U  | 2    | -    | yes    | reg_file_6  | ram_t2p | bram | 1       |
|   reg_file_7_U  | 2    | -    | yes    | reg_file_7  | ram_t2p | bram | 1       |
|   reg_file_8_U  | 2    | -    | yes    | reg_file_8  | ram_t2p | bram | 1       |
|   reg_file_9_U  | 2    | -    | yes    | reg_file_9  | ram_t2p | bram | 1       |
|   reg_file_10_U | 2    | -    | yes    | reg_file_10 | ram_t2p | bram | 1       |
|   reg_file_11_U | 2    | -    | yes    | reg_file_11 | ram_t2p | bram | 1       |
|   reg_file_12_U | 2    | -    | yes    | reg_file_12 | ram_t2p | bram | 1       |
|   reg_file_13_U | 2    | -    | yes    | reg_file_13 | ram_t2p | bram | 1       |
|   reg_file_14_U | 2    | -    | yes    | reg_file_14 | ram_t2p | bram | 1       |
|   reg_file_15_U | 2    | -    | yes    | reg_file_15 | ram_t2p | bram | 1       |
|   reg_file_16_U | 2    | -    | yes    | reg_file_16 | ram_t2p | bram | 1       |
|   reg_file_17_U | 2    | -    | yes    | reg_file_17 | ram_t2p | bram | 1       |
|   reg_file_18_U | 2    | -    | yes    | reg_file_18 | ram_t2p | bram | 1       |
|   reg_file_19_U | 2    | -    | yes    | reg_file_19 | ram_t2p | bram | 1       |
|   reg_file_20_U | 2    | -    | yes    | reg_file_20 | ram_t2p | bram | 1       |
|   reg_file_21_U | 2    | -    | yes    | reg_file_21 | ram_t2p | bram | 1       |
|   reg_file_22_U | 2    | -    | yes    | reg_file_22 | ram_t2p | bram | 1       |
|   reg_file_23_U | 2    | -    | yes    | reg_file_23 | ram_t2p | bram | 1       |
|   reg_file_24_U | 2    | -    | yes    | reg_file_24 | ram_t2p | bram | 1       |
|   reg_file_25_U | 2    | -    | yes    | reg_file_25 | ram_t2p | bram | 1       |
|   reg_file_26_U | 2    | -    | yes    | reg_file_26 | ram_t2p | bram | 1       |
|   reg_file_27_U | 2    | -    | yes    | reg_file_27 | ram_t2p | bram | 1       |
|   reg_file_28_U | 2    | -    | yes    | reg_file_28 | ram_t2p | bram | 1       |
|   reg_file_29_U | 2    | -    | yes    | reg_file_29 | ram_t2p | bram | 1       |
|   reg_file_30_U | 2    | -    | yes    | reg_file_30 | ram_t2p | bram | 1       |
|   reg_file_31_U | 2    | -    | yes    | reg_file_31 | ram_t2p | bram | 1       |
+-----------------+------+------+--------+-------------+---------+------+---------+


================================================================
== Pragma Report
================================================================
* Ignored Pragmas
+-----------+-------------------------------------+----------------------------------------------------------------------+----------------------------------------------------+
| Type      | Options                             | Location                                                             | Messages                                           |
+-----------+-------------------------------------+----------------------------------------------------------------------+----------------------------------------------------+
| interface | mode=ap_none port=counter register= | stddev-max-throughput/src/correlation.cpp:218 in corr_accel, counter | unexpected pragma argument '=', expects identifier |
| interface | mode=m_axi bundle=reg_file[         | stddev-max-throughput/src/correlation.cpp:219 in corr_accel          | unexpected pragma argument '[', expects identifier |
| interface | mode=m_axi bundle=reg_file[         | stddev-max-throughput/src/correlation.cpp:220 in corr_accel          | unexpected pragma argument '[', expects identifier |
+-----------+-------------------------------------+----------------------------------------------------------------------+----------------------------------------------------+

* Valid Pragma Syntax
+-----------------+----------------------------------------------+---------------------------------------------------------------------------+
| Type            | Options                                      | Location                                                                  |
+-----------------+----------------------------------------------+---------------------------------------------------------------------------+
| inline          |                                              | stddev-max-throughput/src/correlation.cpp:10 in access                    |
| inline          |                                              | stddev-max-throughput/src/correlation.cpp:15 in cast_half                 |
| inline          |                                              | stddev-max-throughput/src/correlation.cpp:20 in cast_dma_type             |
| inline          | off                                          | stddev-max-throughput/src/correlation.cpp:30 in recv_data_burst           |
| pipeline        |                                              | stddev-max-throughput/src/correlation.cpp:40 in recv_data_burst           |
| dependence      | dependent=false type=inter variable=reg_file | stddev-max-throughput/src/correlation.cpp:41 in recv_data_burst, reg_file |
| dependence      | dependent=false type=intra variable=reg_file | stddev-max-throughput/src/correlation.cpp:42 in recv_data_burst, reg_file |
| inline          | off                                          | stddev-max-throughput/src/correlation.cpp:74 in send_data_burst           |
| pipeline        |                                              | stddev-max-throughput/src/correlation.cpp:84 in send_data_burst           |
| inline          | off                                          | stddev-max-throughput/src/correlation.cpp:121 in compute                  |
| dependence      | dependent=false type=inter variable=reg_file | stddev-max-throughput/src/correlation.cpp:135 in compute, reg_file        |
| unroll          | factor=4                                     | stddev-max-throughput/src/correlation.cpp:136 in compute                  |
| pipeline        | ii=1                                         | stddev-max-throughput/src/correlation.cpp:137 in compute                  |
| dependence      | dependent=false type=inter variable=reg_file | stddev-max-throughput/src/correlation.cpp:142 in compute, reg_file        |
| unroll          | factor=2                                     | stddev-max-throughput/src/correlation.cpp:143 in compute                  |
| pipeline        | ii=1                                         | stddev-max-throughput/src/correlation.cpp:144 in compute                  |
| dependence      | dependent=false type=inter variable=reg_file | stddev-max-throughput/src/correlation.cpp:151 in compute, reg_file        |
| unroll          | factor=2                                     | stddev-max-throughput/src/correlation.cpp:152 in compute                  |
| pipeline        | ii=1                                         | stddev-max-throughput/src/correlation.cpp:153 in compute                  |
| dependence      | dependent=false type=inter variable=reg_file | stddev-max-throughput/src/correlation.cpp:157 in compute, reg_file        |
| unroll          | factor=2                                     | stddev-max-throughput/src/correlation.cpp:158 in compute                  |
| pipeline        | ii=1                                         | stddev-max-throughput/src/correlation.cpp:159 in compute                  |
| dependence      | dependent=false type=inter variable=reg_file | stddev-max-throughput/src/correlation.cpp:164 in compute, reg_file        |
| unroll          | factor=2                                     | stddev-max-throughput/src/correlation.cpp:165 in compute                  |
| pipeline        | ii=1                                         | stddev-max-throughput/src/correlation.cpp:166 in compute                  |
| dependence      | dependent=false type=inter variable=reg_file | stddev-max-throughput/src/correlation.cpp:174 in compute, reg_file        |
| unroll          | factor=2                                     | stddev-max-throughput/src/correlation.cpp:175 in compute                  |
| pipeline        | ii=1                                         | stddev-max-throughput/src/correlation.cpp:176 in compute                  |
| dependence      | dependent=false type=inter variable=reg_file | stddev-max-throughput/src/correlation.cpp:183 in compute, reg_file        |
| unroll          | factor=2                                     | stddev-max-throughput/src/correlation.cpp:184 in compute                  |
| pipeline        | ii=1                                         | stddev-max-throughput/src/correlation.cpp:185 in compute                  |
| dependence      | dependent=false type=inter variable=reg_file | stddev-max-throughput/src/correlation.cpp:191 in compute, reg_file        |
| unroll          | factor=2                                     | stddev-max-throughput/src/correlation.cpp:192 in compute                  |
| pipeline        | ii=1                                         | stddev-max-throughput/src/correlation.cpp:193 in compute                  |
| dependence      | dependent=false type=inter variable=reg_file | stddev-max-throughput/src/correlation.cpp:200 in compute, reg_file        |
| unroll          | factor=2                                     | stddev-max-throughput/src/correlation.cpp:201 in compute                  |
| pipeline        | ii=1                                         | stddev-max-throughput/src/correlation.cpp:202 in compute                  |
| interface       | mode=s_axilite port=return                   | stddev-max-throughput/src/correlation.cpp:213 in corr_accel, return       |
| interface       | mode=s_axilite port=start_time               | stddev-max-throughput/src/correlation.cpp:214 in corr_accel, start_time   |
| interface       | mode=ap_none port=start_time register        | stddev-max-throughput/src/correlation.cpp:215 in corr_accel, start_time   |
| interface       | mode=s_axilite port=end_time                 | stddev-max-throughput/src/correlation.cpp:216 in corr_accel, end_time     |
| interface       | mode=ap_none port=end_time register          | stddev-max-throughput/src/correlation.cpp:217 in corr_accel, end_time     |
| bind_storage    | variable=reg_file type=ram_t2p impl=bram     | stddev-max-throughput/src/correlation.cpp:223 in corr_accel, reg_file     |
| array_partition | variable=reg_file dim=1 complete             | stddev-max-throughput/src/correlation.cpp:224 in corr_accel, reg_file     |
| array_partition | variable=reg_file dim=2 type=cyclic factor=2 | stddev-max-throughput/src/correlation.cpp:225 in corr_accel, reg_file     |
| protocol        | mode=fixed                                   | stddev-max-throughput/src/correlation.cpp:228 in corr_accel               |
+-----------------+----------------------------------------------+---------------------------------------------------------------------------+


