

================================================================
== Vitis HLS Report for 'compute_Pipeline_VITIS_LOOP_142_4'
================================================================
* Date:           Thu Jan 12 11:14:01 2023

* Version:        2022.2 (Build 3670227 on Oct 13 2022)
* Project:        trmm-max-sharing
* Solution:       zcu104 (Vivado IP Flow Target)
* Product family: zynquplus
* Target device:  xczu7ev-ffvc1156-2-e


================================================================
== Performance Estimates
================================================================
+ Timing: 
    * Summary: 
    +--------+----------+----------+------------+
    |  Clock |  Target  | Estimated| Uncertainty|
    +--------+----------+----------+------------+
    |ap_clk  |  10.00 ns|  7.141 ns|     2.70 ns|
    +--------+----------+----------+------------+

+ Latency: 
    * Summary: 
    +---------+---------+----------+----------+-----+-----+---------+
    |  Latency (cycles) |  Latency (absolute) |  Interval | Pipeline|
    |   min   |   max   |    min   |    max   | min | max |   Type  |
    +---------+---------+----------+----------+-----+-----+---------+
    |       69|       69|  0.690 us|  0.690 us|   69|   69|       no|
    +---------+---------+----------+----------+-----+-----+---------+

    + Detail: 
        * Instance: 
        N/A

        * Loop: 
        +--------------------+---------+---------+----------+-----------+-----------+------+----------+
        |                    |  Latency (cycles) | Iteration|  Initiation Interval  | Trip |          |
        |      Loop Name     |   min   |   max   |  Latency |  achieved |   target  | Count| Pipelined|
        +--------------------+---------+---------+----------+-----------+-----------+------+----------+
        |- VITIS_LOOP_142_4  |       67|       67|         5|          1|          1|    64|       yes|
        +--------------------+---------+---------+----------+-----------+-----------+------+----------+



================================================================
== Utilization Estimates
================================================================
* Summary: 
+-----------------+---------+------+--------+--------+-----+
|       Name      | BRAM_18K|  DSP |   FF   |   LUT  | URAM|
+-----------------+---------+------+--------+--------+-----+
|DSP              |        -|     -|       -|       -|    -|
|Expression       |        -|     -|       0|      27|    -|
|FIFO             |        -|     -|       -|       -|    -|
|Instance         |        -|     2|      94|     131|    -|
|Memory           |        -|     -|       -|       -|    -|
|Multiplexer      |        -|     -|       -|      36|    -|
|Register         |        -|     -|     268|      96|    -|
+-----------------+---------+------+--------+--------+-----+
|Total            |        0|     2|     362|     290|    0|
+-----------------+---------+------+--------+--------+-----+
|Available        |      624|  1728|  460800|  230400|   96|
+-----------------+---------+------+--------+--------+-----+
|Utilization (%)  |        0|    ~0|      ~0|      ~0|    0|
+-----------------+---------+------+--------+--------+-----+

+ Detail: 
    * Instance: 
    +------------------------------------+--------------------------------+---------+----+----+-----+-----+
    |              Instance              |             Module             | BRAM_18K| DSP| FF | LUT | URAM|
    +------------------------------------+--------------------------------+---------+----+----+-----+-----+
    |hadd_16ns_16ns_16_2_full_dsp_1_U40  |hadd_16ns_16ns_16_2_full_dsp_1  |        0|   2|  94|  113|    0|
    |mux_21_16_1_1_U42                   |mux_21_16_1_1                   |        0|   0|   0|    9|    0|
    |mux_21_16_1_1_U43                   |mux_21_16_1_1                   |        0|   0|   0|    9|    0|
    +------------------------------------+--------------------------------+---------+----+----+-----+-----+
    |Total                               |                                |        0|   2|  94|  131|    0|
    +------------------------------------+--------------------------------+---------+----+----+-----+-----+

    * DSP: 
    N/A

    * Memory: 
    N/A

    * FIFO: 
    N/A

    * Expression: 
    +----------------------+----------+----+---+----+------------+------------+
    |     Variable Name    | Operation| DSP| FF| LUT| Bitwidth P0| Bitwidth P1|
    +----------------------+----------+----+---+----+------------+------------+
    |add_ln142_fu_197_p2   |         +|   0|  0|  14|           7|           1|
    |icmp_ln142_fu_191_p2  |      icmp|   0|  0|  11|           7|           8|
    |ap_enable_pp0         |       xor|   0|  0|   2|           1|           2|
    +----------------------+----------+----+---+----+------------+------------+
    |Total                 |          |   0|  0|  27|          15|          11|
    +----------------------+----------+----+---+----+------------+------------+

    * Multiplexer: 
    +-------------------------+----+-----------+-----+-----------+
    |           Name          | LUT| Input Size| Bits| Total Bits|
    +-------------------------+----+-----------+-----+-----------+
    |ap_done_int              |   9|          2|    1|          2|
    |ap_enable_reg_pp0_iter1  |   9|          2|    1|          2|
    |ap_sig_allocacmp_j       |   9|          2|    7|         14|
    |j_4_fu_76                |   9|          2|    7|         14|
    +-------------------------+----+-----------+-----+-----------+
    |Total                    |  36|          8|   16|         32|
    +-------------------------+----+-----------+-----+-----------+

    * Register: 
    +----------------------------------+----+----+-----+-----------+
    |               Name               | FF | LUT| Bits| Const Bits|
    +----------------------------------+----+----+-----+-----------+
    |ap_CS_fsm                         |   1|   0|    1|          0|
    |ap_done_reg                       |   1|   0|    1|          0|
    |ap_enable_reg_pp0_iter1           |   1|   0|    1|          0|
    |ap_enable_reg_pp0_iter2           |   1|   0|    1|          0|
    |ap_enable_reg_pp0_iter3           |   1|   0|    1|          0|
    |ap_enable_reg_pp0_iter4           |   1|   0|    1|          0|
    |ap_loop_exit_ready_pp0_iter1_reg  |   1|   0|    1|          0|
    |ap_loop_exit_ready_pp0_iter2_reg  |   1|   0|    1|          0|
    |ap_loop_exit_ready_pp0_iter3_reg  |   1|   0|    1|          0|
    |j_4_fu_76                         |   7|   0|    7|          0|
    |lshr_ln5_reg_288                  |   5|   0|    5|          0|
    |mul_reg_326                       |  16|   0|   16|          0|
    |reg_file_4_0_addr_reg_314         |  11|   0|   11|          0|
    |reg_file_4_1_addr_reg_320         |  11|   0|   11|          0|
    |tmp_35_reg_331                    |  16|   0|   16|          0|
    |trunc_ln146_reg_303               |   1|   0|    1|          0|
    |reg_file_4_0_addr_reg_314         |  64|  32|   11|          0|
    |reg_file_4_1_addr_reg_320         |  64|  32|   11|          0|
    |trunc_ln146_reg_303               |  64|  32|    1|          0|
    +----------------------------------+----+----+-----+-----------+
    |Total                             | 268|  96|   99|          0|
    +----------------------------------+----+----+-----+-----------+



================================================================
== Interface
================================================================
* Summary: 
+-----------------------+-----+-----+------------+-----------------------------------+--------------+
|       RTL Ports       | Dir | Bits|  Protocol  |           Source Object           |    C Type    |
+-----------------------+-----+-----+------------+-----------------------------------+--------------+
|ap_clk                 |   in|    1|  ap_ctrl_hs|  compute_Pipeline_VITIS_LOOP_142_4|  return value|
|ap_rst                 |   in|    1|  ap_ctrl_hs|  compute_Pipeline_VITIS_LOOP_142_4|  return value|
|ap_start               |   in|    1|  ap_ctrl_hs|  compute_Pipeline_VITIS_LOOP_142_4|  return value|
|ap_done                |  out|    1|  ap_ctrl_hs|  compute_Pipeline_VITIS_LOOP_142_4|  return value|
|ap_idle                |  out|    1|  ap_ctrl_hs|  compute_Pipeline_VITIS_LOOP_142_4|  return value|
|ap_ready               |  out|    1|  ap_ctrl_hs|  compute_Pipeline_VITIS_LOOP_142_4|  return value|
|grp_fu_127_p_din0      |  out|   16|  ap_ctrl_hs|  compute_Pipeline_VITIS_LOOP_142_4|  return value|
|grp_fu_127_p_din1      |  out|   16|  ap_ctrl_hs|  compute_Pipeline_VITIS_LOOP_142_4|  return value|
|grp_fu_127_p_dout0     |   in|   16|  ap_ctrl_hs|  compute_Pipeline_VITIS_LOOP_142_4|  return value|
|grp_fu_127_p_ce        |  out|    1|  ap_ctrl_hs|  compute_Pipeline_VITIS_LOOP_142_4|  return value|
|reg_file_4_1_address0  |  out|   11|   ap_memory|                       reg_file_4_1|         array|
|reg_file_4_1_ce0       |  out|    1|   ap_memory|                       reg_file_4_1|         array|
|reg_file_4_1_we0       |  out|    1|   ap_memory|                       reg_file_4_1|         array|
|reg_file_4_1_d0        |  out|   16|   ap_memory|                       reg_file_4_1|         array|
|reg_file_4_1_address1  |  out|   11|   ap_memory|                       reg_file_4_1|         array|
|reg_file_4_1_ce1       |  out|    1|   ap_memory|                       reg_file_4_1|         array|
|reg_file_4_1_q1        |   in|   16|   ap_memory|                       reg_file_4_1|         array|
|reg_file_4_0_address0  |  out|   11|   ap_memory|                       reg_file_4_0|         array|
|reg_file_4_0_ce0       |  out|    1|   ap_memory|                       reg_file_4_0|         array|
|reg_file_4_0_we0       |  out|    1|   ap_memory|                       reg_file_4_0|         array|
|reg_file_4_0_d0        |  out|   16|   ap_memory|                       reg_file_4_0|         array|
|reg_file_4_0_address1  |  out|   11|   ap_memory|                       reg_file_4_0|         array|
|reg_file_4_0_ce1       |  out|    1|   ap_memory|                       reg_file_4_0|         array|
|reg_file_4_0_q1        |   in|   16|   ap_memory|                       reg_file_4_0|         array|
|reg_file_3_1_address0  |  out|   11|   ap_memory|                       reg_file_3_1|         array|
|reg_file_3_1_ce0       |  out|    1|   ap_memory|                       reg_file_3_1|         array|
|reg_file_3_1_q0        |   in|   16|   ap_memory|                       reg_file_3_1|         array|
|reg_file_3_0_address0  |  out|   11|   ap_memory|                       reg_file_3_0|         array|
|reg_file_3_0_ce0       |  out|    1|   ap_memory|                       reg_file_3_0|         array|
|reg_file_3_0_q0        |   in|   16|   ap_memory|                       reg_file_3_0|         array|
|k                      |   in|    6|     ap_none|                                  k|        scalar|
|tmp_1                  |   in|   16|     ap_none|                              tmp_1|        scalar|
|tmp_36                 |   in|    6|     ap_none|                             tmp_36|        scalar|
+-----------------------+-----+-----+------------+-----------------------------------+--------------+

