

================================================================
== Vitis HLS Report for 'compute'
================================================================
* Date:           Sat Nov 19 14:52:08 2022

* Version:        2022.2 (Build 3670227 on Oct 13 2022)
* Project:        center-reduced-max-sharing
* Solution:       zcu104 (Vivado IP Flow Target)
* Product family: zynquplus
* Target device:  xczu7ev-ffvc1156-2-e


================================================================
== Performance Estimates
================================================================
+ Timing: 
    * Summary: 
    +--------+----------+----------+------------+
    |  Clock |  Target  | Estimated| Uncertainty|
    +--------+----------+----------+------------+
    |ap_clk  |  10.00 ns|  7.141 ns|     2.70 ns|
    +--------+----------+----------+------------+

+ Latency: 
    * Summary: 
    +---------+---------+----------+----------+-------+-------+---------+
    |  Latency (cycles) |  Latency (absolute) |    Interval   | Pipeline|
    |   min   |   max   |    min   |    max   |  min  |  max  |   Type  |
    +---------+---------+----------+----------+-------+-------+---------+
    |    20935|    20935|  0.209 ms|  0.209 ms|  20935|  20935|       no|
    +---------+---------+----------+----------+-------+-------+---------+

    + Detail: 
        * Instance: 
        +-----------------------------------------------------------------+------------------------------------------------------+---------+---------+-----------+-----------+------+------+---------+
        |                                                                 |                                                      |  Latency (cycles) |   Latency (absolute)  |   Interval  | Pipeline|
        |                             Instance                            |                        Module                        |   min   |   max   |    min    |    max    |  min |  max |   Type  |
        +-----------------------------------------------------------------+------------------------------------------------------+---------+---------+-----------+-----------+------+------+---------+
        |grp_compute_Pipeline_VITIS_LOOP_134_1_fu_82                      |compute_Pipeline_VITIS_LOOP_134_1                     |       66|       66|   0.660 us|   0.660 us|    66|    66|       no|
        |grp_compute_Pipeline_VITIS_LOOP_162_5_fu_90                      |compute_Pipeline_VITIS_LOOP_162_5                     |       66|       66|   0.660 us|   0.660 us|    66|    66|       no|
        |grp_compute_Pipeline_VITIS_LOOP_142_2_VITIS_LOOP_143_3_fu_98     |compute_Pipeline_VITIS_LOOP_142_2_VITIS_LOOP_143_3    |     4100|     4100|  41.000 us|  41.000 us|  4100|  4100|       no|
        |grp_compute_Pipeline_VITIS_LOOP_154_4_fu_110                     |compute_Pipeline_VITIS_LOOP_154_4                     |       70|       70|   0.700 us|   0.700 us|    70|    70|       no|
        |grp_compute_Pipeline_VITIS_LOOP_170_6_VITIS_LOOP_171_7_fu_120    |compute_Pipeline_VITIS_LOOP_170_6_VITIS_LOOP_171_7    |     4100|     4100|  41.000 us|  41.000 us|  4100|  4100|       no|
        |grp_compute_Pipeline_VITIS_LOOP_182_8_VITIS_LOOP_183_9_fu_132    |compute_Pipeline_VITIS_LOOP_182_8_VITIS_LOOP_183_9    |     4099|     4099|  40.990 us|  40.990 us|  4099|  4099|       no|
        |grp_compute_Pipeline_VITIS_LOOP_193_10_VITIS_LOOP_194_11_fu_144  |compute_Pipeline_VITIS_LOOP_193_10_VITIS_LOOP_194_11  |     4100|     4100|  41.000 us|  41.000 us|  4100|  4100|       no|
        |grp_compute_Pipeline_VITIS_LOOP_204_12_fu_156                    |compute_Pipeline_VITIS_LOOP_204_12                    |       70|       70|   0.700 us|   0.700 us|    70|    70|       no|
        |grp_compute_Pipeline_VITIS_LOOP_215_13_fu_165                    |compute_Pipeline_VITIS_LOOP_215_13                    |       71|       71|   0.710 us|   0.710 us|    71|    71|       no|
        |grp_compute_Pipeline_VITIS_LOOP_227_14_fu_173                    |compute_Pipeline_VITIS_LOOP_227_14                    |       69|       69|   0.690 us|   0.690 us|    69|    69|       no|
        |grp_compute_Pipeline_VITIS_LOOP_235_15_fu_181                    |compute_Pipeline_VITIS_LOOP_235_15                    |       67|       67|   0.670 us|   0.670 us|    67|    67|       no|
        |grp_compute_Pipeline_VITIS_LOOP_243_16_VITIS_LOOP_244_17_fu_195  |compute_Pipeline_VITIS_LOOP_243_16_VITIS_LOOP_244_17  |     4102|     4102|  41.020 us|  41.020 us|  4102|  4102|       no|
        +-----------------------------------------------------------------+------------------------------------------------------+---------+---------+-----------+-----------+------+------+---------+

        * Loop: 
        N/A



================================================================
== Utilization Estimates
================================================================
* Summary: 
+-----------------+---------+------+--------+--------+-----+
|       Name      | BRAM_18K|  DSP |   FF   |   LUT  | URAM|
+-----------------+---------+------+--------+--------+-----+
|DSP              |        -|     -|       -|       -|    -|
|Expression       |        -|     -|       0|       2|    -|
|FIFO             |        -|     -|       -|       -|    -|
|Instance         |        -|     4|    2390|    2415|    -|
|Memory           |        -|     -|       -|       -|    -|
|Multiplexer      |        -|     -|       -|    1270|    -|
|Register         |        -|     -|      66|       -|    -|
+-----------------+---------+------+--------+--------+-----+
|Total            |        0|     4|    2456|    3687|    0|
+-----------------+---------+------+--------+--------+-----+
|Available        |      624|  1728|  460800|  230400|   96|
+-----------------+---------+------+--------+--------+-----+
|Utilization (%)  |        0|    ~0|      ~0|       1|    0|
+-----------------+---------+------+--------+--------+-----+

+ Detail: 
    * Instance: 
    +-----------------------------------------------------------------+------------------------------------------------------+---------+----+-----+-----+-----+
    |                             Instance                            |                        Module                        | BRAM_18K| DSP|  FF | LUT | URAM|
    +-----------------------------------------------------------------+------------------------------------------------------+---------+----+-----+-----+-----+
    |grp_compute_Pipeline_VITIS_LOOP_134_1_fu_82                      |compute_Pipeline_VITIS_LOOP_134_1                     |        0|   0|    9|   52|    0|
    |grp_compute_Pipeline_VITIS_LOOP_142_2_VITIS_LOOP_143_3_fu_98     |compute_Pipeline_VITIS_LOOP_142_2_VITIS_LOOP_143_3    |        0|   0|  269|  281|    0|
    |grp_compute_Pipeline_VITIS_LOOP_154_4_fu_110                     |compute_Pipeline_VITIS_LOOP_154_4                     |        0|   0|  221|  176|    0|
    |grp_compute_Pipeline_VITIS_LOOP_162_5_fu_90                      |compute_Pipeline_VITIS_LOOP_162_5                     |        0|   0|    9|   52|    0|
    |grp_compute_Pipeline_VITIS_LOOP_170_6_VITIS_LOOP_171_7_fu_120    |compute_Pipeline_VITIS_LOOP_170_6_VITIS_LOOP_171_7    |        0|   0|  281|  298|    0|
    |grp_compute_Pipeline_VITIS_LOOP_182_8_VITIS_LOOP_183_9_fu_132    |compute_Pipeline_VITIS_LOOP_182_8_VITIS_LOOP_183_9    |        0|   0|   78|  168|    0|
    |grp_compute_Pipeline_VITIS_LOOP_193_10_VITIS_LOOP_194_11_fu_144  |compute_Pipeline_VITIS_LOOP_193_10_VITIS_LOOP_194_11  |        0|   0|  269|  281|    0|
    |grp_compute_Pipeline_VITIS_LOOP_204_12_fu_156                    |compute_Pipeline_VITIS_LOOP_204_12                    |        0|   0|  221|  176|    0|
    |grp_compute_Pipeline_VITIS_LOOP_215_13_fu_165                    |compute_Pipeline_VITIS_LOOP_215_13                    |        0|   0|  255|  176|    0|
    |grp_compute_Pipeline_VITIS_LOOP_227_14_fu_173                    |compute_Pipeline_VITIS_LOOP_227_14                    |        0|   0|  333|  255|    0|
    |grp_compute_Pipeline_VITIS_LOOP_235_15_fu_181                    |compute_Pipeline_VITIS_LOOP_235_15                    |        0|   0|   34|   72|    0|
    |grp_compute_Pipeline_VITIS_LOOP_243_16_VITIS_LOOP_244_17_fu_195  |compute_Pipeline_VITIS_LOOP_243_16_VITIS_LOOP_244_17  |        0|   0|  253|  281|    0|
    |hadd_16ns_16ns_16_2_full_dsp_1_U102                              |hadd_16ns_16ns_16_2_full_dsp_1                        |        0|   2|   94|  113|    0|
    |hdiv_16ns_16ns_16_5_no_dsp_1_U103                                |hdiv_16ns_16ns_16_5_no_dsp_1                          |        0|   0|    0|    0|    0|
    |hmul_16ns_16ns_16_2_max_dsp_1_U104                               |hmul_16ns_16ns_16_2_max_dsp_1                         |        0|   2|   64|   34|    0|
    +-----------------------------------------------------------------+------------------------------------------------------+---------+----+-----+-----+-----+
    |Total                                                            |                                                      |        0|   4| 2390| 2415|    0|
    +-----------------------------------------------------------------+------------------------------------------------------+---------+----+-----+-----+-----+

    * DSP: 
    N/A

    * Memory: 
    N/A

    * FIFO: 
    N/A

    * Expression: 
    +---------------------------------+----------+----+---+----+------------+------------+
    |          Variable Name          | Operation| DSP| FF| LUT| Bitwidth P0| Bitwidth P1|
    +---------------------------------+----------+----+---+----+------------+------------+
    |ap_block_state2_on_subcall_done  |        or|   0|  0|   2|           1|           1|
    +---------------------------------+----------+----+---+----+------------+------------+
    |Total                            |          |   0|  0|   2|           1|           1|
    +---------------------------------+----------+----+---+----+------------+------------+

    * Multiplexer: 
    +-----------------------+-----+-----------+-----+-----------+
    |          Name         | LUT | Input Size| Bits| Total Bits|
    +-----------------------+-----+-----------+-----+-----------+
    |ap_NS_fsm              |  116|         23|    1|         23|
    |grp_fu_228_ce          |   20|          4|    1|          4|
    |grp_fu_228_p0          |   20|          4|   16|         64|
    |grp_fu_228_p1          |   20|          4|   16|         64|
    |grp_fu_232_ce          |   20|          4|    1|          4|
    |grp_fu_232_p0          |   20|          4|   16|         64|
    |grp_fu_232_p1          |   20|          4|   16|         64|
    |grp_fu_236_ce          |   14|          3|    1|          3|
    |grp_fu_236_p0          |   14|          3|   16|         48|
    |grp_fu_236_p1          |   14|          3|   16|         48|
    |reg_file_2_0_address0  |   26|          5|   11|         55|
    |reg_file_2_0_address1  |   14|          3|   11|         33|
    |reg_file_2_0_ce0       |   26|          5|    1|          5|
    |reg_file_2_0_ce1       |   14|          3|    1|          3|
    |reg_file_2_0_d0        |   14|          3|   16|         48|
    |reg_file_2_0_we0       |   14|          3|    1|          3|
    |reg_file_2_1_address0  |   26|          5|   11|         55|
    |reg_file_2_1_address1  |   14|          3|   11|         33|
    |reg_file_2_1_ce0       |   26|          5|    1|          5|
    |reg_file_2_1_ce1       |   14|          3|    1|          3|
    |reg_file_2_1_d0        |   14|          3|   16|         48|
    |reg_file_2_1_we0       |   14|          3|    1|          3|
    |reg_file_4_0_address0  |   26|          5|   11|         55|
    |reg_file_4_0_address1  |   14|          3|   11|         33|
    |reg_file_4_0_ce0       |   26|          5|    1|          5|
    |reg_file_4_0_ce1       |   14|          3|    1|          3|
    |reg_file_4_0_d0        |   20|          4|   16|         64|
    |reg_file_4_0_we0       |   20|          4|    1|          4|
    |reg_file_4_1_address0  |   26|          5|   11|         55|
    |reg_file_4_1_address1  |   14|          3|   11|         33|
    |reg_file_4_1_ce0       |   26|          5|    1|          5|
    |reg_file_4_1_ce1       |   14|          3|    1|          3|
    |reg_file_4_1_d0        |   20|          4|   16|         64|
    |reg_file_4_1_we0       |   20|          4|    1|          4|
    |reg_file_5_0_address0  |   37|          7|   11|         77|
    |reg_file_5_0_address1  |   26|          5|   11|         55|
    |reg_file_5_0_ce0       |   37|          7|    1|          7|
    |reg_file_5_0_ce1       |   26|          5|    1|          5|
    |reg_file_5_0_d0        |   31|          6|   16|         96|
    |reg_file_5_0_we0       |   31|          6|    1|          6|
    |reg_file_5_1_address0  |   37|          7|   11|         77|
    |reg_file_5_1_address1  |   26|          5|   11|         55|
    |reg_file_5_1_ce0       |   37|          7|    1|          7|
    |reg_file_5_1_ce1       |   26|          5|    1|          5|
    |reg_file_5_1_d0        |   31|          6|   16|         96|
    |reg_file_5_1_we0       |   31|          6|    1|          6|
    |reg_file_6_0_address0  |   26|          5|   11|         55|
    |reg_file_6_0_ce0       |   26|          5|    1|          5|
    |reg_file_6_0_d0        |   14|          3|   16|         48|
    |reg_file_6_0_we0       |   14|          3|    1|          3|
    |reg_file_6_1_address0  |   26|          5|   11|         55|
    |reg_file_6_1_ce0       |   26|          5|    1|          5|
    |reg_file_6_1_d0        |   14|          3|   16|         48|
    |reg_file_6_1_we0       |   14|          3|    1|          3|
    +-----------------------+-----+-----------+-----+-----------+
    |Total                  | 1270|        252|  404|       1722|
    +-----------------------+-----+-----------+-----+-----------+

    * Register: 
    +------------------------------------------------------------------------------+----+----+-----+-----------+
    |                                     Name                                     | FF | LUT| Bits| Const Bits|
    +------------------------------------------------------------------------------+----+----+-----+-----------+
    |ap_CS_fsm                                                                     |  22|   0|   22|          0|
    |grp_compute_Pipeline_VITIS_LOOP_134_1_fu_82_ap_start_reg                      |   1|   0|    1|          0|
    |grp_compute_Pipeline_VITIS_LOOP_142_2_VITIS_LOOP_143_3_fu_98_ap_start_reg     |   1|   0|    1|          0|
    |grp_compute_Pipeline_VITIS_LOOP_154_4_fu_110_ap_start_reg                     |   1|   0|    1|          0|
    |grp_compute_Pipeline_VITIS_LOOP_162_5_fu_90_ap_start_reg                      |   1|   0|    1|          0|
    |grp_compute_Pipeline_VITIS_LOOP_170_6_VITIS_LOOP_171_7_fu_120_ap_start_reg    |   1|   0|    1|          0|
    |grp_compute_Pipeline_VITIS_LOOP_182_8_VITIS_LOOP_183_9_fu_132_ap_start_reg    |   1|   0|    1|          0|
    |grp_compute_Pipeline_VITIS_LOOP_193_10_VITIS_LOOP_194_11_fu_144_ap_start_reg  |   1|   0|    1|          0|
    |grp_compute_Pipeline_VITIS_LOOP_204_12_fu_156_ap_start_reg                    |   1|   0|    1|          0|
    |grp_compute_Pipeline_VITIS_LOOP_215_13_fu_165_ap_start_reg                    |   1|   0|    1|          0|
    |grp_compute_Pipeline_VITIS_LOOP_227_14_fu_173_ap_start_reg                    |   1|   0|    1|          0|
    |grp_compute_Pipeline_VITIS_LOOP_235_15_fu_181_ap_start_reg                    |   1|   0|    1|          0|
    |grp_compute_Pipeline_VITIS_LOOP_243_16_VITIS_LOOP_244_17_fu_195_ap_start_reg  |   1|   0|    1|          0|
    |reg_file_0_0_load_reg_212                                                     |  16|   0|   16|          0|
    |reg_file_1_0_load_reg_223                                                     |  16|   0|   16|          0|
    +------------------------------------------------------------------------------+----+----+-----+-----------+
    |Total                                                                         |  66|   0|   66|          0|
    +------------------------------------------------------------------------------+----+----+-----+-----------+



================================================================
== Interface
================================================================
* Summary: 
+-----------------------+-----+-----+------------+--------------+--------------+
|       RTL Ports       | Dir | Bits|  Protocol  | Source Object|    C Type    |
+-----------------------+-----+-----+------------+--------------+--------------+
|ap_clk                 |   in|    1|  ap_ctrl_hs|       compute|  return value|
|ap_rst                 |   in|    1|  ap_ctrl_hs|       compute|  return value|
|ap_start               |   in|    1|  ap_ctrl_hs|       compute|  return value|
|ap_done                |  out|    1|  ap_ctrl_hs|       compute|  return value|
|ap_idle                |  out|    1|  ap_ctrl_hs|       compute|  return value|
|ap_ready               |  out|    1|  ap_ctrl_hs|       compute|  return value|
|reg_file_0_0_address0  |  out|   11|   ap_memory|  reg_file_0_0|         array|
|reg_file_0_0_ce0       |  out|    1|   ap_memory|  reg_file_0_0|         array|
|reg_file_0_0_q0        |   in|   16|   ap_memory|  reg_file_0_0|         array|
|reg_file_1_0_address0  |  out|   11|   ap_memory|  reg_file_1_0|         array|
|reg_file_1_0_ce0       |  out|    1|   ap_memory|  reg_file_1_0|         array|
|reg_file_1_0_q0        |   in|   16|   ap_memory|  reg_file_1_0|         array|
|reg_file_2_0_address0  |  out|   11|   ap_memory|  reg_file_2_0|         array|
|reg_file_2_0_ce0       |  out|    1|   ap_memory|  reg_file_2_0|         array|
|reg_file_2_0_we0       |  out|    1|   ap_memory|  reg_file_2_0|         array|
|reg_file_2_0_d0        |  out|   16|   ap_memory|  reg_file_2_0|         array|
|reg_file_2_0_q0        |   in|   16|   ap_memory|  reg_file_2_0|         array|
|reg_file_2_0_address1  |  out|   11|   ap_memory|  reg_file_2_0|         array|
|reg_file_2_0_ce1       |  out|    1|   ap_memory|  reg_file_2_0|         array|
|reg_file_2_0_q1        |   in|   16|   ap_memory|  reg_file_2_0|         array|
|reg_file_2_1_address0  |  out|   11|   ap_memory|  reg_file_2_1|         array|
|reg_file_2_1_ce0       |  out|    1|   ap_memory|  reg_file_2_1|         array|
|reg_file_2_1_we0       |  out|    1|   ap_memory|  reg_file_2_1|         array|
|reg_file_2_1_d0        |  out|   16|   ap_memory|  reg_file_2_1|         array|
|reg_file_2_1_q0        |   in|   16|   ap_memory|  reg_file_2_1|         array|
|reg_file_2_1_address1  |  out|   11|   ap_memory|  reg_file_2_1|         array|
|reg_file_2_1_ce1       |  out|    1|   ap_memory|  reg_file_2_1|         array|
|reg_file_2_1_q1        |   in|   16|   ap_memory|  reg_file_2_1|         array|
|reg_file_4_0_address0  |  out|   11|   ap_memory|  reg_file_4_0|         array|
|reg_file_4_0_ce0       |  out|    1|   ap_memory|  reg_file_4_0|         array|
|reg_file_4_0_we0       |  out|    1|   ap_memory|  reg_file_4_0|         array|
|reg_file_4_0_d0        |  out|   16|   ap_memory|  reg_file_4_0|         array|
|reg_file_4_0_q0        |   in|   16|   ap_memory|  reg_file_4_0|         array|
|reg_file_4_0_address1  |  out|   11|   ap_memory|  reg_file_4_0|         array|
|reg_file_4_0_ce1       |  out|    1|   ap_memory|  reg_file_4_0|         array|
|reg_file_4_0_q1        |   in|   16|   ap_memory|  reg_file_4_0|         array|
|reg_file_4_1_address0  |  out|   11|   ap_memory|  reg_file_4_1|         array|
|reg_file_4_1_ce0       |  out|    1|   ap_memory|  reg_file_4_1|         array|
|reg_file_4_1_we0       |  out|    1|   ap_memory|  reg_file_4_1|         array|
|reg_file_4_1_d0        |  out|   16|   ap_memory|  reg_file_4_1|         array|
|reg_file_4_1_q0        |   in|   16|   ap_memory|  reg_file_4_1|         array|
|reg_file_4_1_address1  |  out|   11|   ap_memory|  reg_file_4_1|         array|
|reg_file_4_1_ce1       |  out|    1|   ap_memory|  reg_file_4_1|         array|
|reg_file_4_1_q1        |   in|   16|   ap_memory|  reg_file_4_1|         array|
|reg_file_5_0_address0  |  out|   11|   ap_memory|  reg_file_5_0|         array|
|reg_file_5_0_ce0       |  out|    1|   ap_memory|  reg_file_5_0|         array|
|reg_file_5_0_we0       |  out|    1|   ap_memory|  reg_file_5_0|         array|
|reg_file_5_0_d0        |  out|   16|   ap_memory|  reg_file_5_0|         array|
|reg_file_5_0_q0        |   in|   16|   ap_memory|  reg_file_5_0|         array|
|reg_file_5_0_address1  |  out|   11|   ap_memory|  reg_file_5_0|         array|
|reg_file_5_0_ce1       |  out|    1|   ap_memory|  reg_file_5_0|         array|
|reg_file_5_0_q1        |   in|   16|   ap_memory|  reg_file_5_0|         array|
|reg_file_5_1_address0  |  out|   11|   ap_memory|  reg_file_5_1|         array|
|reg_file_5_1_ce0       |  out|    1|   ap_memory|  reg_file_5_1|         array|
|reg_file_5_1_we0       |  out|    1|   ap_memory|  reg_file_5_1|         array|
|reg_file_5_1_d0        |  out|   16|   ap_memory|  reg_file_5_1|         array|
|reg_file_5_1_q0        |   in|   16|   ap_memory|  reg_file_5_1|         array|
|reg_file_5_1_address1  |  out|   11|   ap_memory|  reg_file_5_1|         array|
|reg_file_5_1_ce1       |  out|    1|   ap_memory|  reg_file_5_1|         array|
|reg_file_5_1_q1        |   in|   16|   ap_memory|  reg_file_5_1|         array|
|reg_file_6_0_address0  |  out|   11|   ap_memory|  reg_file_6_0|         array|
|reg_file_6_0_ce0       |  out|    1|   ap_memory|  reg_file_6_0|         array|
|reg_file_6_0_we0       |  out|    1|   ap_memory|  reg_file_6_0|         array|
|reg_file_6_0_d0        |  out|   16|   ap_memory|  reg_file_6_0|         array|
|reg_file_6_0_q0        |   in|   16|   ap_memory|  reg_file_6_0|         array|
|reg_file_6_1_address0  |  out|   11|   ap_memory|  reg_file_6_1|         array|
|reg_file_6_1_ce0       |  out|    1|   ap_memory|  reg_file_6_1|         array|
|reg_file_6_1_we0       |  out|    1|   ap_memory|  reg_file_6_1|         array|
|reg_file_6_1_d0        |  out|   16|   ap_memory|  reg_file_6_1|         array|
|reg_file_6_1_q0        |   in|   16|   ap_memory|  reg_file_6_1|         array|
+-----------------------+-----+-----+------------+--------------+--------------+

