

Implementation tool: Xilinx Vivado v.2022.2
Project:             trmv-max-sharing
Solution:            zcu104
Device target:       xczu7ev-ffvc1156-2-e
Report date:         Thu Jan 12 12:12:22 CET 2023

#=== Post-Implementation Resource usage ===
SLICE:            0
LUT:           1922
FF:            2927
DSP:              4
BRAM:            36
URAM:             0
LATCH:            0
SRL:            155
CLB:            493

#=== Final timing ===
CP required:                     10.000
CP achieved post-synthesis:      6.872
CP achieved post-implementation: 7.906
Timing met
