================================================================
== Vivado Place & Route Results
================================================================
+ General Information:
    * Date:            Sat Nov 19 16:42:28 MST 2022
    * Version:         2022.2 (Build 3670227 on Oct 13 2022)
    * Project:         stddev-max-throughput
    * Solution:        zcu104 (Vivado IP Flow Target)
    * Product family:  zynquplus
    * Target device:   xczu7ev-ffvc1156-2-e


================================================================
== Run Constraints & Options
================================================================
+ Design Constraints & Options:
    * Place & Route target clock:  10 ns
    * C-Synthesis target clock:    10 ns
    * C-Synthesis uncertainty:     27%

+ RTL Synthesis Options:
    * config_export -vivado_synth_strategy:     default
    * config_export -vivado_synth_design_args:  -directive sdx_optimization_effort_high

+ Place & Route Options:
    * config_export -vivado_impl_strategy:  default
    * config_export -vivado_phys_opt:       all

+ Reporting Options:
    * config_export -vivado_report_level:      2
    * config_export -vivado_max_timing_paths:  10


================================================================
== Place & Route Resource Summary
================================================================
LUT:              1944
FF:               1410
DSP:              8
BRAM:             64
URAM:             0
SRL:              21


================================================================
== Place & Route Timing Summary
================================================================
* Timing was met
+----------------+-------------+
| Timing         | Period (ns) |
+----------------+-------------+
| Target         | 10.000      |
| Post-Synthesis | 6.999       |
| Post-Route     | 8.273       |
+----------------+-------------+


================================================================
== Place & Route Resources
================================================================
+-------------------------------------------------------------------------+------+------+-----+------+------+-----+--------+--------+---------+-------------------+-----------------------------------------------------------------------------------------------------------+
| Name                                                                    | LUT  | FF   | DSP | BRAM | URAM | SRL | Pragma | Impl   | Latency | Variable          | Source                                                                                                    |
+-------------------------------------------------------------------------+------+------+-----+------+------+-----+--------+--------+---------+-------------------+-----------------------------------------------------------------------------------------------------------+
| inst                                                                    | 1944 | 1410 | 8   | 64   |      |     |        |        |         |                   |                                                                                                           |
|   (inst)                                                                |      | 141  |     |      |      |     |        |        |         |                   |                                                                                                           |
|   control_s_axi_U                                                       | 67   | 183  |     |      |      |     |        |        |         |                   |                                                                                                           |
|   grp_compute_fu_291                                                    | 1392 | 840  | 8   |      |      |     |        |        |         |                   |                                                                                                           |
|     (grp_compute_fu_291)                                                | 7    | 41   |     |      |      |     |        |        |         |                   |                                                                                                           |
|     grp_compute_Pipeline_VITIS_LOOP_134_1_fu_60                         | 12   | 8    |     |      |      |     |        |        |         |                   |                                                                                                           |
|       (grp_compute_Pipeline_VITIS_LOOP_134_1_fu_60)                     |      | 6    |     |      |      |     |        |        |         |                   |                                                                                                           |
|       flow_control_loop_pipe_sequential_init_U                          | 12   | 2    |     |      |      |     |        |        |         |                   |                                                                                                           |
|     grp_compute_Pipeline_VITIS_LOOP_140_2_VITIS_LOOP_141_3_fu_76        | 53   | 39   |     |      |      |     |        |        |         |                   |                                                                                                           |
|       (grp_compute_Pipeline_VITIS_LOOP_140_2_VITIS_LOOP_141_3_fu_76)    | 9    | 37   |     |      |      |     |        |        |         |                   |                                                                                                           |
|       flow_control_loop_pipe_sequential_init_U                          | 44   | 2    |     |      |      |     |        |        |         |                   |                                                                                                           |
|     grp_compute_Pipeline_VITIS_LOOP_150_4_fu_88                         | 27   | 25   |     |      |      |     |        |        |         |                   |                                                                                                           |
|       (grp_compute_Pipeline_VITIS_LOOP_150_4_fu_88)                     | 17   | 23   |     |      |      |     |        |        |         |                   |                                                                                                           |
|       flow_control_loop_pipe_sequential_init_U                          | 10   | 2    |     |      |      |     |        |        |         |                   |                                                                                                           |
|     grp_compute_Pipeline_VITIS_LOOP_156_5_fu_68                         | 17   | 8    |     |      |      |     |        |        |         |                   |                                                                                                           |
|       (grp_compute_Pipeline_VITIS_LOOP_156_5_fu_68)                     |      | 6    |     |      |      |     |        |        |         |                   |                                                                                                           |
|       flow_control_loop_pipe_sequential_init_U                          | 17   | 2    |     |      |      |     |        |        |         |                   |                                                                                                           |
|     grp_compute_Pipeline_VITIS_LOOP_162_6_VITIS_LOOP_163_7_fu_98        | 75   | 91   |     |      |      |     |        |        |         |                   |                                                                                                           |
|       (grp_compute_Pipeline_VITIS_LOOP_162_6_VITIS_LOOP_163_7_fu_98)    | 45   | 89   |     |      |      |     |        |        |         |                   |                                                                                                           |
|       flow_control_loop_pipe_sequential_init_U                          | 30   | 2    |     |      |      |     |        |        |         |                   |                                                                                                           |
|     grp_compute_Pipeline_VITIS_LOOP_172_8_VITIS_LOOP_173_9_fu_110       | 131  | 108  | 4   |      |      |     |        |        |         |                   |                                                                                                           |
|       (grp_compute_Pipeline_VITIS_LOOP_172_8_VITIS_LOOP_173_9_fu_110)   | 15   | 76   |     |      |      |     |        |        |         |                   |                                                                                                           |
|       flow_control_loop_pipe_sequential_init_U                          | 42   | 2    |     |      |      |     |        |        |         |                   |                                                                                                           |
|       hmul_16ns_16ns_16_2_max_dsp_1_U55                                 | 37   | 15   | 2   |      |      |     |        |        |         |                   |                                                                                                           |
|         bind_op hmul                                                    |      |      |     |      |      |     |        | maxdsp | 1       | mul               | stddev-max-throughput/src/correlation.cpp:178                                                             |
|       hmul_16ns_16ns_16_2_max_dsp_1_U56                                 | 37   | 15   | 2   |      |      |     |        |        |         |                   |                                                                                                           |
|         bind_op hmul                                                    |      |      |     |      |      |     |        | maxdsp | 1       | mul_1             | stddev-max-throughput/src/correlation.cpp:178                                                             |
|     grp_compute_Pipeline_VITIS_LOOP_181_10_VITIS_LOOP_182_11_fu_122     | 49   | 39   |     |      |      |     |        |        |         |                   |                                                                                                           |
|       (grp_compute_Pipeline_VITIS_LOOP_181_10_VITIS_LOOP_182_11_fu_122) | 8    | 37   |     |      |      |     |        |        |         |                   |                                                                                                           |
|       flow_control_loop_pipe_sequential_init_U                          | 41   | 2    |     |      |      |     |        |        |         |                   |                                                                                                           |
|     grp_compute_Pipeline_VITIS_LOOP_190_12_fu_134                       | 24   | 21   |     |      |      |     |        |        |         |                   |                                                                                                           |
|       (grp_compute_Pipeline_VITIS_LOOP_190_12_fu_134)                   | 10   | 19   |     |      |      |     |        |        |         |                   |                                                                                                           |
|       flow_control_loop_pipe_sequential_init_U                          | 14   | 2    |     |      |      |     |        |        |         |                   |                                                                                                           |
|     grp_compute_Pipeline_VITIS_LOOP_199_13_fu_143                       | 285  | 198  |     |      |      |     |        |        |         |                   |                                                                                                           |
|       (grp_compute_Pipeline_VITIS_LOOP_199_13_fu_143)                   | 15   | 52   |     |      |      |     |        |        |         |                   |                                                                                                           |
|       flow_control_loop_pipe_sequential_init_U                          | 14   | 2    |     |      |      |     |        |        |         |                   |                                                                                                           |
|       hsqrt_16ns_16_4_no_dsp_1_U76                                      | 128  | 72   |     |      |      |     |        |        |         |                   |                                                                                                           |
|         bind_op hsqrt                                                   |      |      |     |      |      |     |        | fabric | 3       | tmp               | /wrk/ci/prod/2022.2/hls_product/continuous/608/2022.2/src/shared/hls/clib/hlsmath/src/c++/sqrthalf.cpp:19 |
|       hsqrt_16ns_16_4_no_dsp_1_U77                                      | 128  | 72   |     |      |      |     |        |        |         |                   |                                                                                                           |
|         bind_op hsqrt                                                   |      |      |     |      |      |     |        | fabric | 3       | tmp_s             | /wrk/ci/prod/2022.2/hls_product/continuous/608/2022.2/src/shared/hls/clib/hlsmath/src/c++/sqrthalf.cpp:19 |
|     hadd_16ns_16ns_16_2_full_dsp_1_U81                                  | 137  | 32   | 2   |      |      |     |        |        |         |                   |                                                                                                           |
|       (hadd_16ns_16ns_16_2_full_dsp_1_U81)                              | 16   | 32   |     |      |      |     |        |        |         |                   |                                                                                                           |
|     hadd_16ns_16ns_16_2_full_dsp_1_U82                                  | 137  | 32   | 2   |      |      |     |        |        |         |                   |                                                                                                           |
|       (hadd_16ns_16ns_16_2_full_dsp_1_U82)                              | 16   | 32   |     |      |      |     |        |        |         |                   |                                                                                                           |
|     hdiv_16ns_16ns_16_5_no_dsp_1_U83                                    | 220  | 91   |     |      |      |     |        |        |         |                   |                                                                                                           |
|       bind_op ram_t2p                                                   |      |      |     |      |      |     |        | bram   | 1       | reg_file_0_0_load |                                                                                                           |
|     hdiv_16ns_16ns_16_5_no_dsp_1_U84                                    | 220  | 107  |     |      |      |     |        |        |         |                   |                                                                                                           |
|       (hdiv_16ns_16ns_16_5_no_dsp_1_U84)                                |      | 32   |     |      |      |     |        |        |         |                   |                                                                                                           |
|   grp_recv_data_burst_fu_221                                            | 58   | 105  |     |      |      |     |        |        |         |                   |                                                                                                           |
|     (grp_recv_data_burst_fu_221)                                        | 49   | 103  |     |      |      |     |        |        |         |                   |                                                                                                           |
|     flow_control_loop_pipe_sequential_init_U                            | 10   | 2    |     |      |      |     |        |        |         |                   |                                                                                                           |
|   grp_send_data_burst_fu_304                                            | 377  | 141  |     |      |      |     |        |        |         |                   |                                                                                                           |
|     (grp_send_data_burst_fu_304)                                        | 372  | 139  |     |      |      |     |        |        |         |                   |                                                                                                           |
|     flow_control_loop_pipe_sequential_init_U                            | 5    | 2    |     |      |      |     |        |        |         |                   |                                                                                                           |
|   reg_file_10_U                                                         | 8    |      |     | 2    |      |     |        |        |         |                   |                                                                                                           |
|     bind_storage ram_t2p                                                |      |      |     |      |      |     | yes    | bram   | 1       | reg_file_10       | stddev-max-throughput/src/correlation.cpp:222                                                             |
|   reg_file_11_U                                                         | 8    |      |     | 2    |      |     |        |        |         |                   |                                                                                                           |
|     bind_storage ram_t2p                                                |      |      |     |      |      |     | yes    | bram   | 1       | reg_file_11       | stddev-max-throughput/src/correlation.cpp:222                                                             |
|   reg_file_12_U                                                         | 1    |      |     | 2    |      |     |        |        |         |                   |                                                                                                           |
|     bind_storage ram_t2p                                                |      |      |     |      |      |     | yes    | bram   | 1       | reg_file_12       | stddev-max-throughput/src/correlation.cpp:222                                                             |
|   reg_file_13_U                                                         | 1    |      |     | 2    |      |     |        |        |         |                   |                                                                                                           |
|     bind_storage ram_t2p                                                |      |      |     |      |      |     | yes    | bram   | 1       | reg_file_13       | stddev-max-throughput/src/correlation.cpp:222                                                             |
|   reg_file_14_U                                                         |      |      |     | 2    |      |     |        |        |         |                   |                                                                                                           |
|     bind_storage ram_t2p                                                |      |      |     |      |      |     | yes    | bram   | 1       | reg_file_14       | stddev-max-throughput/src/correlation.cpp:222                                                             |
|   reg_file_15_U                                                         |      |      |     | 2    |      |     |        |        |         |                   |                                                                                                           |
|     bind_storage ram_t2p                                                |      |      |     |      |      |     | yes    | bram   | 1       | reg_file_15       | stddev-max-throughput/src/correlation.cpp:222                                                             |
|   reg_file_16_U                                                         |      |      |     | 2    |      |     |        |        |         |                   |                                                                                                           |
|     bind_storage ram_t2p                                                |      |      |     |      |      |     | yes    | bram   | 1       | reg_file_16       | stddev-max-throughput/src/correlation.cpp:222                                                             |
|   reg_file_17_U                                                         |      |      |     | 2    |      |     |        |        |         |                   |                                                                                                           |
|     bind_storage ram_t2p                                                |      |      |     |      |      |     | yes    | bram   | 1       | reg_file_17       | stddev-max-throughput/src/correlation.cpp:222                                                             |
|   reg_file_18_U                                                         |      |      |     | 2    |      |     |        |        |         |                   |                                                                                                           |
|     bind_storage ram_t2p                                                |      |      |     |      |      |     | yes    | bram   | 1       | reg_file_18       | stddev-max-throughput/src/correlation.cpp:222                                                             |
|   reg_file_19_U                                                         |      |      |     | 2    |      |     |        |        |         |                   |                                                                                                           |
|     bind_storage ram_t2p                                                |      |      |     |      |      |     | yes    | bram   | 1       | reg_file_19       | stddev-max-throughput/src/correlation.cpp:222                                                             |
|   reg_file_1_U                                                          |      |      |     | 2    |      |     |        |        |         |                   |                                                                                                           |
|     bind_storage ram_t2p                                                |      |      |     |      |      |     | yes    | bram   | 1       | reg_file_1        | stddev-max-throughput/src/correlation.cpp:222                                                             |
|   reg_file_20_U                                                         |      |      |     | 2    |      |     |        |        |         |                   |                                                                                                           |
|     bind_storage ram_t2p                                                |      |      |     |      |      |     | yes    | bram   | 1       | reg_file_20       | stddev-max-throughput/src/correlation.cpp:222                                                             |
|   reg_file_21_U                                                         |      |      |     | 2    |      |     |        |        |         |                   |                                                                                                           |
|     bind_storage ram_t2p                                                |      |      |     |      |      |     | yes    | bram   | 1       | reg_file_21       | stddev-max-throughput/src/correlation.cpp:222                                                             |
|   reg_file_22_U                                                         |      |      |     | 2    |      |     |        |        |         |                   |                                                                                                           |
|     bind_storage ram_t2p                                                |      |      |     |      |      |     | yes    | bram   | 1       | reg_file_22       | stddev-max-throughput/src/correlation.cpp:222                                                             |
|   reg_file_23_U                                                         |      |      |     | 2    |      |     |        |        |         |                   |                                                                                                           |
|     bind_storage ram_t2p                                                |      |      |     |      |      |     | yes    | bram   | 1       | reg_file_23       | stddev-max-throughput/src/correlation.cpp:222                                                             |
|   reg_file_24_U                                                         |      |      |     | 2    |      |     |        |        |         |                   |                                                                                                           |
|     bind_storage ram_t2p                                                |      |      |     |      |      |     | yes    | bram   | 1       | reg_file_24       | stddev-max-throughput/src/correlation.cpp:222                                                             |
|   reg_file_25_U                                                         |      |      |     | 2    |      |     |        |        |         |                   |                                                                                                           |
|     bind_storage ram_t2p                                                |      |      |     |      |      |     | yes    | bram   | 1       | reg_file_25       | stddev-max-throughput/src/correlation.cpp:222                                                             |
|   reg_file_26_U                                                         |      |      |     | 2    |      |     |        |        |         |                   |                                                                                                           |
|     bind_storage ram_t2p                                                |      |      |     |      |      |     | yes    | bram   | 1       | reg_file_26       | stddev-max-throughput/src/correlation.cpp:222                                                             |
|   reg_file_27_U                                                         |      |      |     | 2    |      |     |        |        |         |                   |                                                                                                           |
|     bind_storage ram_t2p                                                |      |      |     |      |      |     | yes    | bram   | 1       | reg_file_27       | stddev-max-throughput/src/correlation.cpp:222                                                             |
|   reg_file_28_U                                                         |      |      |     | 2    |      |     |        |        |         |                   |                                                                                                           |
|     bind_storage ram_t2p                                                |      |      |     |      |      |     | yes    | bram   | 1       | reg_file_28       | stddev-max-throughput/src/correlation.cpp:222                                                             |
|   reg_file_29_U                                                         |      |      |     | 2    |      |     |        |        |         |                   |                                                                                                           |
|     bind_storage ram_t2p                                                |      |      |     |      |      |     | yes    | bram   | 1       | reg_file_29       | stddev-max-throughput/src/correlation.cpp:222                                                             |
|   reg_file_2_U                                                          |      |      |     | 2    |      |     |        |        |         |                   |                                                                                                           |
|     bind_storage ram_t2p                                                |      |      |     |      |      |     | yes    | bram   | 1       | reg_file_2        | stddev-max-throughput/src/correlation.cpp:222                                                             |
|   reg_file_30_U                                                         |      |      |     | 2    |      |     |        |        |         |                   |                                                                                                           |
|     bind_storage ram_t2p                                                |      |      |     |      |      |     | yes    | bram   | 1       | reg_file_30       | stddev-max-throughput/src/correlation.cpp:222                                                             |
|   reg_file_31_U                                                         |      |      |     | 2    |      |     |        |        |         |                   |                                                                                                           |
|     bind_storage ram_t2p                                                |      |      |     |      |      |     | yes    | bram   | 1       | reg_file_31       | stddev-max-throughput/src/correlation.cpp:222                                                             |
|   reg_file_3_U                                                          |      |      |     | 2    |      |     |        |        |         |                   |                                                                                                           |
|     bind_storage ram_t2p                                                |      |      |     |      |      |     | yes    | bram   | 1       | reg_file_3        | stddev-max-throughput/src/correlation.cpp:222                                                             |
|   reg_file_4_U                                                          |      |      |     | 2    |      |     |        |        |         |                   |                                                                                                           |
|     bind_storage ram_t2p                                                |      |      |     |      |      |     | yes    | bram   | 1       | reg_file_4        | stddev-max-throughput/src/correlation.cpp:222                                                             |
|   reg_file_5_U                                                          | 16   |      |     | 2    |      |     |        |        |         |                   |                                                                                                           |
|     bind_storage ram_t2p                                                |      |      |     |      |      |     | yes    | bram   | 1       | reg_file_5        | stddev-max-throughput/src/correlation.cpp:222                                                             |
|   reg_file_6_U                                                          |      |      |     | 2    |      |     |        |        |         |                   |                                                                                                           |
|     bind_storage ram_t2p                                                |      |      |     |      |      |     | yes    | bram   | 1       | reg_file_6        | stddev-max-throughput/src/correlation.cpp:222                                                             |
|   reg_file_7_U                                                          |      |      |     | 2    |      |     |        |        |         |                   |                                                                                                           |
|     bind_storage ram_t2p                                                |      |      |     |      |      |     | yes    | bram   | 1       | reg_file_7        | stddev-max-throughput/src/correlation.cpp:222                                                             |
|   reg_file_8_U                                                          | 8    |      |     | 2    |      |     |        |        |         |                   |                                                                                                           |
|     bind_storage ram_t2p                                                |      |      |     |      |      |     | yes    | bram   | 1       | reg_file_8        | stddev-max-throughput/src/correlation.cpp:222                                                             |
|   reg_file_9_U                                                          | 8    |      |     | 2    |      |     |        |        |         |                   |                                                                                                           |
|     bind_storage ram_t2p                                                |      |      |     |      |      |     | yes    | bram   | 1       | reg_file_9        | stddev-max-throughput/src/correlation.cpp:222                                                             |
|   reg_file_U                                                            | 1    |      |     | 2    |      |     |        |        |         |                   |                                                                                                           |
|     bind_storage ram_t2p                                                |      |      |     |      |      |     | yes    | bram   | 1       | reg_file          | stddev-max-throughput/src/correlation.cpp:222                                                             |
+-------------------------------------------------------------------------+------+------+-----+------+------+-----+--------+--------+---------+-------------------+-----------------------------------------------------------------------------------------------------------+


================================================================
== Place & Route Fail Fast
================================================================
+-----------------------------------------------------------+-----------+--------+--------+
| Criteria                                                  | Guideline | Actual | Status |
+-----------------------------------------------------------+-----------+--------+--------+
| LUT                                                       | 70%       | 0.84%  | OK     |
| FD                                                        | 50%       | 0.31%  | OK     |
| LUTRAM+SRL                                                | 25%       | 0.02%  | OK     |
| CARRY8                                                    | 25%       | 0.60%  | OK     |
| MUXF7                                                     | 15%       | 0.11%  | OK     |
| DSP                                                       | 80%       | 0.46%  | OK     |
| RAMB/FIFO                                                 | 80%       | 10.26% | OK     |
| URAM                                                      | 80%       | 0.00%  | OK     |
| DSP+RAMB+URAM (Avg)                                       | 70%       | 5.36%  | OK     |
| BUFGCE* + BUFGCTRL                                        | 24        | 0      | OK     |
| DONT_TOUCH (cells/nets)                                   | 0         | 0      | OK     |
| MARK_DEBUG (nets)                                         | 0         | 0      | OK     |
| Control Sets                                              | 4320      | 46     | OK     |
| Average Fanout for modules > 100k cells                   | 4         | 0      | OK     |
| Non-FD high fanout nets > 10k loads                       | 0         | 0      | OK     |
+-----------------------------------------------------------+-----------+--------+--------+
| TIMING-6 (No common primary clock between related clocks) | 0         | 0      | OK     |
| TIMING-7 (No common node between related clocks)          | 0         | 0      | OK     |
| TIMING-8 (No common period between related clocks)        | 0         | 0      | OK     |
| TIMING-14 (LUT on the clock tree)                         | 0         | 0      | OK     |
| TIMING-35 (No common node in paths with the same clock)   | 0         | 0      | OK     |
+-----------------------------------------------------------+-----------+--------+--------+
| Number of paths above max LUT budgeting (0.300ns)         | 0         | 0      | OK     |
| Number of paths above max Net budgeting (0.208ns)         | 0         | 0      | OK     |
+-----------------------------------------------------------+-----------+--------+--------+


================================================================
== Place & Route Timing Paths
================================================================
* Timing was met
+-------+-------+--------------------------------------------------------------------------+------------------------------------------+--------------+------------+----------------+----------------+--------------+
| Path  | SLACK | STARTPOINT PIN                                                           | ENDPOINT PIN                             | LOGIC LEVELS | MAX FANOUT | DATAPATH DELAY | DATAPATH LOGIC | DATAPATH NET |
|       |       |                                                                          |                                          |              |            |                |          DELAY |        DELAY |
+-------+-------+--------------------------------------------------------------------------+------------------------------------------+--------------+------------+----------------+----------------+--------------+
| Path1 | 1.727 | grp_compute_fu_291/hadd_16ns_16ns_16_2_full_dsp_1_U81/din0_buf1_reg[0]/C | reg_file_4_U/ram_reg_bram_0/DINBDIN[14]  |           21 |         13 |          7.978 |          4.565 |        3.413 |
| Path2 | 1.732 | grp_compute_fu_291/hadd_16ns_16ns_16_2_full_dsp_1_U81/din0_buf1_reg[0]/C | reg_file_10_U/ram_reg_bram_0/DINBDIN[14] |           22 |         13 |          7.973 |          4.574 |        3.399 |
| Path3 | 1.871 | grp_compute_fu_291/hadd_16ns_16ns_16_2_full_dsp_1_U81/din0_buf1_reg[0]/C | reg_file_8_U/ram_reg_bram_0/DINBDIN[14]  |           21 |         13 |          7.834 |          4.459 |        3.375 |
| Path4 | 1.910 | grp_compute_fu_291/hadd_16ns_16ns_16_2_full_dsp_1_U81/din0_buf1_reg[0]/C | reg_file_10_U/ram_reg_bram_0/DINBDIN[11] |           22 |         13 |          7.799 |          4.543 |        3.256 |
| Path5 | 1.936 | grp_compute_fu_291/hadd_16ns_16ns_16_2_full_dsp_1_U81/din0_buf1_reg[0]/C | reg_file_4_U/ram_reg_bram_0/DINBDIN[12]  |           21 |         13 |          7.783 |          4.479 |        3.304 |
+-------+-------+--------------------------------------------------------------------------+------------------------------------------+--------------+------------+----------------+----------------+--------------+

    +-------------------------------------------------------------------------------------------------------------------------------------------+------------------------+
    | Path1 Cells                                                                                                                               | Primitive Type         |
    +-------------------------------------------------------------------------------------------------------------------------------------------+------------------------+
    | grp_compute_fu_291/hadd_16ns_16ns_16_2_full_dsp_1_U81/din0_buf1_reg[0]                                                                    | REGISTER.SDR.FDRE      |
    | i_synth/ADDSUB_OP.ADDSUB/DSP.OP/DSP48E1_BODY_HP.EXP/NUMB_CMP/NOT_FAST.CMP/C_CHAIN/CHAIN_GEN[0].C_MUX.CARRY_MUX_i_1__1                     | CLB.LUT.LUT4           |
    | i_synth/ADDSUB_OP.ADDSUB/DSP.OP/DSP48E1_BODY_HP.EXP/NUMB_CMP/NOT_FAST.CMP/C_CHAIN/CHAIN_GEN[0].C_MUX.CARRY_MUX_CARRY4_CARRY8              | CLB.CARRY.CARRY8       |
    | i_synth/ADDSUB_OP.ADDSUB/DSP.OP/DSP48E1_BODY_HP.ALIGN_ADD/DSP2/i_no_versal_es1_workaround.DSP/DSP_PREADD_DATA_INST                        | ARITHMETIC.DSP.DSP48E2 |
    | i_synth/ADDSUB_OP.ADDSUB/DSP.OP/DSP48E1_BODY_HP.ALIGN_ADD/DSP2/i_no_versal_es1_workaround.DSP/DSP_PREADD_INST                             | ARITHMETIC.DSP.DSP48E2 |
    | i_synth/ADDSUB_OP.ADDSUB/DSP.OP/DSP48E1_BODY_HP.ALIGN_ADD/DSP2/i_no_versal_es1_workaround.DSP/DSP_MULTIPLIER_INST                         | ARITHMETIC.DSP.DSP48E2 |
    | i_synth/ADDSUB_OP.ADDSUB/DSP.OP/DSP48E1_BODY_HP.ALIGN_ADD/DSP2/i_no_versal_es1_workaround.DSP/DSP_M_DATA_INST                             | ARITHMETIC.DSP.DSP48E2 |
    | i_synth/ADDSUB_OP.ADDSUB/DSP.OP/DSP48E1_BODY_HP.ALIGN_ADD/DSP2/i_no_versal_es1_workaround.DSP/DSP_ALU_INST                                | ARITHMETIC.DSP.DSP48E2 |
    | i_synth/ADDSUB_OP.ADDSUB/DSP.OP/DSP48E1_BODY_HP.ALIGN_ADD/DSP2/i_no_versal_es1_workaround.DSP/DSP_OUTPUT_INST                             | ARITHMETIC.DSP.DSP48E2 |
    | i_synth/ADDSUB_OP.ADDSUB/DSP.OP/DSP48E1_BODY_HP.NORM_RND/FULL_USAGE_DSP.LOD/DIST_ENC[0].i_det_lut1                                        | CLB.LUT.LUT4           |
    | i_synth/ADDSUB_OP.ADDSUB/DSP.OP/DSP48E1_BODY_HP.NORM_RND/FULL_USAGE_DSP.LOD/DET_GEN[0].CARRY_MUX_CARRY4_CARRY8                            | CLB.CARRY.CARRY8       |
    | i_synth/ADDSUB_OP.ADDSUB/DSP.OP/DSP48E1_BODY_HP.NORM_RND/FULL_USAGE_DSP.LOD/gen_lut_pairs[2].lutpairmode1.lutXo6_i_1                      | CLB.LUT.LUT3           |
    | i_synth/ADDSUB_OP.ADDSUB/DSP.OP/DSP48E1_BODY_HP.NORM_RND/FULL_USAGE_DSP.LOD/LSBaddmode1.lut0o6_i_1                                        | CLB.LUT.LUT6           |
    | i_synth/ADDSUB_OP.ADDSUB/DSP.OP/DSP48E1_BODY_HP.EXP/NOT_LOW_LATENCY_NORM_DIST.STRUCT_ADD/LSBaddmode1.lut0o6/LUT5                          | CLB.LUT.LUT5           |
    | i_synth/ADDSUB_OP.ADDSUB/DSP.OP/DSP48E1_BODY_HP.EXP/NOT_LOW_LATENCY_NORM_DIST.STRUCT_ADD/gen_lut_pairs[1].lutpairmode1.lutXo6/LUT6        | CLB.LUT.LUT6           |
    | i_synth/ADDSUB_OP.ADDSUB/DSP.OP/DSP48E1_BODY_HP.EXP/NOT_LOW_LATENCY_NORM_DIST.STRUCT_ADD/gen_carry4s[0].gen_carry4.y0.mcy00_CARRY4_CARRY8 | CLB.CARRY.CARRY8       |
    | i_synth/ADDSUB_OP.ADDSUB/DSP.OP/DSP48E1_BODY_HP.NORM_RND/FULL_USAGE_DSP.SHIFT_RND/i_no_versal_es1_workaround.DSP/DSP_C_DATA_INST          | ARITHMETIC.DSP.DSP48E2 |
    | i_synth/ADDSUB_OP.ADDSUB/DSP.OP/DSP48E1_BODY_HP.NORM_RND/FULL_USAGE_DSP.SHIFT_RND/i_no_versal_es1_workaround.DSP/DSP_ALU_INST             | ARITHMETIC.DSP.DSP48E2 |
    | i_synth/ADDSUB_OP.ADDSUB/DSP.OP/DSP48E1_BODY_HP.NORM_RND/FULL_USAGE_DSP.SHIFT_RND/i_no_versal_es1_workaround.DSP/DSP_OUTPUT_INST          | ARITHMETIC.DSP.DSP48E2 |
    | i_synth/ADDSUB_OP.ADDSUB/DSP.OP/OP/m_axis_result_tdata[14]_INST_0                                                                         | CLB.LUT.LUT3           |
    | grp_compute_fu_291/hadd_16ns_16ns_16_2_full_dsp_1_U81/corr_accel_hadd_16ns_16ns_16_2_full_dsp_1_ip_u/ram_reg_bram_0_i_26__0               | CLB.LUT.LUT3           |
    | reg_file_4_U/ram_reg_bram_0                                                                                                               | BLOCKRAM.BRAM.RAMB36E2 |
    +-------------------------------------------------------------------------------------------------------------------------------------------+------------------------+

    +-------------------------------------------------------------------------------------------------------------------------------------------+------------------------+
    | Path2 Cells                                                                                                                               | Primitive Type         |
    +-------------------------------------------------------------------------------------------------------------------------------------------+------------------------+
    | grp_compute_fu_291/hadd_16ns_16ns_16_2_full_dsp_1_U81/din0_buf1_reg[0]                                                                    | REGISTER.SDR.FDRE      |
    | i_synth/ADDSUB_OP.ADDSUB/DSP.OP/DSP48E1_BODY_HP.EXP/NUMB_CMP/NOT_FAST.CMP/C_CHAIN/CHAIN_GEN[0].C_MUX.CARRY_MUX_i_1__1                     | CLB.LUT.LUT4           |
    | i_synth/ADDSUB_OP.ADDSUB/DSP.OP/DSP48E1_BODY_HP.EXP/NUMB_CMP/NOT_FAST.CMP/C_CHAIN/CHAIN_GEN[0].C_MUX.CARRY_MUX_CARRY4_CARRY8              | CLB.CARRY.CARRY8       |
    | i_synth/ADDSUB_OP.ADDSUB/DSP.OP/DSP48E1_BODY_HP.ALIGN_ADD/DSP2/i_no_versal_es1_workaround.DSP/DSP_PREADD_DATA_INST                        | ARITHMETIC.DSP.DSP48E2 |
    | i_synth/ADDSUB_OP.ADDSUB/DSP.OP/DSP48E1_BODY_HP.ALIGN_ADD/DSP2/i_no_versal_es1_workaround.DSP/DSP_PREADD_INST                             | ARITHMETIC.DSP.DSP48E2 |
    | i_synth/ADDSUB_OP.ADDSUB/DSP.OP/DSP48E1_BODY_HP.ALIGN_ADD/DSP2/i_no_versal_es1_workaround.DSP/DSP_MULTIPLIER_INST                         | ARITHMETIC.DSP.DSP48E2 |
    | i_synth/ADDSUB_OP.ADDSUB/DSP.OP/DSP48E1_BODY_HP.ALIGN_ADD/DSP2/i_no_versal_es1_workaround.DSP/DSP_M_DATA_INST                             | ARITHMETIC.DSP.DSP48E2 |
    | i_synth/ADDSUB_OP.ADDSUB/DSP.OP/DSP48E1_BODY_HP.ALIGN_ADD/DSP2/i_no_versal_es1_workaround.DSP/DSP_ALU_INST                                | ARITHMETIC.DSP.DSP48E2 |
    | i_synth/ADDSUB_OP.ADDSUB/DSP.OP/DSP48E1_BODY_HP.ALIGN_ADD/DSP2/i_no_versal_es1_workaround.DSP/DSP_OUTPUT_INST                             | ARITHMETIC.DSP.DSP48E2 |
    | i_synth/ADDSUB_OP.ADDSUB/DSP.OP/DSP48E1_BODY_HP.NORM_RND/FULL_USAGE_DSP.LOD/DIST_ENC[0].i_det_lut1                                        | CLB.LUT.LUT4           |
    | i_synth/ADDSUB_OP.ADDSUB/DSP.OP/DSP48E1_BODY_HP.NORM_RND/FULL_USAGE_DSP.LOD/DET_GEN[0].CARRY_MUX_CARRY4_CARRY8                            | CLB.CARRY.CARRY8       |
    | i_synth/ADDSUB_OP.ADDSUB/DSP.OP/DSP48E1_BODY_HP.NORM_RND/FULL_USAGE_DSP.LOD/gen_lut_pairs[2].lutpairmode1.lutXo6_i_1                      | CLB.LUT.LUT3           |
    | i_synth/ADDSUB_OP.ADDSUB/DSP.OP/DSP48E1_BODY_HP.NORM_RND/FULL_USAGE_DSP.LOD/LSBaddmode1.lut0o6_i_1                                        | CLB.LUT.LUT6           |
    | i_synth/ADDSUB_OP.ADDSUB/DSP.OP/DSP48E1_BODY_HP.EXP/NOT_LOW_LATENCY_NORM_DIST.STRUCT_ADD/LSBaddmode1.lut0o6/LUT5                          | CLB.LUT.LUT5           |
    | i_synth/ADDSUB_OP.ADDSUB/DSP.OP/DSP48E1_BODY_HP.EXP/NOT_LOW_LATENCY_NORM_DIST.STRUCT_ADD/gen_lut_pairs[1].lutpairmode1.lutXo6/LUT6        | CLB.LUT.LUT6           |
    | i_synth/ADDSUB_OP.ADDSUB/DSP.OP/DSP48E1_BODY_HP.EXP/NOT_LOW_LATENCY_NORM_DIST.STRUCT_ADD/gen_carry4s[0].gen_carry4.y0.mcy00_CARRY4_CARRY8 | CLB.CARRY.CARRY8       |
    | i_synth/ADDSUB_OP.ADDSUB/DSP.OP/DSP48E1_BODY_HP.NORM_RND/FULL_USAGE_DSP.SHIFT_RND/i_no_versal_es1_workaround.DSP/DSP_C_DATA_INST          | ARITHMETIC.DSP.DSP48E2 |
    | i_synth/ADDSUB_OP.ADDSUB/DSP.OP/DSP48E1_BODY_HP.NORM_RND/FULL_USAGE_DSP.SHIFT_RND/i_no_versal_es1_workaround.DSP/DSP_ALU_INST             | ARITHMETIC.DSP.DSP48E2 |
    | i_synth/ADDSUB_OP.ADDSUB/DSP.OP/DSP48E1_BODY_HP.NORM_RND/FULL_USAGE_DSP.SHIFT_RND/i_no_versal_es1_workaround.DSP/DSP_OUTPUT_INST          | ARITHMETIC.DSP.DSP48E2 |
    | i_synth/ADDSUB_OP.ADDSUB/DSP.OP/OP/m_axis_result_tdata[14]_INST_0                                                                         | CLB.LUT.LUT3           |
    | grp_compute_fu_291/hadd_16ns_16ns_16_2_full_dsp_1_U81/corr_accel_hadd_16ns_16ns_16_2_full_dsp_1_ip_u/ram_reg_bram_0_i_47__0               | CLB.LUT.LUT6           |
    | grp_compute_fu_291/hadd_16ns_16ns_16_2_full_dsp_1_U81/corr_accel_hadd_16ns_16ns_16_2_full_dsp_1_ip_u/ram_reg_bram_0_i_14__2               | CLB.LUT.LUT3           |
    | reg_file_10_U/ram_reg_bram_0                                                                                                              | BLOCKRAM.BRAM.RAMB36E2 |
    +-------------------------------------------------------------------------------------------------------------------------------------------+------------------------+

    +-------------------------------------------------------------------------------------------------------------------------------------------+------------------------+
    | Path3 Cells                                                                                                                               | Primitive Type         |
    +-------------------------------------------------------------------------------------------------------------------------------------------+------------------------+
    | grp_compute_fu_291/hadd_16ns_16ns_16_2_full_dsp_1_U81/din0_buf1_reg[0]                                                                    | REGISTER.SDR.FDRE      |
    | i_synth/ADDSUB_OP.ADDSUB/DSP.OP/DSP48E1_BODY_HP.EXP/NUMB_CMP/NOT_FAST.CMP/C_CHAIN/CHAIN_GEN[0].C_MUX.CARRY_MUX_i_1__1                     | CLB.LUT.LUT4           |
    | i_synth/ADDSUB_OP.ADDSUB/DSP.OP/DSP48E1_BODY_HP.EXP/NUMB_CMP/NOT_FAST.CMP/C_CHAIN/CHAIN_GEN[0].C_MUX.CARRY_MUX_CARRY4_CARRY8              | CLB.CARRY.CARRY8       |
    | i_synth/ADDSUB_OP.ADDSUB/DSP.OP/DSP48E1_BODY_HP.ALIGN_ADD/DSP2/i_no_versal_es1_workaround.DSP/DSP_PREADD_DATA_INST                        | ARITHMETIC.DSP.DSP48E2 |
    | i_synth/ADDSUB_OP.ADDSUB/DSP.OP/DSP48E1_BODY_HP.ALIGN_ADD/DSP2/i_no_versal_es1_workaround.DSP/DSP_PREADD_INST                             | ARITHMETIC.DSP.DSP48E2 |
    | i_synth/ADDSUB_OP.ADDSUB/DSP.OP/DSP48E1_BODY_HP.ALIGN_ADD/DSP2/i_no_versal_es1_workaround.DSP/DSP_MULTIPLIER_INST                         | ARITHMETIC.DSP.DSP48E2 |
    | i_synth/ADDSUB_OP.ADDSUB/DSP.OP/DSP48E1_BODY_HP.ALIGN_ADD/DSP2/i_no_versal_es1_workaround.DSP/DSP_M_DATA_INST                             | ARITHMETIC.DSP.DSP48E2 |
    | i_synth/ADDSUB_OP.ADDSUB/DSP.OP/DSP48E1_BODY_HP.ALIGN_ADD/DSP2/i_no_versal_es1_workaround.DSP/DSP_ALU_INST                                | ARITHMETIC.DSP.DSP48E2 |
    | i_synth/ADDSUB_OP.ADDSUB/DSP.OP/DSP48E1_BODY_HP.ALIGN_ADD/DSP2/i_no_versal_es1_workaround.DSP/DSP_OUTPUT_INST                             | ARITHMETIC.DSP.DSP48E2 |
    | i_synth/ADDSUB_OP.ADDSUB/DSP.OP/DSP48E1_BODY_HP.NORM_RND/FULL_USAGE_DSP.LOD/DIST_ENC[0].i_det_lut1                                        | CLB.LUT.LUT4           |
    | i_synth/ADDSUB_OP.ADDSUB/DSP.OP/DSP48E1_BODY_HP.NORM_RND/FULL_USAGE_DSP.LOD/DET_GEN[0].CARRY_MUX_CARRY4_CARRY8                            | CLB.CARRY.CARRY8       |
    | i_synth/ADDSUB_OP.ADDSUB/DSP.OP/DSP48E1_BODY_HP.NORM_RND/FULL_USAGE_DSP.LOD/gen_lut_pairs[2].lutpairmode1.lutXo6_i_1                      | CLB.LUT.LUT3           |
    | i_synth/ADDSUB_OP.ADDSUB/DSP.OP/DSP48E1_BODY_HP.NORM_RND/FULL_USAGE_DSP.LOD/LSBaddmode1.lut0o6_i_1                                        | CLB.LUT.LUT6           |
    | i_synth/ADDSUB_OP.ADDSUB/DSP.OP/DSP48E1_BODY_HP.EXP/NOT_LOW_LATENCY_NORM_DIST.STRUCT_ADD/LSBaddmode1.lut0o6/LUT5                          | CLB.LUT.LUT5           |
    | i_synth/ADDSUB_OP.ADDSUB/DSP.OP/DSP48E1_BODY_HP.EXP/NOT_LOW_LATENCY_NORM_DIST.STRUCT_ADD/gen_lut_pairs[1].lutpairmode1.lutXo6/LUT6        | CLB.LUT.LUT6           |
    | i_synth/ADDSUB_OP.ADDSUB/DSP.OP/DSP48E1_BODY_HP.EXP/NOT_LOW_LATENCY_NORM_DIST.STRUCT_ADD/gen_carry4s[0].gen_carry4.y0.mcy00_CARRY4_CARRY8 | CLB.CARRY.CARRY8       |
    | i_synth/ADDSUB_OP.ADDSUB/DSP.OP/DSP48E1_BODY_HP.NORM_RND/FULL_USAGE_DSP.SHIFT_RND/i_no_versal_es1_workaround.DSP/DSP_C_DATA_INST          | ARITHMETIC.DSP.DSP48E2 |
    | i_synth/ADDSUB_OP.ADDSUB/DSP.OP/DSP48E1_BODY_HP.NORM_RND/FULL_USAGE_DSP.SHIFT_RND/i_no_versal_es1_workaround.DSP/DSP_ALU_INST             | ARITHMETIC.DSP.DSP48E2 |
    | i_synth/ADDSUB_OP.ADDSUB/DSP.OP/DSP48E1_BODY_HP.NORM_RND/FULL_USAGE_DSP.SHIFT_RND/i_no_versal_es1_workaround.DSP/DSP_OUTPUT_INST          | ARITHMETIC.DSP.DSP48E2 |
    | i_synth/ADDSUB_OP.ADDSUB/DSP.OP/OP/m_axis_result_tdata[14]_INST_0                                                                         | CLB.LUT.LUT3           |
    | grp_compute_fu_291/hdiv_16ns_16ns_16_5_no_dsp_1_U83/corr_accel_hdiv_16ns_16ns_16_5_no_dsp_1_ip_u/ram_reg_bram_0_i_30__1                   | CLB.LUT.LUT6           |
    | reg_file_8_U/ram_reg_bram_0                                                                                                               | BLOCKRAM.BRAM.RAMB36E2 |
    +-------------------------------------------------------------------------------------------------------------------------------------------+------------------------+

    +-------------------------------------------------------------------------------------------------------------------------------------------+------------------------+
    | Path4 Cells                                                                                                                               | Primitive Type         |
    +-------------------------------------------------------------------------------------------------------------------------------------------+------------------------+
    | grp_compute_fu_291/hadd_16ns_16ns_16_2_full_dsp_1_U81/din0_buf1_reg[0]                                                                    | REGISTER.SDR.FDRE      |
    | i_synth/ADDSUB_OP.ADDSUB/DSP.OP/DSP48E1_BODY_HP.EXP/NUMB_CMP/NOT_FAST.CMP/C_CHAIN/CHAIN_GEN[0].C_MUX.CARRY_MUX_i_1__1                     | CLB.LUT.LUT4           |
    | i_synth/ADDSUB_OP.ADDSUB/DSP.OP/DSP48E1_BODY_HP.EXP/NUMB_CMP/NOT_FAST.CMP/C_CHAIN/CHAIN_GEN[0].C_MUX.CARRY_MUX_CARRY4_CARRY8              | CLB.CARRY.CARRY8       |
    | i_synth/ADDSUB_OP.ADDSUB/DSP.OP/DSP48E1_BODY_HP.ALIGN_ADD/DSP2/i_no_versal_es1_workaround.DSP/DSP_PREADD_DATA_INST                        | ARITHMETIC.DSP.DSP48E2 |
    | i_synth/ADDSUB_OP.ADDSUB/DSP.OP/DSP48E1_BODY_HP.ALIGN_ADD/DSP2/i_no_versal_es1_workaround.DSP/DSP_PREADD_INST                             | ARITHMETIC.DSP.DSP48E2 |
    | i_synth/ADDSUB_OP.ADDSUB/DSP.OP/DSP48E1_BODY_HP.ALIGN_ADD/DSP2/i_no_versal_es1_workaround.DSP/DSP_MULTIPLIER_INST                         | ARITHMETIC.DSP.DSP48E2 |
    | i_synth/ADDSUB_OP.ADDSUB/DSP.OP/DSP48E1_BODY_HP.ALIGN_ADD/DSP2/i_no_versal_es1_workaround.DSP/DSP_M_DATA_INST                             | ARITHMETIC.DSP.DSP48E2 |
    | i_synth/ADDSUB_OP.ADDSUB/DSP.OP/DSP48E1_BODY_HP.ALIGN_ADD/DSP2/i_no_versal_es1_workaround.DSP/DSP_ALU_INST                                | ARITHMETIC.DSP.DSP48E2 |
    | i_synth/ADDSUB_OP.ADDSUB/DSP.OP/DSP48E1_BODY_HP.ALIGN_ADD/DSP2/i_no_versal_es1_workaround.DSP/DSP_OUTPUT_INST                             | ARITHMETIC.DSP.DSP48E2 |
    | i_synth/ADDSUB_OP.ADDSUB/DSP.OP/DSP48E1_BODY_HP.NORM_RND/FULL_USAGE_DSP.LOD/DIST_ENC[0].i_det_lut1                                        | CLB.LUT.LUT4           |
    | i_synth/ADDSUB_OP.ADDSUB/DSP.OP/DSP48E1_BODY_HP.NORM_RND/FULL_USAGE_DSP.LOD/DET_GEN[0].CARRY_MUX_CARRY4_CARRY8                            | CLB.CARRY.CARRY8       |
    | i_synth/ADDSUB_OP.ADDSUB/DSP.OP/DSP48E1_BODY_HP.NORM_RND/FULL_USAGE_DSP.LOD/gen_lut_pairs[2].lutpairmode1.lutXo6_i_1                      | CLB.LUT.LUT3           |
    | i_synth/ADDSUB_OP.ADDSUB/DSP.OP/DSP48E1_BODY_HP.NORM_RND/FULL_USAGE_DSP.LOD/LSBaddmode1.lut0o6_i_1                                        | CLB.LUT.LUT6           |
    | i_synth/ADDSUB_OP.ADDSUB/DSP.OP/DSP48E1_BODY_HP.EXP/NOT_LOW_LATENCY_NORM_DIST.STRUCT_ADD/LSBaddmode1.lut0o6/LUT5                          | CLB.LUT.LUT5           |
    | i_synth/ADDSUB_OP.ADDSUB/DSP.OP/DSP48E1_BODY_HP.EXP/NOT_LOW_LATENCY_NORM_DIST.STRUCT_ADD/gen_lut_pairs[1].lutpairmode1.lutXo6/LUT6        | CLB.LUT.LUT6           |
    | i_synth/ADDSUB_OP.ADDSUB/DSP.OP/DSP48E1_BODY_HP.EXP/NOT_LOW_LATENCY_NORM_DIST.STRUCT_ADD/gen_carry4s[0].gen_carry4.y0.mcy00_CARRY4_CARRY8 | CLB.CARRY.CARRY8       |
    | i_synth/ADDSUB_OP.ADDSUB/DSP.OP/DSP48E1_BODY_HP.NORM_RND/FULL_USAGE_DSP.SHIFT_RND/i_no_versal_es1_workaround.DSP/DSP_C_DATA_INST          | ARITHMETIC.DSP.DSP48E2 |
    | i_synth/ADDSUB_OP.ADDSUB/DSP.OP/DSP48E1_BODY_HP.NORM_RND/FULL_USAGE_DSP.SHIFT_RND/i_no_versal_es1_workaround.DSP/DSP_ALU_INST             | ARITHMETIC.DSP.DSP48E2 |
    | i_synth/ADDSUB_OP.ADDSUB/DSP.OP/DSP48E1_BODY_HP.NORM_RND/FULL_USAGE_DSP.SHIFT_RND/i_no_versal_es1_workaround.DSP/DSP_OUTPUT_INST          | ARITHMETIC.DSP.DSP48E2 |
    | i_synth/ADDSUB_OP.ADDSUB/DSP.OP/OP/m_axis_result_tdata[11]_INST_0                                                                         | CLB.LUT.LUT3           |
    | grp_compute_fu_291/hadd_16ns_16ns_16_2_full_dsp_1_U81/corr_accel_hadd_16ns_16ns_16_2_full_dsp_1_ip_u/ram_reg_bram_0_i_50__1               | CLB.LUT.LUT6           |
    | grp_compute_fu_291/hadd_16ns_16ns_16_2_full_dsp_1_U81/corr_accel_hadd_16ns_16ns_16_2_full_dsp_1_ip_u/ram_reg_bram_0_i_17__2               | CLB.LUT.LUT3           |
    | reg_file_10_U/ram_reg_bram_0                                                                                                              | BLOCKRAM.BRAM.RAMB36E2 |
    +-------------------------------------------------------------------------------------------------------------------------------------------+------------------------+

    +-------------------------------------------------------------------------------------------------------------------------------------------+------------------------+
    | Path5 Cells                                                                                                                               | Primitive Type         |
    +-------------------------------------------------------------------------------------------------------------------------------------------+------------------------+
    | grp_compute_fu_291/hadd_16ns_16ns_16_2_full_dsp_1_U81/din0_buf1_reg[0]                                                                    | REGISTER.SDR.FDRE      |
    | i_synth/ADDSUB_OP.ADDSUB/DSP.OP/DSP48E1_BODY_HP.EXP/NUMB_CMP/NOT_FAST.CMP/C_CHAIN/CHAIN_GEN[0].C_MUX.CARRY_MUX_i_1__1                     | CLB.LUT.LUT4           |
    | i_synth/ADDSUB_OP.ADDSUB/DSP.OP/DSP48E1_BODY_HP.EXP/NUMB_CMP/NOT_FAST.CMP/C_CHAIN/CHAIN_GEN[0].C_MUX.CARRY_MUX_CARRY4_CARRY8              | CLB.CARRY.CARRY8       |
    | i_synth/ADDSUB_OP.ADDSUB/DSP.OP/DSP48E1_BODY_HP.ALIGN_ADD/DSP2/i_no_versal_es1_workaround.DSP/DSP_PREADD_DATA_INST                        | ARITHMETIC.DSP.DSP48E2 |
    | i_synth/ADDSUB_OP.ADDSUB/DSP.OP/DSP48E1_BODY_HP.ALIGN_ADD/DSP2/i_no_versal_es1_workaround.DSP/DSP_PREADD_INST                             | ARITHMETIC.DSP.DSP48E2 |
    | i_synth/ADDSUB_OP.ADDSUB/DSP.OP/DSP48E1_BODY_HP.ALIGN_ADD/DSP2/i_no_versal_es1_workaround.DSP/DSP_MULTIPLIER_INST                         | ARITHMETIC.DSP.DSP48E2 |
    | i_synth/ADDSUB_OP.ADDSUB/DSP.OP/DSP48E1_BODY_HP.ALIGN_ADD/DSP2/i_no_versal_es1_workaround.DSP/DSP_M_DATA_INST                             | ARITHMETIC.DSP.DSP48E2 |
    | i_synth/ADDSUB_OP.ADDSUB/DSP.OP/DSP48E1_BODY_HP.ALIGN_ADD/DSP2/i_no_versal_es1_workaround.DSP/DSP_ALU_INST                                | ARITHMETIC.DSP.DSP48E2 |
    | i_synth/ADDSUB_OP.ADDSUB/DSP.OP/DSP48E1_BODY_HP.ALIGN_ADD/DSP2/i_no_versal_es1_workaround.DSP/DSP_OUTPUT_INST                             | ARITHMETIC.DSP.DSP48E2 |
    | i_synth/ADDSUB_OP.ADDSUB/DSP.OP/DSP48E1_BODY_HP.NORM_RND/FULL_USAGE_DSP.LOD/DIST_ENC[0].i_det_lut1                                        | CLB.LUT.LUT4           |
    | i_synth/ADDSUB_OP.ADDSUB/DSP.OP/DSP48E1_BODY_HP.NORM_RND/FULL_USAGE_DSP.LOD/DET_GEN[0].CARRY_MUX_CARRY4_CARRY8                            | CLB.CARRY.CARRY8       |
    | i_synth/ADDSUB_OP.ADDSUB/DSP.OP/DSP48E1_BODY_HP.NORM_RND/FULL_USAGE_DSP.LOD/gen_lut_pairs[2].lutpairmode1.lutXo6_i_1                      | CLB.LUT.LUT3           |
    | i_synth/ADDSUB_OP.ADDSUB/DSP.OP/DSP48E1_BODY_HP.NORM_RND/FULL_USAGE_DSP.LOD/LSBaddmode1.lut0o6_i_1                                        | CLB.LUT.LUT6           |
    | i_synth/ADDSUB_OP.ADDSUB/DSP.OP/DSP48E1_BODY_HP.EXP/NOT_LOW_LATENCY_NORM_DIST.STRUCT_ADD/LSBaddmode1.lut0o6/LUT5                          | CLB.LUT.LUT5           |
    | i_synth/ADDSUB_OP.ADDSUB/DSP.OP/DSP48E1_BODY_HP.EXP/NOT_LOW_LATENCY_NORM_DIST.STRUCT_ADD/gen_lut_pairs[1].lutpairmode1.lutXo6/LUT6        | CLB.LUT.LUT6           |
    | i_synth/ADDSUB_OP.ADDSUB/DSP.OP/DSP48E1_BODY_HP.EXP/NOT_LOW_LATENCY_NORM_DIST.STRUCT_ADD/gen_carry4s[0].gen_carry4.y0.mcy00_CARRY4_CARRY8 | CLB.CARRY.CARRY8       |
    | i_synth/ADDSUB_OP.ADDSUB/DSP.OP/DSP48E1_BODY_HP.NORM_RND/FULL_USAGE_DSP.SHIFT_RND/i_no_versal_es1_workaround.DSP/DSP_C_DATA_INST          | ARITHMETIC.DSP.DSP48E2 |
    | i_synth/ADDSUB_OP.ADDSUB/DSP.OP/DSP48E1_BODY_HP.NORM_RND/FULL_USAGE_DSP.SHIFT_RND/i_no_versal_es1_workaround.DSP/DSP_ALU_INST             | ARITHMETIC.DSP.DSP48E2 |
    | i_synth/ADDSUB_OP.ADDSUB/DSP.OP/DSP48E1_BODY_HP.NORM_RND/FULL_USAGE_DSP.SHIFT_RND/i_no_versal_es1_workaround.DSP/DSP_OUTPUT_INST          | ARITHMETIC.DSP.DSP48E2 |
    | i_synth/ADDSUB_OP.ADDSUB/DSP.OP/OP/m_axis_result_tdata[12]_INST_0                                                                         | CLB.LUT.LUT3           |
    | grp_compute_fu_291/hadd_16ns_16ns_16_2_full_dsp_1_U81/corr_accel_hadd_16ns_16ns_16_2_full_dsp_1_ip_u/ram_reg_bram_0_i_28__0               | CLB.LUT.LUT3           |
    | reg_file_4_U/ram_reg_bram_0                                                                                                               | BLOCKRAM.BRAM.RAMB36E2 |
    +-------------------------------------------------------------------------------------------------------------------------------------------+------------------------+


================================================================
== Place & Route Vivado Reports
================================================================
+--------------------------+--------------------------------------------------------------------+
| Report Type              | Report Location                                                    |
+--------------------------+--------------------------------------------------------------------+
| design_analysis          | impl/verilog/report/corr_accel_design_analysis_routed.rpt          |
| failfast                 | impl/verilog/report/corr_accel_failfast_routed.rpt                 |
| status                   | impl/verilog/report/corr_accel_status_routed.rpt                   |
| timing                   | impl/verilog/report/corr_accel_timing_routed.rpt                   |
| timing_paths             | impl/verilog/report/corr_accel_timing_paths_routed.rpt             |
| utilization              | impl/verilog/report/corr_accel_utilization_routed.rpt              |
| utilization_hierarchical | impl/verilog/report/corr_accel_utilization_hierarchical_routed.rpt |
+--------------------------+--------------------------------------------------------------------+


