Copyright 1986-2022 Xilinx, Inc. All Rights Reserved.
-----------------------------------------------------------------------------------------
| Tool Version      : Vivado v.2022.2 (lin64) Build 3671981 Fri Oct 14 04:59:54 MDT 2022
| Date              : Thu Jan 12 12:32:40 2023
| Host              : liara running 64-bit Arch Linux
| Command           : report_timing_summary -file ./report/corr_accel_timing_routed.rpt
| Design            : bd_0_wrapper
| Device            : xczu7ev-ffvc1156
| Speed File        : -2  PRODUCTION 1.30 05-15-2022
| Temperature Grade : E
-----------------------------------------------------------------------------------------

Timing Summary Report

------------------------------------------------------------------------------------------------
| Timer Settings
| --------------
------------------------------------------------------------------------------------------------

  Enable Multi Corner Analysis               :  Yes
  Enable Pessimism Removal                   :  Yes
  Pessimism Removal Resolution               :  Nearest Common Node
  Enable Input Delay Default Clock           :  No
  Enable Preset / Clear Arcs                 :  No
  Disable Flight Delays                      :  No
  Ignore I/O Paths                           :  No
  Timing Early Launch at Borrowing Latches   :  No
  Borrow Time for Max Delay Exceptions       :  Yes
  Merge Timing Exceptions                    :  Yes

  Corner  Analyze    Analyze    
  Name    Max Paths  Min Paths  
  ------  ---------  ---------  
  Slow    Yes        Yes        
  Fast    Yes        Yes        


------------------------------------------------------------------------------------------------
| Report Methodology
| ------------------
------------------------------------------------------------------------------------------------

Rule       Severity  Description                    Violations  
---------  --------  -----------------------------  ----------  
TIMING-18  Warning   Missing input or output delay  450         

Note: This report is based on the most recent report_methodology run and may not be up-to-date. Run report_methodology on the current design for the latest report.



check_timing report

Table of Contents
-----------------
1. checking no_clock (0)
2. checking constant_clock (0)
3. checking pulse_width_clock (0)
4. checking unconstrained_internal_endpoints (0)
5. checking no_input_delay (190)
6. checking no_output_delay (246)
7. checking multiple_clock (0)
8. checking generated_clocks (0)
9. checking loops (0)
10. checking partial_input_delay (0)
11. checking partial_output_delay (0)
12. checking latch_loops (0)

1. checking no_clock (0)
------------------------
 There are 0 register/latch pins with no clock.


2. checking constant_clock (0)
------------------------------
 There are 0 register/latch pins with constant_clock.


3. checking pulse_width_clock (0)
---------------------------------
 There are 0 register/latch pins which need pulse_width check


4. checking unconstrained_internal_endpoints (0)
------------------------------------------------
 There are 0 pins that are not constrained for maximum delay.

 There are 0 pins that are not constrained for maximum delay due to constant clock.


5. checking no_input_delay (190)
--------------------------------
 There are 190 input ports with no input delay specified. (HIGH)

 There are 0 input ports with no input delay but user has a false path constraint.


6. checking no_output_delay (246)
---------------------------------
 There are 246 ports with no output delay specified. (HIGH)

 There are 0 ports with no output delay but user has a false path constraint

 There are 0 ports with no output delay but with a timing clock defined on it or propagating through it


7. checking multiple_clock (0)
------------------------------
 There are 0 register/latch pins with multiple clocks.


8. checking generated_clocks (0)
--------------------------------
 There are 0 generated clocks that are not connected to a clock source.


9. checking loops (0)
---------------------
 There are 0 combinational loops in the design.


10. checking partial_input_delay (0)
------------------------------------
 There are 0 input ports with partial input delay specified.


11. checking partial_output_delay (0)
-------------------------------------
 There are 0 ports with partial output delay specified.


12. checking latch_loops (0)
----------------------------
 There are 0 combinational latch loops in the design through latch input



------------------------------------------------------------------------------------------------
| Design Timing Summary
| ---------------------
------------------------------------------------------------------------------------------------

    WNS(ns)      TNS(ns)  TNS Failing Endpoints  TNS Total Endpoints      WHS(ns)      THS(ns)  THS Failing Endpoints  THS Total Endpoints     WPWS(ns)     TPWS(ns)  TPWS Failing Endpoints  TPWS Total Endpoints  
    -------      -------  ---------------------  -------------------      -------      -------  ---------------------  -------------------     --------     --------  ----------------------  --------------------  
      4.298        0.000                      0                 7013        0.041        0.000                      0                 7013        4.458        0.000                       0                  3082  


All user specified timing constraints are met.


------------------------------------------------------------------------------------------------
| Clock Summary
| -------------
------------------------------------------------------------------------------------------------

Clock   Waveform(ns)       Period(ns)      Frequency(MHz)
-----   ------------       ----------      --------------
ap_clk  {0.000 5.000}      10.000          100.000         


------------------------------------------------------------------------------------------------
| Intra Clock Table
| -----------------
------------------------------------------------------------------------------------------------

Clock             WNS(ns)      TNS(ns)  TNS Failing Endpoints  TNS Total Endpoints      WHS(ns)      THS(ns)  THS Failing Endpoints  THS Total Endpoints     WPWS(ns)     TPWS(ns)  TPWS Failing Endpoints  TPWS Total Endpoints  
-----             -------      -------  ---------------------  -------------------      -------      -------  ---------------------  -------------------     --------     --------  ----------------------  --------------------  
ap_clk              4.298        0.000                      0                 7013        0.041        0.000                      0                 7013        4.458        0.000                       0                  3082  


------------------------------------------------------------------------------------------------
| Inter Clock Table
| -----------------
------------------------------------------------------------------------------------------------

From Clock    To Clock          WNS(ns)      TNS(ns)  TNS Failing Endpoints  TNS Total Endpoints      WHS(ns)      THS(ns)  THS Failing Endpoints  THS Total Endpoints  
----------    --------          -------      -------  ---------------------  -------------------      -------      -------  ---------------------  -------------------  


------------------------------------------------------------------------------------------------
| Other Path Groups Table
| -----------------------
------------------------------------------------------------------------------------------------

Path Group    From Clock    To Clock          WNS(ns)      TNS(ns)  TNS Failing Endpoints  TNS Total Endpoints      WHS(ns)      THS(ns)  THS Failing Endpoints  THS Total Endpoints  
----------    ----------    --------          -------      -------  ---------------------  -------------------      -------      -------  ---------------------  -------------------  


------------------------------------------------------------------------------------------------
| Timing Details
| --------------
------------------------------------------------------------------------------------------------


---------------------------------------------------------------------------------------------------
From Clock:  ap_clk
  To Clock:  ap_clk

Setup :            0  Failing Endpoints,  Worst Slack        4.298ns,  Total Violation        0.000ns
Hold  :            0  Failing Endpoints,  Worst Slack        0.041ns,  Total Violation        0.000ns
PW    :            0  Failing Endpoints,  Worst Slack        4.458ns,  Total Violation        0.000ns
---------------------------------------------------------------------------------------------------


Max Delay Paths
--------------------------------------------------------------------------------------
Slack (MET) :             4.298ns  (required time - arrival time)
  Source:                 bd_0_i/hls_inst/inst/grp_compute_fu_208/grp_compute_Pipeline_VITIS_LOOP_132_1_fu_32/hmul_16ns_16ns_16_2_max_dsp_1_U38/din1_buf1_reg[4]/C
                            (rising edge-triggered cell FDRE clocked by ap_clk  {rise@0.000ns fall@5.000ns period=10.000ns})
  Destination:            bd_0_i/hls_inst/inst/reg_file_5_U/ram_reg_bram_0/DINBDIN[12]
                            (rising edge-triggered cell RAMB36E2 clocked by ap_clk  {rise@0.000ns fall@5.000ns period=10.000ns})
  Path Group:             ap_clk
  Path Type:              Setup (Max at Slow Process Corner)
  Requirement:            10.000ns  (ap_clk rise@10.000ns - ap_clk rise@0.000ns)
  Data Path Delay:        5.421ns  (logic 3.311ns (61.075%)  route 2.110ns (38.925%))
  Logic Levels:           14  (CARRY8=2 DSP_A_B_DATA=2 DSP_ALU=2 DSP_M_DATA=1 DSP_MULTIPLIER=1 DSP_OUTPUT=2 DSP_PREADD_DATA=1 LUT3=3)
  Clock Path Skew:        0.011ns (DCD - SCD + CPR)
    Destination Clock Delay (DCD):    0.040ns = ( 10.040 - 10.000 ) 
    Source Clock Delay      (SCD):    0.029ns
    Clock Pessimism Removal (CPR):    0.000ns
  Clock Uncertainty:      0.035ns  ((TSJ^2 + TIJ^2)^1/2 + DJ) / 2 + PE
    Total System Jitter     (TSJ):    0.071ns
    Total Input Jitter      (TIJ):    0.000ns
    Discrete Jitter          (DJ):    0.000ns
    Phase Error              (PE):    0.000ns

    Location             Delay type                Incr(ns)  Path(ns)    Netlist Resource(s)
  -------------------------------------------------------------------    -------------------
                         (clock ap_clk rise edge)     0.000     0.000 r  
                                                      0.000     0.000 r  ap_clk (IN)
                         net (fo=3081, unset)         0.029     0.029    bd_0_i/hls_inst/inst/grp_compute_fu_208/grp_compute_Pipeline_VITIS_LOOP_132_1_fu_32/hmul_16ns_16ns_16_2_max_dsp_1_U38/ap_clk
    SLICE_X52Y84         FDRE                                         r  bd_0_i/hls_inst/inst/grp_compute_fu_208/grp_compute_Pipeline_VITIS_LOOP_132_1_fu_32/hmul_16ns_16ns_16_2_max_dsp_1_U38/din1_buf1_reg[4]/C
  -------------------------------------------------------------------    -------------------
    SLICE_X52Y84         FDRE (Prop_FFF_SLICEL_C_Q)
                                                      0.079     0.108 f  bd_0_i/hls_inst/inst/grp_compute_fu_208/grp_compute_Pipeline_VITIS_LOOP_132_1_fu_32/hmul_16ns_16ns_16_2_max_dsp_1_U38/din1_buf1_reg[4]/Q
                         net (fo=2, routed)           0.530     0.638    bd_0_i/hls_inst/inst/grp_compute_fu_208/grp_compute_Pipeline_VITIS_LOOP_132_1_fu_32/hmul_16ns_16ns_16_2_max_dsp_1_U38/corr_accel_hmul_16ns_16ns_16_2_max_dsp_1_ip_u/inst/i_synth/MULT.OP/i_non_prim.MULT/MULT_GEN_VARIANT.FIX_MULT/MULT/gDSP.gDSP_only.iDSP/use_prim.appDSP48[0].bppDSP48[0].use_dsp.use_dsp48e2.iDSP48E2/B[4]
    DSP48E2_X3Y42        DSP_A_B_DATA (Prop_DSP_A_B_DATA_DSP48E2_B[4]_B2_DATA[4])
                                                      0.151     0.789 r  bd_0_i/hls_inst/inst/grp_compute_fu_208/grp_compute_Pipeline_VITIS_LOOP_132_1_fu_32/hmul_16ns_16ns_16_2_max_dsp_1_U38/corr_accel_hmul_16ns_16ns_16_2_max_dsp_1_ip_u/inst/i_synth/MULT.OP/i_non_prim.MULT/MULT_GEN_VARIANT.FIX_MULT/MULT/gDSP.gDSP_only.iDSP/use_prim.appDSP48[0].bppDSP48[0].use_dsp.use_dsp48e2.iDSP48E2/DSP_A_B_DATA_INST/B2_DATA[4]
                         net (fo=1, routed)           0.000     0.789    bd_0_i/hls_inst/inst/grp_compute_fu_208/grp_compute_Pipeline_VITIS_LOOP_132_1_fu_32/hmul_16ns_16ns_16_2_max_dsp_1_U38/corr_accel_hmul_16ns_16ns_16_2_max_dsp_1_ip_u/inst/i_synth/MULT.OP/i_non_prim.MULT/MULT_GEN_VARIANT.FIX_MULT/MULT/gDSP.gDSP_only.iDSP/use_prim.appDSP48[0].bppDSP48[0].use_dsp.use_dsp48e2.iDSP48E2/DSP_A_B_DATA.B2_DATA<4>
    DSP48E2_X3Y42        DSP_PREADD_DATA (Prop_DSP_PREADD_DATA_DSP48E2_B2_DATA[4]_B2B1[4])
                                                      0.073     0.862 r  bd_0_i/hls_inst/inst/grp_compute_fu_208/grp_compute_Pipeline_VITIS_LOOP_132_1_fu_32/hmul_16ns_16ns_16_2_max_dsp_1_U38/corr_accel_hmul_16ns_16ns_16_2_max_dsp_1_ip_u/inst/i_synth/MULT.OP/i_non_prim.MULT/MULT_GEN_VARIANT.FIX_MULT/MULT/gDSP.gDSP_only.iDSP/use_prim.appDSP48[0].bppDSP48[0].use_dsp.use_dsp48e2.iDSP48E2/DSP_PREADD_DATA_INST/B2B1[4]
                         net (fo=1, routed)           0.000     0.862    bd_0_i/hls_inst/inst/grp_compute_fu_208/grp_compute_Pipeline_VITIS_LOOP_132_1_fu_32/hmul_16ns_16ns_16_2_max_dsp_1_U38/corr_accel_hmul_16ns_16ns_16_2_max_dsp_1_ip_u/inst/i_synth/MULT.OP/i_non_prim.MULT/MULT_GEN_VARIANT.FIX_MULT/MULT/gDSP.gDSP_only.iDSP/use_prim.appDSP48[0].bppDSP48[0].use_dsp.use_dsp48e2.iDSP48E2/DSP_PREADD_DATA.B2B1<4>
    DSP48E2_X3Y42        DSP_MULTIPLIER (Prop_DSP_MULTIPLIER_DSP48E2_B2B1[4]_V[34])
                                                      0.609     1.471 f  bd_0_i/hls_inst/inst/grp_compute_fu_208/grp_compute_Pipeline_VITIS_LOOP_132_1_fu_32/hmul_16ns_16ns_16_2_max_dsp_1_U38/corr_accel_hmul_16ns_16ns_16_2_max_dsp_1_ip_u/inst/i_synth/MULT.OP/i_non_prim.MULT/MULT_GEN_VARIANT.FIX_MULT/MULT/gDSP.gDSP_only.iDSP/use_prim.appDSP48[0].bppDSP48[0].use_dsp.use_dsp48e2.iDSP48E2/DSP_MULTIPLIER_INST/V[34]
                         net (fo=1, routed)           0.000     1.471    bd_0_i/hls_inst/inst/grp_compute_fu_208/grp_compute_Pipeline_VITIS_LOOP_132_1_fu_32/hmul_16ns_16ns_16_2_max_dsp_1_U38/corr_accel_hmul_16ns_16ns_16_2_max_dsp_1_ip_u/inst/i_synth/MULT.OP/i_non_prim.MULT/MULT_GEN_VARIANT.FIX_MULT/MULT/gDSP.gDSP_only.iDSP/use_prim.appDSP48[0].bppDSP48[0].use_dsp.use_dsp48e2.iDSP48E2/DSP_MULTIPLIER.V<34>
    DSP48E2_X3Y42        DSP_M_DATA (Prop_DSP_M_DATA_DSP48E2_V[34]_V_DATA[34])
                                                      0.046     1.517 r  bd_0_i/hls_inst/inst/grp_compute_fu_208/grp_compute_Pipeline_VITIS_LOOP_132_1_fu_32/hmul_16ns_16ns_16_2_max_dsp_1_U38/corr_accel_hmul_16ns_16ns_16_2_max_dsp_1_ip_u/inst/i_synth/MULT.OP/i_non_prim.MULT/MULT_GEN_VARIANT.FIX_MULT/MULT/gDSP.gDSP_only.iDSP/use_prim.appDSP48[0].bppDSP48[0].use_dsp.use_dsp48e2.iDSP48E2/DSP_M_DATA_INST/V_DATA[34]
                         net (fo=1, routed)           0.000     1.517    bd_0_i/hls_inst/inst/grp_compute_fu_208/grp_compute_Pipeline_VITIS_LOOP_132_1_fu_32/hmul_16ns_16ns_16_2_max_dsp_1_U38/corr_accel_hmul_16ns_16ns_16_2_max_dsp_1_ip_u/inst/i_synth/MULT.OP/i_non_prim.MULT/MULT_GEN_VARIANT.FIX_MULT/MULT/gDSP.gDSP_only.iDSP/use_prim.appDSP48[0].bppDSP48[0].use_dsp.use_dsp48e2.iDSP48E2/DSP_M_DATA.V_DATA<34>
    DSP48E2_X3Y42        DSP_ALU (Prop_DSP_ALU_DSP48E2_V_DATA[34]_ALU_OUT[47])
                                                      0.571     2.088 r  bd_0_i/hls_inst/inst/grp_compute_fu_208/grp_compute_Pipeline_VITIS_LOOP_132_1_fu_32/hmul_16ns_16ns_16_2_max_dsp_1_U38/corr_accel_hmul_16ns_16ns_16_2_max_dsp_1_ip_u/inst/i_synth/MULT.OP/i_non_prim.MULT/MULT_GEN_VARIANT.FIX_MULT/MULT/gDSP.gDSP_only.iDSP/use_prim.appDSP48[0].bppDSP48[0].use_dsp.use_dsp48e2.iDSP48E2/DSP_ALU_INST/ALU_OUT[47]
                         net (fo=1, routed)           0.000     2.088    bd_0_i/hls_inst/inst/grp_compute_fu_208/grp_compute_Pipeline_VITIS_LOOP_132_1_fu_32/hmul_16ns_16ns_16_2_max_dsp_1_U38/corr_accel_hmul_16ns_16ns_16_2_max_dsp_1_ip_u/inst/i_synth/MULT.OP/i_non_prim.MULT/MULT_GEN_VARIANT.FIX_MULT/MULT/gDSP.gDSP_only.iDSP/use_prim.appDSP48[0].bppDSP48[0].use_dsp.use_dsp48e2.iDSP48E2/DSP_ALU.ALU_OUT<47>
    DSP48E2_X3Y42        DSP_OUTPUT (Prop_DSP_OUTPUT_DSP48E2_ALU_OUT[47]_PATTERN_DETECT)
                                                      0.363     2.451 f  bd_0_i/hls_inst/inst/grp_compute_fu_208/grp_compute_Pipeline_VITIS_LOOP_132_1_fu_32/hmul_16ns_16ns_16_2_max_dsp_1_U38/corr_accel_hmul_16ns_16ns_16_2_max_dsp_1_ip_u/inst/i_synth/MULT.OP/i_non_prim.MULT/MULT_GEN_VARIANT.FIX_MULT/MULT/gDSP.gDSP_only.iDSP/use_prim.appDSP48[0].bppDSP48[0].use_dsp.use_dsp48e2.iDSP48E2/DSP_OUTPUT_INST/PATTERN_DETECT
                         net (fo=2, routed)           0.217     2.668    bd_0_i/hls_inst/inst/grp_compute_fu_208/grp_compute_Pipeline_VITIS_LOOP_132_1_fu_32/hmul_16ns_16ns_16_2_max_dsp_1_U38/corr_accel_hmul_16ns_16ns_16_2_max_dsp_1_ip_u/inst/i_synth/MULT.OP/i_non_prim.MULT/MULT_GEN_VARIANT.FIX_MULT/zero_detect_rnd[0]
    SLICE_X49Y106        LUT3 (Prop_A6LUT_SLICEM_I1_O)
                                                      0.125     2.793 r  bd_0_i/hls_inst/inst/grp_compute_fu_208/grp_compute_Pipeline_VITIS_LOOP_132_1_fu_32/hmul_16ns_16ns_16_2_max_dsp_1_U38/corr_accel_hmul_16ns_16ns_16_2_max_dsp_1_ip_u/inst/i_synth/MULT.OP/i_non_prim.MULT/MULT_GEN_VARIANT.FIX_MULT/CHAIN_GEN[0].C_MUX.CARRY_MUX_i_1__0/O
                         net (fo=1, routed)           0.013     2.806    bd_0_i/hls_inst/inst/grp_compute_fu_208/grp_compute_Pipeline_VITIS_LOOP_132_1_fu_32/hmul_16ns_16ns_16_2_max_dsp_1_U38/corr_accel_hmul_16ns_16ns_16_2_max_dsp_1_ip_u/inst/i_synth/MULT.OP/i_non_prim.R_AND_R/LOGIC.R_AND_R/RND_BIT_GEN/NORM_1_OR_0.STRUCT_REQ.GENERAL.RND1/A[0]
    SLICE_X49Y106        CARRY8 (Prop_CARRY8_SLICEM_S[0]_CO[2])
                                                      0.115     2.921 f  bd_0_i/hls_inst/inst/grp_compute_fu_208/grp_compute_Pipeline_VITIS_LOOP_132_1_fu_32/hmul_16ns_16ns_16_2_max_dsp_1_U38/corr_accel_hmul_16ns_16ns_16_2_max_dsp_1_ip_u/inst/i_synth/MULT.OP/i_non_prim.R_AND_R/LOGIC.R_AND_R/RND_BIT_GEN/NORM_1_OR_0.STRUCT_REQ.GENERAL.RND1/CHAIN_GEN[0].C_MUX.CARRY_MUX_CARRY4_CARRY8/CO[2]
                         net (fo=1, routed)           0.246     3.167    bd_0_i/hls_inst/inst/grp_compute_fu_208/grp_compute_Pipeline_VITIS_LOOP_132_1_fu_32/hmul_16ns_16ns_16_2_max_dsp_1_U38/corr_accel_hmul_16ns_16ns_16_2_max_dsp_1_ip_u/inst/i_synth/MULT.OP/i_non_prim.R_AND_R/LOGIC.R_AND_R/DSP48_E1.DSP48E1_ADD.DSP48E1_ADD/i_no_versal_es1_workaround.DSP/B[1]
    DSP48E2_X3Y43        DSP_A_B_DATA (Prop_DSP_A_B_DATA_DSP48E2_B[1]_B_ALU[1])
                                                      0.165     3.332 r  bd_0_i/hls_inst/inst/grp_compute_fu_208/grp_compute_Pipeline_VITIS_LOOP_132_1_fu_32/hmul_16ns_16ns_16_2_max_dsp_1_U38/corr_accel_hmul_16ns_16ns_16_2_max_dsp_1_ip_u/inst/i_synth/MULT.OP/i_non_prim.R_AND_R/LOGIC.R_AND_R/DSP48_E1.DSP48E1_ADD.DSP48E1_ADD/i_no_versal_es1_workaround.DSP/DSP_A_B_DATA_INST/B_ALU[1]
                         net (fo=1, routed)           0.000     3.332    bd_0_i/hls_inst/inst/grp_compute_fu_208/grp_compute_Pipeline_VITIS_LOOP_132_1_fu_32/hmul_16ns_16ns_16_2_max_dsp_1_U38/corr_accel_hmul_16ns_16ns_16_2_max_dsp_1_ip_u/inst/i_synth/MULT.OP/i_non_prim.R_AND_R/LOGIC.R_AND_R/DSP48_E1.DSP48E1_ADD.DSP48E1_ADD/i_no_versal_es1_workaround.DSP/DSP_A_B_DATA.B_ALU<1>
    DSP48E2_X3Y43        DSP_ALU (Prop_DSP_ALU_DSP48E2_B_ALU[1]_ALU_OUT[12])
                                                      0.541     3.873 f  bd_0_i/hls_inst/inst/grp_compute_fu_208/grp_compute_Pipeline_VITIS_LOOP_132_1_fu_32/hmul_16ns_16ns_16_2_max_dsp_1_U38/corr_accel_hmul_16ns_16ns_16_2_max_dsp_1_ip_u/inst/i_synth/MULT.OP/i_non_prim.R_AND_R/LOGIC.R_AND_R/DSP48_E1.DSP48E1_ADD.DSP48E1_ADD/i_no_versal_es1_workaround.DSP/DSP_ALU_INST/ALU_OUT[12]
                         net (fo=1, routed)           0.000     3.873    bd_0_i/hls_inst/inst/grp_compute_fu_208/grp_compute_Pipeline_VITIS_LOOP_132_1_fu_32/hmul_16ns_16ns_16_2_max_dsp_1_U38/corr_accel_hmul_16ns_16ns_16_2_max_dsp_1_ip_u/inst/i_synth/MULT.OP/i_non_prim.R_AND_R/LOGIC.R_AND_R/DSP48_E1.DSP48E1_ADD.DSP48E1_ADD/i_no_versal_es1_workaround.DSP/DSP_ALU.ALU_OUT<12>
    DSP48E2_X3Y43        DSP_OUTPUT (Prop_DSP_OUTPUT_DSP48E2_ALU_OUT[12]_P[12])
                                                      0.109     3.982 r  bd_0_i/hls_inst/inst/grp_compute_fu_208/grp_compute_Pipeline_VITIS_LOOP_132_1_fu_32/hmul_16ns_16ns_16_2_max_dsp_1_U38/corr_accel_hmul_16ns_16ns_16_2_max_dsp_1_ip_u/inst/i_synth/MULT.OP/i_non_prim.R_AND_R/LOGIC.R_AND_R/DSP48_E1.DSP48E1_ADD.DSP48E1_ADD/i_no_versal_es1_workaround.DSP/DSP_OUTPUT_INST/P[12]
                         net (fo=1, routed)           0.473     4.455    bd_0_i/hls_inst/inst/grp_compute_fu_208/grp_compute_Pipeline_VITIS_LOOP_132_1_fu_32/hmul_16ns_16ns_16_2_max_dsp_1_U38/corr_accel_hmul_16ns_16ns_16_2_max_dsp_1_ip_u/inst/i_synth/MULT.OP/i_non_prim.R_AND_R/LOGIC.R_AND_R/EXP_ADD.ADD/CARRY_IN
    SLICE_X50Y86         CARRY8 (Prop_CARRY8_SLICEM_CI_O[2])
                                                      0.131     4.586 r  bd_0_i/hls_inst/inst/grp_compute_fu_208/grp_compute_Pipeline_VITIS_LOOP_132_1_fu_32/hmul_16ns_16ns_16_2_max_dsp_1_U38/corr_accel_hmul_16ns_16ns_16_2_max_dsp_1_ip_u/inst/i_synth/MULT.OP/i_non_prim.R_AND_R/LOGIC.R_AND_R/EXP_ADD.ADD/CHAIN_GEN[0].C_MUX.CARRY_MUX_CARRY4_CARRY8/O[2]
                         net (fo=1, routed)           0.195     4.781    bd_0_i/hls_inst/inst/grp_compute_fu_208/grp_compute_Pipeline_VITIS_LOOP_132_1_fu_32/hmul_16ns_16ns_16_2_max_dsp_1_U38/corr_accel_hmul_16ns_16ns_16_2_max_dsp_1_ip_u/inst/i_synth/MULT.OP/i_non_prim.EXP/EXP_ADD.C_CHAIN/Q[2]
    SLICE_X50Y84         LUT3 (Prop_C6LUT_SLICEM_I2_O)
                                                      0.123     4.904 r  bd_0_i/hls_inst/inst/grp_compute_fu_208/grp_compute_Pipeline_VITIS_LOOP_132_1_fu_32/hmul_16ns_16ns_16_2_max_dsp_1_U38/corr_accel_hmul_16ns_16ns_16_2_max_dsp_1_ip_u/inst/i_synth/MULT.OP/i_non_prim.EXP/EXP_ADD.C_CHAIN/m_axis_result_tdata[12]_INST_0/O
                         net (fo=1, routed)           0.223     5.127    bd_0_i/hls_inst/inst/grp_compute_fu_208/grp_compute_Pipeline_VITIS_LOOP_132_1_fu_32/hmul_16ns_16ns_16_2_max_dsp_1_U38/corr_accel_hmul_16ns_16ns_16_2_max_dsp_1_ip_u/grp_compute_fu_208_reg_file_2_1_d0[12]
    SLICE_X52Y84         LUT3 (Prop_C5LUT_SLICEL_I0_O)
                                                      0.110     5.237 r  bd_0_i/hls_inst/inst/grp_compute_fu_208/grp_compute_Pipeline_VITIS_LOOP_132_1_fu_32/hmul_16ns_16ns_16_2_max_dsp_1_U38/corr_accel_hmul_16ns_16ns_16_2_max_dsp_1_ip_u/ram_reg_bram_0_i_4__1/O
                         net (fo=1, routed)           0.213     5.450    bd_0_i/hls_inst/inst/reg_file_5_U/ram_reg_bram_0_2[12]
    RAMB36_X1Y16         RAMB36E2                                     r  bd_0_i/hls_inst/inst/reg_file_5_U/ram_reg_bram_0/DINBDIN[12]
  -------------------------------------------------------------------    -------------------

                         (clock ap_clk rise edge)    10.000    10.000 r  
                                                      0.000    10.000 r  ap_clk (IN)
                         net (fo=3081, unset)         0.040    10.040    bd_0_i/hls_inst/inst/reg_file_5_U/ap_clk
    RAMB36_X1Y16         RAMB36E2                                     r  bd_0_i/hls_inst/inst/reg_file_5_U/ram_reg_bram_0/CLKBWRCLK
                         clock pessimism              0.000    10.040    
                         clock uncertainty           -0.035    10.005    
    RAMB36_X1Y16         RAMB36E2 (Setup_RAMB36E2_RAMB36_CLKBWRCLK_DINBDIN[12])
                                                     -0.256     9.749    bd_0_i/hls_inst/inst/reg_file_5_U/ram_reg_bram_0
  -------------------------------------------------------------------
                         required time                          9.749    
                         arrival time                          -5.450    
  -------------------------------------------------------------------
                         slack                                  4.298    





Min Delay Paths
--------------------------------------------------------------------------------------
Slack (MET) :             0.041ns  (arrival time - required time)
  Source:                 bd_0_i/hls_inst/inst/data_m_axi_U/load_unit/fifo_rreq/mOutPtr_reg[1]/C
                            (rising edge-triggered cell FDRE clocked by ap_clk  {rise@0.000ns fall@5.000ns period=10.000ns})
  Destination:            bd_0_i/hls_inst/inst/data_m_axi_U/load_unit/fifo_rreq/mOutPtr_reg[2]/D
                            (rising edge-triggered cell FDRE clocked by ap_clk  {rise@0.000ns fall@5.000ns period=10.000ns})
  Path Group:             ap_clk
  Path Type:              Hold (Min at Fast Process Corner)
  Requirement:            0.000ns  (ap_clk rise@0.000ns - ap_clk rise@0.000ns)
  Data Path Delay:        0.094ns  (logic 0.059ns (63.081%)  route 0.035ns (36.919%))
  Logic Levels:           1  (LUT5=1)
  Clock Path Skew:        0.006ns (DCD - SCD - CPR)
    Destination Clock Delay (DCD):    0.019ns
    Source Clock Delay      (SCD):    0.013ns
    Clock Pessimism Removal (CPR):    -0.000ns

    Location             Delay type                Incr(ns)  Path(ns)    Netlist Resource(s)
  -------------------------------------------------------------------    -------------------
                         (clock ap_clk rise edge)     0.000     0.000 r  
                                                      0.000     0.000 r  ap_clk (IN)
                         net (fo=3081, unset)         0.013     0.013    bd_0_i/hls_inst/inst/data_m_axi_U/load_unit/fifo_rreq/ap_clk
    SLICE_X55Y128        FDRE                                         r  bd_0_i/hls_inst/inst/data_m_axi_U/load_unit/fifo_rreq/mOutPtr_reg[1]/C
  -------------------------------------------------------------------    -------------------
    SLICE_X55Y128        FDRE (Prop_HFF_SLICEL_C_Q)
                                                      0.039     0.052 r  bd_0_i/hls_inst/inst/data_m_axi_U/load_unit/fifo_rreq/mOutPtr_reg[1]/Q
                         net (fo=5, routed)           0.029     0.081    bd_0_i/hls_inst/inst/data_m_axi_U/load_unit/fifo_rreq/mOutPtr_reg_n_7_[1]
    SLICE_X55Y128        LUT5 (Prop_H5LUT_SLICEL_I0_O)
                                                      0.020     0.101 r  bd_0_i/hls_inst/inst/data_m_axi_U/load_unit/fifo_rreq/mOutPtr[2]_i_1__0/O
                         net (fo=1, routed)           0.006     0.107    bd_0_i/hls_inst/inst/data_m_axi_U/load_unit/fifo_rreq/mOutPtr[2]_i_1__0_n_7
    SLICE_X55Y128        FDRE                                         r  bd_0_i/hls_inst/inst/data_m_axi_U/load_unit/fifo_rreq/mOutPtr_reg[2]/D
  -------------------------------------------------------------------    -------------------

                         (clock ap_clk rise edge)     0.000     0.000 r  
                                                      0.000     0.000 r  ap_clk (IN)
                         net (fo=3081, unset)         0.019     0.019    bd_0_i/hls_inst/inst/data_m_axi_U/load_unit/fifo_rreq/ap_clk
    SLICE_X55Y128        FDRE                                         r  bd_0_i/hls_inst/inst/data_m_axi_U/load_unit/fifo_rreq/mOutPtr_reg[2]/C
                         clock pessimism              0.000     0.019    
    SLICE_X55Y128        FDRE (Hold_HFF2_SLICEL_C_D)
                                                      0.047     0.066    bd_0_i/hls_inst/inst/data_m_axi_U/load_unit/fifo_rreq/mOutPtr_reg[2]
  -------------------------------------------------------------------
                         required time                         -0.066    
                         arrival time                           0.107    
  -------------------------------------------------------------------
                         slack                                  0.041    





Pulse Width Checks
--------------------------------------------------------------------------------------
Clock Name:         ap_clk
Waveform(ns):       { 0.000 5.000 }
Period(ns):         10.000
Sources:            { ap_clk }

Check Type        Corner  Lib Pin             Reference Pin  Required(ns)  Actual(ns)  Slack(ns)  Location      Pin
Min Period        n/a     RAMB36E2/CLKARDCLK  n/a            1.569         10.000      8.431      RAMB36_X1Y17  bd_0_i/hls_inst/inst/data_m_axi_U/load_unit/buff_rdata/U_fifo_mem/mem_reg/CLKARDCLK
Low Pulse Width   Slow    RAMB36E2/CLKARDCLK  n/a            0.542         5.000       4.458      RAMB36_X1Y17  bd_0_i/hls_inst/inst/data_m_axi_U/load_unit/buff_rdata/U_fifo_mem/mem_reg/CLKARDCLK
High Pulse Width  Slow    RAMB36E2/CLKARDCLK  n/a            0.542         5.000       4.458      RAMB36_X1Y17  bd_0_i/hls_inst/inst/data_m_axi_U/load_unit/buff_rdata/U_fifo_mem/mem_reg/CLKARDCLK



